,number,value,datetime_start,datetime_complete,duration,params_learning_rate,params_merged_1_dropout,params_merged_1_size,params_merged_2_dropout,params_merged_2_size,params_merged_3_dropout,params_merged_3_size,state
212,212,0.7830188679245284,2024-01-31 15:11:00.027776,2024-01-31 15:11:40.776519,0 days 00:00:40.748743,4.204442586423799e-05,0.24276855340443537,133,0.2547654040927795,64,0.2778650444896502,60,COMPLETE
213,213,0.8207547169811321,2024-01-31 15:11:40.778431,2024-01-31 15:12:22.315487,0 days 00:00:41.537056,5.9607265880703535e-05,0.48116488980164884,130,0.30115016239753767,67,0.24806230643972144,54,COMPLETE
214,214,0.8207547169811321,2024-01-31 15:12:22.318444,2024-01-31 15:13:04.153220,0 days 00:00:41.834776,2.662502399373337e-05,0.275094782171339,186,0.4255404731723502,73,0.4313601715752482,62,COMPLETE
215,215,0.7735849056603774,2024-01-31 15:13:04.156533,2024-01-31 15:13:45.482048,0 days 00:00:41.325515,7.287110413936473e-05,0.33086949117232384,140,0.21250047862988505,70,0.27028256934434697,58,COMPLETE
216,216,0.7735849056603774,2024-01-31 15:13:45.483900,2024-01-31 15:14:27.747126,0 days 00:00:42.263226,1.6302913402981835e-05,0.2818462351524817,227,0.2769645817544598,78,0.21042945531469667,61,COMPLETE
217,217,0.7924528301886793,2024-01-31 15:14:27.748995,2024-01-31 15:15:10.025090,0 days 00:00:42.276095,3.391386222969854e-05,0.25815082083240287,218,0.46921698857986116,65,0.31035742684834944,43,COMPLETE
218,218,0.7830188679245284,2024-01-31 15:15:10.027798,2024-01-31 15:15:52.151216,0 days 00:00:42.123418,4.5231938701680305e-05,0.20246479874861772,209,0.24039097114757604,84,0.39262596594390914,63,COMPLETE
219,219,0.8113207547169812,2024-01-31 15:15:52.154571,2024-01-31 15:16:33.375094,0 days 00:00:41.220523,2.4594114251115677e-05,0.30112641152577263,154,0.2260039354377959,63,0.4974513174078302,52,COMPLETE
220,220,0.7735849056603774,2024-01-31 15:16:33.376970,2024-01-31 15:17:15.212367,0 days 00:00:41.835397,5.540858785641167e-05,0.4949651151976127,202,0.29381584584251186,75,0.257013281279438,55,COMPLETE
221,221,0.8018867924528302,2024-01-31 15:17:15.215340,2024-01-31 15:17:55.600942,0 days 00:00:40.385602,4.087186541165088e-05,0.28594549136932274,70,0.31642465237502393,67,0.24910908150822272,41,COMPLETE
222,222,0.7452830188679245,2024-01-31 15:17:55.602845,2024-01-31 15:18:36.008225,0 days 00:00:40.405380,3.6223179245852334e-05,0.3117433848224915,72,0.3198790533548651,66,0.24052306165469844,41,COMPLETE
223,223,0.7547169811320755,2024-01-31 15:18:36.011216,2024-01-31 15:19:16.698514,0 days 00:00:40.687298,3.1967789528056933e-05,0.2864491733870661,75,0.3460322634160299,68,0.26310980801438016,42,COMPLETE
224,224,0.5188679245283019,2024-01-31 15:19:16.700690,2024-01-31 15:19:25.618042,0 days 00:00:08.917352,0.09486317550207654,0.2699877270348979,221,0.31180099413801116,70,0.4787007187973387,39,COMPLETE
225,225,0.7735849056603774,2024-01-31 15:19:25.618840,2024-01-31 15:20:06.334901,0 days 00:00:40.716061,4.4555947344470797e-05,0.29266372042341443,81,0.3337272998669952,60,0.2329211191973416,43,COMPLETE
226,226,0.7830188679245284,2024-01-31 15:20:06.337111,2024-01-31 15:20:48.013799,0 days 00:00:41.676688,2.7997781433331024e-05,0.23777739294131972,192,0.32494751391767684,72,0.2528032785412983,41,COMPLETE
227,227,0.7547169811320755,2024-01-31 15:20:48.015691,2024-01-31 15:21:28.454414,0 days 00:00:40.438723,3.76267976350622e-05,0.24852553025225063,65,0.15542219080223008,63,0.24445108654217185,56,COMPLETE
228,228,0.7547169811320755,2024-01-31 15:21:28.457560,2024-01-31 15:22:08.735262,0 days 00:00:40.277702,6.586053891549687e-05,0.2783665382441043,74,0.28550040853099334,77,0.31623211853356414,29,COMPLETE
229,229,0.8113207547169812,2024-01-31 15:22:08.738217,2024-01-31 15:22:48.824329,0 days 00:00:40.086112,2.201943065440642e-05,0.2654278602648269,87,0.30237134221638245,68,0.2749542926499095,45,COMPLETE
230,230,0.7830188679245284,2024-01-31 15:22:48.826280,2024-01-31 15:23:30.635693,0 days 00:00:41.809413,5.379388672138096e-05,0.46514519379734476,161,0.2593651924847457,74,0.2636075157761724,60,COMPLETE
231,231,0.7924528301886793,2024-01-31 15:23:30.639175,2024-01-31 15:24:12.772230,0 days 00:00:42.133055,2.7236129098824233e-05,0.22817249531103323,214,0.28422093343139315,69,0.3071989780713294,61,COMPLETE
232,232,0.7452830188679245,2024-01-31 15:24:12.774190,2024-01-31 15:24:53.236801,0 days 00:00:40.462611,3.1477232027449544e-05,0.23574640901155425,68,0.2926374693907925,69,0.2924340502255714,34,COMPLETE
233,233,0.8018867924528302,2024-01-31 15:24:53.238747,2024-01-31 15:25:34.967113,0 days 00:00:41.728366,3.255031880372786e-05,0.21955336737553108,206,0.2789286034763493,66,0.3327133914320697,62,COMPLETE
234,234,0.8207547169811321,2024-01-31 15:25:34.970047,2024-01-31 15:26:16.154035,0 days 00:00:41.183988,3.967111689307639e-05,0.24554908225038227,169,0.2694982085334201,72,0.3026362821408639,22,COMPLETE
235,235,0.7830188679245284,2024-01-31 15:26:16.156456,2024-01-31 15:26:58.177841,0 days 00:00:42.021385,2.0169942220915625e-05,0.48228980275478406,214,0.24963046981916687,65,0.3183568685259074,53,COMPLETE
236,236,0.7830188679245284,2024-01-31 15:26:58.179756,2024-01-31 15:27:48.558803,0 days 00:00:50.379047,2.5113068242058988e-05,0.2329430728833289,211,0.3080708871308962,67,0.19437295052297077,64,COMPLETE
237,237,0.7830188679245284,2024-01-31 15:27:48.560837,2024-01-31 15:28:32.354249,0 days 00:00:43.793412,4.6984257306589456e-05,0.2556367290649883,217,0.20259281980360594,70,0.29805580702837803,40,COMPLETE
238,238,0.7641509433962265,2024-01-31 15:28:32.356769,2024-01-31 15:29:16.104765,0 days 00:00:43.747996,8.225871314174635e-05,0.1615619600653565,222,0.28623547524977344,62,0.22629665927489734,63,COMPLETE
239,239,0.8113207547169812,2024-01-31 15:29:16.106851,2024-01-31 15:29:58.469220,0 days 00:00:42.362369,3.05556950549209e-05,0.4087422094237943,127,0.241477160130136,76,0.24835874258927323,29,COMPLETE
240,240,0.7735849056603774,2024-01-31 15:29:58.471212,2024-01-31 15:30:41.167440,0 days 00:00:42.696228,3.610224421686732e-05,0.23993278402674753,78,0.27137293794056266,71,0.28615896224295,59,COMPLETE
241,241,0.8207547169811321,2024-01-31 15:30:41.169505,2024-01-31 15:31:26.131182,0 days 00:00:44.961677,4.7173726509534326e-05,0.21165365003198439,190,0.23405564870724255,63,0.238424387671369,42,COMPLETE
242,242,0.8018867924528302,2024-01-31 15:31:26.134296,2024-01-31 15:32:11.252113,0 days 00:00:45.117817,5.1846983263876655e-05,0.22848290332187354,196,0.22729530135675072,59,0.2556154462719042,42,COMPLETE
243,243,0.7924528301886793,2024-01-31 15:32:11.255804,2024-01-31 15:32:55.676107,0 days 00:00:44.420303,6.749727661583604e-05,0.2184742717634216,188,0.22084129319322343,64,0.24405222006826655,16,COMPLETE
244,244,0.7641509433962265,2024-01-31 15:32:55.679034,2024-01-31 15:33:39.417426,0 days 00:00:43.738392,4.004943516700134e-05,0.24421793380337076,181,0.23203570891927472,34,0.2362498225814533,43,COMPLETE
245,245,0.8301886792452831,2024-01-31 15:33:39.419288,2024-01-31 15:34:22.382934,0 days 00:00:42.963646,2.7563184865507105e-05,0.2752794873188289,196,0.3956641989094567,62,0.32491753234910625,41,COMPLETE
246,246,0.7169811320754716,2024-01-31 15:34:22.386050,2024-01-31 15:35:05.822865,0 days 00:00:43.436815,2.831248639837469e-05,0.273574844111816,196,0.4124942972631719,57,0.31996896044309414,37,COMPLETE
247,247,0.8207547169811321,2024-01-31 15:35:05.825190,2024-01-31 15:35:49.526580,0 days 00:00:43.701390,2.334247314418092e-05,0.28165561125821514,200,0.38580854388883357,61,0.3381554564162546,41,COMPLETE
248,248,0.7358490566037735,2024-01-31 15:35:49.528512,2024-01-31 15:36:32.682144,0 days 00:00:43.153632,3.152560958884681e-05,0.2998869490487826,208,0.42329536860081896,66,0.32672786576288393,38,COMPLETE
249,249,0.7924528301886793,2024-01-31 15:36:32.684106,2024-01-31 15:37:15.123570,0 days 00:00:42.439464,1.607622901363805e-05,0.2656442818171907,166,0.40221577970243755,73,0.30913821190464724,54,COMPLETE
250,250,0.7547169811320755,2024-01-31 15:37:15.125597,2024-01-31 15:37:58.840868,0 days 00:00:43.715271,2.5055477544029846e-05,0.2857557335359293,217,0.25324342988012394,79,0.3287515438442096,62,COMPLETE
251,251,0.7830188679245284,2024-01-31 15:37:58.842912,2024-01-31 15:38:40.933087,0 days 00:00:42.090175,3.562199506524581e-05,0.1716681544813045,140,0.2939228729614252,69,0.2673191135054043,31,COMPLETE
252,252,0.839622641509434,2024-01-31 15:38:40.935094,2024-01-31 15:39:24.148885,0 days 00:00:43.213791,1.840969799246961e-05,0.49860020399644567,225,0.26202411821787847,67,0.25672313326574175,57,COMPLETE
253,253,0.7830188679245284,2024-01-31 15:39:24.151401,2024-01-31 15:40:07.852239,0 days 00:00:43.700838,1.997454701282498e-05,0.4995492958004147,225,0.26056674736725743,65,0.2563839284065894,58,COMPLETE
254,254,0.7735849056603774,2024-01-31 15:40:07.855053,2024-01-31 15:40:51.390059,0 days 00:00:43.535006,1.3365832215025508e-05,0.48295313058536465,234,0.3953928660395592,62,0.25255415113817764,57,COMPLETE
255,255,0.6792452830188679,2024-01-31 15:40:51.392042,2024-01-31 15:41:34.955177,0 days 00:00:43.563135,1.7109084730019484e-05,0.4930041199565731,227,0.4368283235255304,67,0.26782872164279925,60,COMPLETE
256,256,0.8207547169811321,2024-01-31 15:41:34.958615,2024-01-31 15:42:16.956827,0 days 00:00:41.998212,2.1281534813619753e-05,0.4992652633224178,157,0.26452884265384446,64,0.2626809913419225,58,COMPLETE
257,257,0.7641509433962265,2024-01-31 15:42:16.958895,2024-01-31 15:42:58.625376,0 days 00:00:41.666481,1.869710973380192e-05,0.29405796551529806,122,0.24429831343351238,75,0.24951623476234475,54,COMPLETE
258,258,0.7924528301886793,2024-01-31 15:42:58.627369,2024-01-31 15:43:41.377271,0 days 00:00:42.749902,9.945912453440216e-05,0.2627954771821857,222,0.4099140154967705,80,0.23119235003391997,56,COMPLETE
259,259,0.7547169811320755,2024-01-31 15:43:41.379148,2024-01-31 15:44:24.110458,0 days 00:00:42.731310,1.1436971308568554e-05,0.2775612538641982,229,0.3658353968500313,67,0.27332018068883723,55,COMPLETE
260,260,0.7735849056603774,2024-01-31 15:44:24.112620,2024-01-31 15:45:05.883937,0 days 00:00:41.771317,5.7728685979651385e-05,0.2532373328284483,117,0.18983003312328992,72,0.2193528586602193,44,COMPLETE
261,261,0.8207547169811321,2024-01-31 15:45:05.886125,2024-01-31 15:45:48.023326,0 days 00:00:42.137201,2.5568252914343118e-05,0.49040847295122575,130,0.25438871093837784,77,0.37458183266385514,40,COMPLETE
262,262,0.7075471698113207,2024-01-31 15:45:48.025360,2024-01-31 15:46:30.521110,0 days 00:00:42.495750,0.00013767262167850298,0.2699741079604351,148,0.2719769449068637,65,0.2579883115417483,59,COMPLETE
263,263,0.7264150943396226,2024-01-31 15:46:30.523388,2024-01-31 15:47:12.767594,0 days 00:00:42.244206,4.2116889725590405e-05,0.4757495067080365,174,0.3011443846515043,60,0.2436976594778492,57,COMPLETE
264,264,0.7641509433962265,2024-01-31 15:47:12.769623,2024-01-31 15:47:55.189212,0 days 00:00:42.419589,1.4280608406249184e-05,0.3064021418395789,239,0.24489104520561455,90,0.26134673438082284,61,COMPLETE
265,265,0.8207547169811321,2024-01-31 15:47:55.192201,2024-01-31 15:48:04.846003,0 days 00:00:09.653802,0.017579385743816265,0.288650867617307,112,0.2096920674831535,68,0.2828460139825961,60,COMPLETE
266,266,0.8301886792452831,2024-01-31 15:48:04.846888,2024-01-31 15:48:46.285817,0 days 00:00:41.438929,2.8493828816487084e-05,0.2599632436971932,98,0.27671095294912207,74,0.22179690538105032,41,COMPLETE
267,267,0.7358490566037735,2024-01-31 15:48:46.287735,2024-01-31 15:49:28.656564,0 days 00:00:42.368829,2.29097018422875e-05,0.25739858391281956,106,0.2739969502405485,73,0.2221294715091795,63,COMPLETE
268,268,0.7830188679245284,2024-01-31 15:49:28.658632,2024-01-31 15:50:10.466518,0 days 00:00:41.807886,2.7942636098296003e-05,0.2504209383266779,138,0.27934830828484214,48,0.20863919408436454,55,COMPLETE
269,269,0.8113207547169812,2024-01-31 15:50:10.468450,2024-01-31 15:50:53.051999,0 days 00:00:42.583549,1.8314380723933785e-05,0.27096786228554653,204,0.26021588113107136,42,0.2309023889574065,53,COMPLETE
270,270,0.7452830188679245,2024-01-31 15:50:53.054063,2024-01-31 15:51:07.155841,0 days 00:00:14.101778,0.0017911598090263217,0.2612033123358356,133,0.26877194806704063,74,0.21344441337864753,47,COMPLETE
271,271,0.7735849056603774,2024-01-31 15:51:07.156727,2024-01-31 15:51:50.479553,0 days 00:00:43.322826,3.066310787621814e-05,0.34893193306060993,219,0.2880366449782746,76,0.3313963555705809,57,COMPLETE
272,272,0.7735849056603774,2024-01-31 15:51:50.481502,2024-01-31 15:52:33.602054,0 days 00:00:43.120552,2.4959894451276808e-05,0.44553188216450823,194,0.2517835298471155,71,0.4031098521472799,62,COMPLETE
273,273,0.7452830188679245,2024-01-31 15:52:33.604161,2024-01-31 15:53:17.214783,0 days 00:00:43.610622,3.2381467201534134e-05,0.19260725591934266,231,0.2633918133339396,81,0.276477421661774,59,COMPLETE
274,274,0.8113207547169812,2024-01-31 15:53:17.217094,2024-01-31 15:53:59.264716,0 days 00:00:42.047622,6.836549945823528e-05,0.32143284318243676,88,0.1755156798991138,78,0.346202366025058,61,COMPLETE
275,275,0.7924528301886793,2024-01-31 15:53:59.266715,2024-01-31 15:54:41.582360,0 days 00:00:42.315645,2.0305285783070216e-05,0.4838160469813525,163,0.23628016742098307,74,0.4687818232240432,42,COMPLETE
276,276,0.7830188679245284,2024-01-31 15:54:41.584468,2024-01-31 15:55:23.011326,0 days 00:00:41.426858,4.886180783390908e-05,0.49376489787767747,213,0.278507660861307,62,0.22348779266005359,64,COMPLETE
277,277,0.7547169811320755,2024-01-31 15:55:23.013273,2024-01-31 15:56:05.330417,0 days 00:00:42.317144,8.875367079321959e-05,0.2512444618985558,224,0.19865452410637294,71,0.2030980521949291,52,COMPLETE
278,278,0.8207547169811321,2024-01-31 15:56:05.333949,2024-01-31 15:56:47.090320,0 days 00:00:41.756371,3.5295877181015866e-05,0.24243006243396423,144,0.21662500638442317,76,0.23690721442806625,40,COMPLETE
279,279,0.7452830188679245,2024-01-31 15:56:47.092844,2024-01-31 15:57:27.294392,0 days 00:00:40.201548,0.00020390069803109435,0.2774483668970846,200,0.3547277568629312,113,0.13477102760427576,58,COMPLETE
280,280,0.7924528301886793,2024-01-31 15:57:27.296881,2024-01-31 15:58:20.481163,0 days 00:00:53.184282,2.6568144981890314e-05,0.23684274483055168,209,0.41933777043590514,63,0.3153196150522245,60,COMPLETE
281,281,0.7075471698113207,2024-01-31 15:58:20.483300,2024-01-31 15:59:05.917554,0 days 00:00:45.434254,1.5720291999214578e-05,0.2582149652611734,153,0.4074392844452829,70,0.43569951524544837,56,COMPLETE
282,282,0.7924528301886793,2024-01-31 15:59:05.919730,2024-01-31 15:59:50.064421,0 days 00:00:44.144691,4.198725334485183e-05,0.2653559825224755,183,0.24699457130420469,73,0.26960251006840197,41,COMPLETE
283,283,0.7830188679245284,2024-01-31 15:59:50.066447,2024-01-31 16:00:34.817569,0 days 00:00:44.751122,5.6011678184426846e-05,0.24605663006150863,204,0.2975024567953011,56,0.32503297071967463,54,COMPLETE
284,284,0.7641509433962265,2024-01-31 16:00:34.819781,2024-01-31 16:01:19.097852,0 days 00:00:44.278071,2.14071902778928e-05,0.27848797196048913,192,0.25845060667264186,65,0.18625567619877514,63,COMPLETE
285,285,0.8113207547169812,2024-01-31 16:01:19.100418,2024-01-31 16:01:39.012644,0 days 00:00:19.912226,0.0011068077204848203,0.13256994965000996,169,0.2680118178348126,54,0.24443750020432056,44,COMPLETE
286,286,0.8301886792452831,2024-01-31 16:01:39.014822,2024-01-31 16:02:05.330288,0 days 00:00:26.315466,0.0005461504168234436,0.3980769784805551,96,0.23895041596692906,58,0.25484055850067755,39,COMPLETE
287,287,0.7641509433962265,2024-01-31 16:02:05.332789,2024-01-31 16:02:32.516982,0 days 00:00:27.184193,0.0004978358154168947,0.3754880877515246,123,0.2888899421056067,59,0.25490472648275514,39,COMPLETE
288,288,0.7547169811320755,2024-01-31 16:02:32.519174,2024-01-31 16:03:03.888352,0 days 00:00:31.369178,0.0002969461586919087,0.48517572370705453,97,0.24012768314269478,60,0.2660266140437657,40,COMPLETE
289,289,0.7924528301886793,2024-01-31 16:03:03.890483,2024-01-31 16:03:24.464796,0 days 00:00:20.574313,0.0009801237828003023,0.3633512053258373,217,0.25241939044941425,46,0.25272447853088165,38,COMPLETE
290,290,0.7830188679245284,2024-01-31 16:03:24.467326,2024-01-31 16:04:07.525062,0 days 00:00:43.057736,7.847487094778832e-05,0.4015464026951062,102,0.27827862129978065,59,0.2587671063284793,62,COMPLETE
291,291,0.8301886792452831,2024-01-31 16:04:07.528331,2024-01-31 16:04:30.521186,0 days 00:00:22.992855,0.0006715825001839637,0.4722301012115023,95,0.3746936032477051,56,0.2479953230468774,42,COMPLETE
292,292,0.6981132075471698,2024-01-31 16:04:30.523618,2024-01-31 16:04:52.395562,0 days 00:00:21.871944,0.0006334985986503846,0.4712323736697783,103,0.3876436754405153,56,0.23855107269693487,39,COMPLETE
293,293,0.7358490566037735,2024-01-31 16:04:52.397534,2024-01-31 16:05:10.615050,0 days 00:00:18.217516,0.0007951639202612782,0.4534265396895786,87,0.39090518099202703,54,0.2457192362005376,42,COMPLETE
294,294,0.8113207547169812,2024-01-31 16:05:10.617212,2024-01-31 16:05:40.831915,0 days 00:00:30.214703,0.00042137800895378674,0.46909516161102516,110,0.3767228690271082,56,0.3374948583920935,43,COMPLETE
295,295,0.7452830188679245,2024-01-31 16:05:40.834743,2024-01-31 16:06:01.594593,0 days 00:00:20.759850,0.0006208082451426762,0.47711503565747454,93,0.3081688445317261,58,0.23778823143125508,41,COMPLETE
296,296,0.7735849056603774,2024-01-31 16:06:01.596590,2024-01-31 16:06:43.214339,0 days 00:00:41.617749,1.745961227648452e-05,0.49303401844444766,97,0.3981208114677123,83,0.23218214981395166,42,COMPLETE
297,297,0.6981132075471698,2024-01-31 16:06:43.216513,2024-01-31 16:07:06.112693,0 days 00:00:22.896180,0.0004986716537370199,0.48897414071597867,98,0.28500174161955505,50,0.25064001705021693,45,COMPLETE
298,298,0.8113207547169812,2024-01-31 16:07:06.114403,2024-01-31 16:07:38.160128,0 days 00:00:32.045725,0.0003412885465009279,0.47964837913511416,91,0.11959463527875014,79,0.2945030766211172,41,COMPLETE
299,299,0.7264150943396226,2024-01-31 16:07:38.162262,2024-01-31 16:08:20.407393,0 days 00:00:42.245131,1.2885985417117803e-05,0.29578655367498613,135,0.4067655289149126,61,0.32047649450827814,39,COMPLETE
300,300,0.7641509433962265,2024-01-31 16:08:20.410565,2024-01-31 16:08:41.628502,0 days 00:00:21.217937,0.0006862088038245894,0.43452391675975377,85,0.29661897680653315,57,0.2770159417274401,64,COMPLETE
301,301,0.8301886792452831,2024-01-31 16:08:41.630707,2024-01-31 16:09:02.581840,0 days 00:00:20.951133,0.0007560412610054287,0.2714989689805454,161,0.2723657146321828,77,0.2274664405550958,61,COMPLETE
302,302,0.7924528301886793,2024-01-31 16:09:02.583976,2024-01-31 16:09:24.302524,0 days 00:00:21.718548,0.0008200590716288718,0.27043319713864666,165,0.2624301139702183,78,0.2235540695843583,60,COMPLETE
303,303,0.7924528301886793,2024-01-31 16:09:24.304691,2024-01-31 16:09:47.774089,0 days 00:00:23.469398,0.0005156241186806908,0.49733572331530423,126,0.26961292952502064,76,0.23221668510938442,61,COMPLETE
304,304,0.7452830188679245,2024-01-31 16:09:47.776231,2024-01-31 16:10:08.767811,0 days 00:00:20.991580,0.0006603989239061662,0.46087381808842065,100,0.1682664294056625,81,0.2273513705892064,61,COMPLETE
305,305,0.7075471698113207,2024-01-31 16:10:08.769976,2024-01-31 16:10:28.063991,0 days 00:00:19.294015,0.0007657369500070479,0.49954974573745037,172,0.27188063524411016,75,0.24559086446570336,43,COMPLETE
306,306,0.8207547169811321,2024-01-31 16:10:28.066190,2024-01-31 16:10:39.814474,0 days 00:00:11.748284,0.0030037874294715815,0.2658956492203022,196,0.2795147018146183,77,0.2153266460582846,36,COMPLETE
307,307,0.7830188679245284,2024-01-31 16:10:39.815296,2024-01-31 16:11:02.842349,0 days 00:00:23.027053,0.0009034441697228549,0.28609524488187504,187,0.29160531372594906,38,0.23942777466390297,59,COMPLETE
308,308,0.7169811320754716,2024-01-31 16:11:02.845055,2024-01-31 16:11:21.720791,0 days 00:00:18.875736,0.0005923986555929653,0.48561442685523093,161,0.2553510615743879,74,0.26265241593845307,40,COMPLETE
309,309,0.7924528301886793,2024-01-31 16:11:21.722355,2024-01-31 16:11:49.205066,0 days 00:00:27.482711,0.0003945333719450291,0.41517954564035053,118,0.2660719008193149,80,0.25296510370732467,62,COMPLETE
310,310,0.7641509433962265,2024-01-31 16:11:49.207941,2024-01-31 16:12:10.888287,0 days 00:00:21.680346,0.001028310927551221,0.25953288304598293,95,0.27551692677436457,68,0.21940789163265983,60,COMPLETE
311,311,0.8490566037735849,2024-01-31 16:12:10.890236,2024-01-31 16:12:52.847084,0 days 00:00:41.956848,2.2364879971823197e-05,0.31200817185903545,198,0.19252813886195444,78,0.24353019644629206,43,COMPLETE
312,312,0.7735849056603774,2024-01-31 16:12:52.849394,2024-01-31 16:13:34.277480,0 days 00:00:41.428086,1.5122321648401519e-05,0.3351362283185173,130,0.19064201065078124,85,0.24463503573466502,46,COMPLETE
313,313,0.8301886792452831,2024-01-31 16:13:34.279669,2024-01-31 16:14:14.133084,0 days 00:00:39.853415,2.1361718438551422e-05,0.3170649411220305,83,0.18360136553477083,78,0.23175500635108148,41,COMPLETE
314,314,0.7830188679245284,2024-01-31 16:14:14.135318,2024-01-31 16:14:54.757383,0 days 00:00:40.622065,1.8575817766417406e-05,0.2991834002566822,84,0.18603939530332603,95,0.22899786058201455,43,COMPLETE
315,315,0.7264150943396226,2024-01-31 16:14:54.759570,2024-01-31 16:15:35.200896,0 days 00:00:40.441326,1.0048174330874612e-05,0.32182675811585354,88,0.17744388858755164,82,0.23272107388464733,42,COMPLETE
316,316,0.8207547169811321,2024-01-31 16:15:35.203789,2024-01-31 16:16:16.966894,0 days 00:00:41.763105,2.252459445996547e-05,0.3156838044591612,159,0.19587287828842945,78,0.23668284373320594,41,COMPLETE
317,317,0.6886792452830188,2024-01-31 16:16:16.970193,2024-01-31 16:16:56.936950,0 days 00:00:39.966757,0.00011731134134674823,0.31812615801089433,79,0.18364791277294604,80,0.24848200580992716,44,COMPLETE
