,number,value,datetime_start,datetime_complete,duration,params_learning_rate,params_merged_1_dropout,params_merged_1_size,params_merged_2_dropout,params_merged_2_size,params_merged_3_dropout,params_merged_3_size,state
318,318,0.8113207547169812,2024-01-31 16:16:56.939524,2024-01-31 16:17:37.626802,0 days 00:00:40.687278,1.782754471477166e-05,0.30259128410872566,92,0.20863318797150993,78,0.22211478123249248,41,COMPLETE
319,319,0.7264150943396226,2024-01-31 16:17:37.629000,2024-01-31 16:18:17.920899,0 days 00:00:40.291899,2.2816909235993645e-05,0.331319716196875,83,0.19856905232621352,77,0.23869534976436693,42,COMPLETE
320,320,0.8018867924528302,2024-01-31 16:18:17.923174,2024-01-31 16:18:58.133779,0 days 00:00:40.210605,6.475584138638499e-05,0.3158012652414456,76,0.1615653888954127,79,0.2518857017147392,40,COMPLETE
321,321,0.7830188679245284,2024-01-31 16:18:58.135835,2024-01-31 16:19:16.617262,0 days 00:00:18.481427,0.0011961909814536796,0.3082032238942793,179,0.1749070810923825,63,0.2602628516676204,44,COMPLETE
322,322,0.7264150943396226,2024-01-31 16:19:16.621228,2024-01-31 16:19:34.760760,0 days 00:00:18.139532,0.0013714789507213382,0.3097246521480935,104,0.1832600427027725,81,0.24103295329091384,39,COMPLETE
323,323,0.7924528301886793,2024-01-31 16:19:34.764771,2024-01-31 16:20:16.295069,0 days 00:00:41.530298,1.33421956027285e-05,0.29307134709339944,220,0.20348186378421607,52,0.22898314710148687,42,COMPLETE
324,324,0.7735849056603774,2024-01-31 16:20:16.298336,2024-01-31 16:20:57.045617,0 days 00:00:40.747281,2.543918431509937e-05,0.3232989306163564,68,0.19323345748363183,76,0.26888954327095776,50,COMPLETE
325,325,0.8113207547169812,2024-01-31 16:20:57.047676,2024-01-31 16:21:37.301307,0 days 00:00:40.253631,9.73216447941199e-05,0.27835117948787896,64,0.21580165086817757,83,0.25451881428114026,45,COMPLETE
326,326,0.6981132075471698,2024-01-31 16:21:37.303537,2024-01-31 16:22:15.741917,0 days 00:00:38.438380,0.0001775157452746277,0.38654470367159816,211,0.22437631132384686,65,0.21678436182146815,38,COMPLETE
327,327,0.8113207547169812,2024-01-31 16:22:15.745667,2024-01-31 16:22:56.702731,0 days 00:00:40.957064,2.1025916239714365e-05,0.34335041441223774,108,0.2031895736379353,62,0.2429000669330338,43,COMPLETE
328,328,0.7452830188679245,2024-01-31 16:22:56.706107,2024-01-31 16:23:11.887199,0 days 00:00:15.181092,0.0008242565402602832,0.47470585397696347,136,0.43203072883446025,75,0.2634152971178577,41,COMPLETE
329,329,0.7924528301886793,2024-01-31 16:23:11.890004,2024-01-31 16:23:52.800896,0 days 00:00:40.910892,1.533674363905232e-05,0.2703921375325916,169,0.17051846150166725,79,0.24880408523012593,40,COMPLETE
330,330,0.8301886792452831,2024-01-31 16:23:52.803045,2024-01-31 16:24:16.324691,0 days 00:00:23.521646,0.0005593684874084154,0.2856096330567486,227,0.18974890073480988,66,0.2298067995247861,42,COMPLETE
331,331,0.7830188679245284,2024-01-31 16:24:16.326994,2024-01-31 16:24:47.008504,0 days 00:00:30.681510,0.0002476561653846671,0.3067584595936719,230,0.1920511552696283,66,0.22727717126853358,43,COMPLETE
332,332,0.7830188679245284,2024-01-31 16:24:47.010793,2024-01-31 16:25:29.655534,0 days 00:00:42.644741,2.7965256879469716e-05,0.2867102065057126,252,0.37382405902446963,64,0.23613137530282155,40,COMPLETE
333,333,0.8301886792452831,2024-01-31 16:25:29.658204,2024-01-31 16:26:06.621367,0 days 00:00:36.963163,0.0005881955887479111,0.48973763018695765,223,0.18135287122814278,67,0.23021300987818638,48,COMPLETE
334,334,0.8113207547169812,2024-01-31 16:26:06.623662,2024-01-31 16:26:36.969944,0 days 00:00:30.346282,0.0005723237832008353,0.48819812972118976,224,0.24973282040502925,66,0.22148666598186972,47,COMPLETE
335,335,0.7830188679245284,2024-01-31 16:26:36.972650,2024-01-31 16:27:00.035687,0 days 00:00:23.063037,0.0005031155497449277,0.3923258784240316,226,0.17867172036175596,68,0.2291385031457044,51,COMPLETE
336,336,0.7452830188679245,2024-01-31 16:27:00.038599,2024-01-31 16:27:19.463844,0 days 00:00:19.425245,0.0007599459593026247,0.47884353722392287,225,0.18172772580437455,63,0.21602146704677958,42,COMPLETE
337,337,0.8207547169811321,2024-01-31 16:27:19.466239,2024-01-31 16:27:41.604251,0 days 00:00:22.138012,0.000729040498426786,0.48557156609943175,227,0.259507949767342,61,0.2343063938179733,42,COMPLETE
338,338,0.839622641509434,2024-01-31 16:27:41.606573,2024-01-31 16:27:58.573340,0 days 00:00:16.966767,0.0008872027957891922,0.49123599976280097,233,0.18766736536440926,67,0.24374285081118247,46,COMPLETE
339,339,0.8018867924528302,2024-01-31 16:27:58.575212,2024-01-31 16:28:21.590259,0 days 00:00:23.015047,0.0004352901797214325,0.4907633863164219,235,0.1822068087730683,66,0.24327337235891697,46,COMPLETE
340,340,0.8490566037735849,2024-01-31 16:28:21.592411,2024-01-31 16:28:40.622290,0 days 00:00:19.029879,0.0005674219472746032,0.4999979661698322,222,0.19427371546681518,69,0.2565979792782226,44,COMPLETE
341,341,0.7075471698113207,2024-01-31 16:28:40.624655,2024-01-31 16:28:57.759277,0 days 00:00:17.134622,0.0009007000232309814,0.498880880716714,238,0.18946575832094012,68,0.25743833250736453,44,COMPLETE
342,342,0.7641509433962265,2024-01-31 16:28:57.761483,2024-01-31 16:29:24.716346,0 days 00:00:26.954863,0.0004309641952139255,0.49808916298040107,244,0.1958401195615502,70,0.2702419340691687,44,COMPLETE
343,343,0.839622641509434,2024-01-31 16:29:24.718699,2024-01-31 16:29:36.757890,0 days 00:00:12.039191,0.0041516706353107655,0.47955834412784876,233,0.20184132171304495,64,0.2535381023302662,45,COMPLETE
344,344,0.8018867924528302,2024-01-31 16:29:36.759949,2024-01-31 16:29:50.902414,0 days 00:00:14.142465,0.007035535645894072,0.47437392521708033,232,0.19762961008992785,64,0.256771036298557,45,COMPLETE
345,345,0.7830188679245284,2024-01-31 16:29:50.905706,2024-01-31 16:30:01.489937,0 days 00:00:10.584231,0.026117776875430654,0.4804627967251247,220,0.20853717725515944,69,0.25215468545695147,44,COMPLETE
346,346,0.7358490566037735,2024-01-31 16:30:01.491843,2024-01-31 16:30:18.497979,0 days 00:00:17.006136,0.006847117229591957,0.49133460260501033,236,0.21758210904883316,60,0.26304866265515225,45,COMPLETE
347,347,0.8113207547169812,2024-01-31 16:30:18.500246,2024-01-31 16:30:31.719392,0 days 00:00:13.219146,0.0020541857495269453,0.4813248682273025,71,0.20367912340232466,124,0.2790351928775915,46,COMPLETE
348,348,0.7735849056603774,2024-01-31 16:30:31.721284,2024-01-31 16:30:48.325790,0 days 00:00:16.604506,0.0006614656006855241,0.4700501037803845,232,0.23191559255847474,62,0.2500638501638592,43,COMPLETE
349,349,0.7830188679245284,2024-01-31 16:30:48.328060,2024-01-31 16:31:06.247429,0 days 00:00:17.919369,0.0011328825528936516,0.4990776523380879,143,0.2458966369439704,58,0.2696337861911588,41,COMPLETE
350,350,0.7075471698113207,2024-01-31 16:31:06.249728,2024-01-31 16:31:20.822373,0 days 00:00:14.572645,0.0010188975420472157,0.4589617590912435,90,0.2578364678055068,71,0.24529338909832515,43,COMPLETE
351,351,0.7735849056603774,2024-01-31 16:31:20.824665,2024-01-31 16:31:31.365847,0 days 00:00:10.541182,0.003651767671050452,0.46435060029938235,218,0.2610715816853473,64,0.2594820005925606,44,COMPLETE
352,352,0.8207547169811321,2024-01-31 16:31:31.366661,2024-01-31 16:31:40.283853,0 days 00:00:08.917192,0.009305665929001781,0.4911611403576924,230,0.2649239784869971,69,0.24746132425895895,43,COMPLETE
353,353,0.8113207547169812,2024-01-31 16:31:40.286583,2024-01-31 16:31:59.436724,0 days 00:00:19.150141,0.0008540388612534145,0.4490479147759546,95,0.27331191871990596,73,0.25581948231865675,26,COMPLETE
354,354,0.7924528301886793,2024-01-31 16:31:59.439415,2024-01-31 16:32:41.178635,0 days 00:00:41.739220,1.948268862408573e-05,0.4798578346257749,149,0.2130451757893446,61,0.26566453400189,41,COMPLETE
355,355,0.7547169811320755,2024-01-31 16:32:41.180953,2024-01-31 16:32:59.193854,0 days 00:00:18.012901,0.000921921145991048,0.4860833779666945,215,0.23882492490527463,65,0.24113313501266312,45,COMPLETE
356,356,0.8113207547169812,2024-01-31 16:32:59.194904,2024-01-31 16:33:29.018190,0 days 00:00:29.823286,0.00038746338775075376,0.3268426493161138,240,0.25141531343740875,67,0.3874715043754421,39,COMPLETE
357,357,0.7924528301886793,2024-01-31 16:33:29.021243,2024-01-31 16:34:09.412806,0 days 00:00:40.391563,2.8669188929678383e-05,0.4365507545791629,128,0.28423589380580633,72,0.27691420264937544,44,COMPLETE
358,358,0.7924528301886793,2024-01-31 16:34:09.415102,2024-01-31 16:34:51.014822,0 days 00:00:41.599720,5.3743708873764386e-05,0.49311425187222,139,0.20126798947408242,62,0.25886517610364596,48,COMPLETE
359,359,0.7264150943396226,2024-01-31 16:34:51.017155,2024-01-31 16:35:11.931351,0 days 00:00:20.914196,0.0007170383060936809,0.47166365546492234,221,0.22471404541393453,64,0.2500606628416145,58,COMPLETE
360,360,0.7830188679245284,2024-01-31 16:35:11.934161,2024-01-31 16:35:21.858769,0 days 00:00:09.924608,0.033407824448396836,0.48568198277378605,81,0.2684115357624273,59,0.23952936333334526,40,COMPLETE
361,361,0.7641509433962265,2024-01-31 16:35:21.860018,2024-01-31 16:35:35.092234,0 days 00:00:13.232216,0.001802364322381805,0.49082212454966007,101,0.3059630031360666,75,0.2715637124108541,43,COMPLETE
362,362,0.7830188679245284,2024-01-31 16:35:35.095096,2024-01-31 16:35:47.918145,0 days 00:00:12.823049,0.0015003610915467153,0.49744553780579426,223,0.24354326942244411,69,0.2633528254035004,42,COMPLETE
363,363,0.7641509433962265,2024-01-31 16:35:47.921991,2024-01-31 16:36:29.988489,0 days 00:00:42.066498,2.3836151549870208e-05,0.47781667326430427,228,0.2792966312736097,67,0.48033473161165086,46,COMPLETE
364,364,0.7735849056603774,2024-01-31 16:36:29.990678,2024-01-31 16:37:12.539060,0 days 00:00:42.548382,3.522658323636713e-05,0.309050001802908,215,0.25661322518482466,77,0.24575657606178156,59,COMPLETE
365,365,0.5188679245283019,2024-01-31 16:37:12.543255,2024-01-31 16:37:25.024787,0 days 00:00:12.481532,0.05773291634835027,0.4661641137684316,234,0.19126638057258297,55,0.41676987010631683,41,COMPLETE
366,366,0.8018867924528302,2024-01-31 16:37:25.028781,2024-01-31 16:37:44.479429,0 days 00:00:19.450648,0.001316569819705491,0.49974356189743585,114,0.20690434663808524,72,0.2530917218974958,42,COMPLETE
367,367,0.839622641509434,2024-01-31 16:37:44.481789,2024-01-31 16:38:25.949498,0 days 00:00:41.467709,4.768639780229609e-05,0.4824724403900977,131,0.23108050673429195,63,0.24232021418046734,59,COMPLETE
368,368,0.7641509433962265,2024-01-31 16:38:25.952186,2024-01-31 16:39:07.526882,0 days 00:00:41.574696,6.581743270244774e-05,0.483161133653656,134,0.2257467082046795,63,0.28407127057240233,57,COMPLETE
369,369,0.7075471698113207,2024-01-31 16:39:07.529744,2024-01-31 16:39:19.940887,0 days 00:00:12.411143,0.004406825088924481,0.475489423960071,131,0.23213513166723365,65,0.25569858949973023,60,COMPLETE
370,370,0.8207547169811321,2024-01-31 16:39:19.941802,2024-01-31 16:40:01.084954,0 days 00:00:41.143152,4.7345702187331747e-05,0.4843799418118982,125,0.2460887880816276,61,0.24140960913413054,59,COMPLETE
371,371,0.8018867924528302,2024-01-31 16:40:01.087547,2024-01-31 16:40:42.531404,0 days 00:00:41.443857,5.250405540474771e-05,0.46732080565490575,133,0.2219255285218237,63,0.2642631335527512,59,COMPLETE
372,372,0.7830188679245284,2024-01-31 16:40:42.533775,2024-01-31 16:41:23.626757,0 days 00:00:41.092982,4.376303607804066e-05,0.49151222440903675,129,0.2141065067294946,58,0.24631315094777897,61,COMPLETE
373,373,0.7358490566037735,2024-01-31 16:41:23.629173,2024-01-31 16:42:04.616352,0 days 00:00:40.987179,7.946963429473118e-05,0.47486739522094057,120,0.23704514037000282,66,0.25345947764820165,60,COMPLETE
374,374,0.8018867924528302,2024-01-31 16:42:04.619731,2024-01-31 16:42:46.091044,0 days 00:00:41.471313,5.9721147136586714e-05,0.49255270773012966,139,0.25244414661890224,68,0.2723400694713492,58,COMPLETE
375,375,0.8018867924528302,2024-01-31 16:42:46.094399,2024-01-31 16:43:27.149602,0 days 00:00:41.055203,3.830510067175178e-05,0.42478730767000433,123,0.23026523898615217,60,0.259864122107186,58,COMPLETE
376,376,0.7358490566037735,2024-01-31 16:43:27.151992,2024-01-31 16:43:50.718842,0 days 00:00:23.566850,0.0005839417088279765,0.4997355178246882,133,0.2898554073794882,70,0.2360122531258706,36,COMPLETE
377,377,0.7735849056603774,2024-01-31 16:43:50.722390,2024-01-31 16:44:32.765538,0 days 00:00:42.043148,2.925442087926125e-05,0.2534143772605911,219,0.26632152532586556,64,0.24975461657473183,45,COMPLETE
378,378,0.8301886792452831,2024-01-31 16:44:32.767893,2024-01-31 16:45:04.395094,0 days 00:00:31.627201,0.00035708181952762115,0.4865678080888396,126,0.2749848851781002,66,0.23994782357509895,60,COMPLETE
379,379,0.7358490566037735,2024-01-31 16:45:04.397489,2024-01-31 16:45:17.641038,0 days 00:00:13.243549,0.002524933082566008,0.29654860933076116,144,0.2998162710575955,62,0.2675828528499742,57,COMPLETE
380,380,0.8113207547169812,2024-01-31 16:45:17.642583,2024-01-31 16:45:59.697497,0 days 00:00:42.054914,4.236184395483414e-05,0.4820351774590375,229,0.2844559415201721,69,0.243779219399264,61,COMPLETE
381,381,0.7924528301886793,2024-01-31 16:45:59.699935,2024-01-31 16:46:41.655248,0 days 00:00:41.955313,6.258815938021405e-05,0.2785003023448556,248,0.23518413918843414,64,0.25720046847157685,38,COMPLETE
382,382,0.7169811320754716,2024-01-31 16:46:41.657659,2024-01-31 16:47:03.929446,0 days 00:00:22.271787,0.00047798359682421057,0.256348732830519,236,0.2459681397928967,74,0.2756218444310589,43,COMPLETE
383,383,0.7264150943396226,2024-01-31 16:47:03.931954,2024-01-31 16:47:45.585032,0 days 00:00:41.653078,2.966987633761469e-05,0.3681172834481436,208,0.2605742238875617,67,0.25261887825763935,62,COMPLETE
384,384,0.7735849056603774,2024-01-31 16:47:45.587478,2024-01-31 16:47:58.094617,0 days 00:00:12.507139,0.013951656770567875,0.2670852266501422,154,0.2731639209611944,61,0.36420122723101717,56,COMPLETE
385,385,0.7641509433962265,2024-01-31 16:47:58.095494,2024-01-31 16:48:40.589185,0 days 00:00:42.493691,4.837062083474676e-05,0.4995678638540031,224,0.22051806449364034,71,0.23660947629031306,46,COMPLETE
386,386,0.7924528301886793,2024-01-31 16:48:40.591805,2024-01-31 16:49:22.759818,0 days 00:00:42.168013,3.482934654698261e-05,0.47244944407733985,213,0.24082699726665274,53,0.2632551717831359,59,COMPLETE
387,387,0.8207547169811321,2024-01-31 16:49:22.764137,2024-01-31 16:50:04.783343,0 days 00:00:42.019206,7.493450370856296e-05,0.4897604180814601,217,0.26441808311708787,65,0.24661154964690507,44,COMPLETE
388,388,0.7547169811320755,2024-01-31 16:50:04.785774,2024-01-31 16:50:37.771265,0 days 00:00:32.985491,0.00029436919281897276,0.46461150395674783,138,0.2554371781793239,58,0.2864748088312129,60,COMPLETE
389,389,0.7452830188679245,2024-01-31 16:50:37.775045,2024-01-31 16:50:57.331744,0 days 00:00:19.556699,0.0009863222192001326,0.24856856926561022,221,0.2949317815289088,68,0.25821877089624357,48,COMPLETE
390,390,0.7547169811320755,2024-01-31 16:50:57.333089,2024-01-31 16:51:13.432235,0 days 00:00:16.099146,0.0007837919351549284,0.35181890163872326,230,0.2807020701423467,73,0.20902435152013543,43,COMPLETE
391,391,0.7830188679245284,2024-01-31 16:51:13.435032,2024-01-31 16:51:54.678279,0 days 00:00:41.243247,2.3432296003718974e-05,0.27545932444033977,136,0.2151439430764122,63,0.22425809527625634,39,COMPLETE
392,392,0.8018867924528302,2024-01-31 16:51:54.682013,2024-01-31 16:52:13.325433,0 days 00:00:18.643420,0.0006787337701065929,0.4789331990604956,129,0.2687134431486879,60,0.12560887277547617,62,COMPLETE
393,393,0.7924528301886793,2024-01-31 16:52:13.328589,2024-01-31 16:52:55.723333,0 days 00:00:42.394744,3.808236353660954e-05,0.49263551640241693,243,0.24860786424021306,65,0.24695882780734407,58,COMPLETE
394,394,0.7830188679245284,2024-01-31 16:52:55.725784,2024-01-31 16:53:36.464909,0 days 00:00:40.739125,5.0272875830700617e-05,0.48407381121502124,110,0.19891711203216503,70,0.23612372932985426,45,COMPLETE
395,395,0.8207547169811321,2024-01-31 16:53:36.469278,2024-01-31 16:54:32.065789,0 days 00:00:55.596511,2.625442240430101e-05,0.2598727208328338,226,0.22697212235041356,75,0.26795516765325217,42,COMPLETE
396,396,0.8207547169811321,2024-01-31 16:54:32.069533,2024-01-31 16:55:17.456520,0 days 00:00:45.386987,1.7907232104029355e-05,0.2842923862986629,206,0.31157521762048673,68,0.2525712935040746,59,COMPLETE
397,397,0.8113207547169812,2024-01-31 16:55:17.459267,2024-01-31 16:56:02.216775,0 days 00:00:44.757508,3.0502739601686173e-05,0.29968101739858477,211,0.20905489078141856,62,0.2799274060553648,41,COMPLETE
398,398,0.8207547169811321,2024-01-31 16:56:02.219396,2024-01-31 16:56:46.176885,0 days 00:00:43.957489,5.7788020148351476e-05,0.29089347750070593,117,0.2900765434203498,56,0.2397184187687652,61,COMPLETE
399,399,0.8018867924528302,2024-01-31 16:56:46.179863,2024-01-31 16:57:31.081236,0 days 00:00:44.901373,4.23333210953377e-05,0.2658350846122292,200,0.25539909109446696,66,0.16748658733547675,47,COMPLETE
400,400,0.7924528301886793,2024-01-31 16:57:31.083772,2024-01-31 16:58:14.627115,0 days 00:00:43.543343,2.4853570158074295e-05,0.4927715235170429,141,0.27451985754934477,71,0.2237035807301967,42,COMPLETE
401,401,0.7830188679245284,2024-01-31 16:58:14.629702,2024-01-31 16:58:57.355326,0 days 00:00:42.725624,3.315962182833123e-05,0.45659965371658406,146,0.3018203148592,77,0.2595854480275362,40,COMPLETE
402,402,0.7358490566037735,2024-01-31 16:58:57.357839,2024-01-31 16:59:16.311889,0 days 00:00:18.954050,0.0005008976435452729,0.24250843999170518,216,0.2329864899387188,73,0.2721447848383186,44,COMPLETE
403,403,0.8207547169811321,2024-01-31 16:59:16.314565,2024-01-31 16:59:59.563594,0 days 00:00:43.249029,6.821341719877872e-05,0.23256757827180652,151,0.45458766968903885,80,0.2459053168771861,57,COMPLETE
404,404,0.7924528301886793,2024-01-31 16:59:59.566490,2024-01-31 17:00:44.000872,0 days 00:00:44.434382,2.00212565699695e-05,0.47825044248889576,222,0.24236982103214663,64,0.23322328858588798,56,COMPLETE
405,405,0.8113207547169812,2024-01-31 17:00:44.003435,2024-01-31 17:01:29.048901,0 days 00:00:45.045466,3.773853573931854e-05,0.48501434554003375,235,0.2842631429463828,59,0.2528056281684445,60,COMPLETE
406,406,0.7924528301886793,2024-01-31 17:01:29.051457,2024-01-31 17:02:13.949931,0 days 00:00:44.898474,4.88396440836436e-05,0.41284205497119875,232,0.2511632775827945,68,0.2645995480102683,43,COMPLETE
407,407,0.7169811320754716,2024-01-31 17:02:13.953457,2024-01-31 17:02:32.912041,0 days 00:00:18.958584,0.0005691887810654598,0.2755491449076511,157,0.26328655350422864,66,0.24199149108664358,62,COMPLETE
408,408,0.7452830188679245,2024-01-31 17:02:32.914572,2024-01-31 17:02:53.608642,0 days 00:00:20.694070,0.0012193995593040524,0.39737655471806876,122,0.19315704998547775,62,0.21694679931655486,49,COMPLETE
409,409,0.8018867924528302,2024-01-31 17:02:53.611998,2024-01-31 17:03:38.792822,0 days 00:00:45.180824,2.7916037417936637e-05,0.499510891980949,227,0.27704414358047613,76,0.25784134608879444,59,COMPLETE
410,410,0.7264150943396226,2024-01-31 17:03:38.795412,2024-01-31 17:03:56.046340,0 days 00:00:17.250928,0.0008623514944974669,0.2612190229466002,105,0.23762678882426733,72,0.1982445519907857,63,COMPLETE
411,411,0.7358490566037735,2024-01-31 17:03:56.048779,2024-01-31 17:04:39.772588,0 days 00:00:43.723809,2.1842009168132083e-05,0.2497621866164711,132,0.20219373887609216,70,0.2488321786274311,40,COMPLETE
412,412,0.8018867924528302,2024-01-31 17:04:39.775138,2024-01-31 17:05:24.646699,0 days 00:00:44.871561,1.6558326699490895e-05,0.4705300976751653,219,0.26220892895607545,64,0.23279274658381205,55,COMPLETE
413,413,0.7735849056603774,2024-01-31 17:05:24.649272,2024-01-31 17:06:08.557151,0 days 00:00:43.907879,5.802993900721361e-05,0.27154758746349733,211,0.22126919166512274,67,0.2720430102085673,42,COMPLETE
414,414,0.8113207547169812,2024-01-31 17:06:08.559708,2024-01-31 17:06:29.076884,0 days 00:00:20.517176,0.0006650981110781165,0.30361387878286494,126,0.2966571386774807,60,0.22519148837187322,61,COMPLETE
415,415,0.8490566037735849,2024-01-31 17:06:29.078107,2024-01-31 17:07:10.804430,0 days 00:00:41.726323,8.808360285169926e-05,0.49164231741236697,99,0.48276823839694005,74,0.2648394168476261,44,COMPLETE
416,416,0.839622641509434,2024-01-31 17:07:10.807010,2024-01-31 17:07:51.985426,0 days 00:00:41.178416,0.00010454524675279716,0.48854546717691594,101,0.3180903547762505,74,0.2896974743018495,44,COMPLETE
417,417,0.7641509433962265,2024-01-31 17:07:51.987907,2024-01-31 17:08:32.957854,0 days 00:00:40.969947,7.235365853932735e-05,0.4999640645131401,100,0.30957671640558754,73,0.2900232712898667,45,COMPLETE
418,418,0.7924528301886793,2024-01-31 17:08:32.960406,2024-01-31 17:09:14.255934,0 days 00:00:41.295528,9.509221664272278e-05,0.4907554658476476,105,0.4412709800713167,74,0.28058575662598295,45,COMPLETE
419,419,0.7924528301886793,2024-01-31 17:09:14.259680,2024-01-31 17:09:56.570288,0 days 00:00:42.310608,7.069782595003564e-05,0.4859517129478477,224,0.4620658837662016,71,0.2917480442418576,44,COMPLETE
420,420,0.7547169811320755,2024-01-31 17:09:56.573808,2024-01-31 17:10:37.333138,0 days 00:00:40.759330,0.00012706653586010326,0.49127310512231254,98,0.4856816816873091,75,0.2834321620063662,46,COMPLETE
421,421,0.8018867924528302,2024-01-31 17:10:37.336314,2024-01-31 17:11:18.187662,0 days 00:00:40.851348,8.460780030054049e-05,0.48283645079310344,100,0.47207558342812894,69,0.26777360344510726,44,COMPLETE
422,422,0.7547169811320755,2024-01-31 17:11:18.190284,2024-01-31 17:11:58.953506,0 days 00:00:40.763222,9.971613408450567e-05,0.49370292421698897,106,0.340029919697138,72,0.27508222943912475,46,COMPLETE
423,423,0.7452830188679245,2024-01-31 17:11:58.956096,2024-01-31 17:12:39.790274,0 days 00:00:40.834178,9.179662790627353e-05,0.47810639379648134,94,0.31810807870628444,75,0.401886255249822,44,COMPLETE
424,424,0.7264150943396226,2024-01-31 17:12:39.792789,2024-01-31 17:13:21.263332,0 days 00:00:41.470543,0.00012135527962487114,0.4928675840222515,113,0.21108352169904832,70,0.2852647369106902,43,COMPLETE
