,number,value,datetime_start,datetime_complete,duration,params_learning_rate,params_merged_1_dropout,params_merged_1_size,params_merged_2_dropout,params_merged_2_size,params_merged_3_dropout,params_merged_3_size,state
958,958,0.8207547169811321,2024-01-31 21:05:51.677555,2024-01-31 21:06:00.192322,0 days 00:00:08.514767,0.01455145916432252,0.4576007904111205,206,0.18433212247521857,77,0.13613944694904925,62,COMPLETE
959,959,0.839622641509434,2024-01-31 21:06:00.195527,2024-01-31 21:06:08.591133,0 days 00:00:08.395606,0.010601602379149755,0.4480003467037472,246,0.1515943337985484,79,0.12903105741765664,64,COMPLETE
960,960,0.7735849056603774,2024-01-31 21:06:08.594576,2024-01-31 21:06:16.997516,0 days 00:00:08.402940,0.01809276796696569,0.4654404834843549,216,0.1754398266055788,82,0.11624837007751307,61,COMPLETE
961,961,0.839622641509434,2024-01-31 21:06:17.000635,2024-01-31 21:06:25.167537,0 days 00:00:08.166902,0.023111881379678772,0.4321452432863997,221,0.196782133274326,73,0.10706210558452084,30,COMPLETE
962,962,0.7830188679245284,2024-01-31 21:06:25.169374,2024-01-31 21:06:39.668489,0 days 00:00:14.499115,0.031259414086392816,0.3599861910375716,222,0.16651594837422592,76,0.12674673015420174,43,COMPLETE
963,963,0.7924528301886793,2024-01-31 21:06:39.672589,2024-01-31 21:06:47.250482,0 days 00:00:07.577893,0.01177217010019518,0.2907237192883131,217,0.15900619653415826,52,0.1853128524034103,42,COMPLETE
964,964,0.7924528301886793,2024-01-31 21:06:47.252606,2024-01-31 21:06:55.248436,0 days 00:00:07.995830,0.016092139745152324,0.46809299394223053,212,0.1040385589493254,80,0.12208735492154063,19,COMPLETE
965,965,0.839622641509434,2024-01-31 21:06:55.250128,2024-01-31 21:07:04.187201,0 days 00:00:08.937073,0.019684973319738043,0.46100161367670917,222,0.19084958300111876,74,0.2190999317285955,63,COMPLETE
966,966,0.7075471698113207,2024-01-31 21:07:04.193863,2024-01-31 21:07:33.348696,0 days 00:00:29.154833,0.0002644475883341394,0.3046925851157274,212,0.20408785460322934,77,0.10650592266162531,61,COMPLETE
967,967,0.8490566037735849,2024-01-31 21:07:33.353692,2024-01-31 21:07:41.557934,0 days 00:00:08.204242,0.00989341514864798,0.3127505536852446,206,0.1844898064057821,78,0.15810171470173773,64,COMPLETE
968,968,0.7547169811320755,2024-01-31 21:07:41.559460,2024-01-31 21:07:50.457988,0 days 00:00:08.898528,0.01276194877153442,0.29780584959784073,226,0.1722502845021991,83,0.1144131889678871,62,COMPLETE
969,969,0.5188679245283019,2024-01-31 21:07:50.461862,2024-01-31 21:07:59.537031,0 days 00:00:09.075169,0.03491505181462649,0.32185359737510816,219,0.19674672864430678,75,0.1487267698985557,41,COMPLETE
970,970,0.8207547169811321,2024-01-31 21:07:59.541981,2024-01-31 21:08:08.094271,0 days 00:00:08.552290,0.028349609594697428,0.47061816589667377,213,0.17895644740465808,54,0.1416798213452215,43,COMPLETE
971,971,0.8018867924528302,2024-01-31 21:08:08.095396,2024-01-31 21:08:17.009220,0 days 00:00:08.913824,0.024213426641133858,0.4501992496592352,93,0.3424361504907708,81,0.2284667253399218,28,COMPLETE
972,972,0.7830188679245284,2024-01-31 21:08:17.010964,2024-01-31 21:08:28.254106,0 days 00:00:11.243142,0.017011375164545085,0.4724397273473689,250,0.19311387270991753,73,0.23675706954382647,63,COMPLETE
973,973,0.839622641509434,2024-01-31 21:08:28.257930,2024-01-31 21:08:38.704079,0 days 00:00:10.446149,0.021376467563668903,0.41871450975266333,204,0.2026375913547013,78,0.1393207875246886,61,COMPLETE
974,974,0.8018867924528302,2024-01-31 21:08:38.705823,2024-01-31 21:08:49.385279,0 days 00:00:10.679456,0.013745790853416835,0.3077033580998163,239,0.18403427715876386,76,0.12163284765661453,42,COMPLETE
975,975,0.7735849056603774,2024-01-31 21:08:49.388162,2024-01-31 21:08:57.494781,0 days 00:00:08.106619,0.01715320637475483,0.4656907134421567,223,0.16978452555118922,86,0.24701777691337365,63,COMPLETE
976,976,0.6698113207547169,2024-01-31 21:08:57.498954,2024-01-31 21:09:06.546890,0 days 00:00:09.047936,0.02848648064291258,0.4414704511700702,243,0.18969235564720865,50,0.2357960654766385,60,COMPLETE
977,977,0.8490566037735849,2024-01-31 21:09:06.551188,2024-01-31 21:09:14.994813,0 days 00:00:08.443625,0.019778890047602776,0.4619926289809896,215,0.20528458291376864,79,0.19170044444834627,22,COMPLETE
978,978,0.5188679245283019,2024-01-31 21:09:14.997669,2024-01-31 21:09:23.286206,0 days 00:00:08.288537,0.02396409389966522,0.31841110124805055,209,0.15819639156941406,73,0.22448428802797313,62,COMPLETE
979,979,0.7830188679245284,2024-01-31 21:09:23.290089,2024-01-31 21:09:31.681479,0 days 00:00:08.391390,0.014187542329943719,0.2852575763035203,89,0.18066760949449245,84,0.24325851126909168,41,COMPLETE
980,980,0.8301886792452831,2024-01-31 21:09:31.682599,2024-01-31 21:09:41.520159,0 days 00:00:09.837560,0.009939271063565817,0.47334909277571935,225,0.17524554803761383,81,0.12731186409022094,43,COMPLETE
981,981,0.5188679245283019,2024-01-31 21:09:41.522122,2024-01-31 21:09:50.632534,0 days 00:00:09.110412,0.03827481186189275,0.30013467932818744,219,0.19866479871881249,76,0.21476690603184384,31,COMPLETE
982,982,0.7830188679245284,2024-01-31 21:09:50.636310,2024-01-31 21:10:09.832581,0 days 00:00:19.196271,0.016125103048158063,0.4565187691211687,202,0.18951350942785564,79,0.2525007950944897,64,COMPLETE
983,983,0.8301886792452831,2024-01-31 21:10:09.836628,2024-01-31 21:10:17.903617,0 days 00:00:08.066989,0.012130537821442407,0.4743875029876026,235,0.16420104572798644,72,0.10220753378087506,42,COMPLETE
984,984,0.8207547169811321,2024-01-31 21:10:17.908289,2024-01-31 21:10:29.180868,0 days 00:00:11.272579,0.019757910848638267,0.2914958308072777,229,0.18536826692499675,75,0.23373806798335098,63,COMPLETE
985,985,0.7830188679245284,2024-01-31 21:10:29.184613,2024-01-31 21:10:41.919140,0 days 00:00:12.734527,0.023328463363838384,0.381798434442428,85,0.20834641722551536,81,0.2490190710067819,32,COMPLETE
986,986,0.6886792452830188,2024-01-31 21:10:41.922727,2024-01-31 21:10:50.035600,0 days 00:00:08.112873,0.02694499928656433,0.35419045338255084,209,0.1948368203713342,55,0.24053497572518814,62,COMPLETE
987,987,0.8018867924528302,2024-01-31 21:10:50.038379,2024-01-31 21:10:57.842785,0 days 00:00:07.804406,0.014133898108505853,0.46043051528946444,216,0.17351813322346377,47,0.2578311795316878,43,COMPLETE
988,988,0.7169811320754716,2024-01-31 21:10:57.847440,2024-01-31 21:11:10.829122,0 days 00:00:12.981682,0.006701803708054099,0.30849039969243724,223,0.20347831341211742,77,0.11572800422434387,64,COMPLETE
989,989,0.7924528301886793,2024-01-31 21:11:10.830928,2024-01-31 21:11:23.563826,0 days 00:00:12.732898,0.018732467765005846,0.4700510941063629,232,0.18022086283351849,84,0.1330042634254003,60,COMPLETE
990,990,0.5188679245283019,2024-01-31 21:11:23.569532,2024-01-31 21:11:33.433017,0 days 00:00:09.863485,0.03183357815492657,0.32470620693449015,219,0.1923880467565927,36,0.26779878483678804,36,COMPLETE
991,991,0.7641509433962265,2024-01-31 21:11:33.434973,2024-01-31 21:11:44.632629,0 days 00:00:11.197656,0.00851535205791077,0.42540147846620435,242,0.17247634062156705,79,0.2291207923824535,61,COMPLETE
992,992,0.8113207547169812,2024-01-31 21:11:44.636408,2024-01-31 21:11:52.499005,0 days 00:00:07.862597,0.015667666935959952,0.47435108329130593,227,0.20006676104936882,74,0.25574941191897305,62,COMPLETE
993,993,0.6792452830188679,2024-01-31 21:11:52.500457,2024-01-31 21:12:02.724397,0 days 00:00:10.223940,0.044212963568521425,0.29930457777659847,213,0.1858747632842357,77,0.16732777532186102,41,COMPLETE
994,994,0.8113207547169812,2024-01-31 21:12:02.728624,2024-01-31 21:12:12.118622,0 days 00:00:09.389998,0.020661990191496792,0.3135924687774709,238,0.3822414354515973,82,0.19787982225125897,44,COMPLETE
995,995,0.8207547169811321,2024-01-31 21:12:12.119819,2024-01-31 21:12:21.118690,0 days 00:00:08.998871,0.011130664649459861,0.48055374920401167,74,0.15214133643657643,73,0.31786441962825973,33,COMPLETE
996,996,0.7735849056603774,2024-01-31 21:12:21.121063,2024-01-31 21:12:30.700043,0 days 00:00:09.578980,0.025349133450196324,0.36793077331475643,207,0.1622191851459404,87,0.24183077870614908,38,COMPLETE
997,997,0.8301886792452831,2024-01-31 21:12:30.706172,2024-01-31 21:12:40.573534,0 days 00:00:09.867362,0.017244074535410284,0.4668000706501369,112,0.20719267246743542,72,0.21833250749636735,64,COMPLETE
998,998,0.7452830188679245,2024-01-31 21:12:40.575266,2024-01-31 21:12:49.926979,0 days 00:00:09.351713,0.013666250968000183,0.4486987652356051,223,0.18009852319826883,80,0.2626187229579456,60,COMPLETE
999,999,0.7547169811320755,2024-01-31 21:12:49.930984,2024-01-31 21:12:58.582169,0 days 00:00:08.651185,0.021069300541065976,0.45724623474825443,232,0.16802295494212244,53,0.2712990762507106,42,COMPLETE
1000,1000,0.8207547169811321,2024-01-31 21:12:58.583943,2024-01-31 21:13:07.085322,0 days 00:00:08.501379,0.02781717361300552,0.4768443919815339,216,0.1939407588082886,75,0.24839562691970118,37,COMPLETE
1001,1001,0.7547169811320755,2024-01-31 21:13:07.089353,2024-01-31 21:13:16.041075,0 days 00:00:08.951722,0.03377269484236279,0.3173138549482749,226,0.18701727671834167,77,0.12380453191712176,61,COMPLETE
1002,1002,0.7735849056603774,2024-01-31 21:13:16.044362,2024-01-31 21:13:26.539834,0 days 00:00:10.495472,0.016732389657308756,0.4653137232509715,247,0.1998727922387034,82,0.2338526392402313,63,COMPLETE
1003,1003,0.7547169811320755,2024-01-31 21:13:26.541717,2024-01-31 21:14:02.473139,0 days 00:00:35.931422,0.00019873424819470922,0.3053722502389088,237,0.17945334370818478,79,0.10105079119022363,43,COMPLETE
1004,1004,0.839622641509434,2024-01-31 21:14:02.479706,2024-01-31 21:14:11.389629,0 days 00:00:08.909923,0.01202560597677438,0.29490783544531957,212,0.21011466187067734,71,0.11152112538573158,29,COMPLETE
1005,1005,0.7924528301886793,2024-01-31 21:14:11.391123,2024-01-31 21:14:19.356882,0 days 00:00:07.965759,0.023682524924402006,0.47648323876722637,220,0.16939694029672042,76,0.24894538075573738,62,COMPLETE
1006,1006,0.8301886792452831,2024-01-31 21:14:19.358727,2024-01-31 21:14:27.294630,0 days 00:00:07.935903,0.018760012608582823,0.4799508602232045,234,0.19281853639425328,56,0.20691399079359207,44,COMPLETE
1007,1007,0.8207547169811321,2024-01-31 21:14:27.298325,2024-01-31 21:14:37.072775,0 days 00:00:09.774450,0.00944239386194449,0.28248420079004743,202,0.20595527914953599,49,0.260050862152666,32,COMPLETE
1008,1008,0.8490566037735849,2024-01-31 21:14:37.073946,2024-01-31 21:14:46.232075,0 days 00:00:09.158129,0.015054170689920142,0.46021815495075363,229,0.15998716194221535,78,0.22797310903617518,41,COMPLETE
1009,1009,0.8207547169811321,2024-01-31 21:14:46.234695,2024-01-31 21:14:54.152663,0 days 00:00:07.917968,0.024245873070437254,0.17288240864707413,209,0.1771893597903012,85,0.24059077184243916,62,COMPLETE
1010,1010,0.7830188679245284,2024-01-31 21:14:54.156301,2024-01-31 21:15:04.698300,0 days 00:00:10.541999,0.02960374061422683,0.4689337251042703,240,0.18806674327476758,75,0.27565435878950495,63,COMPLETE
1011,1011,0.7358490566037735,2024-01-31 21:15:04.700295,2024-01-31 21:15:18.834413,0 days 00:00:14.134118,0.005227991219311467,0.3453989995464245,222,0.19533469670632259,80,0.2556804567962792,64,COMPLETE
1012,1012,0.8018867924528302,2024-01-31 21:15:18.841427,2024-01-31 21:15:27.361735,0 days 00:00:08.520308,0.019486200637152947,0.48202434636772135,216,0.18331713274837985,83,0.26809838410419884,43,COMPLETE
1013,1013,0.8301886792452831,2024-01-31 21:15:27.362928,2024-01-31 21:15:36.064045,0 days 00:00:08.701117,0.012179078458450237,0.4507642893554921,226,0.14119575339496532,73,0.2471302824857491,42,COMPLETE
1014,1014,0.8207547169811321,2024-01-31 21:15:36.067927,2024-01-31 21:15:50.827474,0 days 00:00:14.759547,0.015482150280431243,0.43541967589160036,206,0.20307373934037326,71,0.1394082851243497,60,COMPLETE
1015,1015,0.7641509433962265,2024-01-31 21:15:50.831179,2024-01-31 21:15:59.728578,0 days 00:00:08.897399,0.021109236750335665,0.30961110093052885,230,0.17307624457233803,78,0.22313679385829105,59,COMPLETE
1016,1016,0.7830188679245284,2024-01-31 21:15:59.731311,2024-01-31 21:16:12.651564,0 days 00:00:12.920253,0.017770213959725393,0.32963989236822344,235,0.19809087407465284,81,0.23939706305455954,61,COMPLETE
1017,1017,0.5188679245283019,2024-01-31 21:16:12.654771,2024-01-31 21:16:22.256875,0 days 00:00:09.602104,0.033355493623720534,0.475005408023688,218,0.2101127296594492,74,0.11704445728149682,44,COMPLETE
1018,1018,0.8113207547169812,2024-01-31 21:16:22.262946,2024-01-31 21:16:30.326552,0 days 00:00:08.063606,0.01372534667869558,0.3008917897385787,224,0.1668825257616066,76,0.2638005743421933,63,COMPLETE
1019,1019,0.8301886792452831,2024-01-31 21:16:30.327864,2024-01-31 21:16:38.898165,0 days 00:00:08.570301,0.025447314547426707,0.46843167065797087,213,0.18530934867119472,78,0.1291867959945189,41,COMPLETE
1020,1020,0.8207547169811321,2024-01-31 21:16:38.901054,2024-01-31 21:16:47.171619,0 days 00:00:08.270565,0.021448104652336965,0.48421545981701103,241,0.17782186438394643,54,0.2520145575862275,33,COMPLETE
1021,1021,0.839622641509434,2024-01-31 21:16:47.176153,2024-01-31 21:16:57.760162,0 days 00:00:10.584009,0.010770625518162385,0.3163675541396149,230,0.19374303211854824,80,0.27723065981310674,30,COMPLETE
1022,1022,0.7924528301886793,2024-01-31 21:16:57.765405,2024-01-31 21:17:06.165845,0 days 00:00:08.400440,0.018111789244260004,0.4036914856766965,220,0.15124491368210027,71,0.23330372467844018,39,COMPLETE
1023,1023,0.7358490566037735,2024-01-31 21:17:06.167335,2024-01-31 21:17:21.156365,0 days 00:00:14.989030,0.008505901241066594,0.46338760845493804,210,0.4360799004597619,84,0.257767503088838,64,COMPLETE
1024,1024,0.5188679245283019,2024-01-31 21:17:21.161576,2024-01-31 21:17:31.513603,0 days 00:00:10.352027,0.03985005710403929,0.4748354082081442,225,0.18795817246539756,75,0.24351777552490275,31,COMPLETE
1025,1025,0.7735849056603774,2024-01-31 21:17:31.515308,2024-01-31 21:17:41.702331,0 days 00:00:10.187023,0.026992122760041686,0.29236099170271473,203,0.20810346423207118,51,0.35571535864994647,37,COMPLETE
1026,1026,0.7830188679245284,2024-01-31 21:17:41.707938,2024-01-31 21:17:50.381315,0 days 00:00:08.673377,0.014812249274961728,0.4837237717175745,245,0.15989690983063923,82,0.2688116284716182,42,COMPLETE
1027,1027,0.8113207547169812,2024-01-31 21:17:50.382460,2024-01-31 21:17:58.504955,0 days 00:00:08.122495,0.021425616500333176,0.4529106456419118,81,0.17004386177324501,57,0.2131016277531519,35,COMPLETE
1028,1028,0.7641509433962265,2024-01-31 21:17:58.508755,2024-01-31 21:18:07.602501,0 days 00:00:09.093746,0.015634660303503106,0.30988408709393284,234,0.20167432010331882,73,0.1503667643568965,62,COMPLETE
1029,1029,0.7169811320754716,2024-01-31 21:18:07.607312,2024-01-31 21:18:17.842593,0 days 00:00:10.235281,0.01280264411484089,0.471862164710052,68,0.17935320834010912,77,0.25198311967308085,43,COMPLETE
1030,1030,0.5188679245283019,2024-01-31 21:18:17.844569,2024-01-31 21:18:26.748952,0 days 00:00:08.904383,0.03057273655625134,0.4826984689753844,215,0.19045805685254769,87,0.22449123953213923,63,COMPLETE
1031,1031,0.7924528301886793,2024-01-31 21:18:26.752972,2024-01-31 21:18:34.586693,0 days 00:00:07.833721,0.017935904997736046,0.3011704260827769,227,0.21104833858926594,80,0.3697272536506695,62,COMPLETE
1032,1032,0.8113207547169812,2024-01-31 21:18:34.587860,2024-01-31 21:18:43.626301,0 days 00:00:09.038441,0.023809320357473743,0.4623010889461218,237,0.19820504474728684,78,0.23532331524922945,40,COMPLETE
1033,1033,0.7735849056603774,2024-01-31 21:18:43.628443,2024-01-31 21:19:06.766820,0 days 00:00:23.138377,0.0003389834782472769,0.3200420518342078,220,0.17537920239780552,71,0.18097692670110024,44,COMPLETE
1034,1034,0.5188679245283019,2024-01-31 21:19:06.772102,2024-01-31 21:19:20.948102,0 days 00:00:14.176000,0.05896356830409609,0.4864162426880881,231,0.18528110001816234,75,0.12207518720623203,64,COMPLETE
1035,1035,0.8490566037735849,2024-01-31 21:19:20.952024,2024-01-31 21:19:30.235038,0 days 00:00:09.283014,0.01038603672626216,0.47579821570146746,210,0.20036895908373753,83,0.2613413124241921,61,COMPLETE
1036,1036,0.7358490566037735,2024-01-31 21:19:30.236826,2024-01-31 21:19:39.934040,0 days 00:00:09.697214,0.006370214277521548,0.2901741569314923,206,0.1649284100617071,80,0.11133005334278231,60,COMPLETE
1037,1037,0.7547169811320755,2024-01-31 21:19:39.941389,2024-01-31 21:19:49.217261,0 days 00:00:09.275872,0.019119478063352707,0.44085772216691715,217,0.18438580322720458,52,0.24453337446538453,41,COMPLETE
1038,1038,0.7735849056603774,2024-01-31 21:19:49.218502,2024-01-31 21:20:04.727416,0 days 00:00:15.508914,0.013373261259152423,0.46790910439693095,224,0.19446307704007118,77,0.2710047264144809,36,COMPLETE
1039,1039,0.5188679245283019,2024-01-31 21:20:04.732208,2024-01-31 21:20:14.167844,0 days 00:00:09.435636,0.036738741054203876,0.4575723679443524,233,0.3304467942743063,73,0.25260445553352606,38,COMPLETE
1040,1040,0.7169811320754716,2024-01-31 21:20:14.169276,2024-01-31 21:20:24.457983,0 days 00:00:10.288707,0.023376242440516226,0.48194683127939847,228,0.15599730744225027,70,0.28060514674409487,43,COMPLETE
1041,1041,0.8018867924528302,2024-01-31 21:20:24.461647,2024-01-31 21:20:36.766150,0 days 00:00:12.304503,0.015821738885501323,0.30522816813869974,222,0.17419314807147146,79,0.23086959306269197,32,COMPLETE
1042,1042,0.839622641509434,2024-01-31 21:20:36.770025,2024-01-31 21:20:46.117211,0 days 00:00:09.347186,0.02882816043953421,0.4872750596877141,213,0.21208287523890534,82,0.23988699056174345,62,COMPLETE
1043,1043,0.8301886792452831,2024-01-31 21:20:46.118819,2024-01-31 21:20:56.405002,0 days 00:00:10.286183,0.02011389573708602,0.3245035498203416,238,0.19288571654988457,75,0.2605515539624481,63,COMPLETE
1044,1044,0.8113207547169812,2024-01-31 21:20:56.408994,2024-01-31 21:21:09.366800,0 days 00:00:12.957806,0.01240052272314107,0.46897285607687494,87,0.36257813782227455,72,0.34752369364990243,61,COMPLETE
1045,1045,0.8584905660377359,2024-01-31 21:21:09.369072,2024-01-31 21:21:21.005220,0 days 00:00:11.636148,0.01584226811421257,0.4762473974698207,201,0.18146841923393028,85,0.1317650119456791,42,COMPLETE
1046,1046,0.8207547169811321,2024-01-31 21:21:21.009475,2024-01-31 21:21:30.882175,0 days 00:00:09.872700,0.007852977421965982,0.475522340689565,228,0.16689572913701903,84,0.13803702953247876,42,COMPLETE
1047,1047,0.5188679245283019,2024-01-31 21:21:30.883682,2024-01-31 21:21:39.343700,0 days 00:00:08.460018,0.025268850468699172,0.4786699275105514,241,0.1789522362857293,87,0.24568452497971838,42,COMPLETE
1048,1048,0.5188679245283019,2024-01-31 21:21:39.345928,2024-01-31 21:21:52.027843,0 days 00:00:12.681915,0.047361540217323285,0.464854260179975,217,0.14736147710555877,88,0.14504654153291108,41,COMPLETE
1049,1049,0.8113207547169812,2024-01-31 21:21:52.031716,2024-01-31 21:22:02.566250,0 days 00:00:10.534534,0.018465146062108615,0.4731281915567057,206,0.17054880974431705,83,0.26658329367433115,41,COMPLETE
1050,1050,0.8207547169811321,2024-01-31 21:22:02.570210,2024-01-31 21:22:16.521416,0 days 00:00:13.951206,0.010707889874225912,0.4880916957051819,221,0.16234776959115998,85,0.2774797152548548,43,COMPLETE
1051,1051,0.7735849056603774,2024-01-31 21:22:16.525214,2024-01-31 21:22:24.474401,0 days 00:00:07.949187,0.02221342826349236,0.4621683248625492,232,0.1798630846482016,83,0.13441425393274625,42,COMPLETE
1052,1052,0.8490566037735849,2024-01-31 21:22:24.477380,2024-01-31 21:22:34.615465,0 days 00:00:10.138085,0.01590713866640138,0.47962741449075724,95,0.17392375638399746,86,0.22144385522981203,40,COMPLETE
1053,1053,0.8113207547169812,2024-01-31 21:22:34.620503,2024-01-31 21:22:44.331029,0 days 00:00:09.710526,0.01364149189351487,0.45202880530901574,213,0.1838394210391302,86,0.25532955955468634,43,COMPLETE
1054,1054,0.7641509433962265,2024-01-31 21:22:44.332263,2024-01-31 21:22:53.889977,0 days 00:00:09.557714,0.03153291270892829,0.4710900154540767,236,0.3758143869016481,89,0.23673646874091012,41,COMPLETE
1055,1055,0.839622641509434,2024-01-31 21:22:53.892113,2024-01-31 21:23:05.211665,0 days 00:00:11.319552,0.0188777497862855,0.4868764574818237,209,0.20486538160098122,85,0.24841500681764744,42,COMPLETE
1056,1056,0.6320754716981132,2024-01-31 21:23:05.215659,2024-01-31 21:23:13.763170,0 days 00:00:08.547511,0.02732291422736588,0.478892948835634,225,0.15570336476269822,86,0.22945183550107726,44,COMPLETE
1057,1057,0.8301886792452831,2024-01-31 21:23:13.764350,2024-01-31 21:23:22.450493,0 days 00:00:08.686143,0.023359322913712056,0.4686313492662114,230,0.133739178817492,84,0.27261608562782336,43,COMPLETE
1058,1058,0.7924528301886793,2024-01-31 21:23:22.454115,2024-01-31 21:23:33.341556,0 days 00:00:10.887441,0.016846333862437068,0.4916083247160948,250,0.1689669093493299,82,0.2577548794319044,40,COMPLETE
1059,1059,0.7735849056603774,2024-01-31 21:23:33.345565,2024-01-31 21:23:42.906877,0 days 00:00:09.561312,0.009668963772403042,0.45863360371282075,218,0.21464119749301336,85,0.20554370085781737,44,COMPLETE
1060,1060,0.7924528301886793,2024-01-31 21:23:42.908731,2024-01-31 21:24:12.550218,0 days 00:00:29.641487,0.00040637729228132385,0.4765041522951006,222,0.17987940523795104,88,0.2647328310558616,45,COMPLETE
1061,1061,0.7924528301886793,2024-01-31 21:24:12.555189,2024-01-31 21:24:27.277600,0 days 00:00:14.722411,0.012423482451514225,0.4859651590715735,107,0.40087273858414674,56,0.2414031546253566,42,COMPLETE
1062,1062,0.8584905660377359,2024-01-31 21:24:27.284656,2024-01-31 21:24:37.460960,0 days 00:00:10.176304,0.021536010979127464,0.4669561604875093,202,0.18987512951013727,82,0.125460933757913,41,COMPLETE
1063,1063,0.8301886792452831,2024-01-31 21:24:37.463691,2024-01-31 21:24:48.435993,0 days 00:00:10.972302,0.02615939585910588,0.45590820645391095,196,0.20102983537267746,48,0.13254494232715586,39,COMPLETE
1064,1064,0.7924528301886793,2024-01-31 21:24:48.439725,2024-01-31 21:25:00.752833,0 days 00:00:12.313108,0.02204063070240521,0.46197510847138906,197,0.41126420552509324,81,0.1353844600718706,39,COMPLETE
