,number,value,datetime_start,datetime_complete,duration,params_learning_rate,params_merged_1_dropout,params_merged_1_size,params_merged_2_dropout,params_merged_2_size,params_merged_3_dropout,params_merged_3_size,state
1489,1489,0.8207547169811321,2024-01-31 23:20:04.523293,2024-01-31 23:20:16.628750,0 days 00:00:12.105457,0.022933745545329794,0.2908370057075528,211,0.16390545469476372,48,0.1457258250900374,40,COMPLETE
1490,1490,0.8207547169811321,2024-01-31 23:20:16.631821,2024-01-31 23:20:26.635443,0 days 00:00:10.003622,0.018188987287751444,0.3190050525088941,206,0.1766200384715538,72,0.14031948158063803,44,COMPLETE
1491,1491,0.8490566037735849,2024-01-31 23:20:26.642026,2024-01-31 23:20:36.473111,0 days 00:00:09.831085,0.013564358765680498,0.13040149068196064,206,0.19472269134929585,87,0.1338997225196645,43,COMPLETE
1492,1492,0.7924528301886793,2024-01-31 23:20:36.475976,2024-01-31 23:20:47.196730,0 days 00:00:10.720754,0.02775880425477945,0.46783237448510967,201,0.18657878278919016,79,0.11495195033193137,42,COMPLETE
1493,1493,0.8301886792452831,2024-01-31 23:20:47.202465,2024-01-31 23:20:59.184811,0 days 00:00:11.982346,0.019986488071504178,0.1922417245273596,193,0.18339607570404326,76,0.13240397656699796,41,COMPLETE
1494,1494,0.8301886792452831,2024-01-31 23:20:59.196947,2024-01-31 23:21:09.601801,0 days 00:00:10.404854,0.024670241635066436,0.4385178990432428,211,0.19586262710929056,81,0.12399372975151646,43,COMPLETE
1495,1495,0.7641509433962265,2024-01-31 23:21:09.605406,2024-01-31 23:21:21.988326,0 days 00:00:12.382920,0.009216589679453073,0.4610517991728328,213,0.17268318064796243,73,0.1169577533567003,40,COMPLETE
1496,1496,0.7735849056603774,2024-01-31 23:21:21.992959,2024-01-31 23:21:33.054518,0 days 00:00:11.061559,0.016000859959409856,0.35757775336158626,183,0.1573505731818314,85,0.14600854302054384,42,COMPLETE
1497,1497,0.7452830188679245,2024-01-31 23:21:33.057438,2024-01-31 23:21:43.650769,0 days 00:00:10.593331,0.011830553025981298,0.41591171932759596,200,0.18045219264336573,50,0.4162941595052175,45,COMPLETE
1498,1498,0.839622641509434,2024-01-31 23:21:43.655509,2024-01-31 23:21:57.661466,0 days 00:00:14.005957,0.021393276187400345,0.30224632889094327,204,0.20021697320255594,79,0.12682249816502314,42,COMPLETE
1499,1499,0.8207547169811321,2024-01-31 23:21:57.664479,2024-01-31 23:22:06.834620,0 days 00:00:09.170141,0.031133721841078845,0.15253300671152106,196,0.19055771666099758,70,0.159682149888583,44,COMPLETE
