,number,value,datetime_start,datetime_complete,duration,params_learning_rate,params_merged_1_dropout,params_merged_1_size,params_merged_2_dropout,params_merged_2_size,params_merged_3_dropout,params_merged_3_size,state
1065,1065,0.5188679245283019,2024-01-31 21:25:00.756454,2024-01-31 21:25:11.555425,0 days 00:00:10.798971,0.036034559860562976,0.46792688670913357,240,0.20657900310767893,87,0.28324450864659023,41,COMPLETE
1066,1066,0.5188679245283019,2024-01-31 21:25:11.557814,2024-01-31 21:25:21.574056,0 days 00:00:10.016242,0.030608590004931314,0.44738489616099797,193,0.1920458702501929,84,0.1577087177247483,40,COMPLETE
1067,1067,0.8113207547169812,2024-01-31 21:25:21.577917,2024-01-31 21:25:29.712676,0 days 00:00:08.134759,0.02148382858783036,0.4545338329793053,200,0.19535038500805266,86,0.14731012095167614,41,COMPLETE
1068,1068,0.5188679245283019,2024-01-31 21:25:29.713881,2024-01-31 21:25:39.201410,0 days 00:00:09.487529,0.027360925973198703,0.46768419476035433,245,0.2102616646881726,69,0.25262451922122675,40,COMPLETE
1069,1069,0.7924528301886793,2024-01-31 21:25:39.203602,2024-01-31 21:25:50.499288,0 days 00:00:11.295686,0.01942529588816498,0.44434776726213054,199,0.1983875462132456,83,0.23482660667412222,42,COMPLETE
1070,1070,0.7547169811320755,2024-01-31 21:25:50.503298,2024-01-31 21:26:00.971005,0 days 00:00:10.467707,0.023576370570159325,0.4719239886147063,204,0.3483945127901477,55,0.24866666171389418,42,COMPLETE
1071,1071,0.5188679245283019,2024-01-31 21:26:00.974840,2024-01-31 21:26:37.515444,0 days 00:00:36.540604,0.03886183500536931,0.46060735863800883,235,0.1870167357974049,89,0.21501508698693983,42,COMPLETE
1072,1072,0.8207547169811321,2024-01-31 21:26:37.520420,2024-01-31 21:26:49.084620,0 days 00:00:11.564200,0.018471246501186197,0.4783392341168174,190,0.21507440477726097,81,0.12720817880035193,43,COMPLETE
1073,1073,0.6037735849056604,2024-01-31 21:26:49.088600,2024-01-31 21:26:58.435481,0 days 00:00:09.346881,0.031401093259122125,0.472626490996592,202,0.16129972422926445,57,0.26920529153107364,41,COMPLETE
1074,1074,0.7358490566037735,2024-01-31 21:26:58.442766,2024-01-31 21:27:11.286838,0 days 00:00:12.844072,0.021776251334196344,0.4638420103904787,228,0.17523248567791472,84,0.26117198539483605,40,COMPLETE
1075,1075,0.8018867924528302,2024-01-31 21:27:11.291398,2024-01-31 21:27:20.283300,0 days 00:00:08.991902,0.016544628252945587,0.480059527864304,78,0.20013571778123004,50,0.22934147252622492,41,COMPLETE
1076,1076,0.7641509433962265,2024-01-31 21:27:20.286917,2024-01-31 21:27:29.754332,0 days 00:00:09.467415,0.02551267900283322,0.49295671211886466,232,0.19022430971290996,69,0.24315655559537513,43,COMPLETE
1077,1077,0.7735849056603774,2024-01-31 21:27:29.757012,2024-01-31 21:27:39.123353,0 days 00:00:09.366341,0.020454943907457956,0.48438386750920903,225,0.18147637622860283,82,0.14304303421825673,39,COMPLETE
1078,1078,0.7924528301886793,2024-01-31 21:27:39.126941,2024-01-31 21:27:48.141982,0 days 00:00:09.015041,0.026686175573214874,0.4541917227834997,234,0.16872932166976087,79,0.2565655986630894,44,COMPLETE
1079,1079,0.8018867924528302,2024-01-31 21:27:48.146455,2024-01-31 21:28:00.171286,0 days 00:00:12.024831,0.01754220624459409,0.4708198414750463,116,0.20434853777190076,53,0.27837250779151823,41,COMPLETE
1080,1080,0.7830188679245284,2024-01-31 21:28:00.175360,2024-01-31 21:28:10.458678,0 days 00:00:10.283318,0.021247457643661583,0.4999744740204005,228,0.192569941206653,87,0.22068964207400935,42,COMPLETE
1081,1081,0.8490566037735849,2024-01-31 21:28:10.464696,2024-01-31 21:28:19.521809,0 days 00:00:09.057113,0.014755684600426635,0.4792513902555486,222,0.2161372218150694,69,0.2467960460703775,45,COMPLETE
1082,1082,0.7830188679245284,2024-01-31 21:28:19.523370,2024-01-31 21:28:28.967270,0 days 00:00:09.443900,0.029078733994513082,0.4636596969582467,239,0.17456706400846028,58,0.3141858311917758,38,COMPLETE
1083,1083,0.8207547169811321,2024-01-31 21:28:28.970887,2024-01-31 21:28:37.486713,0 days 00:00:08.515826,0.01781696452931498,0.48758947545374876,201,0.18419873708131604,80,0.23788547217093778,43,COMPLETE
1084,1084,0.8018867924528302,2024-01-31 21:28:37.490375,2024-01-31 21:28:47.258176,0 days 00:00:09.767801,0.024719767202741223,0.47671643148987847,219,0.20659901201274372,85,0.3073452513735589,40,COMPLETE
1085,1085,0.7735849056603774,2024-01-31 21:28:47.261359,2024-01-31 21:28:56.144370,0 days 00:00:08.883011,0.034690681322313184,0.4921577030511628,231,0.33641085775064217,71,0.26476088854615665,59,COMPLETE
1086,1086,0.8018867924528302,2024-01-31 21:28:56.147947,2024-01-31 21:29:05.507354,0 days 00:00:09.359407,0.015671803643339553,0.47017447020568387,100,0.15923449028473738,81,0.2709282729312938,43,COMPLETE
1087,1087,0.7830188679245284,2024-01-31 21:29:05.511256,2024-01-31 21:29:14.193905,0 days 00:00:08.682649,0.020470488210195183,0.46060204938371563,225,0.14617972485607822,68,0.2555544120300439,44,COMPLETE
1088,1088,0.5188679245283019,2024-01-31 21:29:14.197717,2024-01-31 21:29:24.162897,0 days 00:00:09.965180,0.02375258562280274,0.4837066405204157,217,0.19351923843558924,83,0.22981665303908813,41,COMPLETE
1089,1089,0.7358490566037735,2024-01-31 21:29:24.165511,2024-01-31 21:29:56.828295,0 days 00:00:32.662784,0.00027380516149358246,0.4732399596391276,237,0.180333752607172,79,0.24847036957553262,42,COMPLETE
1090,1090,0.7641509433962265,2024-01-31 21:29:56.833243,2024-01-31 21:30:33.605769,0 days 00:00:36.772526,0.00020917285710213054,0.4820476054582949,228,0.16831267612117434,71,0.32901830644732494,39,COMPLETE
1091,1091,0.5188679245283019,2024-01-31 21:30:33.610738,2024-01-31 21:30:45.450309,0 days 00:00:11.839571,0.05175155933324711,0.45236301903415616,213,0.19901604629784428,82,0.28614103938865654,44,COMPLETE
1092,1092,0.8301886792452831,2024-01-31 21:30:45.454309,2024-01-31 21:31:00.523792,0 days 00:00:15.069483,0.014836873838253582,0.49376404216782876,204,0.18746551834266484,52,0.1724218923153543,40,COMPLETE
1093,1093,0.5188679245283019,2024-01-31 21:31:00.526491,2024-01-31 21:31:11.467412,0 days 00:00:10.940921,0.0438402816191083,0.4673456457758176,244,0.21877708443458493,78,0.12231562476955071,43,COMPLETE
1094,1094,0.8207547169811321,2024-01-31 21:31:11.470685,2024-01-31 21:31:20.482694,0 days 00:00:09.012009,0.017828482564343422,0.4446714309599693,222,0.208891437383695,67,0.2383375824243224,42,COMPLETE
1095,1095,0.7735849056603774,2024-01-31 21:31:20.485999,2024-01-31 21:31:29.022657,0 days 00:00:08.536658,0.029326926644982043,0.48868719822941875,92,0.17260488190304313,73,0.26392489637854505,43,COMPLETE
1096,1096,0.660377358490566,2024-01-31 21:31:29.025217,2024-01-31 21:31:37.043826,0 days 00:00:08.018609,0.020549383842686914,0.4780054881157734,234,0.20169405214465289,59,0.2721436843628513,45,COMPLETE
1097,1097,0.7735849056603774,2024-01-31 21:31:37.049700,2024-01-31 21:31:48.825862,0 days 00:00:11.776162,0.033566023242611986,0.46007347608156823,195,0.1786718682552748,54,0.14025089902464855,44,COMPLETE
1098,1098,0.8018867924528302,2024-01-31 21:31:48.830205,2024-01-31 21:32:00.234589,0 days 00:00:11.404384,0.013704279028991071,0.47258880846874357,229,0.191861703560421,85,0.1986894295983725,37,COMPLETE
1099,1099,0.8679245283018868,2024-01-31 21:32:00.236699,2024-01-31 21:32:09.623157,0 days 00:00:09.386458,0.023957096722512488,0.48680998061222847,64,0.1641855788920599,69,0.13160928466053992,59,COMPLETE
1100,1100,0.7641509433962265,2024-01-31 21:32:09.628497,2024-01-31 21:32:19.657288,0 days 00:00:10.028791,0.040341208333111195,0.11504682316214648,65,0.15659699491746396,68,0.13555047840342324,41,COMPLETE
1101,1101,0.660377358490566,2024-01-31 21:32:19.658907,2024-01-31 21:32:28.692677,0 days 00:00:09.033770,0.030225688022163286,0.49472097403308307,68,0.16385496874728744,69,0.1293147322077499,42,COMPLETE
1102,1102,0.7641509433962265,2024-01-31 21:32:28.697446,2024-01-31 21:32:37.353444,0 days 00:00:08.655998,0.026419875117745416,0.4998041123309403,66,0.14976530179343683,67,0.14926027835305988,45,COMPLETE
1103,1103,0.839622641509434,2024-01-31 21:32:37.354858,2024-01-31 21:32:46.692512,0 days 00:00:09.337654,0.02510507769155875,0.4851215621766279,82,0.1551614924147496,70,0.13265362055335195,40,COMPLETE
1104,1104,0.7641509433962265,2024-01-31 21:32:46.695980,2024-01-31 21:32:56.243425,0 days 00:00:09.547445,0.02240857910769058,0.13682213620592526,64,0.15262099507557012,70,0.14061938224985923,39,COMPLETE
1105,1105,0.7924528301886793,2024-01-31 21:32:56.248224,2024-01-31 21:33:05.804994,0 days 00:00:09.556770,0.032715442244398305,0.4839849200948828,72,0.16458162793771075,67,0.13097661939707567,59,COMPLETE
1106,1106,0.7924528301886793,2024-01-31 21:33:05.809635,2024-01-31 21:33:16.601233,0 days 00:00:10.791598,0.025752508797353215,0.49039206117691325,76,0.16304541290971675,66,0.1240439447448381,43,COMPLETE
1107,1107,0.7735849056603774,2024-01-31 21:33:16.602958,2024-01-31 21:33:24.637672,0 days 00:00:08.034714,0.02181889263001323,0.4773643901920131,72,0.16929903549026476,69,0.15259242730256475,41,COMPLETE
1108,1108,0.5188679245283019,2024-01-31 21:33:24.645174,2024-01-31 21:33:34.070459,0 days 00:00:09.425285,0.033341024331025024,0.48740095127781646,69,0.15143879223259307,71,0.1183098334492302,44,COMPLETE
1109,1109,0.5188679245283019,2024-01-31 21:33:34.072193,2024-01-31 21:33:43.022724,0 days 00:00:08.950531,0.037087891102657,0.49189894986716326,86,0.16207677808450152,66,0.14255016518173966,45,COMPLETE
1110,1110,0.839622641509434,2024-01-31 21:33:43.026264,2024-01-31 21:33:51.314350,0 days 00:00:08.288086,0.027835753894518346,0.48119612694551167,186,0.17160470163607366,69,0.12695768146850778,42,COMPLETE
1111,1111,0.8113207547169812,2024-01-31 21:33:51.316666,2024-01-31 21:34:05.830563,0 days 00:00:14.513897,0.01948279985865138,0.46958140014879846,64,0.13803725227918498,65,0.13328506232984438,36,COMPLETE
1112,1112,0.8113207547169812,2024-01-31 21:34:05.836661,2024-01-31 21:34:15.951193,0 days 00:00:10.114532,0.02416566638994242,0.4786773416331155,82,0.12511552482580093,68,0.12304332083864009,38,COMPLETE
1113,1113,0.8301886792452831,2024-01-31 21:34:15.952987,2024-01-31 21:34:24.934219,0 days 00:00:08.981232,0.019262304340176912,0.49270458024886693,117,0.14329585828291183,109,0.11658448644168785,60,COMPLETE
1114,1114,0.7358490566037735,2024-01-31 21:34:24.938566,2024-01-31 21:34:34.300835,0 days 00:00:09.362269,0.027890168403974677,0.4830654847998725,71,0.2107776808591539,71,0.140909108241155,46,COMPLETE
1115,1115,0.8490566037735849,2024-01-31 21:34:34.303357,2024-01-31 21:34:44.702092,0 days 00:00:10.398735,0.021821376627751222,0.4650421758114181,226,0.22035288099376446,66,0.11251213166846327,40,COMPLETE
1116,1116,0.8207547169811321,2024-01-31 21:34:44.709023,2024-01-31 21:35:02.977778,0 days 00:00:18.268755,0.016388708500170063,0.4735070162507993,114,0.39015218368188087,90,0.1261216950320731,42,COMPLETE
1117,1117,0.7358490566037735,2024-01-31 21:35:02.981090,2024-01-31 21:35:11.210910,0 days 00:00:08.229820,0.02329083576426128,0.4928624144098395,240,0.1749568603973485,69,0.1371391209685695,41,COMPLETE
1118,1118,0.7641509433962265,2024-01-31 21:35:11.213726,2024-01-31 21:35:21.512613,0 days 00:00:10.298887,0.030249178708099473,0.4746814093817764,98,0.11592532745841316,72,0.22183870610040218,25,COMPLETE
1119,1119,0.5188679245283019,2024-01-31 21:35:21.516490,2024-01-31 21:35:32.584045,0 days 00:00:11.067555,0.038945027448941044,0.48574668737062887,232,0.16037622046122343,84,0.1500347541964378,35,COMPLETE
1120,1120,0.7924528301886793,2024-01-31 21:35:32.586957,2024-01-31 21:35:42.762601,0 days 00:00:10.175644,0.01805703725080398,0.45872407438704205,225,0.21450660075411318,88,0.12277526562093846,61,COMPLETE
1121,1121,0.839622641509434,2024-01-31 21:35:42.765608,2024-01-31 21:35:51.213505,0 days 00:00:08.447897,0.015368996031166607,0.15612156237147334,76,0.18109224131714663,50,0.22717077995145057,43,COMPLETE
1122,1122,0.5188679245283019,2024-01-31 21:35:51.218158,2024-01-31 21:36:00.292900,0 days 00:00:09.074742,0.020475024742907855,0.4998652831400028,89,0.1663345941346703,57,0.2116489824441185,38,COMPLETE
1123,1123,0.7830188679245284,2024-01-31 21:36:00.295922,2024-01-31 21:36:09.265047,0 days 00:00:08.969125,0.02449603741877349,0.46477437157047297,110,0.20526239215630065,67,0.29868622713324694,44,COMPLETE
1124,1124,0.7924528301886793,2024-01-31 21:36:09.269186,2024-01-31 21:36:21.331912,0 days 00:00:12.062726,0.013229109852716421,0.478919226244814,236,0.1979636206342814,65,0.10838966763229012,59,COMPLETE
1125,1125,0.7924528301886793,2024-01-31 21:36:21.334990,2024-01-31 21:36:32.164063,0 days 00:00:10.829073,0.0032541797116716663,0.4849987702883697,242,0.1698185294347342,86,0.13165992938488033,41,COMPLETE
1126,1126,0.8113207547169812,2024-01-31 21:36:32.167528,2024-01-31 21:36:44.058683,0 days 00:00:11.891155,0.0021265775652188146,0.4691369099823676,77,0.15767217224118438,82,0.11823614382745644,42,COMPLETE
1127,1127,0.5188679245283019,2024-01-31 21:36:44.063384,2024-01-31 21:37:00.506508,0 days 00:00:16.443124,0.0799429660086978,0.4496274627532902,106,0.21850613778229355,59,0.23804676200353958,60,COMPLETE
1128,1128,0.8301886792452831,2024-01-31 21:37:00.508635,2024-01-31 21:37:09.849150,0 days 00:00:09.340515,0.018532123707995195,0.49153365344877037,223,0.18727460806752422,70,0.14111679033424987,61,COMPLETE
1129,1129,0.7641509433962265,2024-01-31 21:37:09.853437,2024-01-31 21:37:19.452097,0 days 00:00:09.598660,0.030003197251326913,0.47488464193501484,231,0.17860944696995862,72,0.18986507769987068,43,COMPLETE
1130,1130,0.8584905660377359,2024-01-31 21:37:19.453349,2024-01-31 21:37:28.649934,0 days 00:00:09.196585,0.02176993346778034,0.45703058052294276,248,0.20777703596790925,55,0.283091634986594,40,COMPLETE
1131,1131,0.7264150943396226,2024-01-31 21:37:28.652807,2024-01-31 21:37:39.207141,0 days 00:00:10.554334,0.015291062931924662,0.4316912957963235,239,0.21651596908968224,55,0.28930482704546573,40,COMPLETE
1132,1132,0.8679245283018868,2024-01-31 21:37:39.211083,2024-01-31 21:37:47.758599,0 days 00:00:08.547516,0.01945177554816104,0.44450248615849103,243,0.20898611964864766,56,0.2952479038469633,40,COMPLETE
1133,1133,0.8207547169811321,2024-01-31 21:37:47.761510,2024-01-31 21:38:06.435998,0 days 00:00:18.674488,0.019179548864530934,0.44825616839788823,249,0.20906407474633049,54,0.3056052514663625,40,COMPLETE
1134,1134,0.839622641509434,2024-01-31 21:38:06.441681,2024-01-31 21:38:14.892780,0 days 00:00:08.451099,0.022381898228503276,0.4315458094813359,255,0.2240084249862777,56,0.3024794881909704,39,COMPLETE
1135,1135,0.7641509433962265,2024-01-31 21:38:14.894628,2024-01-31 21:38:22.519223,0 days 00:00:07.624595,0.02669506376449752,0.4494541694520076,251,0.2093948550495796,58,0.3082091066614557,40,COMPLETE
1136,1136,0.5188679245283019,2024-01-31 21:38:22.521207,2024-01-31 21:38:34.908371,0 days 00:00:12.387164,0.045677215713307864,0.4338081102232823,243,0.21417236863084405,57,0.29607413801954313,39,COMPLETE
1137,1137,0.8207547169811321,2024-01-31 21:38:34.914838,2024-01-31 21:38:43.862923,0 days 00:00:08.948085,0.02053645785758336,0.45350534655292,250,0.22086095976283504,59,0.2964979753384837,39,COMPLETE
1138,1138,0.8018867924528302,2024-01-31 21:38:43.864159,2024-01-31 21:39:06.520265,0 days 00:00:22.656106,0.00048231659952683865,0.4428889636447263,255,0.21031301092158755,55,0.2880381242908469,38,COMPLETE
1139,1139,0.7358490566037735,2024-01-31 21:39:06.525447,2024-01-31 21:39:16.864988,0 days 00:00:10.339541,0.026528793704639776,0.43885737729203134,250,0.20372740875533177,56,0.29066118996539736,39,COMPLETE
1140,1140,0.5188679245283019,2024-01-31 21:39:16.866728,2024-01-31 21:39:26.304670,0 days 00:00:09.437942,0.035206369885036636,0.4535662131026891,254,0.20396936015743497,54,0.30246607184315966,40,COMPLETE
1141,1141,0.8113207547169812,2024-01-31 21:39:26.306978,2024-01-31 21:39:55.481308,0 days 00:00:29.174330,0.0002396426015287011,0.4554044703305306,251,0.21767729530811514,56,0.3204128702355043,40,COMPLETE
1142,1142,0.7452830188679245,2024-01-31 21:39:55.487955,2024-01-31 21:40:03.266577,0 days 00:00:07.778622,0.01669436798494862,0.46147264268895727,248,0.21067220308433654,58,0.28438268971444997,38,COMPLETE
1143,1143,0.839622641509434,2024-01-31 21:40:03.270294,2024-01-31 21:40:11.603050,0 days 00:00:08.332756,0.02190348458537459,0.44278654349338,246,0.20142227181528244,57,0.2888046093050493,41,COMPLETE
1144,1144,0.7264150943396226,2024-01-31 21:40:11.604662,2024-01-31 21:40:39.717975,0 days 00:00:28.113313,0.00035199427967857875,0.4587678789126682,246,0.20675101911029967,55,0.29941550520194327,41,COMPLETE
1145,1145,0.8301886792452831,2024-01-31 21:40:39.724644,2024-01-31 21:40:48.289586,0 days 00:00:08.564942,0.01717739667838068,0.4402480715828568,247,0.2196861418893532,53,0.31086117756325865,39,COMPLETE
1146,1146,0.7641509433962265,2024-01-31 21:40:48.290807,2024-01-31 21:40:57.168746,0 days 00:00:08.877939,0.02816060655604873,0.41425839905435796,246,0.22779736416817167,58,0.2816059871052882,40,COMPLETE
1147,1147,0.8301886792452831,2024-01-31 21:40:57.170689,2024-01-31 21:41:05.725420,0 days 00:00:08.554731,0.019558555083267065,0.4263577717365257,252,0.19973982321887956,55,0.29315745986109604,39,COMPLETE
1148,1148,0.8490566037735849,2024-01-31 21:41:05.727770,2024-01-31 21:41:16.449515,0 days 00:00:10.721745,0.023466157376323158,0.4547578003455062,237,0.19891282252579642,60,0.2931193201631407,41,COMPLETE
1149,1149,0.8018867924528302,2024-01-31 21:41:16.452828,2024-01-31 21:41:24.460941,0 days 00:00:08.008113,0.033263946952150805,0.4648795739050858,245,0.20892768307682566,60,0.2825696065886409,41,COMPLETE
1150,1150,0.8207547169811321,2024-01-31 21:41:24.462233,2024-01-31 21:41:33.979825,0 days 00:00:09.517592,0.015337529418122107,0.4675814599418473,242,0.21073975729633015,54,0.29806439757634107,40,COMPLETE
1151,1151,0.8113207547169812,2024-01-31 21:41:33.981815,2024-01-31 21:41:43.131231,0 days 00:00:09.149416,0.018116355404616074,0.4478729453604493,244,0.22082847459192084,58,0.28115045068815314,37,COMPLETE
1152,1152,0.7830188679245284,2024-01-31 21:41:43.135673,2024-01-31 21:41:52.092580,0 days 00:00:08.956907,0.02253628383123904,0.4691435503435325,243,0.19591642456516856,57,0.2839160842681861,38,COMPLETE
1153,1153,0.7264150943396226,2024-01-31 21:41:52.094127,2024-01-31 21:42:06.380393,0 days 00:00:14.286266,0.02613662083338893,0.4597374471796421,242,0.21686069732930155,59,0.3044334097207609,41,COMPLETE
1154,1154,0.8584905660377359,2024-01-31 21:42:06.385611,2024-01-31 21:42:15.145564,0 days 00:00:08.759953,0.01980451006230525,0.19457846379902732,252,0.2027056591626378,54,0.27885544652012756,42,COMPLETE
1155,1155,0.8301886792452831,2024-01-31 21:42:15.146854,2024-01-31 21:42:23.066302,0 days 00:00:07.919448,0.013918632806424107,0.20833707332821264,249,0.19761794324771526,53,0.27851693848235975,39,COMPLETE
1156,1156,0.8113207547169812,2024-01-31 21:42:23.068234,2024-01-31 21:42:38.018672,0 days 00:00:14.950438,0.01702412967863958,0.17067003938869418,251,0.20253141031128352,53,0.2913555322555482,40,COMPLETE
1157,1157,0.8113207547169812,2024-01-31 21:42:38.024369,2024-01-31 21:42:46.146163,0 days 00:00:08.121794,0.013445035061494609,0.14105872535945926,256,0.1927885433086324,55,0.2821179118922774,42,COMPLETE
1158,1158,0.7735849056603774,2024-01-31 21:42:46.147600,2024-01-31 21:42:59.135634,0 days 00:00:12.988034,0.01863713914413965,0.15446766849189664,256,0.19647578540439345,56,0.28604375656603986,41,COMPLETE
1159,1159,0.8018867924528302,2024-01-31 21:42:59.140534,2024-01-31 21:43:08.712685,0 days 00:00:09.572151,0.014788632863318541,0.49190900789625,253,0.201374864096165,56,0.2894372781501443,41,COMPLETE
1160,1160,0.8018867924528302,2024-01-31 21:43:08.713971,2024-01-31 21:43:16.789649,0 days 00:00:08.075678,0.019794680033011887,0.4866568853256044,251,0.205138744442504,52,0.2778595384794147,42,COMPLETE
1161,1161,0.8490566037735849,2024-01-31 21:43:16.791629,2024-01-31 21:43:25.266968,0 days 00:00:08.475339,0.019240392605469593,0.4993822960608276,253,0.19210522672633107,54,0.2990058438902483,39,COMPLETE
1162,1162,0.7830188679245284,2024-01-31 21:43:25.269588,2024-01-31 21:43:33.493507,0 days 00:00:08.223919,0.015679252715635188,0.48283868664572094,248,0.19216490541745818,52,0.27432680753823246,40,COMPLETE
1163,1163,0.8018867924528302,2024-01-31 21:43:33.498511,2024-01-31 21:43:48.710000,0 days 00:00:15.211489,0.021579666823418133,0.49214473416546894,248,0.20548653924572546,55,0.27320348200856,42,COMPLETE
1164,1164,0.8207547169811321,2024-01-31 21:43:48.715207,2024-01-31 21:43:58.818530,0 days 00:00:10.103323,0.013066658592834735,0.4801236900016783,248,0.1955809257314051,57,0.28724430733883355,37,COMPLETE
1165,1165,0.8018867924528302,2024-01-31 21:43:58.820636,2024-01-31 21:44:06.723829,0 days 00:00:07.903193,0.017039821485076132,0.11488006072309218,246,0.2104240163742568,54,0.2745285295062613,40,COMPLETE
1166,1166,0.8018867924528302,2024-01-31 21:44:06.727589,2024-01-31 21:44:15.581321,0 days 00:00:08.853732,0.02015381138924918,0.48599836187077844,253,0.20150312774790696,59,0.3145989441514533,42,COMPLETE
1167,1167,0.8301886792452831,2024-01-31 21:44:15.587134,2024-01-31 21:44:23.806874,0 days 00:00:08.219740,0.012704318771953061,0.17752654452465227,248,0.18959040405541902,57,0.2795435348163808,38,COMPLETE
1168,1168,0.839622641509434,2024-01-31 21:44:23.808817,2024-01-31 21:44:33.256735,0 days 00:00:09.447918,0.017243411876226192,0.49448058283826624,256,0.18985106493719273,51,0.2983429032193428,39,COMPLETE
1169,1169,0.8207547169811321,2024-01-31 21:44:33.259318,2024-01-31 21:44:42.159576,0 days 00:00:08.900258,0.02294336124313075,0.4774790250934405,250,0.2046559465191246,53,0.29235039862053885,41,COMPLETE
1170,1170,0.8018867924528302,2024-01-31 21:44:42.163767,2024-01-31 21:45:22.169498,0 days 00:00:40.005731,0.0001723486789918862,0.47287223136782497,251,0.19539507243591192,60,0.2826146563188215,41,COMPLETE
