,number,value,datetime_start,datetime_complete,duration,params_learning_rate,params_merged_1_dropout,params_merged_1_size,params_merged_2_dropout,params_merged_2_size,params_merged_3_dropout,params_merged_3_size,state
531,531,0.8018867924528302,2024-01-31 18:20:57.194349,2024-01-31 18:21:36.309944,0 days 00:00:39.115595,4.710760290979285e-05,0.4641161851658533,141,0.21544269942375277,59,0.2784305289109762,39,COMPLETE
532,532,0.7735849056603774,2024-01-31 18:21:36.313554,2024-01-31 18:22:15.894759,0 days 00:00:39.581205,9.420484450161323e-05,0.481694250339874,139,0.22887106427633722,62,0.27165126801612705,40,COMPLETE
533,533,0.7547169811320755,2024-01-31 18:22:15.898052,2024-01-31 18:22:55.083323,0 days 00:00:39.185271,6.945591546375105e-05,0.48903960313534367,145,0.21916207570807344,64,0.27788963861378563,40,COMPLETE
534,534,0.8018867924528302,2024-01-31 18:22:55.085298,2024-01-31 18:23:26.237381,0 days 00:00:31.152083,0.0002990846404766694,0.47514605984773245,135,0.4830628883618344,63,0.4676547477785215,38,COMPLETE
535,535,0.7924528301886793,2024-01-31 18:23:26.239583,2024-01-31 18:24:05.010542,0 days 00:00:38.770959,4.198982825027565e-05,0.48166045052363227,142,0.475334288871112,62,0.26830412731873826,38,COMPLETE
536,536,0.8018867924528302,2024-01-31 18:24:05.013451,2024-01-31 18:24:44.558025,0 days 00:00:39.544574,5.542444937243458e-05,0.4937353967154988,136,0.2261503928834759,81,0.28081630408166997,40,COMPLETE
537,537,0.7924528301886793,2024-01-31 18:24:44.562190,2024-01-31 18:25:24.195862,0 days 00:00:39.633672,5.544136560949564e-05,0.4692199726114606,147,0.2215233893350775,66,0.26329232937261415,59,COMPLETE
538,538,0.8113207547169812,2024-01-31 18:25:24.198817,2024-01-31 18:26:03.997560,0 days 00:00:39.798743,1.4992669830858714e-05,0.4586821612326553,241,0.2390149395356123,60,0.2910100592450976,55,COMPLETE
539,539,0.8018867924528302,2024-01-31 18:26:04.000420,2024-01-31 18:26:43.441540,0 days 00:00:39.441120,8.841890517778465e-05,0.4887933204516823,130,0.230671121577526,64,0.42704552520397404,61,COMPLETE
540,540,0.8490566037735849,2024-01-31 18:26:43.444418,2024-01-31 18:27:23.195784,0 days 00:00:39.751366,6.304820893367837e-05,0.48060536556899336,224,0.21346609992976814,78,0.27169452046701015,62,COMPLETE
541,541,0.5188679245283019,2024-01-31 18:27:23.201035,2024-01-31 18:27:32.583410,0 days 00:00:09.382375,0.07223302292251108,0.48123999148622043,223,0.20939360440961785,79,0.2854144474231161,63,COMPLETE
542,542,0.7830188679245284,2024-01-31 18:27:32.585705,2024-01-31 18:28:13.506471,0 days 00:00:40.920766,4.150621026243338e-05,0.470207765998595,229,0.20927321496262172,100,0.27137946777973154,62,COMPLETE
543,543,0.7735849056603774,2024-01-31 18:28:13.511804,2024-01-31 18:28:53.498040,0 days 00:00:39.986236,6.281879327472612e-05,0.1517825550930243,225,0.21477270496868422,78,0.27561444616644304,62,COMPLETE
544,544,0.7641509433962265,2024-01-31 18:28:53.502444,2024-01-31 18:29:32.753044,0 days 00:00:39.250600,7.601324214193002e-05,0.4789927602547133,154,0.22215405611885697,82,0.28263665806141514,64,COMPLETE
545,545,0.7924528301886793,2024-01-31 18:29:32.755984,2024-01-31 18:30:13.194895,0 days 00:00:40.438911,0.00010935555081248402,0.48678719140226095,236,0.202689211744029,78,0.2970739469826194,63,COMPLETE
546,546,0.7452830188679245,2024-01-31 18:30:13.198610,2024-01-31 18:30:53.289306,0 days 00:00:40.090696,0.00013155915560510273,0.47621741300844866,226,0.19871911226104616,80,0.27025730416251215,62,COMPLETE
547,547,0.7924528301886793,2024-01-31 18:30:53.292471,2024-01-31 18:31:33.861409,0 days 00:00:40.568938,4.983581342912307e-05,0.4644655777990391,231,0.21253924154304718,84,0.26219158013399496,61,COMPLETE
548,548,0.6698113207547169,2024-01-31 18:31:33.863855,2024-01-31 18:31:47.691723,0 days 00:00:13.827868,0.002594232925242055,0.4459649938999656,140,0.23455589493704726,76,0.2760619559400988,60,COMPLETE
549,549,0.7924528301886793,2024-01-31 18:31:47.694161,2024-01-31 18:32:27.876313,0 days 00:00:40.182152,3.719847355230543e-05,0.4918087727168987,222,0.22009732532638174,77,0.26576730701447504,46,COMPLETE
550,550,0.7452830188679245,2024-01-31 18:32:27.880317,2024-01-31 18:33:06.645337,0 days 00:00:38.765020,0.00016770911351700197,0.49907655154365743,133,0.22723779073583708,77,0.2876019254731997,59,COMPLETE
551,551,0.7924528301886793,2024-01-31 18:33:06.646885,2024-01-31 18:33:19.172173,0 days 00:00:12.525288,0.0014251806847834175,0.48452543147936267,232,0.19450701634225265,81,0.26192394098530813,64,COMPLETE
552,552,0.7358490566037735,2024-01-31 18:33:19.174846,2024-01-31 18:34:09.624225,0 days 00:00:50.449379,1.6860726141545342e-05,0.49338186812183193,150,0.49832905750692813,75,0.2524715652622567,63,COMPLETE
553,553,0.8207547169811321,2024-01-31 18:34:09.625275,2024-01-31 18:34:53.213084,0 days 00:00:43.587809,6.479565656486947e-05,0.47430283425428305,227,0.2061356749599747,80,0.27130025479531883,37,COMPLETE
554,554,0.7924528301886793,2024-01-31 18:34:53.216285,2024-01-31 18:35:34.267664,0 days 00:00:41.051379,4.474555941421178e-05,0.48531934848181674,143,0.48147623299618236,73,0.3694123169865886,53,COMPLETE
555,555,0.7641509433962265,2024-01-31 18:35:34.270644,2024-01-31 18:36:15.784455,0 days 00:00:41.513811,8.824379977941807e-05,0.3796093736349433,139,0.2403510112403937,66,0.25880950407359893,61,COMPLETE
556,556,0.7924528301886793,2024-01-31 18:36:15.787411,2024-01-31 18:36:56.466486,0 days 00:00:40.679075,5.0338827223581306e-05,0.4626827409930623,134,0.2491158620771753,68,0.3797875278967709,47,COMPLETE
557,557,0.8207547169811321,2024-01-31 18:36:56.469455,2024-01-31 18:37:36.848215,0 days 00:00:40.378760,6.905327245740748e-05,0.49950274535306116,126,0.21333892389479364,78,0.25421791527079746,62,COMPLETE
558,558,0.7641509433962265,2024-01-31 18:37:36.851219,2024-01-31 18:38:17.682876,0 days 00:00:40.831657,1.951210728675928e-05,0.47979933654339535,156,0.457980134417153,75,0.27589285364364496,56,COMPLETE
559,559,0.7830188679245284,2024-01-31 18:38:17.686926,2024-01-31 18:38:30.440209,0 days 00:00:12.753283,0.007102785545882086,0.47235286991063385,218,0.22247833545957457,65,0.28409020789218536,58,COMPLETE
560,560,0.7830188679245284,2024-01-31 18:38:30.441707,2024-01-31 18:39:12.617840,0 days 00:00:42.176133,3.709396680987737e-05,0.4895374430509878,238,0.25805805485894495,86,0.268029874858955,61,COMPLETE
561,561,0.839622641509434,2024-01-31 18:39:12.620932,2024-01-31 18:39:53.876674,0 days 00:00:41.255742,5.8239552094083e-05,0.4915485987894823,222,0.20427337728846018,62,0.29255894179500047,57,COMPLETE
562,562,0.8018867924528302,2024-01-31 18:39:53.880917,2024-01-31 18:40:35.268432,0 days 00:00:41.387515,7.802197989580267e-05,0.4912096953645044,225,0.2041748334786402,61,0.3013200632583645,57,COMPLETE
563,563,0.7924528301886793,2024-01-31 18:40:35.273680,2024-01-31 18:41:16.513316,0 days 00:00:41.239636,9.699005549031185e-05,0.48456311451643636,229,0.193258942318576,63,0.2868990122723197,56,COMPLETE
564,564,0.7641509433962265,2024-01-31 18:41:16.516370,2024-01-31 18:41:57.920832,0 days 00:00:41.404462,6.281645131778881e-05,0.49975767099096463,223,0.2003262770575836,58,0.29594814806482056,57,COMPLETE
565,565,0.8018867924528302,2024-01-31 18:41:57.925904,2024-01-31 18:42:39.048875,0 days 00:00:41.122971,7.788180456534663e-05,0.4923683068585085,233,0.21195126135965908,72,0.29353061608832226,58,COMPLETE
566,566,0.7924528301886793,2024-01-31 18:42:39.051870,2024-01-31 18:43:20.291415,0 days 00:00:41.239545,5.822975165989375e-05,0.4792833316905935,222,0.17750012775197174,77,0.30375891665924126,51,COMPLETE
567,567,0.7830188679245284,2024-01-31 18:43:20.294451,2024-01-31 18:44:00.431294,0 days 00:00:40.136843,1.3398120180927767e-05,0.4726704807733149,130,0.19579492427387218,62,0.2751946108036454,55,COMPLETE
568,568,0.8113207547169812,2024-01-31 18:44:00.434335,2024-01-31 18:44:40.553838,0 days 00:00:40.119503,3.140023384858668e-05,0.4860687527692437,137,0.18672959286598534,59,0.4998314870837953,59,COMPLETE
569,569,0.7358490566037735,2024-01-31 18:44:40.558272,2024-01-31 18:45:15.634905,0 days 00:00:35.076633,0.00022965595779541584,0.49320823736775826,228,0.21746197361625347,67,0.2833699775987276,60,COMPLETE
570,570,0.7641509433962265,2024-01-31 18:45:15.637938,2024-01-31 18:45:44.726154,0 days 00:00:29.088216,0.0003373239135092001,0.48232693155582407,220,0.20357102534220523,79,0.29355404840418936,57,COMPLETE
571,571,0.8113207547169812,2024-01-31 18:45:44.730595,2024-01-31 18:46:25.176301,0 days 00:00:40.445706,2.2317534964235304e-05,0.49941642393477537,145,0.23067787532264608,74,0.2578922287710059,59,COMPLETE
572,572,0.7924528301886793,2024-01-31 18:46:25.179361,2024-01-31 18:47:06.071418,0 days 00:00:40.892057,4.7463516263581035e-05,0.45207672182678044,225,0.2087117626767138,70,0.10966821784608435,54,COMPLETE
573,573,0.7547169811320755,2024-01-31 18:47:06.075368,2024-01-31 18:47:46.296341,0 days 00:00:40.220973,0.00011275061575474135,0.46934887619756055,134,0.2462354518100904,65,0.2679231914462577,56,COMPLETE
574,574,0.839622641509434,2024-01-31 18:47:46.299368,2024-01-31 18:48:27.510085,0 days 00:00:41.210717,1.9575866194780183e-05,0.4922210492743972,235,0.2258215430484175,60,0.2493120078972768,36,COMPLETE
575,575,0.7358490566037735,2024-01-31 18:48:27.513143,2024-01-31 18:49:08.910979,0 days 00:00:41.397836,1.6348706937092737e-05,0.4930584350230082,235,0.22676111894262554,59,0.28115500349517064,37,COMPLETE
576,576,0.7547169811320755,2024-01-31 18:49:08.914011,2024-01-31 18:49:50.067713,0 days 00:00:41.153702,1.561977885770305e-05,0.4860148327956938,236,0.21737677572362,60,0.257249114326464,28,COMPLETE
577,577,0.7735849056603774,2024-01-31 18:49:50.070699,2024-01-31 18:50:31.285131,0 days 00:00:41.214432,1.2936116947508888e-05,0.49286133523988873,242,0.21890231298014012,61,0.2644359208003217,36,COMPLETE
578,578,0.8207547169811321,2024-01-31 18:50:31.288216,2024-01-31 18:51:12.121859,0 days 00:00:40.833643,1.856280749996089e-05,0.48065214294339537,244,0.22606551919503973,58,0.2512462707937254,34,COMPLETE
579,579,0.8018867924528302,2024-01-31 18:51:12.124788,2024-01-31 18:51:52.930356,0 days 00:00:40.805568,2.0128555419531908e-05,0.47634948883830663,232,0.23558990364586962,75,0.290432022637537,35,COMPLETE
580,580,0.7924528301886793,2024-01-31 18:51:52.934606,2024-01-31 18:52:33.867400,0 days 00:00:40.932794,7.207823292635209e-05,0.486899828973777,231,0.20695668881250634,62,0.2760754973801518,33,COMPLETE
581,581,0.7641509433962265,2024-01-31 18:52:33.870529,2024-01-31 18:53:14.694731,0 days 00:00:40.824202,1.1240809292961922e-05,0.49373535674826213,236,0.1942221807850396,72,0.26982282484224845,38,COMPLETE
582,582,0.7735849056603774,2024-01-31 18:53:14.698982,2024-01-31 18:53:55.704818,0 days 00:00:41.005836,9.285816510853727e-05,0.4590802392627767,229,0.44865786136313773,83,0.24718600384114975,39,COMPLETE
583,583,0.7547169811320755,2024-01-31 18:53:55.707893,2024-01-31 18:54:36.277455,0 days 00:00:40.569562,5.7190773055983126e-05,0.4746768200249278,249,0.21457764946006694,57,0.48347545809729753,39,COMPLETE
584,584,0.8113207547169812,2024-01-31 18:54:36.280466,2024-01-31 18:55:17.157617,0 days 00:00:40.877151,2.3234480514151145e-05,0.4998834633653401,239,0.17136017274276852,60,0.44255482070087115,62,COMPLETE
585,585,0.8301886792452831,2024-01-31 18:55:17.160648,2024-01-31 18:55:56.589388,0 days 00:00:39.428740,6.121668325979544e-05,0.4856330503733491,127,0.22227759619467083,77,0.26069159365166905,63,COMPLETE
586,586,0.7924528301886793,2024-01-31 18:55:56.592422,2024-01-31 18:56:36.029607,0 days 00:00:39.437185,7.982849931190119e-05,0.357405494465433,122,0.23454946754533412,63,0.2801772807448113,49,COMPLETE
587,587,0.7547169811320755,2024-01-31 18:56:36.032638,2024-01-31 18:57:16.416442,0 days 00:00:40.383804,4.3448471928824654e-05,0.49180881810366267,227,0.18358795827407093,79,0.2536246994867793,53,COMPLETE
588,588,0.7830188679245284,2024-01-31 18:57:16.419559,2024-01-31 18:57:55.691038,0 days 00:00:39.271479,1.9026610246430063e-05,0.499724697963156,148,0.2111701537767504,73,0.26632267116262004,32,COMPLETE
589,589,0.8018867924528302,2024-01-31 18:57:55.695144,2024-01-31 18:58:10.050046,0 days 00:00:14.354902,0.0011473731275747712,0.4673915147327501,140,0.2032725310708465,81,0.24481551259167939,36,COMPLETE
590,590,0.8207547169811321,2024-01-31 18:58:10.052918,2024-01-31 18:58:50.145176,0 days 00:00:40.092258,0.00012869134689343588,0.4783603376041302,233,0.4669719961585358,68,0.2875990788230633,61,COMPLETE
591,591,0.8207547169811321,2024-01-31 18:58:50.150167,2024-01-31 18:59:29.017157,0 days 00:00:38.866990,6.805305470016379e-05,0.486372775366006,132,0.2257367200220485,76,0.29868028118773915,45,COMPLETE
592,592,0.7358490566037735,2024-01-31 18:59:29.020175,2024-01-31 18:59:44.979503,0 days 00:00:15.959328,0.001761011346586842,0.48068594419420374,138,0.19016033000610746,61,0.25770126024447765,35,COMPLETE
593,593,0.8018867924528302,2024-01-31 18:59:44.980698,2024-01-31 19:00:25.240537,0 days 00:00:40.259839,5.214807679742232e-05,0.492996966500775,239,0.23807457910796306,70,0.2722838777426695,60,COMPLETE
594,594,0.7924528301886793,2024-01-31 19:00:25.244002,2024-01-31 19:01:04.639828,0 days 00:00:39.395826,2.7935908201217542e-05,0.4700822376988019,176,0.4856293771946835,64,0.2504004410406946,55,COMPLETE
595,595,0.7735849056603774,2024-01-31 19:01:04.643668,2024-01-31 19:01:43.981247,0 days 00:00:39.337579,1.4603832569523746e-05,0.48601125797007017,129,0.20043080354767084,66,0.26179615262296274,46,COMPLETE
596,596,0.7641509433962265,2024-01-31 19:01:43.984288,2024-01-31 19:02:12.499308,0 days 00:00:28.515020,0.0004080952397337678,0.4766167725991077,144,0.472256353358677,72,0.43155643543356087,64,COMPLETE
597,597,0.7830188679245284,2024-01-31 19:02:12.501176,2024-01-31 19:02:52.957148,0 days 00:00:40.455972,8.939939033554159e-05,0.4941316907370392,229,0.2297021291655141,63,0.31105184674341935,39,COMPLETE
598,598,0.8018867924528302,2024-01-31 19:02:52.960265,2024-01-31 19:03:32.323237,0 days 00:00:39.362972,2.3679788905686347e-05,0.48623965275902364,135,0.21221560401729486,106,0.4134948310983497,40,COMPLETE
599,599,0.5188679245283019,2024-01-31 19:03:32.326282,2024-01-31 19:03:43.006376,0 days 00:00:10.680094,0.038528228827969295,0.4998643422583867,152,0.22087322635625578,68,0.2784544443655922,47,COMPLETE
600,600,0.7452830188679245,2024-01-31 19:03:43.007489,2024-01-31 19:04:22.500224,0 days 00:00:39.492735,4.028276620622192e-05,0.4801408988331233,223,0.19608595833634995,57,0.1465598194981666,61,COMPLETE
601,601,0.8113207547169812,2024-01-31 19:04:22.503321,2024-01-31 19:05:02.688641,0 days 00:00:40.185320,1.7631383947984034e-05,0.46486687232802015,233,0.24269538974128857,76,0.24104102449450643,62,COMPLETE
602,602,0.7452830188679245,2024-01-31 19:05:02.691743,2024-01-31 19:05:41.219671,0 days 00:00:38.527928,0.00017764346456190647,0.49099237776573734,124,0.16004339928098096,60,0.26543144715706446,45,COMPLETE
603,603,0.7735849056603774,2024-01-31 19:05:41.222523,2024-01-31 19:06:21.518012,0 days 00:00:40.295489,5.519406825619027e-05,0.47474112373913496,227,0.20696304649815378,65,0.3596612718633187,60,COMPLETE
604,604,0.7547169811320755,2024-01-31 19:06:21.521981,2024-01-31 19:07:01.055936,0 days 00:00:39.533955,0.00010902098185263537,0.4873682303888467,138,0.18658530196736062,74,0.2540677300178857,41,COMPLETE
605,605,0.7264150943396226,2024-01-31 19:07:01.061497,2024-01-31 19:07:40.589237,0 days 00:00:39.527740,3.397879619736226e-05,0.49141112748160143,131,0.23209608619615915,70,0.246261184814415,52,COMPLETE
606,606,0.8113207547169812,2024-01-31 19:07:40.592324,2024-01-31 19:08:21.445265,0 days 00:00:40.852941,7.926350552059475e-05,0.43980837938528944,245,0.2600442016217753,79,0.2725272458438941,62,COMPLETE
607,607,0.7924528301886793,2024-01-31 19:08:21.448325,2024-01-31 19:09:01.312156,0 days 00:00:39.863831,4.9184007823763036e-05,0.48289257645525707,224,0.2141412772963281,67,0.2852807817343925,34,COMPLETE
608,608,0.7735849056603774,2024-01-31 19:09:01.315296,2024-01-31 19:09:42.075091,0 days 00:00:40.759795,6.517313847698421e-05,0.4942834949869607,256,0.22340105578542274,62,0.25987181051995395,54,COMPLETE
609,609,0.7830188679245284,2024-01-31 19:09:42.080513,2024-01-31 19:10:21.460253,0 days 00:00:39.379740,2.1046491313319376e-05,0.45781665403562277,142,0.2425807500899746,77,0.46046819796593635,63,COMPLETE
610,610,0.7735849056603774,2024-01-31 19:10:21.463384,2024-01-31 19:11:02.279017,0 days 00:00:40.815633,3.925429810405638e-05,0.47245356251651494,237,0.25076233255612645,82,0.23871794856987466,39,COMPLETE
611,611,0.8490566037735849,2024-01-31 19:11:02.282223,2024-01-31 19:11:42.482889,0 days 00:00:40.200666,2.943505289086561e-05,0.48110891923944005,231,0.19813593329492013,64,0.26890224235570526,38,COMPLETE
612,612,0.7641509433962265,2024-01-31 19:11:42.488467,2024-01-31 19:12:22.570368,0 days 00:00:40.081901,2.593243908640533e-05,0.43022408946721713,235,0.19448385019045525,69,0.29372355233719705,39,COMPLETE
613,613,0.7641509433962265,2024-01-31 19:12:22.573753,2024-01-31 19:13:03.275301,0 days 00:00:40.701548,1.7293829690048746e-05,0.4707511364024441,243,0.17977822003645272,65,0.2772574016439632,37,COMPLETE
614,614,0.839622641509434,2024-01-31 19:13:03.279243,2024-01-31 19:13:43.461358,0 days 00:00:40.182115,3.0495021625418953e-05,0.48029272191067607,239,0.20146894431076265,59,0.26980916450227665,35,COMPLETE
615,615,0.7452830188679245,2024-01-31 19:13:43.464477,2024-01-31 19:14:23.730499,0 days 00:00:40.266022,3.070874982103688e-05,0.4663871476076572,239,0.2043548620548094,58,0.2806679572754399,35,COMPLETE
616,616,0.8018867924528302,2024-01-31 19:14:23.733649,2024-01-31 19:15:04.281320,0 days 00:00:40.547671,4.387379743280248e-05,0.47865051309526435,246,0.19836144415639725,60,0.2685901899548427,36,COMPLETE
617,617,0.8018867924528302,2024-01-31 19:15:04.284460,2024-01-31 19:15:44.534429,0 days 00:00:40.249969,3.4693351985253804e-05,0.47814084864615014,241,0.18951890304795682,57,0.27119082668701494,34,COMPLETE
618,618,0.8301886792452831,2024-01-31 19:15:44.538706,2024-01-31 19:16:24.851460,0 days 00:00:40.312754,9.888971842811841e-05,0.4593029903219447,238,0.20137035859122832,55,0.2873385800667883,35,COMPLETE
619,619,0.8018867924528302,2024-01-31 19:16:24.857191,2024-01-31 19:17:05.309928,0 days 00:00:40.452737,5.660779382270831e-05,0.4865521925760001,231,0.18315465376635617,58,0.2736779745124082,33,COMPLETE
620,620,0.8207547169811321,2024-01-31 19:17:05.313083,2024-01-31 19:17:45.631630,0 days 00:00:40.318547,2.9628667374358672e-05,0.482799866027667,235,0.20595361423825403,60,0.25940873828007005,37,COMPLETE
621,621,0.8018867924528302,2024-01-31 19:17:45.634793,2024-01-31 19:18:25.886609,0 days 00:00:40.251816,7.533431894138542e-05,0.4650565286490416,244,0.19563027578841002,62,0.26691336270714455,36,COMPLETE
622,622,0.8207547169811321,2024-01-31 19:18:25.890683,2024-01-31 19:19:05.684384,0 days 00:00:39.793701,4.885027540093515e-05,0.49960843672907257,232,0.21432221695434134,59,0.2514199866304616,37,COMPLETE
623,623,0.6886792452830188,2024-01-31 19:19:05.687563,2024-01-31 19:19:45.413738,0 days 00:00:39.726175,0.00013701462485638235,0.47259408783277396,236,0.1730403161374416,63,0.27667173156657326,34,COMPLETE
624,624,0.8018867924528302,2024-01-31 19:19:45.418469,2024-01-31 19:20:26.063716,0 days 00:00:40.645247,6.294195880793788e-05,0.4817420368384527,242,0.19214732534877565,66,0.28319348577674497,35,COMPLETE
625,625,0.7358490566037735,2024-01-31 19:20:26.067693,2024-01-31 19:21:06.165393,0 days 00:00:40.097700,3.7050543098593745e-05,0.4899587237797986,249,0.2079779010026373,61,0.2638517751388024,38,COMPLETE
626,626,0.7924528301886793,2024-01-31 19:21:06.168555,2024-01-31 19:21:20.867809,0 days 00:00:14.699254,0.0009945471218431902,0.4751780496079255,230,0.19880984774827798,64,0.2554669945221563,38,COMPLETE
627,627,0.7924528301886793,2024-01-31 19:21:20.869300,2024-01-31 19:22:00.237112,0 days 00:00:39.367812,2.4433864781074354e-05,0.49148483243348956,159,0.21152295285070974,67,0.2997554801213263,36,COMPLETE
628,628,0.8113207547169812,2024-01-31 19:22:00.240272,2024-01-31 19:22:09.020112,0 days 00:00:08.779840,0.009154877841384463,0.48417299467664704,240,0.206965985109401,62,0.2459226293750304,37,COMPLETE
629,629,0.8018867924528302,2024-01-31 19:22:09.021123,2024-01-31 19:22:48.578041,0 days 00:00:39.556918,8.53161247361092e-05,0.49309731703675086,165,0.18753399576372087,64,0.2669502916291122,38,COMPLETE
630,630,0.839622641509434,2024-01-31 19:22:48.581224,2024-01-31 19:23:28.481324,0 days 00:00:39.900100,4.235196494365506e-05,0.4804962799754856,233,0.20071101265373897,56,0.23523673498760334,40,COMPLETE
631,631,0.839622641509434,2024-01-31 19:23:28.485172,2024-01-31 19:24:08.651593,0 days 00:00:40.166421,4.7476905323255914e-05,0.4498407351088561,231,0.19782791542307576,56,0.2355764350948606,40,COMPLETE
632,632,0.7641509433962265,2024-01-31 19:24:08.654791,2024-01-31 19:24:48.088185,0 days 00:00:39.433394,4.675287071875513e-05,0.4567801283533053,235,0.19100426771539183,56,0.23584095464753374,40,COMPLETE
633,633,0.8207547169811321,2024-01-31 19:24:48.091890,2024-01-31 19:25:27.897623,0 days 00:00:39.805733,4.3158976964644894e-05,0.44837585480420383,231,0.20100874229611304,58,0.23099195268197642,40,COMPLETE
634,634,0.7452830188679245,2024-01-31 19:25:27.902554,2024-01-31 19:26:07.836682,0 days 00:00:39.934128,5.358621085752243e-05,0.46233277435446674,234,0.19708720036706287,56,0.23985545062820152,40,COMPLETE
635,635,0.8113207547169812,2024-01-31 19:26:07.839911,2024-01-31 19:26:48.539421,0 days 00:00:40.699510,3.958081178323116e-05,0.46973206682495516,239,0.1814238803914805,55,0.23760713218683896,38,COMPLETE
636,636,0.7264150943396226,2024-01-31 19:26:48.544764,2024-01-31 19:27:29.204553,0 days 00:00:40.659789,5.739385362480503e-05,0.4653613464007618,228,0.20578617804219243,53,0.22989279044080546,39,COMPLETE
