,number,value,datetime_start,datetime_complete,duration,params_learning_rate,params_merged_1_dropout,params_merged_1_size,params_merged_2_dropout,params_merged_2_size,params_merged_3_dropout,params_merged_3_size,state
637,637,0.7169811320754716,2024-01-31 19:27:29.208056,2024-01-31 19:28:09.042041,0 days 00:00:39.833985,6.705966130631012e-05,0.45017978330104996,232,0.1920543967458642,53,0.2355931641263811,38,COMPLETE
638,638,0.7924528301886793,2024-01-31 19:28:09.046817,2024-01-31 19:28:19.651883,0 days 00:00:10.605066,0.003099444521725374,0.4727492006193774,237,0.19837450100895643,51,0.22770528151108738,41,COMPLETE
639,639,0.7547169811320755,2024-01-31 19:28:19.653217,2024-01-31 19:29:00.208006,0 days 00:00:40.554789,4.5568916264198853e-05,0.46001621690582933,227,0.21579026898211517,61,0.24489001798531318,40,COMPLETE
640,640,0.7924528301886793,2024-01-31 19:29:00.211234,2024-01-31 19:29:40.031313,0 days 00:00:39.820079,5.3569924193969016e-05,0.4739385602459155,230,0.18452375342830424,56,0.23225941643267395,41,COMPLETE
641,641,0.8113207547169812,2024-01-31 19:29:40.034548,2024-01-31 19:30:20.325390,0 days 00:00:40.290842,3.904621361528408e-05,0.4776382389827868,236,0.20360621132398438,56,0.24383980989086418,35,COMPLETE
642,642,0.8018867924528302,2024-01-31 19:30:20.328614,2024-01-31 19:30:59.949210,0 days 00:00:39.620596,6.68206828024197e-05,0.47967625833550803,232,0.21527940072648633,55,0.23622448366850607,39,COMPLETE
643,643,0.7924528301886793,2024-01-31 19:30:59.954312,2024-01-31 19:31:40.215292,0 days 00:00:40.260980,4.774383427369052e-05,0.46769661460146156,226,0.18070359225174382,58,0.24884821493123988,37,COMPLETE
644,644,0.8301886792452831,2024-01-31 19:31:40.218470,2024-01-31 19:32:20.311985,0 days 00:00:40.093515,3.203396131693095e-05,0.4826713176960298,239,0.19161287959782403,52,0.24183853269182945,39,COMPLETE
645,645,0.7735849056603774,2024-01-31 19:32:20.315254,2024-01-31 19:33:00.340464,0 days 00:00:40.025210,5.729133360840667e-05,0.46453825278460703,228,0.20729088157695116,53,0.22435121363692428,41,COMPLETE
646,646,0.7830188679245284,2024-01-31 19:33:00.344187,2024-01-31 19:33:40.402558,0 days 00:00:40.058371,4.138081304686303e-05,0.4754494483811121,234,0.19824926459821515,58,0.2510696573867563,36,COMPLETE
647,647,0.8490566037735849,2024-01-31 19:33:40.405797,2024-01-31 19:34:20.983160,0 days 00:00:40.577363,5.014458685193046e-05,0.4844986030110984,241,0.16932582018398898,58,0.2353059153719135,40,COMPLETE
648,648,0.7641509433962265,2024-01-31 19:34:20.989173,2024-01-31 19:35:01.079986,0 days 00:00:40.090813,7.329936284151597e-05,0.482011431337034,253,0.16313685295555247,58,0.25074844093649956,33,COMPLETE
649,649,0.7924528301886793,2024-01-31 19:35:01.083241,2024-01-31 19:35:09.817934,0 days 00:00:08.734693,0.014100575116787193,0.48744695294177587,235,0.14910666940165299,59,0.2442578988865672,42,COMPLETE
650,650,0.7547169811320755,2024-01-31 19:35:09.818864,2024-01-31 19:35:23.382251,0 days 00:00:13.563387,0.0022186002358201323,0.4865618787382965,244,0.15751615200545402,60,0.2571506271013314,39,COMPLETE
651,651,0.8018867924528302,2024-01-31 19:35:23.383411,2024-01-31 19:35:35.133910,0 days 00:00:11.750499,0.004746384546639375,0.49985981488373443,243,0.2210519064106024,54,0.2296494864327544,37,COMPLETE
652,652,0.7735849056603774,2024-01-31 19:35:35.136860,2024-01-31 19:36:15.008326,0 days 00:00:39.871466,6.12699942661091e-05,0.4782703743433169,251,0.1762092017264892,60,0.2561290085814417,41,COMPLETE
653,653,0.7641509433962265,2024-01-31 19:36:15.011679,2024-01-31 19:37:12.319418,0 days 00:00:57.307739,8.708653578187183e-05,0.4884433714007977,246,0.17613418887004437,59,0.2907243075055761,38,COMPLETE
654,654,0.8207547169811321,2024-01-31 19:37:12.322816,2024-01-31 19:37:55.304009,0 days 00:00:42.981193,3.703070741500015e-05,0.19947518356634025,239,0.21452765553336317,62,0.3935297086576362,40,COMPLETE
655,655,0.7924528301886793,2024-01-31 19:37:55.307322,2024-01-31 19:38:38.364677,0 days 00:00:43.057355,7.224045435980565e-05,0.12589156144378053,239,0.16312288803163,62,0.47291088241418866,41,COMPLETE
656,656,0.7547169811320755,2024-01-31 19:38:38.367987,2024-01-31 19:39:19.546701,0 days 00:00:41.178714,5.335924993322263e-05,0.4828654832809023,149,0.16599880202164555,57,0.23980108112368728,44,COMPLETE
657,657,0.8113207547169812,2024-01-31 19:39:19.550093,2024-01-31 19:39:33.036181,0 days 00:00:13.486088,0.006228125928680338,0.491760434725626,241,0.4809379851361925,60,0.24741249775595542,42,COMPLETE
658,658,0.7641509433962265,2024-01-31 19:39:33.039283,2024-01-31 19:40:14.817140,0 days 00:00:41.777857,0.0001062098933455193,0.47357755538442387,224,0.20929355373839295,85,0.259938860589241,43,COMPLETE
659,659,0.7924528301886793,2024-01-31 19:40:14.820517,2024-01-31 19:40:56.837294,0 days 00:00:42.016777,3.119522757031111e-05,0.4909103094032525,247,0.17230735348467097,63,0.2660747319188713,48,COMPLETE
660,660,0.7735849056603774,2024-01-31 19:40:56.840665,2024-01-31 19:41:38.870251,0 days 00:00:42.029586,6.112781729243097e-05,0.48200505289750456,243,0.4590511848496214,61,0.2812924557574731,39,COMPLETE
661,661,0.8113207547169812,2024-01-31 19:41:38.873602,2024-01-31 19:42:20.065380,0 days 00:00:41.191778,4.4329680670661005e-05,0.4732439867217887,154,0.21923537954770161,59,0.25074910659248223,40,COMPLETE
662,662,0.8301886792452831,2024-01-31 19:42:20.068709,2024-01-31 19:43:01.792806,0 days 00:00:41.724097,7.555574381450126e-05,0.49375044220336484,234,0.1856638519388825,64,0.23294902891226893,44,COMPLETE
663,663,0.8584905660377359,2024-01-31 19:43:01.796203,2024-01-31 19:43:42.899912,0 days 00:00:41.103709,5.027627157047456e-05,0.48417921032601013,228,0.17042739973316226,54,0.2730273385662394,35,COMPLETE
664,664,0.7830188679245284,2024-01-31 19:43:42.903176,2024-01-31 19:44:24.339522,0 days 00:00:41.436346,5.5823658665568e-05,0.4994063817365082,221,0.15361223078712605,64,0.27289205380993553,33,COMPLETE
665,665,0.7735849056603774,2024-01-31 19:44:24.342848,2024-01-31 19:45:05.439737,0 days 00:00:41.096889,8.2565356971959e-05,0.4891530446421186,225,0.17042600350968112,65,0.2858087574600396,37,COMPLETE
666,666,0.7735849056603774,2024-01-31 19:45:05.443113,2024-01-31 19:45:46.988318,0 days 00:00:41.545205,6.576691842747317e-05,0.4859475218542161,225,0.1679640058096467,49,0.27369394579299566,35,COMPLETE
667,667,0.7830188679245284,2024-01-31 19:45:46.991702,2024-01-31 19:46:28.143312,0 days 00:00:41.151610,5.1020704406389585e-05,0.49189663417580365,222,0.14463882476995882,63,0.30206519569409573,33,COMPLETE
668,668,0.7641509433962265,2024-01-31 19:46:28.146712,2024-01-31 19:47:08.785465,0 days 00:00:40.638753,9.249846783155569e-05,0.4686900615520628,146,0.17246454628346536,51,0.2791737382682085,46,COMPLETE
669,669,0.7547169811320755,2024-01-31 19:47:08.788814,2024-01-31 19:47:50.617169,0 days 00:00:41.828355,6.844283936172324e-05,0.47899708594765006,229,0.16408537035492737,83,0.29276029572547535,35,COMPLETE
670,670,0.7924528301886793,2024-01-31 19:47:50.622245,2024-01-31 19:48:32.180506,0 days 00:00:41.558261,3.662457186268055e-05,0.49382288768817545,229,0.15834671863206531,81,0.2643071515139348,36,COMPLETE
671,671,0.7547169811320755,2024-01-31 19:48:32.186117,2024-01-31 19:49:12.139122,0 days 00:00:39.953005,1.4215809668947477e-05,0.4826609905677169,100,0.17820919550867478,67,0.272337844266451,34,COMPLETE
672,672,0.7735849056603774,2024-01-31 19:49:12.142494,2024-01-31 19:49:53.179373,0 days 00:00:41.036879,5.191015852965349e-05,0.4995280734711487,221,0.1320039170404686,61,0.28021749772850046,34,COMPLETE
673,673,0.8113207547169812,2024-01-31 19:49:53.185325,2024-01-31 19:50:34.562280,0 days 00:00:41.376955,0.00010524175725083055,0.4727258038297992,228,0.474796131541394,54,0.26159160301228995,36,COMPLETE
674,674,0.7641509433962265,2024-01-31 19:50:34.565666,2024-01-31 19:51:15.852087,0 days 00:00:41.286421,6.0811829538734115e-05,0.48580292487529664,237,0.22383481879544306,66,0.2706499548432703,31,COMPLETE
675,675,0.7452830188679245,2024-01-31 19:51:15.855526,2024-01-31 19:51:29.843004,0 days 00:00:13.987478,0.003955337629155497,0.4931140840318674,225,0.183839257204112,63,0.25669543646687926,35,COMPLETE
676,676,0.8018867924528302,2024-01-31 19:51:29.843961,2024-01-31 19:52:10.902831,0 days 00:00:41.058870,2.1238925247782778e-05,0.47705942653050243,220,0.17216526119136255,65,0.2887166607506478,45,COMPLETE
677,677,0.7641509433962265,2024-01-31 19:52:10.907387,2024-01-31 19:52:51.300316,0 days 00:00:40.392929,2.9892854629019972e-05,0.4854168585509315,147,0.4868356823424475,61,0.2640770582023592,36,COMPLETE
678,678,0.7924528301886793,2024-01-31 19:52:51.304168,2024-01-31 19:53:32.251962,0 days 00:00:40.947794,1.1287810030751963e-05,0.46912812587194347,229,0.1562818776385075,80,0.2808531726163838,43,COMPLETE
679,679,0.8113207547169812,2024-01-31 19:53:32.255357,2024-01-31 19:54:12.245687,0 days 00:00:39.990330,7.698117837037447e-05,0.49321695203219407,144,0.1859800819533423,67,0.2571476926085623,44,COMPLETE
680,680,0.7641509433962265,2024-01-31 19:54:12.249020,2024-01-31 19:54:21.001123,0 days 00:00:08.752103,0.008368437646093135,0.4995240941212368,240,0.465912058834425,62,0.26725145321198934,37,COMPLETE
681,681,0.8301886792452831,2024-01-31 19:54:21.004163,2024-01-31 19:55:01.663958,0 days 00:00:40.659795,4.933260859194306e-05,0.4799136544513723,232,0.43861157484264635,58,0.2752725708966851,35,COMPLETE
682,682,0.8113207547169812,2024-01-31 19:55:01.669887,2024-01-31 19:55:41.799776,0 days 00:00:40.129889,2.6277945302898573e-05,0.4869250264007948,142,0.22416252687542076,65,0.25254648608601415,45,COMPLETE
683,683,0.8679245283018868,2024-01-31 19:55:41.803892,2024-01-31 19:55:50.241322,0 days 00:00:08.437430,0.018456022884546938,0.4201410632971022,219,0.21163429780096302,63,0.29681457403154926,34,COMPLETE
684,684,0.7830188679245284,2024-01-31 19:55:50.242326,2024-01-31 19:56:04.211065,0 days 00:00:13.968739,0.0012921507190965745,0.42310784380163097,220,0.2306967849547045,46,0.30774369205508056,42,COMPLETE
685,685,0.7735849056603774,2024-01-31 19:56:04.213406,2024-01-31 19:56:43.689528,0 days 00:00:39.476122,0.00012062511099794606,0.4331076991946802,219,0.21910538227964088,64,0.3011838035236111,33,COMPLETE
686,686,0.8018867924528302,2024-01-31 19:56:43.694628,2024-01-31 19:56:52.993012,0 days 00:00:09.298384,0.01657094454336294,0.4595843560816286,217,0.3440875922044211,89,0.2903578059644456,34,COMPLETE
687,687,0.8301886792452831,2024-01-31 19:56:52.994217,2024-01-31 19:57:01.501623,0 days 00:00:08.507406,0.017380403300772285,0.49470862579823394,224,0.20987007030909963,68,0.3076736907250251,46,COMPLETE
688,688,0.7641509433962265,2024-01-31 19:57:01.506027,2024-01-31 19:57:11.392610,0 days 00:00:09.886583,0.026822930765261082,0.48737500313203624,226,0.4922059348073955,66,0.29318656011416677,43,COMPLETE
689,689,0.8018867924528302,2024-01-31 19:57:11.393951,2024-01-31 19:57:25.876189,0 days 00:00:14.482238,0.021073866287805634,0.37367729318558357,222,0.21455083735141336,63,0.29818980510456666,38,COMPLETE
690,690,0.5188679245283019,2024-01-31 19:57:25.879583,2024-01-31 19:57:36.321312,0 days 00:00:10.441729,0.04952513248944685,0.4650459201058475,218,0.2256741829802866,65,0.3132182101552221,44,COMPLETE
691,691,0.8113207547169812,2024-01-31 19:57:36.323013,2024-01-31 19:57:44.422531,0 days 00:00:08.099518,0.011299310878191427,0.41258888473675714,227,0.21703322652527846,69,0.30068070324835355,45,COMPLETE
692,692,0.7924528301886793,2024-01-31 19:57:44.425498,2024-01-31 19:58:24.160022,0 days 00:00:39.734524,8.963469827999969e-05,0.10775785951573064,157,0.2090213365510219,63,0.28445441272754396,42,COMPLETE
693,693,0.8018867924528302,2024-01-31 19:58:24.163514,2024-01-31 19:59:04.358422,0 days 00:00:40.194908,6.4517202014337e-05,0.43925126220547484,223,0.1910997826987246,67,0.2452334454983205,32,COMPLETE
694,694,0.5188679245283019,2024-01-31 19:59:04.361854,2024-01-31 19:59:20.375087,0 days 00:00:16.013233,0.06926654593563282,0.3998485433010701,151,0.17906353914201475,62,0.292853706627831,44,COMPLETE
695,695,0.8113207547169812,2024-01-31 19:59:20.376261,2024-01-31 19:59:32.142785,0 days 00:00:11.766524,0.005656806237323287,0.3354711353715953,226,0.22933714501531394,65,0.24930759376437606,46,COMPLETE
696,696,0.7169811320754716,2024-01-31 19:59:32.145705,2024-01-31 19:59:46.508534,0 days 00:00:14.362829,0.0029795650347851773,0.4069229936040216,138,0.22074110090973237,49,0.4492000217120172,41,COMPLETE
697,697,0.5188679245283019,2024-01-31 19:59:46.510459,2024-01-31 19:59:55.357333,0 days 00:00:08.846874,0.0392028944354188,0.49995418806582187,217,0.16558643704442758,68,0.28622750607422276,22,COMPLETE
698,698,0.7924528301886793,2024-01-31 19:59:55.358513,2024-01-31 20:00:35.613740,0 days 00:00:40.255227,7.445838337196105e-05,0.4750082754714825,230,0.4786533136425866,78,0.2418616237926066,38,COMPLETE
699,699,0.8584905660377359,2024-01-31 20:00:35.617232,2024-01-31 20:00:49.952251,0 days 00:00:14.335019,0.0016934463521720046,0.48837259736975674,226,0.20600576580602276,66,0.25647242683162497,50,COMPLETE
700,700,0.7830188679245284,2024-01-31 20:00:49.953840,2024-01-31 20:01:07.391627,0 days 00:00:17.437787,0.0011171926680032284,0.3524819660072041,222,0.20447092774738754,69,0.26155280267796527,49,COMPLETE
701,701,0.7830188679245284,2024-01-31 20:01:07.395411,2024-01-31 20:01:22.009799,0 days 00:00:14.614388,0.0013892155906334938,0.4836733282619962,224,0.18971059012281286,68,0.2799421800203178,47,COMPLETE
702,702,0.7358490566037735,2024-01-31 20:01:22.011383,2024-01-31 20:01:31.851318,0 days 00:00:09.839935,0.0037717267856971688,0.47351701497227094,220,0.2046327905296862,66,0.29526711175140885,50,COMPLETE
703,703,0.7924528301886793,2024-01-31 20:01:31.857204,2024-01-31 20:01:42.707457,0 days 00:00:10.850253,0.007344466961842017,0.4675745058632878,227,0.19522232743376136,71,0.257283855468383,51,COMPLETE
704,704,0.7547169811320755,2024-01-31 20:01:42.709019,2024-01-31 20:02:02.440665,0 days 00:00:19.731646,0.002422662219334045,0.45486362185444473,217,0.21076689999536746,66,0.30709631234629003,47,COMPLETE
705,705,0.5188679245283019,2024-01-31 20:02:02.446156,2024-01-31 20:02:10.136345,0 days 00:00:07.690189,0.09549397031287843,0.3849711247626776,224,0.19637527231473054,67,0.27092682216173397,52,COMPLETE
706,706,0.7924528301886793,2024-01-31 20:02:10.139637,2024-01-31 20:02:23.488559,0 days 00:00:13.348922,0.0047194952896012395,0.48890389349486013,102,0.18018600241038893,64,0.2617322937541864,51,COMPLETE
707,707,0.7547169811320755,2024-01-31 20:02:23.490696,2024-01-31 20:02:31.335807,0 days 00:00:07.845111,0.0253562318374623,0.4820841749019245,96,0.21119957382268478,71,0.2772209330771477,31,COMPLETE
708,708,0.8301886792452831,2024-01-31 20:02:31.341578,2024-01-31 20:02:48.706999,0 days 00:00:17.365421,0.0015107612879478886,0.4762157780428995,221,0.19133400849194726,66,0.2549639941350126,49,COMPLETE
709,709,0.7075471698113207,2024-01-31 20:02:48.708360,2024-01-31 20:03:02.246215,0 days 00:00:13.537855,0.0018390951633627077,0.49371744021666986,140,0.20174379040869447,69,0.2873670926411676,42,COMPLETE
710,710,0.7452830188679245,2024-01-31 20:03:02.250614,2024-01-31 20:03:17.328313,0 days 00:00:15.077699,0.0021134176344519097,0.4868809350961248,224,0.45109915781477755,80,0.2681936870765501,45,COMPLETE
711,711,0.7924528301886793,2024-01-31 20:03:17.333554,2024-01-31 20:03:56.492760,0 days 00:00:39.159206,5.957410901537136e-05,0.46865235963472845,229,0.1491794901118064,64,0.2640646765442416,50,COMPLETE
712,712,0.7924528301886793,2024-01-31 20:03:56.496227,2024-01-31 20:04:35.830597,0 days 00:00:39.334370,9.230152119311834e-05,0.48145021922240755,134,0.21186669060968763,69,0.2533084184516211,43,COMPLETE
713,713,0.7735849056603774,2024-01-31 20:04:35.835010,2024-01-31 20:04:49.275116,0 days 00:00:13.440106,0.0034778019478529406,0.490537618408764,173,0.20533569000674753,65,0.24286425735776027,43,COMPLETE
714,714,0.8018867924528302,2024-01-31 20:04:49.276094,2024-01-31 20:05:00.200031,0 days 00:00:10.923937,0.010696712638112232,0.4988572563159609,217,0.17114261817073262,109,0.2735941447628578,48,COMPLETE
715,715,0.7924528301886793,2024-01-31 20:05:00.201265,2024-01-31 20:05:41.129764,0 days 00:00:40.928499,4.8745399387029445e-05,0.4210038500368934,228,0.4723536125313083,118,0.28242774106454027,30,COMPLETE
716,716,0.7924528301886793,2024-01-31 20:05:41.133302,2024-01-31 20:06:20.371629,0 days 00:00:39.238327,5.8084917349400064e-05,0.47780904993375234,119,0.18346252743027777,67,0.25929500512548137,48,COMPLETE
717,717,0.8113207547169812,2024-01-31 20:06:20.377666,2024-01-31 20:06:59.467597,0 days 00:00:39.089931,6.567165526426234e-05,0.4870283690048213,143,0.21707694443975348,78,0.29884208143939534,46,COMPLETE
718,718,0.7641509433962265,2024-01-31 20:06:59.471170,2024-01-31 20:07:38.397638,0 days 00:00:38.926468,0.0001501379786027664,0.46976499971387875,149,0.49802972041190435,63,0.24608893741633378,45,COMPLETE
719,719,0.7264150943396226,2024-01-31 20:07:38.401151,2024-01-31 20:08:17.822844,0 days 00:00:39.421693,7.816787401313893e-05,0.459214916094211,115,0.3827169424801782,82,0.2750705032975363,42,COMPLETE
720,720,0.8113207547169812,2024-01-31 20:08:17.826374,2024-01-31 20:08:58.186966,0 days 00:00:40.360592,4.2195514276018e-05,0.49940526279004244,226,0.19873616679599604,71,0.26652250027539637,44,COMPLETE
721,721,0.7924528301886793,2024-01-31 20:08:58.191197,2024-01-31 20:09:13.469202,0 days 00:00:15.278005,0.0018853925356516125,0.4782471357208712,220,0.19480035598874526,75,0.25326446230492033,41,COMPLETE
722,722,0.8113207547169812,2024-01-31 20:09:13.470351,2024-01-31 20:09:30.816356,0 days 00:00:17.346005,0.0008966790156107991,0.3279056097075721,109,0.18790505687207507,66,0.22429147959446974,44,COMPLETE
723,723,0.7924528301886793,2024-01-31 20:09:30.819805,2024-01-31 20:10:10.500866,0 days 00:00:39.681061,5.3557046631680155e-05,0.491402256001021,154,0.20666927506161803,63,0.2830065588603012,41,COMPLETE
724,724,0.7830188679245284,2024-01-31 20:10:10.505324,2024-01-31 20:10:49.964579,0 days 00:00:39.459255,0.00010907968249481868,0.4862657806449455,136,0.21699430689495466,68,0.24199184616694513,55,COMPLETE
725,725,0.8207547169811321,2024-01-31 20:10:49.968156,2024-01-31 20:11:29.877067,0 days 00:00:39.908911,7.20433720251358e-05,0.4739020474837943,182,0.17732629309093684,65,0.29249841747334937,57,COMPLETE
726,726,0.7641509433962265,2024-01-31 20:11:29.882134,2024-01-31 20:12:08.719391,0 days 00:00:38.837257,5.2498227950982307e-05,0.4925161523814487,128,0.20246487845154046,73,0.4839110044303427,47,COMPLETE
727,727,0.7924528301886793,2024-01-31 20:12:08.725588,2024-01-31 20:12:22.977862,0 days 00:00:14.252274,0.002745289756241286,0.482640742676747,231,0.21153213623245448,103,0.43393258117850647,56,COMPLETE
728,728,0.7452830188679245,2024-01-31 20:12:22.980107,2024-01-31 20:13:03.012990,0 days 00:00:40.032883,4.158849781692402e-05,0.46627223947798097,224,0.46648262602753354,79,0.261159349547316,32,COMPLETE
729,729,0.7735849056603774,2024-01-31 20:13:03.016593,2024-01-31 20:13:42.274726,0 days 00:00:39.258133,9.558036289328915e-05,0.25396051236813044,161,0.1928725596971462,70,0.2530207879874442,50,COMPLETE
730,730,0.7452830188679245,2024-01-31 20:13:42.278263,2024-01-31 20:13:51.250594,0 days 00:00:08.972331,0.03067873127246299,0.16522026900821382,140,0.4148614275677678,63,0.2737502632232261,43,COMPLETE
731,731,0.8207547169811321,2024-01-31 20:13:51.251873,2024-01-31 20:14:31.500226,0 days 00:00:40.248353,6.395579457853178e-05,0.4993475163752254,214,0.21965587362305258,67,0.23507633473416914,53,COMPLETE
732,732,0.7735849056603774,2024-01-31 20:14:31.503830,2024-01-31 20:15:09.991288,0 days 00:00:38.487458,8.243819111096267e-05,0.14363701805601675,90,0.1546687435646276,61,0.26683575791340775,42,COMPLETE
733,733,0.7641509433962265,2024-01-31 20:15:09.994831,2024-01-31 20:15:50.423623,0 days 00:00:40.428792,4.456435833610696e-05,0.48664826377945547,229,0.18576775557782552,84,0.2472501032071181,40,COMPLETE
734,734,0.8018867924528302,2024-01-31 20:15:50.427189,2024-01-31 20:16:07.891851,0 days 00:00:17.464662,0.001665400983680763,0.4773226419205316,146,0.16815961688332104,76,0.2590444994512142,45,COMPLETE
735,735,0.7830188679245284,2024-01-31 20:16:07.893804,2024-01-31 20:16:47.048844,0 days 00:00:39.155040,3.6777676222555725e-05,0.4436199224390382,132,0.48829609340432406,66,0.28773458675710606,40,COMPLETE
736,736,0.7735849056603774,2024-01-31 20:16:47.052414,2024-01-31 20:17:27.213210,0 days 00:00:40.160796,5.787476216257136e-05,0.49279297074760536,221,0.3174162301229269,70,0.3041691991643256,43,COMPLETE
737,737,0.7358490566037735,2024-01-31 20:17:27.216812,2024-01-31 20:18:06.939264,0 days 00:00:39.722452,0.00012172830777082205,0.4829215143834145,232,0.2029085754057446,64,0.46554517989683997,41,COMPLETE
738,738,0.7924528301886793,2024-01-31 20:18:06.942841,2024-01-31 20:18:47.177855,0 days 00:00:40.235014,4.777668312044959e-05,0.4625381171757144,226,0.2326348757225902,62,0.2742549484153151,44,COMPLETE
739,739,0.5188679245283019,2024-01-31 20:18:47.181459,2024-01-31 20:18:58.970483,0 days 00:00:11.789024,0.04624528670055614,0.47184404152685777,218,0.22303209853660966,73,0.2411311604297796,39,COMPLETE
740,740,0.7830188679245284,2024-01-31 20:18:58.973690,2024-01-31 20:19:38.774048,0 days 00:00:39.800358,7.424572140313897e-05,0.4915218282941569,168,0.21326431521085298,68,0.2643509879559934,46,COMPLETE
741,741,0.6886792452830188,2024-01-31 20:19:38.777680,2024-01-31 20:19:53.656323,0 days 00:00:14.878643,0.0010397639118119232,0.4794734068317069,137,0.19057040507859185,65,0.28123751655735874,54,COMPLETE
742,742,0.8018867924528302,2024-01-31 20:19:53.657461,2024-01-31 20:20:33.821041,0 days 00:00:40.163580,5.435744582150229e-05,0.48567410984201453,223,0.1987465701276581,77,0.25065851921425875,42,COMPLETE
743,743,0.7547169811320755,2024-01-31 20:20:33.824644,2024-01-31 20:21:13.205147,0 days 00:00:39.380503,7.516974249352162e-05,0.49113565110054364,124,0.14277312556553043,81,0.23071743065563458,45,COMPLETE
