,number,value,datetime_start,datetime_complete,duration,params_learning_rate,params_merged_1_dropout,params_merged_1_size,params_merged_2_dropout,params_merged_2_size,params_merged_3_dropout,params_merged_3_size,state
1171,1171,0.5188679245283019,2024-01-31 21:45:22.174830,2024-01-31 21:45:31.079442,0 days 00:00:08.904612,0.09259008004077396,0.4860636908903335,247,0.21171280333864007,53,0.2737026289797821,42,COMPLETE
1172,1172,0.7735849056603774,2024-01-31 21:45:31.081337,2024-01-31 21:45:39.810275,0 days 00:00:08.728938,0.015343206123074247,0.4931115997475272,103,0.19809320817925935,61,0.3072818416138527,40,COMPLETE
1173,1173,0.7735849056603774,2024-01-31 21:45:39.811762,2024-01-31 21:45:49.523681,0 days 00:00:09.711919,0.023317236636193617,0.19814196369762874,243,0.18699493174986298,59,0.29514257087157897,43,COMPLETE
1174,1174,0.5188679245283019,2024-01-31 21:45:49.526832,2024-01-31 21:45:58.346903,0 days 00:00:08.820071,0.018624126970399793,0.4809346720673536,244,0.21106001216376352,56,0.2865942332638099,41,COMPLETE
1175,1175,0.839622641509434,2024-01-31 21:45:58.350776,2024-01-31 21:46:10.054796,0 days 00:00:11.704020,0.015408303558098475,0.1884733111009817,253,0.2037619389502844,57,0.2829235758741633,43,COMPLETE
1176,1176,0.7830188679245284,2024-01-31 21:46:10.057996,2024-01-31 21:46:21.836859,0 days 00:00:11.778863,0.02375375922135773,0.2141874481928894,256,0.18728842222108136,64,0.27738015976666697,42,COMPLETE
1177,1177,0.7358490566037735,2024-01-31 21:46:21.838891,2024-01-31 21:46:34.101074,0 days 00:00:12.262183,0.012795129896584906,0.4097505917406178,241,0.19719382964131807,62,0.27764710285868704,38,COMPLETE
1178,1178,0.7452830188679245,2024-01-31 21:46:34.107220,2024-01-31 21:47:15.063683,0 days 00:00:40.956463,1.0361188675805885e-05,0.4994946508314926,247,0.20570494449501697,56,0.2725163354205486,37,COMPLETE
1179,1179,0.8113207547169812,2024-01-31 21:47:15.069053,2024-01-31 21:47:23.676342,0 days 00:00:08.607289,0.019368364042754178,0.4732951084130272,246,0.21517928987835128,80,0.33617927831388855,44,COMPLETE
1180,1180,0.7641509433962265,2024-01-31 21:47:23.677656,2024-01-31 21:48:03.671372,0 days 00:00:39.993716,5.758669905473265e-05,0.4229829002700887,241,0.18694920357364275,54,0.28824769771844355,40,COMPLETE
1181,1181,0.7924528301886793,2024-01-31 21:48:03.676581,2024-01-31 21:48:12.405294,0 days 00:00:08.728713,0.025706124442680806,0.39352624356135313,112,0.19547935560505242,51,0.3019510241425352,39,COMPLETE
1182,1182,0.8018867924528302,2024-01-31 21:48:12.410529,2024-01-31 21:48:20.562501,0 days 00:00:08.151972,0.016116961870455915,0.48578389326128135,93,0.18392632938117437,61,0.26983045765856006,42,COMPLETE
1183,1183,0.7358490566037735,2024-01-31 21:48:20.563848,2024-01-31 21:48:59.166978,0 days 00:00:38.603130,4.2051689381787754e-05,0.201345898289708,74,0.43125320522045085,64,0.2890864875746628,64,COMPLETE
1184,1184,0.7924528301886793,2024-01-31 21:48:59.173369,2024-01-31 21:49:09.077884,0 days 00:00:09.904515,0.02031972003061501,0.16083873577807992,86,0.22273170754508062,65,0.28025745011218955,41,COMPLETE
1185,1185,0.7735849056603774,2024-01-31 21:49:09.079835,2024-01-31 21:49:21.091104,0 days 00:00:12.011269,0.0041363012509937945,0.47741191348508205,80,0.20088519527614412,80,0.295888930174466,43,COMPLETE
1186,1186,0.7547169811320755,2024-01-31 21:49:21.097750,2024-01-31 21:49:34.373806,0 days 00:00:13.276056,0.0017001226885514358,0.4912480495754823,97,0.2120050705603415,57,0.2727879428513013,46,COMPLETE
1187,1187,0.7641509433962265,2024-01-31 21:49:34.375571,2024-01-31 21:49:46.539344,0 days 00:00:12.163773,0.012123473294919852,0.4701533825575108,69,0.191866110624147,78,0.3125475423358236,40,COMPLETE
1188,1188,0.8301886792452831,2024-01-31 21:49:46.541905,2024-01-31 21:49:54.536847,0 days 00:00:07.994942,0.01763538153189098,0.3862314956085735,252,0.3689657190027544,60,0.2669006520233755,36,COMPLETE
1189,1189,0.7830188679245284,2024-01-31 21:49:54.540598,2024-01-31 21:50:34.769954,0 days 00:00:40.229356,4.945148645117045e-05,0.4788501841172651,244,0.20614387913571067,63,0.2805812116919859,42,COMPLETE
1190,1190,0.7830188679245284,2024-01-31 21:50:34.775338,2024-01-31 21:50:50.475510,0 days 00:00:15.700172,0.002723912035427661,0.48635906985877125,238,0.18350155740099394,55,0.26935444436433437,44,COMPLETE
1191,1191,0.8018867924528302,2024-01-31 21:50:50.477306,2024-01-31 21:51:17.995169,0 days 00:00:27.517863,0.00030658360834178697,0.46996390254343895,162,0.35755757334773586,67,0.2948874443000431,64,COMPLETE
1192,1192,0.7735849056603774,2024-01-31 21:51:17.999989,2024-01-31 21:51:25.752130,0 days 00:00:07.752141,0.022471779986892218,0.481173186188507,119,0.19388622696715183,80,0.12628230604145368,48,COMPLETE
1193,1193,0.8018867924528302,2024-01-31 21:51:25.755972,2024-01-31 21:51:35.214248,0 days 00:00:09.458276,0.027478355941298,0.4914471052823979,200,0.21446546253773138,52,0.10044225972936308,41,COMPLETE
1194,1194,0.8018867924528302,2024-01-31 21:51:35.216378,2024-01-31 21:52:15.386135,0 days 00:00:40.169757,3.3919722834907854e-05,0.3703286851164567,190,0.2008480886662194,59,0.28909477444617354,39,COMPLETE
1195,1195,0.8113207547169812,2024-01-31 21:52:15.391572,2024-01-31 21:52:25.005414,0 days 00:00:09.613842,0.014425529989739793,0.49966178991248955,241,0.18190293836318114,65,0.27693900782022024,43,COMPLETE
1196,1196,0.8018867924528302,2024-01-31 21:52:25.007300,2024-01-31 21:52:38.504153,0 days 00:00:13.496853,0.02149574875033199,0.46965058610469923,248,0.4234542963199849,81,0.3036154504316306,40,COMPLETE
1197,1197,0.7735849056603774,2024-01-31 21:52:38.506095,2024-01-31 21:52:46.321343,0 days 00:00:07.815248,0.017078517515696952,0.46335868101766237,241,0.2249567343733634,78,0.2686296763532665,45,COMPLETE
1198,1198,0.7735849056603774,2024-01-31 21:52:46.323298,2024-01-31 21:52:54.517325,0 days 00:00:08.194027,0.02676503908121871,0.48572150686754684,238,0.3234467129962308,54,0.266748481967544,41,COMPLETE
1199,1199,0.7830188679245284,2024-01-31 21:52:54.520705,2024-01-31 21:53:34.803213,0 days 00:00:40.282508,5.8967554133469694e-05,0.4763278312887379,198,0.1913249804016661,66,0.2843015569745291,43,COMPLETE
1200,1200,0.7169811320754716,2024-01-31 21:53:34.808619,2024-01-31 21:53:56.936484,0 days 00:00:22.127865,0.0005580740438681678,0.4802598973973414,252,0.2002570789938577,62,0.11799681518771427,42,COMPLETE
1201,1201,0.8490566037735849,2024-01-31 21:53:56.937910,2024-01-31 21:54:05.338972,0 days 00:00:08.401062,0.020038971632113156,0.49276215790331707,169,0.1884015959957882,57,0.2783354979677755,38,COMPLETE
1202,1202,0.8018867924528302,2024-01-31 21:54:05.341660,2024-01-31 21:54:20.373069,0 days 00:00:15.031409,0.011903107777116655,0.10619592181214108,214,0.3424681005798418,82,0.4931359564183345,44,COMPLETE
1203,1203,0.8301886792452831,2024-01-31 21:54:20.375170,2024-01-31 21:54:28.388056,0 days 00:00:08.012886,0.014739625482120376,0.1337158871708325,246,0.20478865047420045,113,0.13648090458469267,64,COMPLETE
1204,1204,0.7735849056603774,2024-01-31 21:54:28.391027,2024-01-31 21:54:40.509010,0 days 00:00:12.117983,0.03210962598329512,0.46609098210864086,194,0.21172815897944525,79,0.1076984995644245,23,COMPLETE
1205,1205,0.7830188679245284,2024-01-31 21:54:40.512398,2024-01-31 21:54:49.430168,0 days 00:00:08.917770,0.02350538347547097,0.4999115816045459,205,0.179326566813429,77,0.12759225193345114,40,COMPLETE
1206,1206,0.8207547169811321,2024-01-31 21:54:49.432191,2024-01-31 21:55:28.787882,0 days 00:00:39.355691,7.172195808378218e-05,0.45469433961374967,108,0.19660787416563183,61,0.264818068026728,41,COMPLETE
1207,1207,0.8018867924528302,2024-01-31 21:55:28.793998,2024-01-31 21:55:38.563981,0 days 00:00:09.769983,0.018206629552824375,0.4363025699062219,239,0.4432232003233155,67,0.11379947362149952,42,COMPLETE
1208,1208,0.8018867924528302,2024-01-31 21:55:38.570122,2024-01-31 21:56:19.163474,0 days 00:00:40.593352,4.0474549999762164e-05,0.4751234667121127,244,0.22587209598079616,58,0.28695034914984396,39,COMPLETE
1209,1209,0.8113207547169812,2024-01-31 21:56:19.169734,2024-01-31 21:56:58.026381,0 days 00:00:38.856647,5.3432078099905076e-05,0.4867120922284337,83,0.21458911151073606,64,0.14770073046748788,47,COMPLETE
1210,1210,0.7830188679245284,2024-01-31 21:56:58.032020,2024-01-31 21:57:37.135535,0 days 00:00:39.103515,2.4895118205205194e-05,0.46437524790020396,90,0.18439165805829597,55,0.2757125804214818,44,COMPLETE
1211,1211,0.8207547169811321,2024-01-31 21:57:37.139794,2024-01-31 21:57:46.771032,0 days 00:00:09.631238,0.014452853893674908,0.4811547713465174,250,0.2062325030402254,79,0.3218904242875662,36,COMPLETE
1212,1212,0.7830188679245284,2024-01-31 21:57:46.774762,2024-01-31 21:57:56.340257,0 days 00:00:09.565495,0.021773830484085856,0.47180157022134994,216,0.1043195740852476,52,0.2933720992079358,43,COMPLETE
1213,1213,0.6886792452830188,2024-01-31 21:57:56.342603,2024-01-31 21:58:05.303226,0 days 00:00:08.960623,0.028803456525032866,0.12839523255806512,179,0.19419547401706552,126,0.15991524816680955,63,COMPLETE
1214,1214,0.5188679245283019,2024-01-31 21:58:05.307531,2024-01-31 21:58:18.545496,0 days 00:00:13.237965,0.061415712838709745,0.4885875782330152,100,0.17859285756129586,68,0.30398615832729764,45,COMPLETE
1215,1215,0.7830188679245284,2024-01-31 21:58:18.547071,2024-01-31 21:58:27.176731,0 days 00:00:08.629660,0.017093980652019038,0.4442178289284131,211,0.18605571861261175,82,0.2642971333784679,42,COMPLETE
1216,1216,0.8113207547169812,2024-01-31 21:58:27.178822,2024-01-31 21:59:07.750044,0 days 00:00:40.571222,1.3017569195644559e-05,0.49337263691047606,219,0.21657635790600707,77,0.12241250363957679,41,COMPLETE
1217,1217,0.8018867924528302,2024-01-31 21:59:07.755591,2024-01-31 21:59:15.825818,0 days 00:00:08.070227,0.024758041783204034,0.4570745538055216,234,0.19997304768229454,65,0.364000053277528,38,COMPLETE
1218,1218,0.7452830188679245,2024-01-31 21:59:15.827150,2024-01-31 21:59:27.666708,0 days 00:00:11.839558,0.011648289734624295,0.479628394164905,237,0.19214520014124686,60,0.2735589142213294,64,COMPLETE
1219,1219,0.8113207547169812,2024-01-31 21:59:27.668394,2024-01-31 21:59:36.062200,0 days 00:00:08.393806,0.01966875461735535,0.47046794372516687,73,0.2068498235738098,74,0.13075686352766747,40,COMPLETE
1220,1220,0.7641509433962265,2024-01-31 21:59:36.064493,2024-01-31 22:00:16.326639,0 days 00:00:40.262146,4.722153359574307e-05,0.18509737656652184,198,0.17676125079998514,79,0.26098327462282517,43,COMPLETE
1221,1221,0.8207547169811321,2024-01-31 22:00:16.332159,2024-01-31 22:00:24.443286,0 days 00:00:08.111127,0.015937080780308976,0.48653646043991733,202,0.22097731881766258,62,0.2850098063360637,37,COMPLETE
1222,1222,0.7735849056603774,2024-01-31 22:00:24.446017,2024-01-31 22:01:04.777158,0 days 00:00:40.331141,6.625490105003602e-05,0.351711503247882,217,0.18900333041670148,68,0.2699969536389614,44,COMPLETE
1223,1223,0.7924528301886793,2024-01-31 22:01:04.782749,2024-01-31 22:01:45.423797,0 days 00:00:40.641048,3.413558212550658e-05,0.4631590100504653,256,0.20031964366961125,55,0.29504730786418154,63,COMPLETE
1224,1224,0.7924528301886793,2024-01-31 22:01:45.430209,2024-01-31 22:01:57.824050,0 days 00:00:12.393841,0.0253109475133103,0.1492282521060207,206,0.21192074888167578,82,0.3105417357005825,50,COMPLETE
1225,1225,0.8301886792452831,2024-01-31 22:01:57.826194,2024-01-31 22:02:05.999403,0 days 00:00:08.173209,0.020043428042504183,0.4764646464292556,78,0.18048049264930563,76,0.13713071605384142,35,COMPLETE
1226,1226,0.7641509433962265,2024-01-31 22:02:06.002259,2024-01-31 22:02:20.623463,0 days 00:00:14.621204,0.005404129356184072,0.49486564019622425,245,0.19559873677203385,63,0.11199711224855262,39,COMPLETE
1227,1227,0.5188679245283019,2024-01-31 22:02:20.625969,2024-01-31 22:02:30.345846,0 days 00:00:09.719877,0.03269694734007797,0.48408353008667504,105,0.208087155041357,81,0.26185696768380806,42,COMPLETE
1228,1228,0.7924528301886793,2024-01-31 22:02:30.349480,2024-01-31 22:02:42.139117,0 days 00:00:11.789637,0.01376830759616147,0.47254101117335184,240,0.18772827452135882,66,0.2765933192284208,41,COMPLETE
1229,1229,0.8018867924528302,2024-01-31 22:02:42.140423,2024-01-31 22:02:55.636832,0 days 00:00:13.496409,0.016404752443135624,0.4535432347111072,234,0.22836421655613895,53,0.28308300829696453,46,COMPLETE
1230,1230,0.7735849056603774,2024-01-31 22:02:55.640699,2024-01-31 22:03:35.093661,0 days 00:00:39.452962,2.738412430923792e-05,0.46372308395277284,95,0.17623856967387871,80,0.12218260511683139,45,COMPLETE
1231,1231,0.8490566037735849,2024-01-31 22:03:35.099250,2024-01-31 22:03:43.241647,0 days 00:00:08.142397,0.02333798208549188,0.4886939137517172,64,0.20091826512605046,58,0.2678894142585018,42,COMPLETE
1232,1232,0.7924528301886793,2024-01-31 22:03:43.244013,2024-01-31 22:04:23.915432,0 days 00:00:40.671419,5.3378182975474076e-05,0.19471229782164773,212,0.21692749800607544,74,0.34101214612945163,62,COMPLETE
1233,1233,0.7641509433962265,2024-01-31 22:04:23.921031,2024-01-31 22:04:48.706758,0 days 00:00:24.785727,0.0004380238754195197,0.477901551461716,221,0.19090619109116852,77,0.3020190284225817,64,COMPLETE
1234,1234,0.7924528301886793,2024-01-31 22:04:48.709737,2024-01-31 22:04:59.304495,0 days 00:00:10.594758,0.018971455960713323,0.494949971118985,251,0.18256726375318358,69,0.26047115311720226,43,COMPLETE
1235,1235,0.8301886792452831,2024-01-31 22:04:59.307919,2024-01-31 22:05:12.081686,0 days 00:00:12.773767,0.011413972474926792,0.4701600242170708,215,0.20690829153370427,64,0.2923013292213571,40,COMPLETE
1236,1236,0.8018867924528302,2024-01-31 22:05:12.085387,2024-01-31 22:05:20.997130,0 days 00:00:08.911743,0.02876282555604474,0.48174499632584045,208,0.19632506981402542,60,0.1429862388039889,63,COMPLETE
1237,1237,0.8207547169811321,2024-01-31 22:05:20.999195,2024-01-31 22:06:01.691334,0 days 00:00:40.692139,1.5946960624998184e-05,0.4487322585599417,188,0.17604367527612896,83,0.38444774457384967,40,COMPLETE
1238,1238,0.8301886792452831,2024-01-31 22:06:01.696934,2024-01-31 22:06:13.548052,0 days 00:00:11.851118,0.013897498032927148,0.45939385497522683,244,0.22228031885428534,67,0.1307079488145899,38,COMPLETE
1239,1239,0.8207547169811321,2024-01-31 22:06:13.551087,2024-01-31 22:06:23.531697,0 days 00:00:09.980610,0.020140085749412943,0.48844829307135046,220,0.18807434815247698,78,0.2777077403791107,62,COMPLETE
1240,1240,0.7830188679245284,2024-01-31 22:06:23.533763,2024-01-31 22:07:03.807683,0 days 00:00:40.273920,8.072627144945158e-05,0.4020832849688776,232,0.20370577608216234,57,0.11861943400604513,64,COMPLETE
1241,1241,0.7264150943396226,2024-01-31 22:07:03.814708,2024-01-31 22:07:44.892029,0 days 00:00:41.077321,6.442537505186155e-05,0.47546404163905476,237,0.21135396704194134,80,0.27324804179885126,44,COMPLETE
1242,1242,0.7735849056603774,2024-01-31 22:07:44.897527,2024-01-31 22:08:24.905752,0 days 00:00:40.008225,4.143536222569963e-05,0.46667120509021487,183,0.19572185092858618,51,0.2856269003729589,41,COMPLETE
1243,1243,0.7452830188679245,2024-01-31 22:08:24.911381,2024-01-31 22:08:32.942550,0 days 00:00:08.031169,0.017049415665544906,0.4833409981540566,224,0.1841630833482909,55,0.25664250861233406,42,COMPLETE
1244,1244,0.7830188679245284,2024-01-31 22:08:32.943854,2024-01-31 22:08:42.837612,0 days 00:00:09.893758,0.025741436561752196,0.4993760305069248,228,0.17600545486636235,75,0.26465585553684956,39,COMPLETE
1245,1245,0.8301886792452831,2024-01-31 22:08:42.839024,2024-01-31 22:08:52.782516,0 days 00:00:09.943492,0.021585853447133898,0.12262085360840333,242,0.20078400464298415,63,0.29885165231520494,43,COMPLETE
1246,1246,0.8113207547169812,2024-01-31 22:08:52.784337,2024-01-31 22:09:01.476262,0 days 00:00:08.691925,0.030726765542368757,0.47511730000866853,218,0.21729310149070116,65,0.10836560881312982,48,COMPLETE
1247,1247,0.8301886792452831,2024-01-31 22:09:01.478115,2024-01-31 22:09:12.320906,0 days 00:00:10.842791,0.016235496082297688,0.4179205870231567,248,0.1917585757128977,69,0.13444299349621297,62,COMPLETE
1248,1248,0.8113207547169812,2024-01-31 22:09:12.323550,2024-01-31 22:09:36.462530,0 days 00:00:24.138980,0.0007142507665283278,0.48509507268900787,211,0.17390143922033824,77,0.26871373292229583,45,COMPLETE
1249,1249,0.7547169811320755,2024-01-31 22:09:36.469878,2024-01-31 22:10:16.343551,0 days 00:00:39.873673,2.1375749193411435e-05,0.49268966679811926,202,0.2067277103423914,73,0.10015986665375387,17,COMPLETE
1250,1250,0.5188679245283019,2024-01-31 22:10:16.349188,2024-01-31 22:10:26.565649,0 days 00:00:10.216461,0.039197296115346794,0.4681087291761414,233,0.18120756692306086,83,0.2798876200213774,41,COMPLETE
1251,1251,0.7830188679245284,2024-01-31 22:10:26.569405,2024-01-31 22:11:07.134849,0 days 00:00:40.565444,3.280608901837224e-05,0.4595177208866515,215,0.3981332550358204,61,0.2555490477795009,42,COMPLETE
1252,1252,0.7735849056603774,2024-01-31 22:11:07.138425,2024-01-31 22:11:47.607649,0 days 00:00:40.469224,4.666887661801816e-05,0.4788187683777876,227,0.23336952355354665,66,0.12323539474363115,37,COMPLETE
1253,1253,0.8773584905660378,2024-01-31 22:11:47.613239,2024-01-31 22:11:55.732440,0 days 00:00:08.119201,0.023718014709908596,0.43868761866483347,112,0.19389715856663292,49,0.15434590209403037,63,COMPLETE
1254,1254,0.8207547169811321,2024-01-31 22:11:55.734192,2024-01-31 22:12:03.816511,0 days 00:00:08.082319,0.013684921265720995,0.4392615733071144,103,0.19217071351405646,49,0.15785418052544234,63,COMPLETE
1255,1255,0.8113207547169812,2024-01-31 22:12:03.819937,2024-01-31 22:12:11.529206,0 days 00:00:07.709269,0.01853156075759992,0.4372667563604469,114,0.18542069675698422,52,0.13748002746765087,64,COMPLETE
1256,1256,0.8301886792452831,2024-01-31 22:12:11.530881,2024-01-31 22:12:20.326509,0 days 00:00:08.795628,0.022297123522400195,0.4495073192319858,207,0.19295292837744013,47,0.14546001787119586,63,COMPLETE
1257,1257,0.7735849056603774,2024-01-31 22:12:20.327869,2024-01-31 22:12:52.879980,0 days 00:00:32.552111,0.00022436356357785736,0.44193556944749585,107,0.18380955215525507,40,0.15026134250939455,62,COMPLETE
1258,1258,0.7830188679245284,2024-01-31 22:12:52.885606,2024-01-31 22:13:05.079474,0 days 00:00:12.193868,0.011398015452356821,0.4484207471138194,108,0.19712360792454017,47,0.16641488927074455,63,COMPLETE
1259,1259,0.8301886792452831,2024-01-31 22:13:05.082073,2024-01-31 22:13:44.258919,0 days 00:00:39.176846,5.468782053201229e-05,0.422061752419712,99,0.1734929299648359,50,0.14669511874813876,64,COMPLETE
1260,1260,0.7735849056603774,2024-01-31 22:13:44.264360,2024-01-31 22:13:52.163886,0 days 00:00:07.899526,0.016194121777156706,0.42556964515196755,124,0.1881980913906741,46,0.15347448863614935,62,COMPLETE
1261,1261,0.7641509433962265,2024-01-31 22:13:52.165687,2024-01-31 22:14:30.571455,0 days 00:00:38.405768,0.0001447904501341269,0.4183448245246209,119,0.1818815014303362,52,0.15059520879919294,64,COMPLETE
1262,1262,0.8018867924528302,2024-01-31 22:14:30.576508,2024-01-31 22:14:38.554994,0 days 00:00:07.978486,0.02020327302779138,0.4226198230300752,117,0.2005603141633406,49,0.13613721546383245,63,COMPLETE
1263,1263,0.8113207547169812,2024-01-31 22:14:38.556722,2024-01-31 22:15:56.097779,0 days 00:01:17.541057,6.934467307129948e-05,0.43350852152352054,91,0.19131659498487188,59,0.16785845642120095,61,COMPLETE
1264,1264,0.8113207547169812,2024-01-31 22:15:56.103584,2024-01-31 22:16:40.546380,0 days 00:00:44.442796,3.7778025042170455e-05,0.43019665541428587,95,0.17490898556942264,47,0.15291563932111968,62,COMPLETE
1265,1265,0.7735849056603774,2024-01-31 22:16:40.551908,2024-01-31 22:16:58.922645,0 days 00:00:18.370737,0.0014069372505679386,0.4298886331210646,111,0.19825502893787936,42,0.14545947663233144,63,COMPLETE
1266,1266,0.8113207547169812,2024-01-31 22:16:58.928736,2024-01-31 22:17:13.103337,0 days 00:00:14.174601,0.026635710556521645,0.4402059369349389,104,0.1788441368634553,49,0.1409817515733864,61,COMPLETE
1267,1267,0.7547169811320755,2024-01-31 22:17:13.108267,2024-01-31 22:17:23.424018,0 days 00:00:10.315751,0.013718528873500429,0.4439358013311522,113,0.1896734139949947,47,0.135041010210319,63,COMPLETE
1268,1268,0.7830188679245284,2024-01-31 22:17:23.427984,2024-01-31 22:17:31.784043,0 days 00:00:08.356059,0.01806271734591607,0.43606424436794644,92,0.16884624570784687,50,0.12620649261376354,64,COMPLETE
1269,1269,0.7830188679245284,2024-01-31 22:17:31.788317,2024-01-31 22:17:40.825181,0 days 00:00:09.036864,0.021523915410200642,0.4437972709495313,100,0.19718189227129743,56,0.16234107123015007,62,COMPLETE
1270,1270,0.8207547169811321,2024-01-31 22:17:40.826977,2024-01-31 22:18:23.372227,0 days 00:00:42.545250,2.852290650550392e-05,0.4461839568257769,123,0.18426140029869206,49,0.14079788779385158,64,COMPLETE
1271,1271,0.7452830188679245,2024-01-31 22:18:23.378499,2024-01-31 22:19:05.171505,0 days 00:00:41.793006,5.6383582826621877e-05,0.43618462803079694,87,0.20273738098245206,81,0.37468985694071355,61,COMPLETE
1272,1272,0.7830188679245284,2024-01-31 22:19:05.177346,2024-01-31 22:19:14.160293,0 days 00:00:08.982947,0.030706904792055206,0.49983088552985716,100,0.1892781893137054,61,0.15213645100823248,63,COMPLETE
1273,1273,0.7547169811320755,2024-01-31 22:19:14.161686,2024-01-31 22:19:55.772110,0 days 00:00:41.610424,7.885074852104191e-05,0.4918550687082201,118,0.16989068966872084,53,0.13153770182809935,62,COMPLETE
1274,1274,0.7830188679245284,2024-01-31 22:19:55.778086,2024-01-31 22:20:07.997253,0 days 00:00:12.219167,0.024948090847191243,0.4517771267472483,111,0.18101892354344168,44,0.129303474163538,61,COMPLETE
1275,1275,0.8207547169811321,2024-01-31 22:20:07.999742,2024-01-31 22:20:16.585520,0 days 00:00:08.585778,0.01632952737797498,0.48450253370716007,95,0.19482400220412105,80,0.11495744738694959,64,COMPLETE
1276,1276,0.8301886792452831,2024-01-31 22:20:16.591234,2024-01-31 22:20:25.781808,0 days 00:00:09.190574,0.01337472100684461,0.42962796707136297,219,0.3862091579836806,84,0.1608709357335065,60,COMPLETE
