,number,value,datetime_start,datetime_complete,duration,params_learning_rate,params_merged_1_dropout,params_merged_1_size,params_merged_2_dropout,params_merged_2_size,params_merged_3_dropout,params_merged_3_size,state
1277,1277,0.7641509433962265,2024-01-31 22:20:25.784293,2024-01-31 22:20:35.667822,0 days 00:00:09.883529,0.009613266526833293,0.4995951785345147,85,0.20566852785083675,59,0.2897983196407151,62,COMPLETE
1278,1278,0.7830188679245284,2024-01-31 22:20:35.670349,2024-01-31 22:21:18.555742,0 days 00:00:42.885393,4.5806152868009776e-05,0.4919348619033207,198,0.41649404520427413,79,0.1418929451585102,35,COMPLETE
1279,1279,0.8113207547169812,2024-01-31 22:21:18.561584,2024-01-31 22:21:36.942451,0 days 00:00:18.380867,0.0011663604851408084,0.4876349671670892,120,0.1831838909139697,54,0.398435532551371,63,COMPLETE
1280,1280,0.7830188679245284,2024-01-31 22:21:36.944668,2024-01-31 22:21:46.324830,0 days 00:00:09.380162,0.019419483228990186,0.453018810258493,115,0.1998358669838886,43,0.27538279366736207,63,COMPLETE
1281,1281,0.7735849056603774,2024-01-31 22:21:46.327501,2024-01-31 22:22:28.544221,0 days 00:00:42.216720,2.3477571878151495e-05,0.28024020343077244,256,0.1738764995673038,45,0.15476348753632901,59,COMPLETE
1282,1282,0.8207547169811321,2024-01-31 22:22:28.550685,2024-01-31 22:22:37.467078,0 days 00:00:08.916393,0.02329881230953286,0.4813666040444922,106,0.19185428576897254,57,0.12340888736939477,64,COMPLETE
1283,1283,0.7264150943396226,2024-01-31 22:22:37.471583,2024-01-31 22:22:50.848103,0 days 00:00:13.376520,0.0022301131684897522,0.4113026818417592,103,0.2091803077761839,51,0.26596058289476054,60,COMPLETE
1284,1284,0.8301886792452831,2024-01-31 22:22:50.850229,2024-01-31 22:23:01.594722,0 days 00:00:10.744493,0.03675816303220186,0.49302744813798144,214,0.1633142060171224,63,0.28572763090245845,39,COMPLETE
1285,1285,0.839622641509434,2024-01-31 22:23:01.597851,2024-01-31 22:23:42.980830,0 days 00:00:41.382979,1.8436350380836454e-05,0.36033029572983716,90,0.18520846627720966,81,0.133756954560115,62,COMPLETE
1286,1286,0.8113207547169812,2024-01-31 22:23:42.986917,2024-01-31 22:23:50.979091,0 days 00:00:07.992174,0.015395802237695792,0.47738103224079725,98,0.19970824120573513,61,0.3084419957187336,40,COMPLETE
1287,1287,0.8207547169811321,2024-01-31 22:23:50.980347,2024-01-31 22:24:00.650793,0 days 00:00:09.670446,0.011356158797809143,0.48847550308203536,204,0.17803014253212385,43,0.14417491117793835,64,COMPLETE
1288,1288,0.8018867924528302,2024-01-31 22:24:00.652657,2024-01-31 22:24:43.211616,0 days 00:00:42.558959,6.370416362958294e-05,0.10179772286420802,221,0.19318889335350056,78,0.11666271623786277,36,COMPLETE
1289,1289,0.7924528301886793,2024-01-31 22:24:43.217560,2024-01-31 22:24:52.249471,0 days 00:00:09.031911,0.018696578238366558,0.47243647348762363,193,0.20534093371960258,84,0.26160512827870247,61,COMPLETE
1290,1290,0.8207547169811321,2024-01-31 22:24:52.251874,2024-01-31 22:25:01.835853,0 days 00:00:09.583979,0.028751688303261483,0.34093715724499885,109,0.1689490771257658,58,0.2780948468352988,49,COMPLETE
1291,1291,0.8301886792452831,2024-01-31 22:25:01.839741,2024-01-31 22:25:44.198173,0 days 00:00:42.358432,3.645497192667939e-05,0.16624149813614397,216,0.1853868624683792,63,0.2938562130538543,39,COMPLETE
1292,1292,0.8207547169811321,2024-01-31 22:25:44.204103,2024-01-31 22:25:52.545981,0 days 00:00:08.341878,0.0206346093069992,0.3014766974370345,211,0.20860822418139138,83,0.26995881844943415,63,COMPLETE
1293,1293,0.8018867924528302,2024-01-31 22:25:52.548312,2024-01-31 22:26:33.000801,0 days 00:00:40.452489,8.75923680505074e-05,0.48193207429547047,158,0.19416952156354417,55,0.12746532256397117,62,COMPLETE
1294,1294,0.8018867924528302,2024-01-31 22:26:33.006843,2024-01-31 22:26:42.157134,0 days 00:00:09.150291,0.02410594961842965,0.4998390791265248,251,0.1763592567645828,78,0.1771552397766248,40,COMPLETE
1295,1295,0.7735849056603774,2024-01-31 22:26:42.158574,2024-01-31 22:27:18.801584,0 days 00:00:36.643010,0.00017956684011402976,0.4439475253779461,83,0.20140149486256903,82,0.28299876135938307,37,COMPLETE
1296,1296,0.8301886792452831,2024-01-31 22:27:18.810139,2024-01-31 22:27:29.694719,0 days 00:00:10.884580,0.014911912758893581,0.4548761721488207,207,0.19194323586936335,53,0.25484936531722185,38,COMPLETE
1297,1297,0.7169811320754716,2024-01-31 22:27:29.696463,2024-01-31 22:27:40.348478,0 days 00:00:10.652015,0.01766925947098516,0.2896155678357402,224,0.18597268721731416,80,0.26981997319318735,59,COMPLETE
1298,1298,0.7641509433962265,2024-01-31 22:27:40.352714,2024-01-31 22:28:22.518338,0 days 00:00:42.165624,4.273194522617456e-05,0.4857377652974968,219,0.21128111873715658,60,0.2598980188274807,64,COMPLETE
1299,1299,0.7924528301886793,2024-01-31 22:28:22.524294,2024-01-31 22:29:04.967233,0 days 00:00:42.442939,5.742004249315988e-05,0.47310021437985705,211,0.13260006022130033,76,0.297202649814906,61,COMPLETE
1300,1300,0.7452830188679245,2024-01-31 22:29:04.974037,2024-01-31 22:29:14.071592,0 days 00:00:09.097555,0.030589619631436415,0.4577717706763047,248,0.3364881379232398,36,0.3223398834816702,41,COMPLETE
1301,1301,0.7641509433962265,2024-01-31 22:29:14.072919,2024-01-31 22:29:22.095197,0 days 00:00:08.022278,0.021404790609623137,0.49188393993009966,201,0.16026729463121747,64,0.11348257589008223,63,COMPLETE
1302,1302,0.8018867924528302,2024-01-31 22:29:22.098037,2024-01-31 22:29:33.438171,0 days 00:00:11.340134,0.012811004034225021,0.4647726416278541,216,0.4069737858628244,45,0.2758317290755755,62,COMPLETE
1303,1303,0.5188679245283019,2024-01-31 22:29:33.440770,2024-01-31 22:29:43.422326,0 days 00:00:09.981556,0.026285301334695112,0.4791549423079421,222,0.169950380265449,79,0.28608242888599394,40,COMPLETE
1304,1304,0.7924528301886793,2024-01-31 22:29:43.426342,2024-01-31 22:29:53.898739,0 days 00:00:10.472397,0.016795112668537938,0.43573175182344537,94,0.1985428945486887,51,0.1332446349501665,60,COMPLETE
1305,1305,0.8018867924528302,2024-01-31 22:29:53.901945,2024-01-31 22:30:36.306285,0 days 00:00:42.404340,7.478650274069934e-05,0.4701809265691226,208,0.3538900932724027,59,0.2631121347935583,34,COMPLETE
1306,1306,0.7358490566037735,2024-01-31 22:30:36.313059,2024-01-31 22:30:59.717442,0 days 00:00:23.404383,0.00038117271207807504,0.48767947540605433,226,0.14557929592015686,103,0.14180364592974568,64,COMPLETE
1307,1307,0.7924528301886793,2024-01-31 22:30:59.720518,2024-01-31 22:31:40.110295,0 days 00:00:40.389777,5.2117715292929436e-05,0.30726817816706303,102,0.1825418327629378,56,0.47526300451361214,39,COMPLETE
1308,1308,0.8490566037735849,2024-01-31 22:31:40.116625,2024-01-31 22:31:49.479196,0 days 00:00:09.362571,0.022456743532468598,0.4781522044555395,214,0.2050874190485981,81,0.12456404732979046,41,COMPLETE
1309,1309,0.7735849056603774,2024-01-31 22:31:49.480499,2024-01-31 22:31:58.154957,0 days 00:00:08.674458,0.034386674390932896,0.4999853849575229,195,0.17642859248697584,77,0.25508077201597706,47,COMPLETE
1310,1310,0.7830188679245284,2024-01-31 22:31:58.156791,2024-01-31 22:32:39.367461,0 days 00:00:41.210670,2.9331061346344065e-05,0.29674485732749706,204,0.1901508690941562,62,0.27227530271186023,58,COMPLETE
1311,1311,0.7735849056603774,2024-01-31 22:32:39.373555,2024-01-31 22:32:50.078068,0 days 00:00:10.704513,0.01547004031600563,0.45880227851358235,121,0.21160331528167078,84,0.3140935988418477,61,COMPLETE
1312,1312,0.8301886792452831,2024-01-31 22:32:50.080558,2024-01-31 22:32:58.709842,0 days 00:00:08.629284,0.0188528248990314,0.4843206431540263,253,0.3759296861747684,58,0.30372494345098044,35,COMPLETE
1313,1313,0.8490566037735849,2024-01-31 22:32:58.713504,2024-01-31 22:33:07.830148,0 days 00:00:09.116644,0.011450486055090636,0.44789905091139304,221,0.19991686043757553,78,0.291190476510016,38,COMPLETE
1314,1314,0.5188679245283019,2024-01-31 22:33:07.832270,2024-01-31 22:33:18.772472,0 days 00:00:10.940202,0.044450232593967264,0.4691272786120988,113,0.18998044212517193,54,0.42336603455511557,62,COMPLETE
1315,1315,0.8207547169811321,2024-01-31 22:33:18.774868,2024-01-31 22:33:27.476446,0 days 00:00:08.701578,0.02698603496045954,0.37630937020496785,225,0.16622327777823762,128,0.10904796472618272,40,COMPLETE
1316,1316,0.8584905660377359,2024-01-31 22:33:27.482819,2024-01-31 22:33:39.412977,0 days 00:00:11.930158,0.02179239020997128,0.4908976330302441,88,0.1797500178474877,65,0.15632762527496577,63,COMPLETE
1317,1317,0.8113207547169812,2024-01-31 22:33:39.415133,2024-01-31 22:33:51.003198,0 days 00:00:11.588065,0.0032254287276957967,0.4923650287641535,96,0.1739360424217584,61,0.17163955380775914,63,COMPLETE
1318,1318,0.8113207547169812,2024-01-31 22:33:51.006485,2024-01-31 22:34:02.966109,0 days 00:00:11.959624,0.014017890664901033,0.49990831893947746,81,0.1777014198478005,48,0.1652948435149803,63,COMPLETE
1319,1319,0.7641509433962265,2024-01-31 22:34:02.969850,2024-01-31 22:34:43.665182,0 days 00:00:40.695332,2.2136139607734806e-05,0.49539184509216366,87,0.18000220368823808,63,0.15840665029770604,64,COMPLETE
1320,1320,0.8113207547169812,2024-01-31 22:34:43.671116,2024-01-31 22:34:56.475710,0 days 00:00:12.804594,0.02405888417596508,0.49134742233814993,83,0.1628538172385396,64,0.1584069921066337,63,COMPLETE
1321,1321,0.7641509433962265,2024-01-31 22:34:56.477165,2024-01-31 22:35:36.534651,0 days 00:00:40.057486,4.48495621134002e-05,0.20608229819931959,88,0.16789994800908378,76,0.1565749020761174,62,COMPLETE
1322,1322,0.660377358490566,2024-01-31 22:35:36.540679,2024-01-31 22:36:06.130794,0 days 00:00:29.590115,0.00026936208905152536,0.49182475815281423,96,0.17351371382595096,82,0.16472086247673084,64,COMPLETE
1323,1323,0.8490566037735849,2024-01-31 22:36:06.136042,2024-01-31 22:36:14.450683,0 days 00:00:08.314641,0.019382490788369188,0.4870939700403817,84,0.1548166936424606,80,0.14872232802700056,62,COMPLETE
1324,1324,0.7830188679245284,2024-01-31 22:36:14.454463,2024-01-31 22:36:55.354480,0 days 00:00:40.900017,5.962596887384849e-05,0.4925277637388908,92,0.17452223688596666,57,0.17753030765726127,63,COMPLETE
1325,1325,0.7641509433962265,2024-01-31 22:36:55.360454,2024-01-31 22:37:35.991553,0 days 00:00:40.631099,6.851877925543726e-05,0.48563223012560064,101,0.1867006214775732,62,0.14852404434038657,64,COMPLETE
1326,1326,0.7169811320754716,2024-01-31 22:37:35.997565,2024-01-31 22:37:44.598631,0 days 00:00:08.601066,0.030713113049454774,0.49381260396956134,75,0.18203055779053168,65,0.16416724577111383,61,COMPLETE
1327,1327,0.8207547169811321,2024-01-31 22:37:44.602094,2024-01-31 22:37:53.403738,0 days 00:00:08.801644,0.016679570731528478,0.1788549596090196,79,0.18226659497924644,60,0.15372693428229145,62,COMPLETE
1328,1328,0.8207547169811321,2024-01-31 22:37:53.406657,2024-01-31 22:38:33.447783,0 days 00:00:40.041126,3.3737517251440104e-05,0.4831657245397996,90,0.15832229958787367,51,0.15183941121806677,61,COMPLETE
1329,1329,0.8018867924528302,2024-01-31 22:38:33.453794,2024-01-31 22:38:43.364849,0 days 00:00:09.911055,0.023132713010962137,0.49429144143780307,75,0.16506900783170772,55,0.15704869972808055,63,COMPLETE
1330,1330,0.7924528301886793,2024-01-31 22:38:43.367153,2024-01-31 22:39:23.180010,0 days 00:00:39.812857,1.3992321303402247e-05,0.31177801842033004,68,0.18664911515290766,82,0.1435719831767454,62,COMPLETE
1331,1331,0.7169811320754716,2024-01-31 22:39:23.185944,2024-01-31 22:39:36.553607,0 days 00:00:13.367663,0.009104970670263453,0.4826550415029892,86,0.1753143879850326,79,0.17048193560787905,64,COMPLETE
1332,1332,0.8018867924528302,2024-01-31 22:39:36.556447,2024-01-31 22:39:46.405394,0 days 00:00:09.848947,0.013307408790325395,0.4878375204131699,93,0.16909708630377823,75,0.1485178618109462,60,COMPLETE
1333,1333,0.7641509433962265,2024-01-31 22:39:46.407874,2024-01-31 22:39:54.855764,0 days 00:00:08.447890,0.01784913225143629,0.47993005992197196,97,0.18886529466138588,41,0.1374711552667292,62,COMPLETE
1334,1334,0.7641509433962265,2024-01-31 22:39:54.858430,2024-01-31 22:40:34.364907,0 days 00:00:39.506477,8.866739426369714e-05,0.4996257769612216,109,0.18073973935958898,38,0.13887897897212587,63,COMPLETE
1335,1335,0.7924528301886793,2024-01-31 22:40:34.370957,2024-01-31 22:40:42.686499,0 days 00:00:08.315542,0.02789556060875343,0.4786372020767824,83,0.19625562272271985,85,0.16163922852771384,20,COMPLETE
1336,1336,0.8113207547169812,2024-01-31 22:40:42.687909,2024-01-31 22:41:23.402644,0 days 00:00:40.714735,5.237715976550475e-05,0.4873854244192485,210,0.18949643319826684,78,0.1456062097876185,64,COMPLETE
1337,1337,0.7924528301886793,2024-01-31 22:41:23.409825,2024-01-31 22:41:31.974056,0 days 00:00:08.564231,0.02051109656266668,0.2872599917383616,89,0.44958564719865074,53,0.13300465453150398,63,COMPLETE
1338,1338,0.7547169811320755,2024-01-31 22:41:31.976455,2024-01-31 22:41:41.521746,0 days 00:00:09.545291,0.0362536182599492,0.4257127473753641,105,0.15511975633378444,64,0.12721942978982836,60,COMPLETE
1339,1339,0.7735849056603774,2024-01-31 22:41:41.525656,2024-01-31 22:42:20.905145,0 days 00:00:39.379489,1.7531941889260233e-05,0.3038433362883504,80,0.3266775533015363,59,0.1194006702611947,61,COMPLETE
1340,1340,0.8207547169811321,2024-01-31 22:42:20.911225,2024-01-31 22:42:35.412100,0 days 00:00:14.500875,0.01451323170503127,0.49442329383178635,79,0.18001323949361925,62,0.14627525913556907,59,COMPLETE
1341,1341,0.7735849056603774,2024-01-31 22:42:35.414034,2024-01-31 22:42:45.352480,0 days 00:00:09.938446,0.007253779901604382,0.47459832990791767,73,0.16794348639408072,80,0.1834511102247311,64,COMPLETE
1342,1342,0.839622641509434,2024-01-31 22:42:45.357495,2024-01-31 22:43:24.903899,0 days 00:00:39.546404,3.9326575309146564e-05,0.4836793490475457,99,0.19354420328964567,76,0.2817819719172744,62,COMPLETE
1343,1343,0.8018867924528302,2024-01-31 22:43:24.909569,2024-01-31 22:43:32.655611,0 days 00:00:07.746042,0.025889098993634195,0.29606792780236424,92,0.18532898256046426,56,0.1557826426002459,64,COMPLETE
1344,1344,0.8113207547169812,2024-01-31 22:43:32.657753,2024-01-31 22:43:41.464851,0 days 00:00:08.807098,0.01080355774298809,0.27963910214038784,217,0.17234125581486986,121,0.13144187869435622,37,COMPLETE
1345,1345,0.5188679245283019,2024-01-31 22:43:41.469551,2024-01-31 22:43:54.259391,0 days 00:00:12.789840,0.05305752247683614,0.3187583071246317,213,0.19502878229006593,83,0.29796457669903875,62,COMPLETE
1346,1346,0.7830188679245284,2024-01-31 22:43:54.265073,2024-01-31 22:44:03.084594,0 days 00:00:08.819521,0.01760838251293386,0.4794097112628655,88,0.18011514619290203,66,0.13887428299826107,63,COMPLETE
1347,1347,0.7830188679245284,2024-01-31 22:44:03.087464,2024-01-31 22:44:43.767896,0 days 00:00:40.680432,2.4645835826336432e-05,0.49254805996543505,200,0.1868614726384971,81,0.12221698552245794,61,COMPLETE
1348,1348,0.7169811320754716,2024-01-31 22:44:43.773971,2024-01-31 22:45:24.535909,0 days 00:00:40.761938,0.0001143530823960191,0.4350768769749246,256,0.16480151716280228,50,0.2892897385744292,63,COMPLETE
1349,1349,0.8018867924528302,2024-01-31 22:45:24.544027,2024-01-31 22:45:32.562722,0 days 00:00:08.018695,0.020248326823273224,0.48809361010595914,250,0.19751069995679563,77,0.27673276719624484,60,COMPLETE
1350,1350,0.7830188679245284,2024-01-31 22:45:32.564734,2024-01-31 22:46:11.410186,0 days 00:00:38.845452,4.7118982156266653e-05,0.47380852599120976,69,0.15130451010386,60,0.11150886800149179,39,COMPLETE
1351,1351,0.8301886792452831,2024-01-31 22:46:11.415583,2024-01-31 22:46:21.957598,0 days 00:00:10.542015,0.01563871829047217,0.46271255652288207,219,0.17535822658975514,65,0.1734970724288354,50,COMPLETE
1352,1352,0.8207547169811321,2024-01-31 22:46:21.960287,2024-01-31 22:47:02.965741,0 days 00:00:41.005454,7.170579362962195e-05,0.3132784837259311,204,0.19119458059858396,62,0.2827306425458377,62,COMPLETE
1353,1353,0.8113207547169812,2024-01-31 22:47:02.971292,2024-01-31 22:47:11.771822,0 days 00:00:08.800530,0.022303775479723578,0.4991957108102891,116,0.18277606401038246,79,0.4526977115692655,64,COMPLETE
1354,1354,0.7358490566037735,2024-01-31 22:47:11.773958,2024-01-31 22:47:28.480947,0 days 00:00:16.706989,0.0009507153819775353,0.44498623699952383,215,0.19998825497083225,58,0.1421915977796725,61,COMPLETE
1355,1355,0.7830188679245284,2024-01-31 22:47:28.484897,2024-01-31 22:47:39.751011,0 days 00:00:11.266114,0.004207795628894902,0.48382092195062837,106,0.160569218570251,75,0.27094627400933435,36,COMPLETE
1356,1356,0.8207547169811321,2024-01-31 22:47:39.753554,2024-01-31 22:47:54.025430,0 days 00:00:14.271876,0.0017718834528267688,0.4743068171988203,220,0.19257490394701818,84,0.12992412270502257,63,COMPLETE
1357,1357,0.5188679245283019,2024-01-31 22:47:54.028060,2024-01-31 22:48:06.367761,0 days 00:00:12.339701,0.025877265173299604,0.46649496849076394,209,0.17042478684550388,81,0.15083646777908,34,COMPLETE
1358,1358,0.7547169811320755,2024-01-31 22:48:06.372191,2024-01-31 22:48:26.137976,0 days 00:00:19.765785,0.0006431252250166229,0.33149402364019265,198,0.14218934112388415,54,0.12059244628454271,40,COMPLETE
1359,1359,0.7924528301886793,2024-01-31 22:48:26.141489,2024-01-31 22:48:34.096871,0 days 00:00:07.955382,0.013143498497319899,0.49181516644334855,248,0.1794838558542505,78,0.293703431798932,64,COMPLETE
1360,1360,0.7547169811320755,2024-01-31 22:48:34.099132,2024-01-31 22:48:43.606747,0 days 00:00:09.507615,0.019740615621946383,0.456003144422932,252,0.2030809800735784,67,0.2812462811417774,58,COMPLETE
1361,1361,0.8207547169811321,2024-01-31 22:48:43.610721,2024-01-31 22:48:52.070788,0 days 00:00:08.460067,0.01700528848809448,0.3010508261163443,77,0.3647825718868676,56,0.2714165069272869,38,COMPLETE
1362,1362,0.7358490566037735,2024-01-31 22:48:52.072475,2024-01-31 22:49:00.288836,0 days 00:00:08.216361,0.03098070706938529,0.48007031523668453,206,0.1905463349730341,64,0.3042788169844672,60,COMPLETE
1363,1363,0.7830188679245284,2024-01-31 22:49:00.291926,2024-01-31 22:49:41.123091,0 days 00:00:40.831165,2.8171997381469147e-05,0.4990179636382128,211,0.1855899660129986,52,0.13782177107810553,62,COMPLETE
1364,1364,0.8490566037735849,2024-01-31 22:49:41.129341,2024-01-31 22:50:20.867831,0 days 00:00:39.738490,6.2958196764141e-05,0.4692875241131812,125,0.1731501028416669,74,0.168068162336054,63,COMPLETE
1365,1365,0.8113207547169812,2024-01-31 22:50:20.874771,2024-01-31 22:50:32.385712,0 days 00:00:11.510941,0.02421502752220741,0.48799346400706334,223,0.19588875398375027,82,0.2653717772582732,51,COMPLETE
1366,1366,0.7830188679245284,2024-01-31 22:50:32.388246,2024-01-31 22:50:49.447755,0 days 00:00:17.059509,0.012457571148288145,0.4772170724507732,216,0.2015854328188943,77,0.287475868409971,39,COMPLETE
1367,1367,0.7641509433962265,2024-01-31 22:50:49.452538,2024-01-31 22:51:28.431759,0 days 00:00:38.979221,8.54929917181853e-05,0.45128582077887347,111,0.1800247574547262,48,0.11559386473910732,41,COMPLETE
1368,1368,0.7641509433962265,2024-01-31 22:51:28.437900,2024-01-31 22:52:08.564060,0 days 00:00:40.126160,5.0352886358509126e-05,0.4397239120132187,219,0.1634405800475882,57,0.4855048213042288,35,COMPLETE
1369,1369,0.8018867924528302,2024-01-31 22:52:08.567261,2024-01-31 22:52:19.762785,0 days 00:00:11.195524,0.016975213988414825,0.4862714814289517,98,0.18579234885833296,85,0.10517341632394203,61,COMPLETE
1370,1370,0.7547169811320755,2024-01-31 22:52:19.767730,2024-01-31 22:52:28.525776,0 days 00:00:08.758046,0.02177922205176595,0.4643804559517061,86,0.19473671349658117,66,0.2762921804487516,59,COMPLETE
1371,1371,0.8018867924528302,2024-01-31 22:52:28.527245,2024-01-31 22:52:37.592123,0 days 00:00:09.064878,0.03623533316053402,0.49976900585224543,223,0.20654156059064777,61,0.1291991619403418,64,COMPLETE
1372,1372,0.7547169811320755,2024-01-31 22:52:37.593900,2024-01-31 22:52:47.549685,0 days 00:00:09.955785,0.02952110196417463,0.30801082350092346,102,0.1740719972980399,79,0.26605950344934476,62,COMPLETE
1373,1373,0.8113207547169812,2024-01-31 22:52:47.552011,2024-01-31 22:52:56.813668,0 days 00:00:09.261657,0.015525099208244526,0.48214948899274757,213,0.18695139416054093,59,0.1456176523316902,40,COMPLETE
1374,1374,0.8018867924528302,2024-01-31 22:52:56.818506,2024-01-31 22:53:37.155751,0 days 00:00:40.337245,3.8723637507358117e-05,0.3484455191120916,165,0.34787884495526356,76,0.27759789517118033,63,COMPLETE
1375,1375,0.8113207547169812,2024-01-31 22:53:37.161958,2024-01-31 22:54:16.300655,0 days 00:00:39.138697,2.015870723111147e-05,0.4718709172707546,94,0.2023024167587051,63,0.158233493386365,41,COMPLETE
1376,1376,0.8018867924528302,2024-01-31 22:54:16.306491,2024-01-31 22:54:26.703820,0 days 00:00:10.397329,0.019976004169293106,0.4999470363217416,245,0.31754609708798015,83,0.29926820340887,61,COMPLETE
1377,1377,0.839622641509434,2024-01-31 22:54:26.706000,2024-01-31 22:54:36.837304,0 days 00:00:10.131304,0.010237605607630535,0.4863413597214854,192,0.17798185967682253,67,0.28583156578021696,37,COMPLETE
1378,1378,0.8113207547169812,2024-01-31 22:54:36.839632,2024-01-31 22:54:46.616404,0 days 00:00:09.776772,0.026121362045390072,0.2950952140998904,206,0.15487034772628627,54,0.12024234312217025,39,COMPLETE
1379,1379,0.8301886792452831,2024-01-31 22:54:46.618881,2024-01-31 22:54:55.206830,0 days 00:00:08.587949,0.014662345936781498,0.4583122140308789,200,0.16650947852481654,80,0.13438076482513434,63,COMPLETE
1380,1380,0.7735849056603774,2024-01-31 22:54:55.211784,2024-01-31 22:55:09.879709,0 days 00:00:14.667925,0.002568678082434725,0.4916524403973034,219,0.19605209783828842,64,0.316981554863839,41,COMPLETE
1381,1381,0.7641509433962265,2024-01-31 22:55:09.882464,2024-01-31 22:55:17.589013,0 days 00:00:07.706549,0.01868477703855567,0.47847796058756736,225,0.18723608914645065,74,0.263873790520228,64,COMPLETE
1382,1382,0.7452830188679245,2024-01-31 22:55:17.592064,2024-01-31 22:55:58.351795,0 days 00:00:40.759731,5.862330201870936e-05,0.47438371269781776,212,0.209919741466543,86,0.2924605697379815,62,COMPLETE
