,number,value,datetime_start,datetime_complete,duration,params_learning_rate,params_merged_1_dropout,params_merged_1_size,params_merged_2_dropout,params_merged_2_size,params_merged_3_dropout,params_merged_3_size,state
1383,1383,0.7924528301886793,2024-01-31 22:55:58.360272,2024-01-31 22:56:09.213369,0 days 00:00:10.853097,0.00580900003948079,0.4287724177646733,71,0.1717169549018918,79,0.27287625034019275,61,COMPLETE
1384,1384,0.8207547169811321,2024-01-31 22:56:09.216119,2024-01-31 22:56:33.972897,0 days 00:00:24.756778,0.0004915729292476609,0.31399807650879513,248,0.19571070917400119,58,0.12820569587601593,39,COMPLETE
1385,1385,0.8018867924528302,2024-01-31 22:56:33.976587,2024-01-31 22:56:42.892867,0 days 00:00:08.916280,0.02174049130924897,0.46475114168397025,222,0.181453547413378,61,0.1532185583886081,34,COMPLETE
1386,1386,0.8113207547169812,2024-01-31 22:56:42.896789,2024-01-31 22:57:22.898655,0 days 00:00:40.001866,3.365457731289532e-05,0.450453192201096,203,0.1901955308193263,52,0.281786106674533,36,COMPLETE
1387,1387,0.7830188679245284,2024-01-31 22:57:22.907474,2024-01-31 22:57:30.985645,0 days 00:00:08.078171,0.012353337486883895,0.28366439721979364,122,0.206344127626328,81,0.3529185343453252,26,COMPLETE
1388,1388,0.7169811320754716,2024-01-31 22:57:30.987022,2024-01-31 22:58:09.331620,0 days 00:00:38.344598,7.727931730343948e-05,0.4885858938416991,90,0.17699659217222954,45,0.2567491928723352,38,COMPLETE
1389,1389,0.7641509433962265,2024-01-31 22:58:09.337854,2024-01-31 22:58:49.530465,0 days 00:00:40.192611,9.946583840405776e-05,0.22076239684846413,208,0.19565968600400724,65,0.2616038696359828,41,COMPLETE
1390,1390,0.7641509433962265,2024-01-31 22:58:49.534107,2024-01-31 22:59:01.418712,0 days 00:00:11.884605,0.02511875969115185,0.4812578529669991,252,0.1617940878116655,77,0.10752925193019124,64,COMPLETE
1391,1391,0.7924528301886793,2024-01-31 22:59:01.423833,2024-01-31 22:59:10.790845,0 days 00:00:09.367012,0.033266984110811304,0.4728733621992467,196,0.14755194670842972,50,0.1391550832497656,40,COMPLETE
1392,1392,0.8207547169811321,2024-01-31 22:59:10.792951,2024-01-31 22:59:23.922554,0 days 00:00:13.129603,0.017501773009081897,0.4922113211843907,216,0.20335001203118502,68,0.26992461901979603,42,COMPLETE
1393,1393,0.7830188679245284,2024-01-31 22:59:23.927220,2024-01-31 23:00:04.190858,0 days 00:00:40.263638,6.644897266497215e-05,0.30460938555026246,228,0.18532255902908304,56,0.11715460529992824,60,COMPLETE
1394,1394,0.7735849056603774,2024-01-31 23:00:04.198347,2024-01-31 23:00:45.033137,0 days 00:00:40.834790,4.988454033526373e-05,0.4828391581177864,244,0.21129320174937163,83,0.2892281086168837,46,COMPLETE
1395,1395,0.7924528301886793,2024-01-31 23:00:45.039185,2024-01-31 23:01:24.019023,0 days 00:00:38.979838,4.138320218064107e-05,0.31997534317093385,82,0.17196158293059116,75,0.25155348222130985,63,COMPLETE
1396,1396,0.5188679245283019,2024-01-31 23:01:24.025727,2024-01-31 23:01:33.671737,0 days 00:00:09.646010,0.04179162742021502,0.4108894742356419,218,0.1212878266875794,63,0.16508900537359156,62,COMPLETE
1397,1397,0.5188679245283019,2024-01-31 23:01:33.675281,2024-01-31 23:01:48.335084,0 days 00:00:14.659803,0.07601951695256895,0.4666303695341895,225,0.19747098920197934,78,0.3040643346274718,49,COMPLETE
1398,1398,0.8584905660377359,2024-01-31 23:01:48.340516,2024-01-31 23:01:56.693769,0 days 00:00:08.353253,0.014900193962133138,0.14422383988311646,210,0.18043122189432906,73,0.2800938239268759,42,COMPLETE
1399,1399,0.8113207547169812,2024-01-31 23:01:56.695156,2024-01-31 23:02:08.298244,0 days 00:00:11.603088,0.012512234097923717,0.19150562140871133,207,0.187568012585783,71,0.27790942977893035,43,COMPLETE
1400,1400,0.7735849056603774,2024-01-31 23:02:08.302216,2024-01-31 23:02:22.845480,0 days 00:00:14.543264,0.010306593708864034,0.1259614602891259,211,0.18975288098825951,72,0.2821356070663047,42,COMPLETE
1401,1401,0.8207547169811321,2024-01-31 23:02:22.853702,2024-01-31 23:02:30.882193,0 days 00:00:08.028491,0.009070319823286507,0.10016815988978849,210,0.18151165813959547,74,0.2898522859338277,44,COMPLETE
1402,1402,0.8018867924528302,2024-01-31 23:02:30.885840,2024-01-31 23:02:40.378731,0 days 00:00:09.492891,0.016362016859584945,0.1394607699796405,205,0.10979024785329627,74,0.29507927717297955,42,COMPLETE
1403,1403,0.7830188679245284,2024-01-31 23:02:40.380805,2024-01-31 23:02:48.566674,0 days 00:00:08.185869,0.013944935838419178,0.16033320856067257,210,0.20066218135537603,73,0.27594473605453596,43,COMPLETE
1404,1404,0.7924528301886793,2024-01-31 23:02:48.570366,2024-01-31 23:03:02.648073,0 days 00:00:14.077707,0.015090216732646123,0.14798227397356992,213,0.1922524862820571,71,0.28552179461145727,42,COMPLETE
1405,1405,0.8113207547169812,2024-01-31 23:03:02.652093,2024-01-31 23:03:12.502092,0 days 00:00:09.849999,0.014100293389446841,0.11933366148867812,215,0.18253829914570643,72,0.2726336073869798,44,COMPLETE
1406,1406,0.8490566037735849,2024-01-31 23:03:12.506271,2024-01-31 23:03:25.159578,0 days 00:00:12.653307,0.012095688981503119,0.13910903850032466,203,0.2054272278178848,72,0.28170460504960654,45,COMPLETE
1407,1407,0.8113207547169812,2024-01-31 23:03:25.162732,2024-01-31 23:03:33.924068,0 days 00:00:08.761336,0.018491120621472464,0.17105515267304686,206,0.19157598426485245,73,0.29764848253184606,43,COMPLETE
1408,1408,0.8018867924528302,2024-01-31 23:03:33.927735,2024-01-31 23:03:44.479672,0 days 00:00:10.551937,0.018468081690821373,0.11071132244356845,214,0.19758050093462304,69,0.26996923204678525,63,COMPLETE
1409,1409,0.8207547169811321,2024-01-31 23:03:44.483665,2024-01-31 23:03:51.897960,0 days 00:00:07.414295,0.015391162279206684,0.11479853854314329,210,0.18126416441856177,75,0.2822060281113182,47,COMPLETE
1410,1410,0.8207547169811321,2024-01-31 23:03:51.900219,2024-01-31 23:04:00.273623,0 days 00:00:08.373404,0.011923138030637532,0.17773298876381538,201,0.21213949869336934,70,0.3076913316180632,42,COMPLETE
1411,1411,0.7641509433962265,2024-01-31 23:04:00.278318,2024-01-31 23:04:14.642921,0 days 00:00:14.364603,0.02101504215086959,0.14750768938137554,218,0.18847030825475403,75,0.2710670914867431,64,COMPLETE
1412,1412,0.8490566037735849,2024-01-31 23:04:14.647472,2024-01-31 23:04:26.326273,0 days 00:00:11.678801,0.02204423058989101,0.28777571956584524,207,0.20228560382228755,73,0.3290332001654381,62,COMPLETE
1413,1413,0.8018867924528302,2024-01-31 23:04:26.331654,2024-01-31 23:04:35.425453,0 days 00:00:09.093799,0.008092903757772026,0.1960664288213235,209,0.17842292254502704,69,0.29165443410104275,53,COMPLETE
1414,1414,0.6320754716981132,2024-01-31 23:04:35.427071,2024-01-31 23:04:52.835703,0 days 00:00:17.408632,0.016711929748477718,0.1317801533310435,213,0.19456242056413625,76,0.2800728589810659,44,COMPLETE
1415,1415,0.7830188679245284,2024-01-31 23:04:52.840053,2024-01-31 23:05:00.910699,0 days 00:00:08.070646,0.013903281240086066,0.18328976478829506,218,0.21497804102705315,71,0.2652990636009238,42,COMPLETE
1416,1416,0.839622641509434,2024-01-31 23:05:00.913982,2024-01-31 23:05:09.078685,0 days 00:00:08.164703,0.023974964051114583,0.13475895343754662,175,0.20539268904105323,74,0.27752111955679054,61,COMPLETE
1417,1417,0.7641509433962265,2024-01-31 23:05:09.081667,2024-01-31 23:05:19.685354,0 days 00:00:10.603687,0.010917773857014965,0.43999224406323817,203,0.18526389180007363,69,0.28792762035910185,59,COMPLETE
1418,1418,0.8113207547169812,2024-01-31 23:05:19.690237,2024-01-31 23:05:35.638579,0 days 00:00:15.948342,0.020870969555451,0.44656776214993293,214,0.19730297495162302,76,0.2683458974923013,64,COMPLETE
1419,1419,0.8207547169811321,2024-01-31 23:05:35.641316,2024-01-31 23:05:45.962936,0 days 00:00:10.321620,0.015296292253812202,0.33682251250982154,197,0.1761948459123469,78,0.29387283150298465,46,COMPLETE
1420,1420,0.7264150943396226,2024-01-31 23:05:45.968677,2024-01-31 23:05:54.687043,0 days 00:00:08.718366,0.02672299112749717,0.3834977431581113,221,0.18964426065069123,72,0.4985018123318029,63,COMPLETE
1421,1421,0.8207547169811321,2024-01-31 23:05:54.688848,2024-01-31 23:06:04.382257,0 days 00:00:09.693409,0.01743610770990005,0.3035006919750597,216,0.20504536173151133,68,0.2627079456356324,42,COMPLETE
1422,1422,0.8113207547169812,2024-01-31 23:06:04.385469,2024-01-31 23:06:13.618831,0 days 00:00:09.233362,0.017803996682293394,0.12288289084831693,211,0.1749128486112273,47,0.3005723073233584,60,COMPLETE
1423,1423,0.7735849056603774,2024-01-31 23:06:13.623348,2024-01-31 23:06:28.031546,0 days 00:00:14.408198,0.021792183481889753,0.1853323505000938,207,0.18375526598658457,76,0.39004468477023124,62,COMPLETE
1424,1424,0.7547169811320755,2024-01-31 23:06:28.033590,2024-01-31 23:06:55.558370,0 days 00:00:27.524780,0.00032625505239135575,0.16572783618359638,221,0.43308504256932523,116,0.27809733678751514,41,COMPLETE
1425,1425,0.7924528301886793,2024-01-31 23:06:55.565501,2024-01-31 23:07:04.973618,0 days 00:00:09.408117,0.02762815423701868,0.3154137571778444,201,0.1934320659135163,70,0.27344318069739787,45,COMPLETE
1426,1426,0.8301886792452831,2024-01-31 23:07:04.975583,2024-01-31 23:07:13.441419,0 days 00:00:08.465836,0.013728826573417653,0.4528236840255854,217,0.38292720555833415,73,0.28775028830845734,43,COMPLETE
1427,1427,0.7641509433962265,2024-01-31 23:07:13.443942,2024-01-31 23:07:23.547945,0 days 00:00:10.104003,0.01103891004678835,0.2188551193903513,104,0.2144191785132246,67,0.14442925989808944,61,COMPLETE
1428,1428,0.7735849056603774,2024-01-31 23:07:23.553330,2024-01-31 23:07:31.575316,0 days 00:00:08.021986,0.018198956674053784,0.2099700356080612,224,0.1999240554881051,49,0.26336278660599577,64,COMPLETE
1429,1429,0.6698113207547169,2024-01-31 23:07:31.576807,2024-01-31 23:08:11.201098,0 days 00:00:39.624291,0.0001482176632667055,0.39769636795643437,116,0.18388694643370157,77,0.12659593911990108,58,COMPLETE
1430,1430,0.7735849056603774,2024-01-31 23:08:11.207611,2024-01-31 23:08:21.343011,0 days 00:00:10.135400,0.030410296988535042,0.2979952298978506,212,0.2079812766047816,74,0.4378536585389856,34,COMPLETE
1431,1431,0.7641509433962265,2024-01-31 23:08:21.345993,2024-01-31 23:08:30.755032,0 days 00:00:09.409039,0.02370976255362083,0.4338926864079385,208,0.17148934403217864,80,0.2860302057337562,44,COMPLETE
1432,1432,0.8301886792452831,2024-01-31 23:08:30.758776,2024-01-31 23:08:39.095612,0 days 00:00:08.336836,0.019460004713226238,0.15450766323232512,108,0.3969942834095322,67,0.31181938373234536,63,COMPLETE
1433,1433,0.8490566037735849,2024-01-31 23:08:39.098233,2024-01-31 23:08:47.269137,0 days 00:00:08.170904,0.015016451243778367,0.4199669972496675,220,0.19229197712852478,77,0.2991328456172886,41,COMPLETE
1434,1434,0.7641509433962265,2024-01-31 23:08:47.272912,2024-01-31 23:09:22.765595,0 days 00:00:35.492683,0.00019608917646342938,0.15868705477688735,95,0.20008456892732943,45,0.13360436538029946,60,COMPLETE
1435,1435,0.7641509433962265,2024-01-31 23:09:22.771475,2024-01-31 23:10:02.477910,0 days 00:00:39.706435,1.6408861957079124e-05,0.20242164697142145,154,0.17649947233286362,70,0.27376115567034753,35,COMPLETE
1436,1436,0.8584905660377359,2024-01-31 23:10:02.484233,2024-01-31 23:10:11.319773,0 days 00:00:08.835540,0.022711323888854502,0.4590772405656415,203,0.18901681117985508,73,0.12143638402948963,43,COMPLETE
1437,1437,0.8207547169811321,2024-01-31 23:10:11.321951,2024-01-31 23:10:19.781578,0 days 00:00:08.459627,0.034768604269171624,0.45719386957684677,192,0.18001685633108352,72,0.11247451400381364,44,COMPLETE
1438,1438,0.839622641509434,2024-01-31 23:10:19.785556,2024-01-31 23:10:29.914379,0 days 00:00:10.128823,0.028864134752783488,0.4526062613774087,198,0.1654545109441777,73,0.1188296401640752,43,COMPLETE
1439,1439,0.8018867924528302,2024-01-31 23:10:29.918696,2024-01-31 23:10:40.480075,0 days 00:00:10.561379,0.024052825540090444,0.4580489991883413,202,0.18251226748798238,74,0.10857964150695455,44,COMPLETE
1440,1440,0.8018867924528302,2024-01-31 23:10:40.481574,2024-01-31 23:10:49.018868,0 days 00:00:08.537294,0.02224222784617969,0.4384572547902714,203,0.17522256908831324,75,0.12607788243199258,44,COMPLETE
1441,1441,0.8018867924528302,2024-01-31 23:10:49.020739,2024-01-31 23:11:29.353044,0 days 00:00:40.332305,1.2076878524746993e-05,0.45728098654200067,196,0.18655575084628045,72,0.10116039595218575,43,COMPLETE
1442,1442,0.8490566037735849,2024-01-31 23:11:29.359516,2024-01-31 23:11:39.308755,0 days 00:00:09.949239,0.028514591906604964,0.44521746087770325,201,0.16637296897867299,75,0.11894748716193074,45,COMPLETE
1443,1443,0.8584905660377359,2024-01-31 23:11:39.312901,2024-01-31 23:11:53.262882,0 days 00:00:13.949981,0.020177995053879773,0.46529686185013464,205,0.18823789951438458,74,0.12324652411597867,42,COMPLETE
1444,1444,0.839622641509434,2024-01-31 23:11:53.267797,2024-01-31 23:12:02.399364,0 days 00:00:09.131567,0.019992682251411154,0.4511619452878967,204,0.17967163873702294,72,0.11986994968412004,42,COMPLETE
1445,1445,0.8018867924528302,2024-01-31 23:12:02.400873,2024-01-31 23:12:11.299791,0 days 00:00:08.898918,0.022531037787500128,0.44120602394209063,208,0.18634449795722385,72,0.11362758767732373,43,COMPLETE
1446,1446,0.7735849056603774,2024-01-31 23:12:11.301953,2024-01-31 23:12:19.519733,0 days 00:00:08.217780,0.02458160004800438,0.45584254663611745,201,0.17145376512188143,71,0.12950614391479257,43,COMPLETE
1447,1447,0.8301886792452831,2024-01-31 23:12:19.522191,2024-01-31 23:12:30.167692,0 days 00:00:10.645501,0.01880503660718956,0.4486856148878248,204,0.18066010574803582,73,0.12233813590234435,42,COMPLETE
1448,1448,0.8301886792452831,2024-01-31 23:12:30.172679,2024-01-31 23:12:38.402487,0 days 00:00:08.229808,0.027093994576325806,0.45230231312297825,196,0.18963227282503428,74,0.10762440003975131,43,COMPLETE
1449,1449,0.7547169811320755,2024-01-31 23:12:38.404217,2024-01-31 23:12:48.051275,0 days 00:00:09.647058,0.034105004576660186,0.44856227467111015,200,0.17249615782360653,73,0.115512074872732,42,COMPLETE
1450,1450,0.8113207547169812,2024-01-31 23:12:48.053683,2024-01-31 23:12:56.633128,0 days 00:00:08.579445,0.016272526632590493,0.45956329008651997,207,0.18838237133819322,71,0.12412742315795955,43,COMPLETE
1451,1451,0.8584905660377359,2024-01-31 23:12:56.635859,2024-01-31 23:13:06.292923,0 days 00:00:09.657064,0.020367157531220464,0.46178387476274824,198,0.17929754958238706,74,0.13150709489445578,42,COMPLETE
1452,1452,0.8207547169811321,2024-01-31 23:13:06.297335,2024-01-31 23:13:18.406113,0 days 00:00:12.108778,0.021084725865683367,0.4570675482883512,194,0.17205381292607283,74,0.13620632496547389,42,COMPLETE
1453,1453,0.7924528301886793,2024-01-31 23:13:18.408334,2024-01-31 23:13:26.525710,0 days 00:00:08.117376,0.019172142879405395,0.4455623876665236,196,0.1779024504823327,75,0.12966418314718453,41,COMPLETE
1454,1454,0.8207547169811321,2024-01-31 23:13:26.528413,2024-01-31 23:13:36.210059,0 days 00:00:09.681646,0.02647333050717961,0.14502642535876867,192,0.16963424835286878,74,0.12563973292083155,41,COMPLETE
1455,1455,0.7452830188679245,2024-01-31 23:13:36.216100,2024-01-31 23:13:44.946791,0 days 00:00:08.730691,0.023435985081281384,0.43254806121105743,187,0.1804000630622565,73,0.13385484040294374,42,COMPLETE
1456,1456,0.839622641509434,2024-01-31 23:13:44.948217,2024-01-31 23:13:53.136215,0 days 00:00:08.187998,0.018460291563652486,0.44268724492957795,197,0.18455356556905145,75,0.1392757909692062,42,COMPLETE
1457,1457,0.5188679245283019,2024-01-31 23:13:53.139699,2024-01-31 23:14:04.132231,0 days 00:00:10.992532,0.03265579346168596,0.46177902394996034,198,0.16187698946885032,76,0.12564347612670623,27,COMPLETE
1458,1458,0.8490566037735849,2024-01-31 23:14:04.135083,2024-01-31 23:14:14.144512,0 days 00:00:10.009429,0.015629988322783905,0.4606193446752899,209,0.17517423599913204,73,0.11683555673840891,41,COMPLETE
1459,1459,0.8018867924528302,2024-01-31 23:14:14.148956,2024-01-31 23:14:23.212594,0 days 00:00:09.063638,0.021296983014982576,0.44373942744844735,200,0.18746111167673618,75,0.13877958430227516,42,COMPLETE
1460,1460,0.8113207547169812,2024-01-31 23:14:23.214749,2024-01-31 23:14:31.568139,0 days 00:00:08.353390,0.016701098521538938,0.4548972140916611,199,0.16653703667026187,71,0.13326552912429682,41,COMPLETE
1461,1461,0.6792452830188679,2024-01-31 23:14:31.572570,2024-01-31 23:14:45.331569,0 days 00:00:13.758999,0.013148021351918076,0.4630094159040297,194,0.17731589277737486,76,0.10958987313425811,41,COMPLETE
1462,1462,0.8301886792452831,2024-01-31 23:14:45.336217,2024-01-31 23:14:54.741204,0 days 00:00:09.404987,0.04059990591705707,0.10902351999121326,201,0.1893787171033975,73,0.12608324842076657,42,COMPLETE
1463,1463,0.8018867924528302,2024-01-31 23:14:54.743750,2024-01-31 23:15:03.750128,0 days 00:00:09.006378,0.025486873951225453,0.45235392411708436,203,0.18167329058215073,76,0.11696167083686076,41,COMPLETE
1464,1464,0.7075471698113207,2024-01-31 23:15:03.753680,2024-01-31 23:15:14.404519,0 days 00:00:10.650839,0.020667370111195515,0.4465717214774301,195,0.17004037712275566,71,0.13151918767423593,42,COMPLETE
1465,1465,0.7830188679245284,2024-01-31 23:15:14.407976,2024-01-31 23:15:22.963615,0 days 00:00:08.555639,0.017977572308258614,0.46591950972019247,190,0.19168670249324865,74,0.12317859075380139,43,COMPLETE
1466,1466,0.8490566037735849,2024-01-31 23:15:22.967560,2024-01-31 23:15:32.093879,0 days 00:00:09.126319,0.029607694421847575,0.4330677060083093,205,0.18231725603728394,76,0.1451498118639896,41,COMPLETE
1467,1467,0.7924528301886793,2024-01-31 23:15:32.096947,2024-01-31 23:15:40.837686,0 days 00:00:08.740739,0.02386615173493577,0.16795413538781223,199,0.15900333218320037,71,0.1087062588030087,43,COMPLETE
1468,1468,0.7641509433962265,2024-01-31 23:15:40.841857,2024-01-31 23:15:49.277606,0 days 00:00:08.435749,0.015017185677425007,0.3119283665901571,204,0.19267105453680392,73,0.13499992824499477,41,COMPLETE
1469,1469,0.8490566037735849,2024-01-31 23:15:49.281207,2024-01-31 23:15:56.983611,0 days 00:00:07.702404,0.019005895752516586,0.46062238831943997,205,0.17387957427288572,72,0.1209521076921404,40,COMPLETE
1470,1470,0.8207547169811321,2024-01-31 23:15:56.985660,2024-01-31 23:16:06.184311,0 days 00:00:09.198651,0.030706419293057945,0.32314304651816206,188,0.1824276453001283,77,0.13188557299822953,42,COMPLETE
1471,1471,0.8018867924528302,2024-01-31 23:16:06.187515,2024-01-31 23:16:15.059568,0 days 00:00:08.872053,0.022888962036789334,0.36638929093449946,199,0.19328161977618147,75,0.14150190878622154,42,COMPLETE
1472,1472,0.7452830188679245,2024-01-31 23:16:15.063778,2024-01-31 23:16:55.909936,0 days 00:00:40.846158,1.0658265998367327e-05,0.43793645590306224,207,0.16784205563917418,74,0.11559206216625163,43,COMPLETE
1473,1473,0.7924528301886793,2024-01-31 23:16:55.916663,2024-01-31 23:17:08.517755,0 days 00:00:12.601092,0.013227236601761026,0.42720259098546975,203,0.17781794380255056,77,0.12490359062649595,41,COMPLETE
1474,1474,0.7641509433962265,2024-01-31 23:17:08.521647,2024-01-31 23:17:18.379569,0 days 00:00:09.857922,0.01642145088309628,0.2968874513562965,197,0.1858480632430391,71,0.15035602741894577,43,COMPLETE
1475,1475,0.8207547169811321,2024-01-31 23:17:18.382584,2024-01-31 23:17:27.691179,0 days 00:00:09.308595,0.026035621961552898,0.4526667398005717,204,0.19437223199450643,78,0.11356700493568221,41,COMPLETE
1476,1476,0.7735849056603774,2024-01-31 23:17:27.696202,2024-01-31 23:17:39.660514,0 days 00:00:11.964312,0.020082755065382707,0.46425675886847284,190,0.17685507176491677,75,0.13985440832679188,40,COMPLETE
1477,1477,0.8113207547169812,2024-01-31 23:17:39.663531,2024-01-31 23:17:47.393631,0 days 00:00:07.730100,0.015287814949738193,0.29289221175056784,195,0.18594214013534813,73,0.12114662102309466,44,COMPLETE
1478,1478,0.7735849056603774,2024-01-31 23:17:47.396095,2024-01-31 23:17:56.308022,0 days 00:00:08.911927,0.012343961308667514,0.30678304550109337,207,0.15879994108850337,77,0.13102713273442243,42,COMPLETE
1479,1479,0.8301886792452831,2024-01-31 23:17:56.311234,2024-01-31 23:18:04.455800,0 days 00:00:08.144566,0.020707437819071514,0.4629978437211087,200,0.16770480082445546,70,0.12697596237522896,40,COMPLETE
1480,1480,0.7924528301886793,2024-01-31 23:18:04.461579,2024-01-31 23:18:13.620390,0 days 00:00:09.158811,0.03452950469115765,0.32853073958042467,205,0.1941771451909834,75,0.1079519891207884,43,COMPLETE
1481,1481,0.8113207547169812,2024-01-31 23:18:13.622466,2024-01-31 23:18:22.686958,0 days 00:00:09.064492,0.025142901167658393,0.44906601437796395,193,0.1866069499324572,78,0.14146152752791805,42,COMPLETE
1482,1482,0.8113207547169812,2024-01-31 23:18:22.690624,2024-01-31 23:18:31.777662,0 days 00:00:09.087038,0.018446208417017523,0.2761983080939163,210,0.19627597840155273,73,0.1042156217760318,51,COMPLETE
1483,1483,0.839622641509434,2024-01-31 23:18:31.784292,2024-01-31 23:18:40.736545,0 days 00:00:08.952253,0.016787424888815815,0.4668329651146254,202,0.1771582594130312,76,0.13332282934815512,44,COMPLETE
1484,1484,0.8018867924528302,2024-01-31 23:18:40.740657,2024-01-31 23:18:50.650835,0 days 00:00:09.910178,0.02903944125806622,0.45889176491421513,208,0.18759076826114823,71,0.10007037478272439,40,COMPLETE
1485,1485,0.8207547169811321,2024-01-31 23:18:50.655822,2024-01-31 23:18:59.386826,0 days 00:00:08.731004,0.02168322861869103,0.3068861070855544,197,0.16968040467714507,79,0.1263061231022105,41,COMPLETE
1486,1486,0.8018867924528302,2024-01-31 23:18:59.388746,2024-01-31 23:19:08.442144,0 days 00:00:09.053398,0.010626595232308784,0.4436986946869873,204,0.1805097112618413,74,0.11471202952473283,43,COMPLETE
1487,1487,0.8113207547169812,2024-01-31 23:19:08.446355,2024-01-31 23:19:16.513774,0 days 00:00:08.067419,0.015108018111910744,0.4681803031511207,209,0.1991913154963562,70,0.12052917920487319,42,COMPLETE
1488,1488,0.8207547169811321,2024-01-31 23:19:16.516611,2024-01-31 23:20:04.516776,0 days 00:00:48.000165,0.040044569587927646,0.45466032357004665,200,0.1899612362311382,77,0.15261059454027692,41,COMPLETE
