,number,value,datetime_start,datetime_complete,duration,params_learning_rate,params_merged_1_dropout,params_merged_1_size,params_merged_2_dropout,params_merged_2_size,params_merged_3_dropout,params_merged_3_size,state
425,425,0.7830188679245284,2024-01-31 17:13:21.265855,2024-01-31 17:14:03.813187,0 days 00:00:42.547332,8.639269824787825e-05,0.48370146801651315,239,0.4785445521135069,74,0.26512776273431266,47,COMPLETE
426,426,0.8113207547169812,2024-01-31 17:14:03.817234,2024-01-31 17:14:44.481247,0 days 00:00:40.664013,7.394914184931357e-05,0.22526420058663454,203,0.25033519626394823,66,0.27582358122458467,45,COMPLETE
427,427,0.7735849056603774,2024-01-31 17:14:44.484313,2024-01-31 17:15:24.608417,0 days 00:00:40.124104,5.2866348037948564e-05,0.49202588419803994,215,0.351329742925648,68,0.29687208790736924,43,COMPLETE
428,428,0.7924528301886793,2024-01-31 17:15:24.611631,2024-01-31 17:16:04.884645,0 days 00:00:40.273014,4.607342862098991e-05,0.4785968669918057,136,0.23905789585283424,63,0.2604380056438949,43,COMPLETE
429,429,0.8113207547169812,2024-01-31 17:16:04.887049,2024-01-31 17:16:45.838251,0 days 00:00:40.951202,6.291803796341015e-05,0.2387764318286064,232,0.22585623203867028,73,0.4385559840021742,38,COMPLETE
430,430,0.7452830188679245,2024-01-31 17:16:45.840739,2024-01-31 17:17:25.748073,0 days 00:00:39.907334,0.0002174698493821251,0.49964446991030076,190,0.4528884330630942,77,0.3794230409888951,45,COMPLETE
431,431,0.7735849056603774,2024-01-31 17:17:25.750580,2024-01-31 17:18:04.788092,0 days 00:00:39.037512,0.0001057824473528592,0.486446741642191,103,0.3595588601127749,65,0.2692921078207413,58,COMPLETE
432,432,0.7924528301886793,2024-01-31 17:18:04.790597,2024-01-31 17:18:45.267504,0 days 00:00:40.476907,3.472343684629682e-05,0.29089262017686196,220,0.24481766646029923,70,0.25943673829824876,41,COMPLETE
433,433,0.8490566037735849,2024-01-31 17:18:45.270058,2024-01-31 17:19:24.351599,0 days 00:00:39.081541,5.98521837363779e-05,0.465438758472188,131,0.30343271879926076,67,0.2798956526479345,44,COMPLETE
434,434,0.8018867924528302,2024-01-31 17:19:24.354122,2024-01-31 17:20:03.145015,0 days 00:00:38.790893,8.239927312601879e-05,0.4619850931067913,133,0.3057199974184535,67,0.2808322943330585,44,COMPLETE
435,435,0.8207547169811321,2024-01-31 17:20:03.147604,2024-01-31 17:20:42.237068,0 days 00:00:39.089464,6.158283311368487e-05,0.4739366776922106,129,0.29346710922316915,69,0.2904755134921254,44,COMPLETE
436,436,0.8113207547169812,2024-01-31 17:20:42.241997,2024-01-31 17:21:21.443980,0 days 00:00:39.201983,5.820002620309992e-05,0.4863422732291202,129,0.3303283385926617,72,0.27761215920216326,43,COMPLETE
437,437,0.7452830188679245,2024-01-31 17:21:21.446562,2024-01-31 17:22:00.658862,0 days 00:00:39.212300,4.3497389145821145e-05,0.46909962867127186,125,0.30557545963124666,65,0.29689032387624803,57,COMPLETE
438,438,0.7641509433962265,2024-01-31 17:22:00.661486,2024-01-31 17:22:39.469349,0 days 00:00:38.807863,5.142104743651021e-05,0.49177970169467655,120,0.31708767862296533,68,0.4890837414035169,46,COMPLETE
439,439,0.7830188679245284,2024-01-31 17:22:39.473070,2024-01-31 17:23:19.065398,0 days 00:00:39.592328,7.371096012931389e-05,0.4791840701730044,141,0.29365201955790027,110,0.45639256390307964,45,COMPLETE
440,440,0.8207547169811321,2024-01-31 17:23:19.068577,2024-01-31 17:23:59.476175,0 days 00:00:40.407598,4.1241122871784464e-05,0.4849413058273503,226,0.28285211877777616,63,0.2893133977114413,42,COMPLETE
441,441,0.8018867924528302,2024-01-31 17:23:59.478521,2024-01-31 17:24:38.354057,0 days 00:00:38.875536,3.1436576422866485e-05,0.49423096753797885,136,0.3007489227658281,79,0.2706620296549655,43,COMPLETE
442,442,0.7264150943396226,2024-01-31 17:24:38.358056,2024-01-31 17:25:17.304631,0 days 00:00:38.946575,0.00015505448963455733,0.4993561958049328,133,0.1873609698207892,67,0.2726548623761375,53,COMPLETE
443,443,0.7264150943396226,2024-01-31 17:25:17.307191,2024-01-31 17:25:56.665653,0 days 00:00:39.358462,6.375597991465555e-05,0.2476814941530586,208,0.2895254624673349,70,0.2832047407155804,45,COMPLETE
444,444,0.7924528301886793,2024-01-31 17:25:56.668226,2024-01-31 17:26:35.842484,0 days 00:00:39.174258,8.023768430838036e-05,0.4778909089711461,130,0.1952526454738152,75,0.2643600262421716,55,COMPLETE
445,445,0.7641509433962265,2024-01-31 17:26:35.845751,2024-01-31 17:27:15.439219,0 days 00:00:39.593468,2.5261183600570888e-05,0.31133446762663924,197,0.31025148024439075,65,0.35284821888077383,44,COMPLETE
446,446,0.7358490566037735,2024-01-31 17:27:15.441788,2024-01-31 17:27:55.336564,0 days 00:00:39.894776,0.00011414270682105109,0.4850571662445981,215,0.20266466710047393,82,0.25364890652279737,59,COMPLETE
447,447,0.7924528301886793,2024-01-31 17:27:55.339175,2024-01-31 17:28:34.256802,0 days 00:00:38.917627,5.4624250652279223e-05,0.2554120474034729,123,0.2699027251422741,66,0.2762236436202874,43,COMPLETE
448,448,0.8207547169811321,2024-01-31 17:28:34.260718,2024-01-31 17:29:14.092763,0 days 00:00:39.832045,3.662783054086631e-05,0.4670634386185692,136,0.4963358285674501,72,0.2651862563658207,47,COMPLETE
449,449,0.7830188679245284,2024-01-31 17:29:14.097290,2024-01-31 17:29:55.325835,0 days 00:00:41.228545,2.1156414853776578e-05,0.2845746008396727,229,0.2987201496259669,76,0.24318450325424157,42,COMPLETE
450,450,0.8207547169811321,2024-01-31 17:29:55.328766,2024-01-31 17:30:34.980363,0 days 00:00:39.651597,4.722783496241565e-05,0.23076643705622912,140,0.32423611281298037,63,0.3034484424222738,51,COMPLETE
451,451,0.8301886792452831,2024-01-31 17:30:34.983323,2024-01-31 17:31:15.182511,0 days 00:00:40.199188,3.0057351820758355e-05,0.29672465634103284,220,0.20859285008157594,69,0.2859639805936376,56,COMPLETE
452,452,0.7924528301886793,2024-01-31 17:31:15.184872,2024-01-31 17:31:54.970742,0 days 00:00:39.785870,1.804639579521637e-05,0.49253321759558616,184,0.2570508218539902,71,0.25747954875355444,44,COMPLETE
453,453,0.7924528301886793,2024-01-31 17:31:54.973279,2024-01-31 17:32:35.534536,0 days 00:00:40.561257,6.525100783170987e-05,0.4996376912190937,211,0.2878029490503392,79,0.2507991095539197,58,COMPLETE
454,454,0.7924528301886793,2024-01-31 17:32:35.537705,2024-01-31 17:33:15.310524,0 days 00:00:39.772819,2.5749168149483514e-05,0.24155442729817989,236,0.21680450064198917,74,0.264554691001786,60,COMPLETE
455,455,0.7830188679245284,2024-01-31 17:33:15.312949,2024-01-31 17:33:55.341882,0 days 00:00:40.028933,4.230351617913741e-05,0.4762043486107833,223,0.17367656591207403,67,0.23971010531742065,44,COMPLETE
456,456,0.7641509433962265,2024-01-31 17:33:55.344467,2024-01-31 17:34:34.968678,0 days 00:00:39.624211,3.2326212957814416e-05,0.48340353516240864,116,0.2805433371709701,62,0.27650017445171454,49,COMPLETE
457,457,0.7547169811320755,2024-01-31 17:34:34.971278,2024-01-31 17:35:15.128333,0 days 00:00:40.157055,8.432703266259768e-05,0.4875206909619194,206,0.2651354027025731,64,0.42191748890522063,41,COMPLETE
458,458,0.8018867924528302,2024-01-31 17:35:15.133012,2024-01-31 17:35:54.121082,0 days 00:00:38.988070,5.480138337564074e-05,0.25357405511948505,128,0.18815381113079957,68,0.25318734131992665,54,COMPLETE
459,459,0.7735849056603774,2024-01-31 17:35:54.123673,2024-01-31 17:36:33.523312,0 days 00:00:39.399639,3.7916102317245084e-05,0.4998431103069653,216,0.1956910888698879,72,0.24506022876880817,42,COMPLETE
460,460,0.7547169811320755,2024-01-31 17:36:33.525781,2024-01-31 17:37:12.698445,0 days 00:00:39.172664,1.480717718027517e-05,0.2622688740457815,133,0.2776134794432373,65,0.26725547851326914,46,COMPLETE
461,461,0.8018867924528302,2024-01-31 17:37:12.701055,2024-01-31 17:37:52.526032,0 days 00:00:39.824977,2.319752964283598e-05,0.27937676680370693,227,0.25814641977684377,78,0.25932002851493174,63,COMPLETE
462,462,0.8018867924528302,2024-01-31 17:37:52.530164,2024-01-31 17:38:32.886118,0 days 00:00:40.355954,2.7917795315312052e-05,0.4903744917223223,145,0.30211536551537693,76,0.23702038707128073,60,COMPLETE
463,463,0.7264150943396226,2024-01-31 17:38:32.888785,2024-01-31 17:38:48.053358,0 days 00:00:15.164573,0.0021743358280600475,0.3045902572496298,232,0.23019692839158648,61,0.24714451484421998,59,COMPLETE
464,464,0.7830188679245284,2024-01-31 17:38:48.054585,2024-01-31 17:39:03.329551,0 days 00:00:15.274966,0.0015904448960370587,0.1812382953968883,194,0.3148607483281891,70,0.21146494563263196,58,COMPLETE
465,465,0.8113207547169812,2024-01-31 17:39:03.331763,2024-01-31 17:39:43.441861,0 days 00:00:40.110098,6.614983141399091e-05,0.4725858302411275,201,0.44710702995060553,66,0.2714207698766975,43,COMPLETE
466,466,0.7735849056603774,2024-01-31 17:39:43.445089,2024-01-31 17:40:22.969389,0 days 00:00:39.524300,0.00013551068548160733,0.23462762586274583,126,0.26944958051845513,74,0.2870434709079141,41,COMPLETE
467,467,0.8301886792452831,2024-01-31 17:40:22.972012,2024-01-31 17:40:41.366060,0 days 00:00:18.394048,0.021101471114260754,0.4616675144809602,222,0.28700656097009203,64,0.2581286601221627,56,COMPLETE
468,468,0.7358490566037735,2024-01-31 17:40:41.367490,2024-01-31 17:41:24.251249,0 days 00:00:42.883759,9.954121734588134e-05,0.2928332580814362,218,0.4261965953024871,68,0.25091054000407037,45,COMPLETE
469,469,0.8018867924528302,2024-01-31 17:41:24.253976,2024-01-31 17:42:06.874458,0 days 00:00:42.620482,1.8920275094615224e-05,0.2457909912556412,213,0.20629363789523245,81,0.2317134839454251,52,COMPLETE
470,470,0.8018867924528302,2024-01-31 17:42:06.878044,2024-01-31 17:42:49.171098,0 days 00:00:42.293054,4.685823779148031e-05,0.3264074625580911,226,0.2515599098397751,72,0.2801142176859412,42,COMPLETE
471,471,0.7830188679245284,2024-01-31 17:42:49.173801,2024-01-31 17:43:31.483228,0 days 00:00:42.309427,3.487870696524002e-05,0.4831831546014037,239,0.29467002920781604,62,0.24063101101491574,57,COMPLETE
472,472,0.8113207547169812,2024-01-31 17:43:31.486485,2024-01-31 17:44:12.625324,0 days 00:00:41.138839,7.324428838924005e-05,0.265593918040718,136,0.21513694625022592,77,0.2975840587677109,62,COMPLETE
473,473,0.7830188679245284,2024-01-31 17:44:12.628016,2024-01-31 17:44:53.838556,0 days 00:00:41.210540,2.268185600639378e-05,0.4913883940819584,130,0.2637062348620194,66,0.26378178743069,61,COMPLETE
474,474,0.8207547169811321,2024-01-31 17:44:53.841286,2024-01-31 17:45:34.598148,0 days 00:00:40.756862,3.2888911754865855e-05,0.4751718066080079,147,0.30617644056712434,69,0.2544616194389682,43,COMPLETE
475,475,0.7924528301886793,2024-01-31 17:45:34.602133,2024-01-31 17:46:16.416993,0 days 00:00:41.814860,5.253106891265157e-05,0.2814473022549988,233,0.19963576485784132,64,0.2686623528426157,47,COMPLETE
476,476,0.8301886792452831,2024-01-31 17:46:16.420029,2024-01-31 17:46:56.988404,0 days 00:00:40.568375,4.452398472059366e-05,0.49276928601860687,142,0.27817037836899705,74,0.24539408754248912,45,COMPLETE
477,477,0.7641509433962265,2024-01-31 17:46:56.991307,2024-01-31 17:47:36.779993,0 days 00:00:39.788686,2.6244686777164684e-05,0.3114519613016067,111,0.24834107554312335,71,0.21991959020185423,55,COMPLETE
478,478,0.7358490566037735,2024-01-31 17:47:36.782761,2024-01-31 17:48:16.151111,0 days 00:00:39.368350,0.00016791647491514182,0.272956787388788,120,0.22190458067885294,61,0.23250681527129824,59,COMPLETE
479,479,0.7830188679245284,2024-01-31 17:48:16.154794,2024-01-31 17:48:57.264376,0 days 00:00:41.109582,1.7834600615706508e-05,0.22242112799760816,188,0.2581841542708954,67,0.2759724892564282,44,COMPLETE
480,480,0.8207547169811321,2024-01-31 17:48:57.268029,2024-01-31 17:49:38.083376,0 days 00:00:40.815347,5.728620234955369e-05,0.25245712485265215,208,0.18421289508424102,70,0.25966906006704105,40,COMPLETE
481,481,0.8018867924528302,2024-01-31 17:49:38.086897,2024-01-31 17:50:18.491206,0 days 00:00:40.404309,8.303587623181823e-05,0.47837703340153936,218,0.2744654998242459,63,0.24002020297504875,60,COMPLETE
482,482,0.7169811320754716,2024-01-31 17:50:18.493967,2024-01-31 17:50:30.569026,0 days 00:00:12.075059,0.0037900493564430623,0.4858343069662051,223,0.16626113818467395,76,0.25095719525037596,41,COMPLETE
483,483,0.7641509433962265,2024-01-31 17:50:30.570326,2024-01-31 17:51:00.212499,0 days 00:00:29.642173,0.00025714051541163513,0.46753270664325663,204,0.28611702462323735,79,0.2822206878105805,53,COMPLETE
484,484,0.7924528301886793,2024-01-31 17:51:00.215203,2024-01-31 17:51:41.176414,0 days 00:00:40.961211,3.104955327341963e-05,0.45333596596014586,229,0.23561039238453013,66,0.2617563649322869,63,COMPLETE
485,485,0.8113207547169812,2024-01-31 17:51:41.178965,2024-01-31 17:52:21.801393,0 days 00:00:40.622428,2.237375765165735e-05,0.49554237225077,139,0.2982665186331724,68,0.2275195329716914,43,COMPLETE
486,486,0.7641509433962265,2024-01-31 17:52:21.804078,2024-01-31 17:53:04.163804,0 days 00:00:42.359726,4.039378376035817e-05,0.2621037191993037,248,0.26805673457029594,73,0.26850038553086664,61,COMPLETE
487,487,0.8113207547169812,2024-01-31 17:53:04.168668,2024-01-31 17:53:45.064792,0 days 00:00:40.896124,6.715335232847343e-05,0.2963074230060607,212,0.24457253553716296,65,0.20546159953713125,46,COMPLETE
488,488,0.8018867924528302,2024-01-31 17:53:45.068384,2024-01-31 17:54:25.396763,0 days 00:00:40.328379,0.00010569656034302145,0.4878058067107908,132,0.32303333241003185,75,0.24807948192995574,24,COMPLETE
489,489,0.7547169811320755,2024-01-31 17:54:25.399521,2024-01-31 17:55:06.025151,0 days 00:00:40.625630,1.5498576497610815e-05,0.23667926620395466,197,0.1924537422964596,69,0.23848228328336582,42,COMPLETE
490,490,0.8113207547169812,2024-01-31 17:55:06.027851,2024-01-31 17:55:45.688754,0 days 00:00:39.660903,3.80389243722169e-05,0.4786589501719717,124,0.2548577408852315,62,0.28978195952936575,44,COMPLETE
491,491,0.8301886792452831,2024-01-31 17:55:45.692237,2024-01-31 17:56:26.591261,0 days 00:00:40.899024,2.779793094673074e-05,0.28869648777853024,225,0.4813476232236109,71,0.25561334641239203,58,COMPLETE
492,492,0.7641509433962265,2024-01-31 17:56:26.594538,2024-01-31 17:57:06.817998,0 days 00:00:40.223460,5.356792961848162e-05,0.3188542918075531,178,0.2081465113107851,78,0.2745251572810956,50,COMPLETE
493,493,0.7452830188679245,2024-01-31 17:57:06.821455,2024-01-31 17:57:46.900107,0 days 00:00:40.078652,1.2168370803768608e-05,0.4999633076293432,216,0.22850595187225034,64,0.46756174832539615,54,COMPLETE
494,494,0.7924528301886793,2024-01-31 17:57:46.902903,2024-01-31 17:58:27.198627,0 days 00:00:40.295724,2.4303376003600306e-05,0.24417979750826735,220,0.2910109719671728,67,0.2628202093461522,64,COMPLETE
495,495,0.7735849056603774,2024-01-31 17:58:27.202273,2024-01-31 17:58:36.333777,0 days 00:00:09.131504,0.010983702461549439,0.27015249528989355,72,0.3104502010817398,73,0.24360442776040217,43,COMPLETE
496,496,0.8018867924528302,2024-01-31 17:58:36.334692,2024-01-31 17:59:16.564741,0 days 00:00:40.230049,1.945444324545503e-05,0.4924414556335254,234,0.2837665954963545,60,0.21713645655664154,62,COMPLETE
497,497,0.7924528301886793,2024-01-31 17:59:16.569561,2024-01-31 17:59:55.577961,0 days 00:00:39.008400,4.355048255431321e-05,0.30211866275491484,91,0.2642305561091298,119,0.25327454179070996,57,COMPLETE
498,498,0.7735849056603774,2024-01-31 17:59:55.582278,2024-01-31 18:00:34.316366,0 days 00:00:38.734088,3.395187941249685e-05,0.20827614602101638,108,0.1781601541810512,80,0.23411695486115922,42,COMPLETE
499,499,0.7547169811320755,2024-01-31 18:00:34.319101,2024-01-31 18:01:13.540362,0 days 00:00:39.221261,7.202156660804032e-05,0.48257522734947605,135,0.3680461661379966,65,0.2668749400041887,45,COMPLETE
500,500,0.8301886792452831,2024-01-31 18:01:13.543157,2024-01-31 18:01:52.395866,0 days 00:00:38.852709,2.825614787490349e-05,0.2590762065157343,127,0.20002283341227306,83,0.2252899519371369,41,COMPLETE
501,501,0.8018867924528302,2024-01-31 18:01:52.400226,2024-01-31 18:02:31.839830,0 days 00:00:39.439604,5.9101025098742124e-05,0.46913555458053885,191,0.21806156662156434,69,0.24800574793875976,60,COMPLETE
502,502,0.7641509433962265,2024-01-31 18:02:31.844762,2024-01-31 18:03:11.576857,0 days 00:00:39.732095,8.58472582214148e-05,0.499935486999577,214,0.27193262196324774,76,0.2785204283100752,44,COMPLETE
503,503,0.8301886792452831,2024-01-31 18:03:11.581668,2024-01-31 18:03:51.685558,0 days 00:00:40.103890,4.777611081506984e-05,0.27679291160632746,229,0.25362139588796073,63,0.257667094151875,61,COMPLETE
504,504,0.7735849056603774,2024-01-31 18:03:51.689832,2024-01-31 18:04:30.143054,0 days 00:00:38.453222,3.515772994387093e-05,0.4876991619559376,131,0.3023110634827803,71,0.23776017422562593,59,COMPLETE
505,505,0.8301886792452831,2024-01-31 18:04:30.145809,2024-01-31 18:05:09.718748,0 days 00:00:39.572939,2.1065894693571883e-05,0.23056280707499685,209,0.23932003814440517,67,0.2914154393701826,43,COMPLETE
506,506,0.8207547169811321,2024-01-31 18:05:09.721586,2024-01-31 18:05:49.765769,0 days 00:00:40.044183,2.5247144376326467e-05,0.28544042549743737,201,0.23221928597799393,74,0.27141171394274133,45,COMPLETE
507,507,0.7641509433962265,2024-01-31 18:05:49.768528,2024-01-31 18:05:59.701397,0 days 00:00:09.932869,0.00482250524110309,0.47593924328304477,220,0.19000107992171025,61,0.305944251514608,52,COMPLETE
508,508,0.839622641509434,2024-01-31 18:05:59.702962,2024-01-31 18:06:38.008415,0 days 00:00:38.305453,6.364339556623543e-05,0.2558263825948059,138,0.46773871443672477,66,0.4111733780110161,40,COMPLETE
509,509,0.7830188679245284,2024-01-31 18:06:38.012104,2024-01-31 18:07:17.042484,0 days 00:00:39.030380,8.19593807241574e-05,0.24831780072812973,148,0.3325966164470601,65,0.4405695332341691,56,COMPLETE
510,510,0.8018867924528302,2024-01-31 18:07:17.045265,2024-01-31 18:07:56.459184,0 days 00:00:39.413919,6.369390575541802e-05,0.49035721969987767,138,0.4736628019035275,68,0.4075379966758069,39,COMPLETE
511,511,0.839622641509434,2024-01-31 18:07:56.462971,2024-01-31 18:08:35.471567,0 days 00:00:39.008596,0.00010055872241740284,0.2400091564649125,144,0.47046603710775753,63,0.26014776996521116,40,COMPLETE
512,512,0.7264150943396226,2024-01-31 18:08:35.474375,2024-01-31 18:09:14.625451,0 days 00:00:39.151076,0.00013677660833516996,0.22887894335731557,143,0.48748831293426054,65,0.47716666691253934,37,COMPLETE
513,513,0.7924528301886793,2024-01-31 18:09:14.628214,2024-01-31 18:09:53.520463,0 days 00:00:38.892249,9.216189410957592e-05,0.22236167208312782,145,0.4805959079832542,67,0.45908766206163565,31,COMPLETE
514,514,0.7641509433962265,2024-01-31 18:09:53.524823,2024-01-31 18:10:32.609430,0 days 00:00:39.084607,0.00010987396594545585,0.24248226438508536,141,0.45811159549301006,63,0.408708718136435,39,COMPLETE
515,515,0.7358490566037735,2024-01-31 18:10:32.613925,2024-01-31 18:11:11.593911,0 days 00:00:38.979986,0.00011316879748549788,0.24102792368067896,138,0.48894498847355794,66,0.44615168256836757,48,COMPLETE
516,516,0.7830188679245284,2024-01-31 18:11:11.597673,2024-01-31 18:11:50.440890,0 days 00:00:38.843217,7.457633001353063e-05,0.23504952136106666,152,0.46738912752783657,64,0.2611082029377386,40,COMPLETE
517,517,0.8207547169811321,2024-01-31 18:11:50.444072,2024-01-31 18:12:26.758915,0 days 00:00:36.314843,0.00019835663415184164,0.2545591432192525,151,0.2091343780506095,69,0.39447335806829487,58,COMPLETE
518,518,0.8113207547169812,2024-01-31 18:12:26.761423,2024-01-31 18:13:06.000495,0 days 00:00:39.239072,7.280705883188188e-05,0.2400488703692386,145,0.4642275662124834,66,0.49178801524782434,46,COMPLETE
519,519,0.7830188679245284,2024-01-31 18:13:06.005546,2024-01-31 18:13:44.716939,0 days 00:00:38.711393,0.00014621957810168109,0.24860262523819385,135,0.24640423732265604,62,0.2563619713127469,59,COMPLETE
520,520,0.7641509433962265,2024-01-31 18:13:44.719767,2024-01-31 18:14:24.033642,0 days 00:00:39.313875,0.00010300797954136277,0.49980796292075913,141,0.47546276638296925,68,0.2652542177498223,63,COMPLETE
521,521,0.8207547169811321,2024-01-31 18:14:24.036570,2024-01-31 18:15:03.631667,0 days 00:00:39.595097,5.9409526488430326e-05,0.47978285284359073,137,0.49484576119051166,64,0.45288776443181294,60,COMPLETE
522,522,0.8018867924528302,2024-01-31 18:15:03.634499,2024-01-31 18:15:43.153540,0 days 00:00:39.519041,9.474294415809044e-05,0.48524221711227855,147,0.13624059799308158,70,0.42064579777287153,62,COMPLETE
523,523,0.7924528301886793,2024-01-31 18:15:43.156330,2024-01-31 18:16:21.998584,0 days 00:00:38.842254,5.3914835578373703e-05,0.23036562993158213,132,0.47093366427162964,67,0.24808356837034676,18,COMPLETE
524,524,0.8113207547169812,2024-01-31 18:16:22.001444,2024-01-31 18:17:01.659555,0 days 00:00:39.658111,6.735345844066418e-05,0.493441598094421,138,0.4648810770940379,60,0.2724493427835026,57,COMPLETE
525,525,0.7358490566037735,2024-01-31 18:17:01.662397,2024-01-31 18:17:40.943989,0 days 00:00:39.281592,8.266018360048246e-05,0.2167801784619943,131,0.11414943774353109,64,0.25271910719879015,61,COMPLETE
526,526,0.7641509433962265,2024-01-31 18:17:40.946848,2024-01-31 18:18:20.035291,0 days 00:00:39.088443,0.00012169825031539981,0.33968359832627393,134,0.18694091088877346,66,0.28364735010525965,58,COMPLETE
527,527,0.8301886792452831,2024-01-31 18:18:20.039020,2024-01-31 18:18:59.007696,0 days 00:00:38.968676,5.128153953538087e-05,0.472210878893373,127,0.14942274487321014,71,0.42494078853339684,44,COMPLETE
528,528,0.8018867924528302,2024-01-31 18:18:59.010542,2024-01-31 18:19:38.583788,0 days 00:00:39.573246,6.182268888790025e-05,0.31289766889636994,143,0.4914758026019219,69,0.26203251924410453,54,COMPLETE
529,529,0.7735849056603774,2024-01-31 18:19:38.586648,2024-01-31 18:20:17.926617,0 days 00:00:39.339969,7.69087606636023e-05,0.2487617341850026,150,0.2008196180135276,61,0.242702238877735,60,COMPLETE
530,530,0.839622641509434,2024-01-31 18:20:17.929906,2024-01-31 18:20:57.191511,0 days 00:00:39.261605,4.813220519744435e-05,0.48296733052662855,140,0.22374946055360578,63,0.27316904941982134,40,COMPLETE
