,number,value,datetime_start,datetime_complete,duration,params_learning_rate,params_merged_1_dropout,params_merged_1_size,params_merged_2_dropout,params_merged_2_size,params_merged_3_dropout,params_merged_3_size,state
534,534,0.7924528301886793,2024-03-05 00:39:53.428264,2024-03-05 00:40:12.726510,0 days 00:00:19.298246,0.0005745640575477954,0.47740963346742316,75,0.4528939560994688,117,0.32127995389512726,50,COMPLETE
535,535,0.8207547169811321,2024-03-05 00:40:12.729441,2024-03-05 00:40:25.575404,0 days 00:00:12.845963,0.0009656430211410738,0.44600902265250864,72,0.4589820227898155,77,0.3303737884347697,52,COMPLETE
536,536,0.8018867924528302,2024-03-05 00:40:25.576351,2024-03-05 00:40:50.141749,0 days 00:00:24.565398,0.0006387620973681841,0.4515879471580303,64,0.4149060577117168,120,0.44388036594424546,51,COMPLETE
537,537,0.8113207547169812,2024-03-05 00:40:50.144649,2024-03-05 00:41:16.804871,0 days 00:00:26.660222,0.0004215984602914422,0.42697114415476134,126,0.326219736190968,54,0.43481513815064615,55,COMPLETE
538,538,0.8584905660377359,2024-03-05 00:41:16.808922,2024-03-05 00:41:31.158846,0 days 00:00:14.349924,0.0014426221685747062,0.4593202511530475,242,0.4423294095147571,84,0.34988297358748216,53,COMPLETE
539,539,0.8018867924528302,2024-03-05 00:41:31.159932,2024-03-05 00:41:43.940228,0 days 00:00:12.780296,0.001852301663468976,0.46116204425818746,242,0.4477769824253359,79,0.35298067893923596,53,COMPLETE
540,540,0.8301886792452831,2024-03-05 00:41:43.942296,2024-03-05 00:41:57.350729,0 days 00:00:13.408433,0.0015290094182670631,0.44129756963386796,250,0.43722224367188806,81,0.36079876167887603,59,COMPLETE
541,541,0.7924528301886793,2024-03-05 00:41:57.352432,2024-03-05 00:42:09.718735,0 days 00:00:12.366303,0.0013797188422687444,0.43370453801033393,241,0.44605066710759156,85,0.3496392003594875,49,COMPLETE
542,542,0.7641509433962265,2024-03-05 00:42:09.721653,2024-03-05 00:42:20.490006,0 days 00:00:10.768353,0.0023328199584156293,0.45228145531235675,244,0.43822738699647573,77,0.338459496551051,52,COMPLETE
543,543,0.7641509433962265,2024-03-05 00:42:20.492504,2024-03-05 00:42:35.882258,0 days 00:00:15.389754,0.0009820530649072372,0.4156200847183604,240,0.45842230380684995,83,0.37333520059193226,51,COMPLETE
544,544,0.8301886792452831,2024-03-05 00:42:35.883614,2024-03-05 00:42:49.472856,0 days 00:00:13.589242,0.0019831991329621085,0.45753209118099375,245,0.4228191942070827,102,0.36423789640065335,53,COMPLETE
545,545,0.7830188679245284,2024-03-05 00:42:49.475737,2024-03-05 00:43:02.116799,0 days 00:00:12.641062,0.001248671619946272,0.3877260131075846,247,0.4293619955611738,83,0.344474875987278,58,COMPLETE
546,546,0.8018867924528302,2024-03-05 00:43:02.120914,2024-03-05 00:43:13.348992,0 days 00:00:11.228078,0.0016930950199172863,0.4219467687865161,253,0.4421952450596791,80,0.33609300866754643,59,COMPLETE
547,547,0.8113207547169812,2024-03-05 00:43:13.349997,2024-03-05 00:43:28.462134,0 days 00:00:15.112137,0.001359279239313231,0.44523542694752316,256,0.425758045433604,86,0.35415760612810915,61,COMPLETE
548,548,0.7830188679245284,2024-03-05 00:43:28.465066,2024-03-05 00:43:42.640630,0 days 00:00:14.175564,0.0010416782264476832,0.43595983342655076,236,0.2437406672522046,90,0.32646283435755974,51,COMPLETE
549,549,0.7924528301886793,2024-03-05 00:43:42.645850,2024-03-05 00:44:09.046271,0 days 00:00:26.400421,0.0011370471157249576,0.409191518853685,189,0.40573644376981344,81,0.31233365713982486,49,COMPLETE
550,550,0.839622641509434,2024-03-05 00:44:09.049267,2024-03-05 00:44:23.437753,0 days 00:00:14.388486,0.0014323244250512039,0.4281365690253871,248,0.4560987655082719,83,0.3426412729452244,56,COMPLETE
551,551,0.7924528301886793,2024-03-05 00:44:23.440749,2024-03-05 00:44:40.764094,0 days 00:00:17.323345,0.0008143363056439282,0.47837310521504106,239,0.2227932842249223,98,0.348038318537289,53,COMPLETE
552,552,0.8207547169811321,2024-03-05 00:44:40.767071,2024-03-05 00:44:54.997012,0 days 00:00:14.229941,0.0011754071748696665,0.49988698783857827,210,0.4663500726350238,87,0.3312097094723955,52,COMPLETE
553,553,0.7169811320754716,2024-03-05 00:44:54.999611,2024-03-05 00:45:11.319596,0 days 00:00:16.319985,0.0017168788248381117,0.4679013705014192,75,0.21004591578715562,74,0.3573829374299773,49,COMPLETE
554,554,0.8490566037735849,2024-03-05 00:45:11.320852,2024-03-05 00:45:30.365304,0 days 00:00:19.044452,0.0008417806839021914,0.45069728932812936,157,0.19366704981958585,79,0.32228762002804506,50,COMPLETE
555,555,0.8301886792452831,2024-03-05 00:45:30.369389,2024-03-05 00:45:46.738957,0 days 00:00:16.369568,0.0009546426606520289,0.4511523960012975,68,0.1918452361422416,78,0.31733184944640974,50,COMPLETE
556,556,0.7924528301886793,2024-03-05 00:45:46.739962,2024-03-05 00:46:05.126077,0 days 00:00:18.386115,0.0008057634716770077,0.44454988208580304,135,0.17193488057699513,75,0.30627405355922316,50,COMPLETE
557,557,0.8207547169811321,2024-03-05 00:46:05.128850,2024-03-05 00:46:21.090073,0 days 00:00:15.961223,0.0010638471170981265,0.43968333727267017,150,0.18711440858483414,91,0.31932335632811526,48,COMPLETE
558,558,0.7452830188679245,2024-03-05 00:46:21.093033,2024-03-05 00:46:35.799286,0 days 00:00:14.706253,0.0012494778638779353,0.4539145871615868,146,0.19894439776446576,84,0.2999975950348047,48,COMPLETE
559,559,0.5188679245283019,2024-03-05 00:46:35.802237,2024-03-05 00:46:46.417664,0 days 00:00:10.615427,0.050928520207613626,0.4358556081632168,163,0.2075752620724792,80,0.32359980686937884,50,COMPLETE
560,560,0.8113207547169812,2024-03-05 00:46:46.418693,2024-03-05 00:47:08.350901,0 days 00:00:21.932208,0.0007781275441922541,0.4225481138596855,218,0.16036008684638048,95,0.4017535867751893,60,COMPLETE
561,561,0.7924528301886793,2024-03-05 00:47:08.353863,2024-03-05 00:47:22.763482,0 days 00:00:14.409619,0.0009235897108868962,0.4003187137244692,236,0.18447432718252058,82,0.3243927058092687,51,COMPLETE
562,562,0.839622641509434,2024-03-05 00:47:22.766426,2024-03-05 00:47:38.614239,0 days 00:00:15.847813,0.0013962448183179987,0.45982779278721125,156,0.19356850601214942,58,0.3683283901902153,49,COMPLETE
563,563,0.8113207547169812,2024-03-05 00:47:38.617178,2024-03-05 00:47:59.641538,0 days 00:00:21.024360,0.001068868518420216,0.4503433914732613,180,0.17829992860503807,93,0.31462964506726804,51,COMPLETE
564,564,0.8113207547169812,2024-03-05 00:47:59.644554,2024-03-05 00:48:18.944341,0 days 00:00:19.299787,0.0006991653562260972,0.44479698337097273,78,0.44277137146764833,56,0.3329351794818089,50,COMPLETE
565,565,0.7641509433962265,2024-03-05 00:48:18.947235,2024-03-05 00:48:34.747931,0 days 00:00:15.800696,0.0008783477630252206,0.41754181612046337,171,0.20084316720014006,101,0.3049126781289614,47,COMPLETE
566,566,0.7830188679245284,2024-03-05 00:48:34.750854,2024-03-05 00:48:54.565365,0 days 00:00:19.814511,0.0007837522328912642,0.42965685524453445,244,0.217509177874368,60,0.3429027527161649,49,COMPLETE
567,567,0.8113207547169812,2024-03-05 00:48:54.568405,2024-03-05 00:49:09.901889,0 days 00:00:15.333484,0.0011428146997863407,0.45990777744482136,72,0.21342107618272155,87,0.31438182321104086,52,COMPLETE
568,568,0.8301886792452831,2024-03-05 00:49:09.902965,2024-03-05 00:49:23.670240,0 days 00:00:13.767275,0.0015208515996504505,0.43566604361362543,138,0.22786102467327995,96,0.39077936049490525,51,COMPLETE
569,569,0.8018867924528302,2024-03-05 00:49:23.673270,2024-03-05 00:49:42.083504,0 days 00:00:18.410234,0.000701035567685099,0.44507299521912697,176,0.4199771751718375,103,0.32584456387867033,48,COMPLETE
570,570,0.839622641509434,2024-03-05 00:49:42.088208,2024-03-05 00:49:56.792128,0 days 00:00:14.703920,0.0019742381528343477,0.42922377984110244,66,0.24077637770359225,99,0.3386644577140719,60,COMPLETE
571,571,0.8018867924528302,2024-03-05 00:49:56.795632,2024-03-05 00:50:12.343032,0 days 00:00:15.547400,0.0009145488720623197,0.41025150788481357,213,0.19340470576481458,73,0.3515476562088767,52,COMPLETE
572,572,0.8018867924528302,2024-03-05 00:50:12.344388,2024-03-05 00:50:31.487564,0 days 00:00:19.143176,0.0012051497702055126,0.45093061319788624,250,0.4343038143364758,79,0.4182973419509029,45,COMPLETE
573,573,0.8301886792452831,2024-03-05 00:50:31.489979,2024-03-05 00:50:49.684268,0 days 00:00:18.194289,0.000659301739664328,0.42326383728671035,222,0.2497722453316396,48,0.2951546628071411,58,COMPLETE
574,574,0.8207547169811321,2024-03-05 00:50:49.687255,2024-03-05 00:51:10.963306,0 days 00:00:21.276051,0.0005511595377799481,0.3973008753925654,121,0.4468024608529982,61,0.3791997177102022,47,COMPLETE
575,575,0.7547169811320755,2024-03-05 00:51:10.966282,2024-03-05 00:51:26.608397,0 days 00:00:15.642115,0.00101719606923892,0.4632327854676102,239,0.41288821943456294,76,0.4611655700171453,50,COMPLETE
576,576,0.8018867924528302,2024-03-05 00:51:26.612544,2024-03-05 00:51:36.200087,0 days 00:00:09.587543,0.0028619737988328114,0.3668213583691227,253,0.23500048603018445,58,0.32994178105108973,59,COMPLETE
577,577,0.7641509433962265,2024-03-05 00:51:36.200985,2024-03-05 00:51:52.105154,0 days 00:00:15.904169,0.000897415789749185,0.4392602384899506,160,0.2220948122478963,92,0.45243483957586833,62,COMPLETE
578,578,0.7735849056603774,2024-03-05 00:51:52.108148,2024-03-05 00:52:06.324380,0 days 00:00:14.216232,0.0014431880903702213,0.41652456965646495,64,0.2027226201461381,104,0.3185764677896715,52,COMPLETE
579,579,0.8207547169811321,2024-03-05 00:52:06.327360,2024-03-05 00:52:24.496843,0 days 00:00:18.169483,0.0007511273132062262,0.46982682199357423,129,0.4280682370739091,97,0.35949748353846456,51,COMPLETE
580,580,0.7641509433962265,2024-03-05 00:52:24.499864,2024-03-05 00:52:31.814882,0 days 00:00:07.315018,0.02074037820908141,0.4333699990881687,248,0.21231189601672223,60,0.3426040998052818,46,COMPLETE
581,581,0.7830188679245284,2024-03-05 00:52:31.815851,2024-03-05 00:52:55.250368,0 days 00:00:23.434517,0.000638178096069555,0.4551747006937369,69,0.45185088545556884,101,0.30732304327167465,48,COMPLETE
582,582,0.8490566037735849,2024-03-05 00:52:55.253319,2024-03-05 00:53:13.541381,0 days 00:00:18.288062,0.001246161244844027,0.48799961335708436,187,0.22742501306043633,62,0.34844627596960703,49,COMPLETE
583,583,0.8018867924528302,2024-03-05 00:53:13.544312,2024-03-05 00:53:26.240310,0 days 00:00:12.695998,0.0017217844022799358,0.49220566479053846,215,0.22935823401690683,62,0.3606405179516899,49,COMPLETE
584,584,0.7924528301886793,2024-03-05 00:53:26.241885,2024-03-05 00:53:42.652803,0 days 00:00:16.410918,0.0014855089474708205,0.40731308501516755,166,0.23236983506595713,63,0.36568975261821446,49,COMPLETE
585,585,0.8113207547169812,2024-03-05 00:53:42.656196,2024-03-05 00:53:59.652199,0 days 00:00:16.996003,0.0012934503198291502,0.4861464456719866,196,0.22310957604759282,57,0.4670396743829308,48,COMPLETE
586,586,0.7924528301886793,2024-03-05 00:53:59.653841,2024-03-05 00:54:17.128159,0 days 00:00:17.474318,0.0011234254935596378,0.4422531642927695,206,0.2420386602512171,61,0.3492078513084903,50,COMPLETE
587,587,0.839622641509434,2024-03-05 00:54:17.130741,2024-03-05 00:54:28.098964,0 days 00:00:10.968223,0.002004500535866917,0.4260294758513885,188,0.2364212489231161,64,0.3527589675591095,49,COMPLETE
588,588,0.8113207547169812,2024-03-05 00:54:28.103764,2024-03-05 00:54:44.451292,0 days 00:00:16.347528,0.0012716042144518204,0.49982599732769734,221,0.2186460809353279,59,0.4271770802540522,47,COMPLETE
589,589,0.839622641509434,2024-03-05 00:54:44.454360,2024-03-05 00:55:00.585525,0 days 00:00:16.131165,0.0010259062707947627,0.41709924223117434,133,0.20651786147582377,55,0.4476965938751989,50,COMPLETE
590,590,0.7924528301886793,2024-03-05 00:55:00.588306,2024-03-05 00:55:15.704898,0 days 00:00:15.116592,0.0017336974243539658,0.44932349416403505,152,0.2263104916942986,62,0.28234840344196044,47,COMPLETE
591,591,0.7547169811320755,2024-03-05 00:55:15.707313,2024-03-05 00:55:35.941704,0 days 00:00:20.234391,0.0008624668320148624,0.48605214466688973,143,0.43870280770715425,89,0.33492797057092283,50,COMPLETE
592,592,0.7924528301886793,2024-03-05 00:55:35.944809,2024-03-05 00:55:51.233288,0 days 00:00:15.288479,0.0011090200115332302,0.40431197791430673,185,0.25295637829422446,70,0.3473047613340742,48,COMPLETE
593,593,0.7924528301886793,2024-03-05 00:55:51.234605,2024-03-05 00:56:03.705857,0 days 00:00:12.471252,0.0013070593253884583,0.4367939565852616,233,0.23807457910796306,59,0.45843570777520254,51,COMPLETE
594,594,0.8018867924528302,2024-03-05 00:56:03.708955,2024-03-05 00:56:20.930440,0 days 00:00:17.221485,0.0009842651333873411,0.4277783551784962,241,0.21455839384532815,65,0.3263942443504398,59,COMPLETE
595,595,0.8207547169811321,2024-03-05 00:56:20.932171,2024-03-05 00:56:40.106014,0 days 00:00:19.173843,0.0008136785920632068,0.49021941011889164,210,0.22199902993271614,85,0.33753088065335307,61,COMPLETE
596,596,0.8584905660377359,2024-03-05 00:56:40.109835,2024-03-05 00:56:55.611790,0 days 00:00:15.501955,0.001580595793638337,0.44268348668451346,191,0.25929129605513107,94,0.3096419557859175,47,COMPLETE
597,597,0.8113207547169812,2024-03-05 00:56:55.614725,2024-03-05 00:57:15.907212,0 days 00:00:20.292487,0.002105688324908755,0.4423994591614696,169,0.25918425345371476,93,0.31388115662269767,45,COMPLETE
598,598,0.7735849056603774,2024-03-05 00:57:15.910321,2024-03-05 00:57:28.783007,0 days 00:00:12.872686,0.0016681072168185497,0.4354896145209484,173,0.26219753572029747,95,0.3121143647093993,47,COMPLETE
599,599,0.8018867924528302,2024-03-05 00:57:28.786063,2024-03-05 00:57:41.796606,0 days 00:00:13.010543,0.002600562386103174,0.44427621920940613,218,0.2491255104434152,91,0.31508145528831505,48,COMPLETE
600,600,0.8490566037735849,2024-03-05 00:57:41.798566,2024-03-05 00:58:00.186580,0 days 00:00:18.388014,0.0015450294400578858,0.43108046325267174,201,0.2674967455414148,95,0.29552339709871234,46,COMPLETE
601,601,0.8207547169811321,2024-03-05 00:58:00.189609,2024-03-05 00:58:11.972061,0 days 00:00:11.782452,0.0017010417791769403,0.4299911312118352,201,0.26704495768420283,94,0.28725241369594195,44,COMPLETE
602,602,0.7924528301886793,2024-03-05 00:58:11.973044,2024-03-05 00:58:25.509392,0 days 00:00:13.536348,0.0015090124616664528,0.42161931019396187,195,0.24356642099609566,96,0.2910150303109133,46,COMPLETE
603,603,0.8018867924528302,2024-03-05 00:58:25.512491,2024-03-05 00:58:36.453480,0 days 00:00:10.940989,0.002306016837217745,0.4185423083673045,191,0.26017965007835475,93,0.2980764268971914,45,COMPLETE
604,604,0.8207547169811321,2024-03-05 00:58:36.456591,2024-03-05 00:58:52.816018,0 days 00:00:16.359427,0.002098373002256966,0.42652851064873193,203,0.25233716385770155,98,0.2974488302299804,46,COMPLETE
605,605,0.839622641509434,2024-03-05 00:58:52.818573,2024-03-05 00:59:05.302202,0 days 00:00:12.483629,0.0015136672202039037,0.432892394810542,199,0.27560374283577727,91,0.26536287824836985,46,COMPLETE
606,606,0.8113207547169812,2024-03-05 00:59:05.303904,2024-03-05 00:59:19.097471,0 days 00:00:13.793567,0.0017577999268570295,0.4160547963244201,180,0.22807773071722506,95,0.28961025983481115,47,COMPLETE
607,607,0.7830188679245284,2024-03-05 00:59:19.100632,2024-03-05 00:59:31.811023,0 days 00:00:12.710391,0.0013588758891950855,0.40979684558156254,183,0.4530391653024393,98,0.30007573020997297,44,COMPLETE
608,608,0.7452830188679245,2024-03-05 00:59:31.813998,2024-03-05 00:59:45.944412,0 days 00:00:14.130414,0.0012646112114568968,0.43688795361202054,188,0.3086346597476085,94,0.2918103580813596,46,COMPLETE
609,609,0.7924528301886793,2024-03-05 00:59:45.948946,2024-03-05 00:59:59.458429,0 days 00:00:13.509483,0.0019451982405627563,0.4234737512636075,193,0.2939477477090156,96,0.2765108456710095,47,COMPLETE
610,610,0.7830188679245284,2024-03-05 00:59:59.460028,2024-03-05 01:00:15.881417,0 days 00:00:16.421389,0.001518169571289374,0.3920854422876638,211,0.18898265497872643,99,0.3098297848805114,48,COMPLETE
611,611,0.8018867924528302,2024-03-05 01:00:15.884553,2024-03-05 01:00:32.865553,0 days 00:00:16.981000,0.0012331197903125602,0.4297694084379478,208,0.23513502482525384,93,0.3030893159751554,47,COMPLETE
612,612,0.8207547169811321,2024-03-05 01:00:32.868668,2024-03-05 01:00:47.153251,0 days 00:00:14.284583,0.001451468687498843,0.439019229813199,192,0.19826135931067557,89,0.30545622689682267,48,COMPLETE
613,613,0.7735849056603774,2024-03-05 01:00:47.156431,2024-03-05 01:00:59.207058,0 days 00:00:12.050627,0.002469636332148218,0.38202716190474556,205,0.2865726559472393,98,0.3047013387436843,45,COMPLETE
614,614,0.8018867924528302,2024-03-05 01:00:59.209484,2024-03-05 01:01:14.542760,0 days 00:00:15.333276,0.0011175121963315853,0.4237490475150631,213,0.26940363403516504,100,0.3195690650558814,46,COMPLETE
615,615,0.7547169811320755,2024-03-05 01:01:14.545866,2024-03-05 01:01:23.621836,0 days 00:00:09.075970,0.0035249207479873396,0.2460021318455494,200,0.20908626977201497,96,0.2822136004233633,49,COMPLETE
616,616,0.7924528301886793,2024-03-05 01:01:23.623210,2024-03-05 01:01:31.802839,0 days 00:00:08.179629,0.012481950104310673,0.4007007746810814,185,0.24686476672636462,103,0.29680720376476033,47,COMPLETE
617,617,0.7452830188679245,2024-03-05 01:01:31.808154,2024-03-05 01:01:47.253033,0 days 00:00:15.444879,0.001683467003179342,0.3361976731904777,198,0.44335330225969416,93,0.30772569643478437,45,COMPLETE
618,618,0.7924528301886793,2024-03-05 01:01:47.254777,2024-03-05 01:02:01.132014,0 days 00:00:13.877237,0.0012861818273678112,0.41502859360502864,175,0.3180544046300843,91,0.3238433718241502,48,COMPLETE
619,619,0.7830188679245284,2024-03-05 01:02:01.135016,2024-03-05 01:02:16.863569,0 days 00:00:15.728553,0.0011500477888737308,0.4476364169060962,217,0.4311681125845085,101,0.4694802412693466,49,COMPLETE
620,620,0.7830188679245284,2024-03-05 01:02:16.866440,2024-03-05 01:02:54.250070,0 days 00:00:37.383630,0.00012185017427109473,0.3518667406492522,206,0.46992818075381604,95,0.3691805807352313,44,COMPLETE
621,621,0.8113207547169812,2024-03-05 01:02:54.253209,2024-03-05 01:03:08.118261,0 days 00:00:13.865052,0.0018175844503656113,0.4304782618558441,222,0.2564299448176624,88,0.3188465800781963,60,COMPLETE
622,622,0.8018867924528302,2024-03-05 01:03:08.121428,2024-03-05 01:03:24.451815,0 days 00:00:16.330387,0.001459600933390055,0.49876859606584667,244,0.4809491572858773,82,0.30792735626309886,46,COMPLETE
623,623,0.7641509433962265,2024-03-05 01:03:24.453405,2024-03-05 01:03:39.449471,0 days 00:00:14.996066,0.0010192869080394816,0.4076979033192686,214,0.3364371805010865,105,0.32684681495427725,48,COMPLETE
624,624,0.8018867924528302,2024-03-05 01:03:39.452396,2024-03-05 01:03:53.243408,0 days 00:00:13.791012,0.0010397709005164923,0.20939454354960266,256,0.21751431524747297,96,0.35806207607161866,47,COMPLETE
625,625,0.8018867924528302,2024-03-05 01:03:53.247628,2024-03-05 01:04:06.085194,0 days 00:00:12.837566,0.0013061373702122098,0.43924319885975854,236,0.23076793710624982,78,0.31308686499562566,62,COMPLETE
626,626,0.7830188679245284,2024-03-05 01:04:06.088363,2024-03-05 01:04:21.969907,0 days 00:00:15.881544,0.0009581865737544888,0.455399428367576,68,0.45945351346051655,98,0.3763684931175412,45,COMPLETE
627,627,0.8018867924528302,2024-03-05 01:04:21.973113,2024-03-05 01:04:38.660672,0 days 00:00:16.687559,0.0015448890901355134,0.42259956190370723,190,0.24066715753645454,92,0.46798673914399735,58,COMPLETE
628,628,0.8207547169811321,2024-03-05 01:04:38.663112,2024-03-05 01:04:58.027738,0 days 00:00:19.364626,0.00121337802907349,0.43456123248056483,247,0.43582862521510424,103,0.300118586713242,49,COMPLETE
629,629,0.7830188679245284,2024-03-05 01:04:58.030966,2024-03-05 01:05:13.173305,0 days 00:00:15.142339,0.0009162156656190639,0.44885141243511223,72,0.20374799683347414,100,0.32069377324865456,60,COMPLETE
630,630,0.8207547169811321,2024-03-05 01:05:13.174304,2024-03-05 01:05:26.244181,0 days 00:00:13.069877,0.0020567120193962208,0.4936428897111862,219,0.22317995483567893,94,0.3474244891518758,46,COMPLETE
631,631,0.7924528301886793,2024-03-05 01:05:26.248332,2024-03-05 01:05:41.579317,0 days 00:00:15.330985,0.001065538040161204,0.4138319186159609,232,0.21485555544481544,57,0.32803010069075933,47,COMPLETE
632,632,0.7924528301886793,2024-03-05 01:05:41.580554,2024-03-05 01:05:56.522560,0 days 00:00:14.942006,0.0013063499500663921,0.4431673052783421,203,0.2794224365231315,105,0.4569904876113899,43,COMPLETE
633,633,0.7924528301886793,2024-03-05 01:05:56.525466,2024-03-05 01:06:09.138663,0 days 00:00:12.613197,0.0017105763136031956,0.42663900229242346,157,0.44875310019167886,90,0.3108430630004607,59,COMPLETE
634,634,0.8113207547169812,2024-03-05 01:06:09.144201,2024-03-05 01:06:28.857190,0 days 00:00:19.712989,0.0008682664641002206,0.4874496541993493,64,0.42466937839023783,53,0.33243653457376426,47,COMPLETE
635,635,0.8207547169811321,2024-03-05 01:06:28.860320,2024-03-05 01:06:42.490907,0 days 00:00:13.630587,0.0014083960131252913,0.4375363702436371,195,0.25109271050862675,72,0.3599084957671714,63,COMPLETE
636,636,0.7641509433962265,2024-03-05 01:06:42.491981,2024-03-05 01:06:59.076199,0 days 00:00:16.584218,0.001132398896582647,0.4185365524686109,179,0.2381527990602969,97,0.474433339814607,48,COMPLETE
637,637,0.7924528301886793,2024-03-05 01:06:59.079407,2024-03-05 01:07:17.650232,0 days 00:00:18.570825,0.0008932649638196486,0.40264143911840555,250,0.2707939752566595,80,0.3451161586111348,49,COMPLETE
638,638,0.8113207547169812,2024-03-05 01:07:17.653478,2024-03-05 01:07:37.690641,0 days 00:00:20.037163,0.0007368481132898658,0.45625988491164826,224,0.19465545702376688,75,0.2876522435149391,58,COMPLETE
639,639,0.8301886792452831,2024-03-05 01:07:37.693760,2024-03-05 01:07:50.375067,0 days 00:00:12.681307,0.002363675292922097,0.4299997994365449,209,0.22828074519683753,61,0.44881297593275116,45,COMPLETE
640,640,0.7358490566037735,2024-03-05 01:07:50.376740,2024-03-05 01:08:04.579027,0 days 00:00:14.202287,0.0010771148735203584,0.4990508366936034,243,0.2105899999776449,102,0.3202826793518274,29,COMPLETE
