,number,value,datetime_start,datetime_complete,duration,params_learning_rate,params_merged_1_dropout,params_merged_1_size,params_merged_2_dropout,params_merged_2_size,params_merged_3_dropout,params_merged_3_size,state
1492,1492,0.8113207547169812,2024-03-05 05:13:28.994247,2024-03-05 05:13:48.017130,0 days 00:00:19.022883,0.0006705922094164714,0.4613294639559208,152,0.44505085957809465,95,0.2831284914345028,53,COMPLETE
1493,1493,0.7830188679245284,2024-03-05 05:13:48.021084,2024-03-05 05:14:04.518801,0 days 00:00:16.497717,0.0011238811869628339,0.46913033137805743,191,0.20729702467651442,100,0.33028686027377385,47,COMPLETE
1494,1494,0.7547169811320755,2024-03-05 05:14:04.526343,2024-03-05 05:14:22.510859,0 days 00:00:17.984516,0.0008181538798020012,0.4144206180122167,181,0.25057960269494406,108,0.2719616835781003,51,COMPLETE
1495,1495,0.8301886792452831,2024-03-05 05:14:22.513817,2024-03-05 05:14:35.034775,0 days 00:00:12.520958,0.0014760871036595279,0.43165676006648485,205,0.418938571098802,87,0.48392537995958995,50,COMPLETE
1496,1496,0.7924528301886793,2024-03-05 05:14:35.040563,2024-03-05 05:14:57.921583,0 days 00:00:22.881020,0.0005592945975847425,0.44917748919084166,68,0.4311880790089532,93,0.336163649142893,59,COMPLETE
1497,1497,0.8301886792452831,2024-03-05 05:14:57.925024,2024-03-05 05:15:20.564770,0 days 00:00:22.639746,0.00036346934519788314,0.4803478295149945,72,0.14083296869348477,40,0.30086343293550716,61,COMPLETE
1498,1498,0.8490566037735849,2024-03-05 05:15:20.569861,2024-03-05 05:15:38.144515,0 days 00:00:17.574654,0.0009095447353741816,0.42164628844051105,194,0.22313919044854735,70,0.47068186463324424,46,COMPLETE
1499,1499,0.8113207547169812,2024-03-05 05:15:38.149765,2024-03-05 05:15:50.378531,0 days 00:00:12.228766,0.0022604604521988415,0.43825472217017974,199,0.19857128469993696,83,0.3486495696150521,56,COMPLETE
