,number,value,datetime_start,datetime_complete,duration,params_learning_rate,params_merged_1_dropout,params_merged_1_size,params_merged_2_dropout,params_merged_2_size,params_merged_3_dropout,params_merged_3_size,state
0,0,0.5188679245283019,2024-03-04 21:52:58.559667,2024-03-04 21:53:19.388937,0 days 00:00:20.829270,0.08376388146302438,0.32052590763315647,198,0.3877875879142253,59,0.2692425840497844,27,COMPLETE
1,1,0.8018867924528302,2024-03-04 21:53:19.389808,2024-03-04 21:53:57.536416,0 days 00:00:38.146608,1.7326529663635617e-05,0.23727120646034777,196,0.3916198829536167,78,0.27542889787184976,35,COMPLETE
2,2,0.7547169811320755,2024-03-04 21:53:57.537444,2024-03-04 21:54:10.739603,0 days 00:00:13.202159,0.003448290408913141,0.17018070245899702,140,0.31262054953673535,103,0.3127310348387464,24,COMPLETE
3,3,0.7641509433962265,2024-03-04 21:54:10.741429,2024-03-04 21:54:48.330911,0 days 00:00:37.589482,8.185645330667251e-05,0.38897735302808867,227,0.22918356554127128,102,0.24471546224892565,45,COMPLETE
4,4,0.7735849056603774,2024-03-04 21:54:48.332715,2024-03-04 21:55:07.829468,0 days 00:00:19.496753,0.0005050346330980692,0.27348046907181134,120,0.2723451053318575,93,0.2974740390601225,20,COMPLETE
5,5,0.8018867924528302,2024-03-04 21:55:07.830506,2024-03-04 21:55:44.127836,0 days 00:00:36.297330,2.9005047452739398e-05,0.4776640072815519,124,0.30073467035373463,73,0.3495811807168445,59,COMPLETE
6,6,0.7924528301886793,2024-03-04 21:55:44.128865,2024-03-04 21:55:57.919838,0 days 00:00:13.790973,0.0011965765212602305,0.2001821461586027,125,0.29321370570508176,72,0.494223914244282,58,COMPLETE
7,7,0.7735849056603774,2024-03-04 21:55:57.920877,2024-03-04 21:56:33.690388,0 days 00:00:35.769511,0.00016462021179757346,0.34122405136437095,182,0.318027202586586,43,0.23710553350972338,56,COMPLETE
8,8,0.8207547169811321,2024-03-04 21:56:33.691460,2024-03-04 21:56:46.748603,0 days 00:00:13.057143,0.0031594683442464013,0.30416893499120445,144,0.367725513184909,98,0.33437462102488513,58,COMPLETE
9,9,0.7924528301886793,2024-03-04 21:56:46.749578,2024-03-04 21:56:58.777015,0 days 00:00:12.027437,0.0019490717640641528,0.4054731365773353,194,0.19746654981474962,113,0.17768918423150837,20,COMPLETE
10,10,0.6415094339622641,2024-03-04 21:56:58.777989,2024-03-04 21:57:06.076533,0 days 00:00:07.298544,0.01757877851392942,0.10322445736160829,82,0.49524339572605136,128,0.40533952752628893,47,COMPLETE
11,11,0.7830188679245284,2024-03-04 21:57:06.077612,2024-03-04 21:57:43.592242,0 days 00:00:37.514630,1.02116491659531e-05,0.25144583069654713,247,0.41659810785497403,85,0.1440531479376515,32,COMPLETE
12,12,0.8018867924528302,2024-03-04 21:57:43.593335,2024-03-04 21:57:58.540088,0 days 00:00:14.946753,0.005464336325631149,0.22299488543904236,161,0.3963069213741193,63,0.39230321722575495,37,COMPLETE
13,13,0.7641509433962265,2024-03-04 21:57:58.541134,2024-03-04 21:58:24.330070,0 days 00:00:25.788936,0.00035813842097231433,0.1496857092008099,79,0.12285544378592608,37,0.4413123798605162,49,COMPLETE
14,14,0.8207547169811321,2024-03-04 21:58:24.331176,2024-03-04 21:58:35.985713,0 days 00:00:11.654537,0.014542595759507832,0.31376512624097724,216,0.4559480685434492,85,0.2012940475255967,64,COMPLETE
15,15,0.7830188679245284,2024-03-04 21:58:35.986791,2024-03-04 21:58:43.390302,0 days 00:00:07.403511,0.015808386730330793,0.3646644154172239,222,0.49065306651960433,117,0.1924184031667608,64,COMPLETE
16,16,0.5188679245283019,2024-03-04 21:58:43.391354,2024-03-04 21:58:52.745219,0 days 00:00:09.353865,0.04511407650662548,0.2952617640468052,163,0.42729467607655014,91,0.10246801508852735,64,COMPLETE
17,17,0.839622641509434,2024-03-04 21:58:52.745870,2024-03-04 21:59:00.806074,0 days 00:00:08.060204,0.010020087051518994,0.4365697820323067,252,0.3509617834128105,102,0.3480315544573079,52,COMPLETE
18,18,0.7641509433962265,2024-03-04 21:59:00.807070,2024-03-04 21:59:08.960331,0 days 00:00:08.153261,0.005156938678233,0.4906074517404191,253,0.35111979080343697,103,0.341382706687477,52,COMPLETE
19,19,0.7641509433962265,2024-03-04 21:59:08.961447,2024-03-04 21:59:16.745456,0 days 00:00:07.784009,0.03144501310983934,0.4378604248268761,103,0.34810870569391344,116,0.37353440064665777,41,COMPLETE
20,20,0.7547169811320755,2024-03-04 21:59:16.746577,2024-03-04 21:59:31.523615,0 days 00:00:14.777038,0.006259197050119363,0.4393227759610409,143,0.23823852074973043,124,0.4445183216044434,53,COMPLETE
21,21,0.8113207547169812,2024-03-04 21:59:31.524339,2024-03-04 21:59:39.372505,0 days 00:00:07.848166,0.013238040779458886,0.30233846350973304,228,0.45249451002644914,94,0.32359451799320105,60,COMPLETE
22,22,0.7830188679245284,2024-03-04 21:59:39.374266,2024-03-04 21:59:52.154252,0 days 00:00:12.779986,0.0024796857148913776,0.3496778522921293,239,0.4512247979927998,85,0.219961467806891,53,COMPLETE
23,23,0.8018867924528302,2024-03-04 21:59:52.155445,2024-03-04 22:00:09.913482,0 days 00:00:17.758037,0.00969795052862064,0.39711602827224995,215,0.3576958555322861,107,0.3674778023214973,62,COMPLETE
24,24,0.8301886792452831,2024-03-04 22:00:09.914593,2024-03-04 22:00:26.403171,0 days 00:00:16.488578,0.0010850051119284934,0.43905539683592953,215,0.4419146404072439,96,0.2974341348628518,56,COMPLETE
25,25,0.8113207547169812,2024-03-04 22:00:26.404349,2024-03-04 22:00:40.287927,0 days 00:00:13.883578,0.001071604103673349,0.4499297997506037,178,0.3667265791777031,99,0.27230828065648977,43,COMPLETE
26,26,0.8301886792452831,2024-03-04 22:00:40.289044,2024-03-04 22:01:02.763848,0 days 00:00:22.474804,0.0007158301964624306,0.4594396733288496,240,0.4256979974284895,109,0.42057937621686803,55,COMPLETE
27,27,0.7641509433962265,2024-03-04 22:01:02.764995,2024-03-04 22:01:31.179294,0 days 00:00:28.414299,0.0003500529085658668,0.4713115032080538,242,0.4306752472465881,110,0.43371367123753324,49,COMPLETE
28,28,0.7735849056603774,2024-03-04 22:01:31.180468,2024-03-04 22:02:09.947669,0 days 00:00:38.767201,0.00012357045885408446,0.4266024531442807,255,0.4588615043436606,121,0.4862699402758374,55,COMPLETE
29,29,0.7641509433962265,2024-03-04 22:02:09.948840,2024-03-04 22:02:31.974056,0 days 00:00:22.025216,0.000572462986456488,0.49377483988181003,212,0.4079019932622553,108,0.3003496736302587,49,COMPLETE
30,30,0.5188679245283019,2024-03-04 22:02:31.975239,2024-03-04 22:02:49.887189,0 days 00:00:17.911950,0.0858968244268655,0.4577370235279532,238,0.32761342277000105,53,0.4141503176426346,51,COMPLETE
31,31,0.8018867924528302,2024-03-04 22:02:49.888363,2024-03-04 22:03:05.189321,0 days 00:00:15.300958,0.001537035312916696,0.41296552300665257,233,0.38682653568253905,98,0.3465233906291766,57,COMPLETE
32,32,0.7735849056603774,2024-03-04 22:03:05.190482,2024-03-04 22:03:27.225876,0 days 00:00:22.035394,0.0006347302211059316,0.37215185590123195,204,0.38000641921951717,90,0.3710501569097326,60,COMPLETE
33,33,0.8113207547169812,2024-03-04 22:03:27.227028,2024-03-04 22:03:40.249736,0 days 00:00:13.022708,0.0027443140858837193,0.3366599846573125,144,0.4746725252689925,78,0.3279393199458295,56,COMPLETE
34,34,0.7924528301886793,2024-03-04 22:03:40.251110,2024-03-04 22:03:51.155052,0 days 00:00:10.903942,0.0036213954609535456,0.462314893972069,182,0.4321137056843339,106,0.2880447260878956,55,COMPLETE
35,35,0.7830188679245284,2024-03-04 22:03:51.156237,2024-03-04 22:04:22.962486,0 days 00:00:31.806249,0.00025871883204833573,0.3770976709234478,195,0.37357604195448596,97,0.2522481461585247,44,COMPLETE
36,36,0.839622641509434,2024-03-04 22:04:22.963677,2024-03-04 22:04:44.700020,0 days 00:00:21.736343,0.0008782482969140197,0.4199221558885931,255,0.2736221281961092,104,0.4719677133874715,46,COMPLETE
37,37,0.7452830188679245,2024-03-04 22:04:44.700766,2024-03-04 22:05:23.280470,0 days 00:00:38.579704,5.8496488405350766e-05,0.42077044795433344,256,0.27349216811684757,114,0.4735305012325079,39,COMPLETE
38,38,0.8207547169811321,2024-03-04 22:05:23.281696,2024-03-04 22:05:44.193530,0 days 00:00:20.911834,0.0006440451100966851,0.49914795936235434,246,0.2198825170366162,104,0.46258396688437947,46,COMPLETE
39,39,0.8018867924528302,2024-03-04 22:05:44.194752,2024-03-04 22:05:58.145841,0 days 00:00:13.951089,0.0009767725455000307,0.3904421973204217,227,0.2619327608580575,89,0.42811129208928367,28,COMPLETE
40,40,0.7641509433962265,2024-03-04 22:05:58.146938,2024-03-04 22:06:35.807597,0 days 00:00:37.660659,4.5590389544068276e-05,0.4739234968901523,234,0.3355287468846718,121,0.46527837732326305,42,COMPLETE
41,41,0.8018867924528302,2024-03-04 22:06:35.809800,2024-03-04 22:06:50.975752,0 days 00:00:15.165952,0.0016452129445953042,0.27550047884515433,134,0.2970318612670555,101,0.387044439301885,51,COMPLETE
42,42,0.8584905660377359,2024-03-04 22:06:50.976907,2024-03-04 22:07:10.721786,0 days 00:00:19.744879,0.001008963924592972,0.43377057724973433,103,0.40204260650627555,95,0.31302676846309324,59,COMPLETE
43,43,0.8018867924528302,2024-03-04 22:07:10.722843,2024-03-04 22:07:47.049204,0 days 00:00:36.326361,0.0001570676062528949,0.4334294365275769,105,0.39735163824521147,112,0.31308006399867416,61,COMPLETE
44,44,0.8207547169811321,2024-03-04 22:07:47.050386,2024-03-04 22:08:05.378105,0 days 00:00:18.327719,0.0008156161256006542,0.40948281193914776,71,0.16814243582801922,71,0.2570701295462827,47,COMPLETE
45,45,0.7830188679245284,2024-03-04 22:08:05.379647,2024-03-04 22:08:36.744433,0 days 00:00:31.364786,0.0002659198425889763,0.4485390638731756,245,0.3096378377805375,96,0.28615132568247476,54,COMPLETE
46,46,0.8018867924528302,2024-03-04 22:08:36.745599,2024-03-04 22:09:00.557166,0 days 00:00:23.811567,0.0004173979710069198,0.4785557927783299,205,0.4088094338222252,87,0.3607187047383824,16,COMPLETE
47,47,0.8207547169811321,2024-03-04 22:09:00.558047,2024-03-04 22:09:12.876702,0 days 00:00:12.318655,0.00164380346556007,0.42461323308715365,103,0.274646858664704,80,0.4051157251857583,57,COMPLETE
48,48,0.8018867924528302,2024-03-04 22:09:12.878500,2024-03-04 22:09:48.744971,0 days 00:00:35.866471,0.0002130997950306079,0.3899121216844402,173,0.4406382424868063,94,0.31275191868407626,58,COMPLETE
49,49,0.5188679245283019,2024-03-04 22:09:48.746193,2024-03-04 22:09:57.956343,0 days 00:00:09.210150,0.033683407104486536,0.3553363762614508,220,0.480909682223623,102,0.48623186623132286,50,COMPLETE
50,50,0.8018867924528302,2024-03-04 22:09:57.957610,2024-03-04 22:10:06.868794,0 days 00:00:08.911184,0.007918160546482788,0.4553447693193772,246,0.338363966188027,82,0.49822203592363423,47,COMPLETE
51,51,0.8018867924528302,2024-03-04 22:10:06.869955,2024-03-04 22:10:20.338872,0 days 00:00:13.468917,0.0025687831028722726,0.22878973474394365,93,0.39360375146877735,110,0.3371508611350126,62,COMPLETE
52,52,0.8207547169811321,2024-03-04 22:10:20.340079,2024-03-04 22:10:36.400327,0 days 00:00:16.060248,0.0035444380690541075,0.19632325061695072,152,0.3663736316002307,100,0.30497871791852627,59,COMPLETE
53,53,0.7830188679245284,2024-03-04 22:10:36.402618,2024-03-04 22:10:53.235790,0 days 00:00:16.833172,0.0013337502468428958,0.40680733198315383,230,0.41848300793794296,92,0.38748418914614247,55,COMPLETE
54,54,0.8018867924528302,2024-03-04 22:10:53.237980,2024-03-04 22:11:04.794232,0 days 00:00:11.556252,0.004947479641231798,0.12501335731052693,128,0.4056721174507244,118,0.2325887321449061,52,COMPLETE
55,55,0.8018867924528302,2024-03-04 22:11:04.794900,2024-03-04 22:11:28.493831,0 days 00:00:23.698931,0.0008760033488978002,0.33360664070004964,115,0.25286267003051377,106,0.4521915882911924,58,COMPLETE
56,56,0.8018867924528302,2024-03-04 22:11:28.494986,2024-03-04 22:11:40.994911,0 days 00:00:12.499925,0.0021200975699738485,0.2584790469368232,188,0.32313566853885634,95,0.3513909039670876,53,COMPLETE
57,57,0.7830188679245284,2024-03-04 22:11:40.996191,2024-03-04 22:11:51.479050,0 days 00:00:10.482859,0.010677524403913743,0.4426057723064245,250,0.4723475842464815,75,0.4200832760232547,34,COMPLETE
58,58,0.7924528301886793,2024-03-04 22:11:51.480254,2024-03-04 22:11:59.921539,0 days 00:00:08.441285,0.019102538930746524,0.4785609299586316,167,0.2865902482215493,105,0.283421567656964,61,COMPLETE
59,59,0.7830188679245284,2024-03-04 22:11:59.922761,2024-03-04 22:12:25.171252,0 days 00:00:25.248491,0.00047737448950821627,0.3205873062800174,236,0.3550838420304766,110,0.32709191984273867,63,COMPLETE
60,60,0.8207547169811321,2024-03-04 22:12:25.172544,2024-03-04 22:12:39.835813,0 days 00:00:14.663269,0.0011830266338193707,0.3824140724808031,151,0.44393429976981474,127,0.40181948942137025,45,COMPLETE
61,61,0.8018867924528302,2024-03-04 22:12:39.836549,2024-03-04 22:12:47.842491,0 days 00:00:08.005942,0.02118299876569059,0.2834732531284173,221,0.46142049997531714,84,0.15997786827422106,64,COMPLETE
62,62,0.7830188679245284,2024-03-04 22:12:47.843527,2024-03-04 22:12:56.412874,0 days 00:00:08.569347,0.007654178655057621,0.30460407090506375,205,0.4964671777020465,88,0.2687631304709704,59,COMPLETE
63,63,0.5188679245283019,2024-03-04 22:12:56.414884,2024-03-04 22:13:07.151999,0 days 00:00:10.737115,0.057433606993382645,0.32111019484595243,211,0.42268824997535326,102,0.21014301257983262,56,COMPLETE
64,64,0.7924528301886793,2024-03-04 22:13:07.153248,2024-03-04 22:13:18.544854,0 days 00:00:11.391606,0.004772586694114704,0.3603963287965027,113,0.3813229824030207,92,0.1953747844428836,60,COMPLETE
65,65,0.7924528301886793,2024-03-04 22:13:18.546119,2024-03-04 22:13:30.170439,0 days 00:00:11.624320,0.012676304387903042,0.4654355487610425,251,0.44184864209807484,97,0.12963346406534132,62,COMPLETE
66,66,0.8207547169811321,2024-03-04 22:13:30.171721,2024-03-04 22:13:51.810603,0 days 00:00:21.638882,0.0006961889576088954,0.2450563660975727,239,0.45700538167947913,100,0.1092635177083746,54,COMPLETE
67,67,0.7735849056603774,2024-03-04 22:13:51.811922,2024-03-04 22:13:58.885644,0 days 00:00:07.073722,0.02789225271690588,0.43394287549277705,90,0.4297971595103828,85,0.3792496608791497,57,COMPLETE
68,68,0.8207547169811321,2024-03-04 22:13:58.886916,2024-03-04 22:14:11.539632,0 days 00:00:12.652716,0.0033706411945031195,0.4175284232447618,224,0.31163698964538816,115,0.33664448377015727,48,COMPLETE
69,69,0.8301886792452831,2024-03-04 22:14:11.540938,2024-03-04 22:14:27.437794,0 days 00:00:15.896856,0.000987696434530762,0.29564647597496424,215,0.4094709967810913,69,0.16796383882506724,52,COMPLETE
70,70,0.7924528301886793,2024-03-04 22:14:27.439143,2024-03-04 22:14:52.904167,0 days 00:00:25.465024,0.0003392621210835015,0.48457710109284546,189,0.34474367838954967,65,0.36111331880433956,51,COMPLETE
71,71,0.8207547169811321,2024-03-04 22:14:52.905449,2024-03-04 22:15:04.753877,0 days 00:00:11.848428,0.0018412668789882102,0.29351195886499065,201,0.40254920485436285,52,0.1584780536794263,53,COMPLETE
72,72,0.8207547169811321,2024-03-04 22:15:04.756097,2024-03-04 22:15:25.640657,0 days 00:00:20.884560,0.0008035532169256175,0.2668575261267096,256,0.41794911806479873,65,0.18175414991267957,55,COMPLETE
73,73,0.8018867924528302,2024-03-04 22:15:25.642175,2024-03-04 22:15:49.696159,0 days 00:00:24.053984,0.0005202009283075088,0.2865098393489908,216,0.3694182604981141,71,0.16378289456493428,58,COMPLETE
74,74,0.8207547169811321,2024-03-04 22:15:49.697479,2024-03-04 22:16:04.396733,0 days 00:00:14.699254,0.0011267261236607054,0.3076574927162021,231,0.38733075479324863,75,0.20746662570585547,50,COMPLETE
75,75,0.7735849056603774,2024-03-04 22:16:04.398054,2024-03-04 22:16:16.246840,0 days 00:00:11.848786,0.0020927148641740278,0.4006834205856752,211,0.4655402269825675,60,0.12813757227636563,64,COMPLETE
76,76,0.8018867924528302,2024-03-04 22:16:16.247613,2024-03-04 22:16:32.624565,0 days 00:00:16.376952,0.007395838392392028,0.4457571681800033,240,0.4848055918239849,108,0.2976249424482996,39,COMPLETE
77,77,0.8018867924528302,2024-03-04 22:16:32.626993,2024-03-04 22:16:50.071217,0 days 00:00:17.444224,0.001328746229105986,0.345397915154529,66,0.4394020283247559,90,0.23277718267985026,56,COMPLETE
78,78,0.7924528301886793,2024-03-04 22:16:50.073034,2024-03-04 22:17:17.221741,0 days 00:00:27.148707,0.000380148548521443,0.37016978804196515,250,0.21834398369049898,98,0.44863354754784995,61,COMPLETE
79,79,0.7830188679245284,2024-03-04 22:17:17.222902,2024-03-04 22:17:26.809954,0 days 00:00:09.587052,0.002885291816917545,0.21251750543196546,243,0.360565300569376,103,0.3213120550728069,52,COMPLETE
80,80,0.7924528301886793,2024-03-04 22:17:26.811899,2024-03-04 22:17:44.120624,0 days 00:00:17.308725,0.0009485526144428782,0.33060615191802156,227,0.40997100531294534,94,0.2632948072552592,54,COMPLETE
81,81,0.8679245283018868,2024-03-04 22:17:44.121937,2024-03-04 22:18:07.542077,0 days 00:00:23.420140,0.0006450898381415978,0.49755083062611494,247,0.19975452976277375,104,0.4616364018251981,46,COMPLETE
82,82,0.8207547169811321,2024-03-04 22:18:07.543295,2024-03-04 22:18:26.019390,0 days 00:00:18.476095,0.0006970262670753058,0.49922575245818607,235,0.15736387259299767,105,0.4625291921701931,43,COMPLETE
83,83,0.7547169811320755,2024-03-04 22:18:26.020733,2024-03-04 22:18:44.764924,0 days 00:00:18.744191,0.0005474740149965648,0.46610184470527743,250,0.18271806890511166,112,0.48538455281596377,48,COMPLETE
84,84,0.839622641509434,2024-03-04 22:18:44.766238,2024-03-04 22:19:00.540771,0 days 00:00:15.774533,0.0014841070177206853,0.4852373559045552,134,0.23447012332103834,96,0.43451556976551736,46,COMPLETE
85,85,0.8207547169811321,2024-03-04 22:19:00.542116,2024-03-04 22:19:15.703720,0 days 00:00:15.161604,0.0013518327982647608,0.45711251924438046,148,0.205192562256868,108,0.4350098115193565,41,COMPLETE
86,86,0.8018867924528302,2024-03-04 22:19:15.705073,2024-03-04 22:19:41.233741,0 days 00:00:25.528668,0.00028964873952890105,0.48704055160110893,137,0.19038854180907108,99,0.42654235014080216,49,COMPLETE
87,87,0.7830188679245284,2024-03-04 22:19:41.235104,2024-03-04 22:19:57.351919,0 days 00:00:16.116815,0.0010031761006008182,0.4267885073965998,157,0.23468940799375856,118,0.47602554949572384,44,COMPLETE
88,88,0.7830188679245284,2024-03-04 22:19:57.352685,2024-03-04 22:20:19.822789,0 days 00:00:22.470104,0.00045152915361475595,0.47109588002710456,132,0.250471842251955,96,0.4572422455576833,45,COMPLETE
89,89,0.7924528301886793,2024-03-04 22:20:19.824176,2024-03-04 22:20:30.566131,0 days 00:00:10.741955,0.0021043800290100156,0.4888458256655912,143,0.2843426285676203,103,0.4136637274820473,46,COMPLETE
90,90,0.8018867924528302,2024-03-04 22:20:30.567422,2024-03-04 22:20:47.246342,0 days 00:00:16.678920,0.0014920776147823523,0.4540265883486718,165,0.2198799659219608,110,0.4405802718077976,50,COMPLETE
91,91,0.7830188679245284,2024-03-04 22:20:47.247107,2024-03-04 22:21:02.342946,0 days 00:00:15.095839,0.0008011082054651061,0.4360941406777055,242,0.24665260769730127,92,0.4776326261826186,57,COMPLETE
92,92,0.8207547169811321,2024-03-04 22:21:02.344348,2024-03-04 22:21:11.398931,0 days 00:00:09.054583,0.014543102477927665,0.31047338723934076,216,0.2600098891393623,87,0.46893027281209576,52,COMPLETE
93,93,0.7735849056603774,2024-03-04 22:21:11.399984,2024-03-04 22:21:50.554173,0 days 00:00:39.154189,1.5264568287627536e-05,0.4450610992002913,123,0.21013048391376865,101,0.35638635323053613,60,COMPLETE
94,94,0.8018867924528302,2024-03-04 22:21:50.555725,2024-03-04 22:22:11.799936,0 days 00:00:21.244211,0.0006404990369216723,0.47866219547350286,172,0.12960820424288613,68,0.397900202000824,59,COMPLETE
95,95,0.8113207547169812,2024-03-04 22:22:11.802479,2024-03-04 22:22:25.663012,0 days 00:00:13.860533,0.004249249079881657,0.46073218552818196,256,0.37701979759488696,95,0.31232365352641783,54,COMPLETE
96,96,0.7924528301886793,2024-03-04 22:22:25.664641,2024-03-04 22:22:38.111128,0 days 00:00:12.446487,0.006085289058979471,0.4186644497721899,247,0.45045219880024007,107,0.24148658816630492,47,COMPLETE
97,97,0.8113207547169812,2024-03-04 22:22:38.112527,2024-03-04 22:22:55.373040,0 days 00:00:17.260513,0.001734447765509697,0.42723781789507564,118,0.4358900560682505,79,0.17685831942987634,63,COMPLETE
98,98,0.8207547169811321,2024-03-04 22:22:55.375174,2024-03-04 22:23:15.425324,0 days 00:00:20.050150,0.0011373840244314573,0.1862817238399629,224,0.4252671394961693,83,0.3431425152756691,37,COMPLETE
99,99,0.7735849056603774,2024-03-04 22:23:15.427343,2024-03-04 22:23:24.546616,0 days 00:00:09.119273,0.009885874794879861,0.3980237018672471,97,0.39229512844044545,98,0.1450685119743665,28,COMPLETE
100,100,0.7735849056603774,2024-03-04 22:23:24.547940,2024-03-04 22:23:36.046250,0 days 00:00:11.498310,0.0028120222957231074,0.47034184215655156,80,0.3319392853350396,90,0.2795536083938923,56,COMPLETE
101,101,0.8207547169811321,2024-03-04 22:23:36.047662,2024-03-04 22:23:53.918923,0 days 00:00:17.871261,0.0006036714791968194,0.49875481676952305,252,0.22805306358210628,104,0.45711113569977974,48,COMPLETE
102,102,0.8113207547169812,2024-03-04 22:23:53.920318,2024-03-04 22:24:14.300146,0 days 00:00:20.379828,0.000748405673450143,0.4928233464527017,244,0.17659139862977638,101,0.4935209583416286,46,COMPLETE
103,103,0.8113207547169812,2024-03-04 22:24:14.301534,2024-03-04 22:24:21.490544,0 days 00:00:07.189010,0.022585434632897375,0.479575028050977,232,0.19756096528655084,105,0.44136960744234055,43,COMPLETE
104,104,0.8018867924528302,2024-03-04 22:24:21.491943,2024-03-04 22:24:40.204396,0 days 00:00:18.712453,0.0008651509277447339,0.45017516554491555,237,0.24109160890357245,111,0.41804630332195997,40,COMPLETE
105,105,0.7830188679245284,2024-03-04 22:24:40.205816,2024-03-04 22:25:00.418420,0 days 00:00:20.212604,0.00047100812666978575,0.2758667103704088,128,0.30295787364149157,35,0.37609793643490586,51,COMPLETE
106,106,0.7830188679245284,2024-03-04 22:25:00.419888,2024-03-04 22:25:36.373468,0 days 00:00:35.953580,0.00021372008028461536,0.4872199774589953,158,0.2642888733376809,99,0.4324043349512683,58,COMPLETE
