,number,value,datetime_start,datetime_complete,duration,params_learning_rate,params_merged_1_dropout,params_merged_1_size,params_merged_2_dropout,params_merged_2_size,params_merged_3_dropout,params_merged_3_size,state
214,214,0.8018867924528302,2024-03-04 22:55:17.500105,2024-03-04 22:55:38.106194,0 days 00:00:20.606089,0.0005316184982654522,0.4236906126466714,231,0.42410554984064064,100,0.3107951912751955,55,COMPLETE
215,215,0.7830188679245284,2024-03-04 22:55:38.107951,2024-03-04 22:55:54.071304,0 days 00:00:15.963353,0.0014776002748924182,0.33086949117232384,248,0.44531122293764225,90,0.15416955069607174,58,COMPLETE
216,216,0.8018867924528302,2024-03-04 22:55:54.073116,2024-03-04 22:56:05.363302,0 days 00:00:11.290186,0.008898154269577019,0.43459095481819054,81,0.40617790788790115,96,0.3330563757741068,56,COMPLETE
217,217,0.8207547169811321,2024-03-04 22:56:05.364077,2024-03-04 22:56:24.901502,0 days 00:00:19.537425,0.0006539735849920643,0.49253138287765724,116,0.4690936806131164,56,0.4776576571915547,54,COMPLETE
218,218,0.7641509433962265,2024-03-04 22:56:24.903295,2024-03-04 22:56:46.995126,0 days 00:00:22.091831,0.0009558787395351674,0.24262504889775996,234,0.4372630455448681,103,0.46035935702365716,59,COMPLETE
219,219,0.8490566037735849,2024-03-04 22:56:46.996890,2024-03-04 22:57:03.536816,0 days 00:00:16.539926,0.0012375411020050927,0.44448754063825363,217,0.21394427550336637,94,0.4349637655538108,47,COMPLETE
220,220,0.8113207547169812,2024-03-04 22:57:03.537630,2024-03-04 22:57:21.194283,0 days 00:00:17.656653,0.0012247000095125724,0.4446614938230605,215,0.2112251422218595,93,0.1890001858646858,61,COMPLETE
221,221,0.8018867924528302,2024-03-04 22:57:21.197548,2024-03-04 22:57:38.053728,0 days 00:00:16.856180,0.0008040643034907535,0.4528345952531991,210,0.221195810274367,98,0.4402027552846921,48,COMPLETE
222,222,0.8207547169811321,2024-03-04 22:57:38.056621,2024-03-04 22:57:53.350261,0 days 00:00:15.293640,0.001592977307617402,0.3676331747614115,204,0.2060093984750697,94,0.42056683921376536,46,COMPLETE
223,223,0.7830188679245284,2024-03-04 22:57:53.352316,2024-03-04 22:58:07.993678,0 days 00:00:14.641362,0.0011491574867427612,0.22067066759931334,218,0.22631814634267897,100,0.43545650277785564,47,COMPLETE
224,224,0.5188679245283019,2024-03-04 22:58:07.995506,2024-03-04 22:58:31.859192,0 days 00:00:23.863686,0.09486317550207654,0.49950608601655877,221,0.21558072207823703,95,0.44758091041082687,43,COMPLETE
225,225,0.7735849056603774,2024-03-04 22:58:31.861045,2024-03-04 22:59:08.572962,0 days 00:00:36.711917,2.981574091049589e-05,0.42346683792456835,137,0.19388496345101539,103,0.45494590247608285,45,COMPLETE
226,226,0.8113207547169812,2024-03-04 22:59:08.574804,2024-03-04 22:59:25.370763,0 days 00:00:16.795959,0.0009045637164964838,0.4336297428613773,227,0.2359929676151084,106,0.43159094445489193,48,COMPLETE
227,227,0.5188679245283019,2024-03-04 22:59:25.372613,2024-03-04 22:59:36.790461,0 days 00:00:11.417848,0.06069380516525121,0.4457116374517258,75,0.3686727214082429,89,0.3156072580227003,38,COMPLETE
228,228,0.8207547169811321,2024-03-04 22:59:36.792239,2024-03-04 22:59:48.544109,0 days 00:00:11.751870,0.0018760499410380924,0.4299431631901553,98,0.3466711240144076,98,0.47235340669577974,53,COMPLETE
229,229,0.8018867924528302,2024-03-04 22:59:48.546020,2024-03-04 23:00:09.564854,0 days 00:00:21.018834,0.0007134660977879188,0.14496592447667214,239,0.2792576685632329,102,0.40763123059863227,58,COMPLETE
230,230,0.7924528301886793,2024-03-04 23:00:09.568180,2024-03-04 23:00:22.416314,0 days 00:00:12.848134,0.0013610114993319027,0.4389930744928215,129,0.41879358961723095,92,0.37096344809026394,63,COMPLETE
231,231,0.7547169811320755,2024-03-04 23:00:22.417080,2024-03-04 23:00:39.097135,0 days 00:00:16.680055,0.001000045396848483,0.41690938196137584,72,0.18450802720384166,96,0.2703100268368521,46,COMPLETE
232,232,0.839622641509434,2024-03-04 23:00:39.099361,2024-03-04 23:00:59.354080,0 days 00:00:20.254719,0.000611665134107099,0.4047879775250611,68,0.25625585176650734,59,0.3441434222348481,48,COMPLETE
233,233,0.7830188679245284,2024-03-04 23:00:59.355975,2024-03-04 23:01:21.576152,0 days 00:00:22.220177,0.0006066209230499286,0.401089751820633,68,0.26144130240531566,58,0.3429480034414955,47,COMPLETE
234,234,0.8490566037735849,2024-03-04 23:01:21.578027,2024-03-04 23:01:41.630044,0 days 00:00:20.052017,0.0005015751717827396,0.40817762194703433,215,0.2725713354765087,63,0.3526028229887401,47,COMPLETE
235,235,0.6886792452830188,2024-03-04 23:01:41.631851,2024-03-04 23:01:56.520867,0 days 00:00:14.889016,0.018621317233993004,0.4120497344784652,214,0.2821076518909189,58,0.3501035787641155,50,COMPLETE
236,236,0.8113207547169812,2024-03-04 23:01:56.521663,2024-03-04 23:02:15.386811,0 days 00:00:18.865148,0.0005198366085076842,0.4221549014793939,208,0.2739316461280547,62,0.3292116226019216,48,COMPLETE
237,237,0.7547169811320755,2024-03-04 23:02:15.389113,2024-03-04 23:02:38.683076,0 days 00:00:23.293963,0.000741231201229863,0.40233559689793824,217,0.24974086903041268,64,0.35541591446505544,47,COMPLETE
238,238,0.8018867924528302,2024-03-04 23:02:38.684940,2024-03-04 23:02:52.967820,0 days 00:00:14.282880,0.001260541780190546,0.4274958897042484,84,0.26676836261181613,60,0.3385936870191555,45,COMPLETE
239,239,0.7924528301886793,2024-03-04 23:02:52.971012,2024-03-04 23:03:18.511865,0 days 00:00:25.540853,0.00039430611033611517,0.4049901970417035,64,0.25572984003596644,52,0.3479287480612663,56,COMPLETE
240,240,0.7547169811320755,2024-03-04 23:03:18.513743,2024-03-04 23:03:40.216895,0 days 00:00:21.703152,0.0004594800797165347,0.3896782897355004,224,0.2888603013636332,66,0.3367288199382857,49,COMPLETE
241,241,0.8207547169811321,2024-03-04 23:03:40.218756,2024-03-04 23:03:58.958149,0 days 00:00:18.739393,0.0005705102333875331,0.4828845252133737,148,0.4130588842347729,59,0.4260398739799618,47,COMPLETE
242,242,0.7641509433962265,2024-03-04 23:03:58.960040,2024-03-04 23:04:15.332177,0 days 00:00:16.372137,0.0008072133896839001,0.415459123652173,253,0.2450247093577485,61,0.32343037902746474,45,COMPLETE
243,243,0.7641509433962265,2024-03-04 23:04:15.334089,2024-03-04 23:04:34.875790,0 days 00:00:19.541701,0.0006420860215622269,0.4490218190068923,78,0.2721756788580258,64,0.3326053426138608,46,COMPLETE
244,244,0.7735849056603774,2024-03-04 23:04:34.877722,2024-03-04 23:04:54.721318,0 days 00:00:19.843596,0.0009580927847655753,0.4350356293897794,213,0.42777521572806537,104,0.3643338865101892,57,COMPLETE
245,245,0.7358490566037735,2024-03-04 23:04:54.723838,2024-03-04 23:05:17.846635,0 days 00:00:23.122797,0.00047736382806241206,0.4263536531707799,70,0.44963318217798254,55,0.30349139410882253,48,COMPLETE
246,246,0.8207547169811321,2024-03-04 23:05:17.850022,2024-03-04 23:05:37.783378,0 days 00:00:19.933356,0.0010888753689007814,0.45699036014579286,243,0.45792368017168117,83,0.38083275293799956,55,COMPLETE
247,247,0.7641509433962265,2024-03-04 23:05:37.785276,2024-03-04 23:05:56.277096,0 days 00:00:18.491820,0.0008036748408851407,0.38319306549797505,246,0.39238659181470403,100,0.34029699499612864,44,COMPLETE
248,248,0.7830188679245284,2024-03-04 23:05:56.278998,2024-03-04 23:06:25.643092,0 days 00:00:29.364094,0.00032998719132430824,0.4422772182756204,87,0.43276855658450214,107,0.4638117004942256,60,COMPLETE
249,249,0.7641509433962265,2024-03-04 23:06:25.644984,2024-03-04 23:06:48.852484,0 days 00:00:23.207500,0.0006793278163266668,0.4899758120193184,186,0.3580777417915913,101,0.31610072725474436,64,COMPLETE
250,250,0.8207547169811321,2024-03-04 23:06:48.855901,2024-03-04 23:07:04.748055,0 days 00:00:15.892154,0.0015693778685440922,0.31171047043258976,250,0.40454055414789686,98,0.3475499623752199,47,COMPLETE
251,251,0.8490566037735849,2024-03-04 23:07:04.751335,2024-03-04 23:07:25.267976,0 days 00:00:20.516641,0.0011745839727172248,0.4185664947458602,220,0.2280401550553524,62,0.3288250270165243,58,COMPLETE
252,252,0.7830188679245284,2024-03-04 23:07:25.269961,2024-03-04 23:07:43.280559,0 days 00:00:18.010598,0.001259971224292075,0.41888113858382664,218,0.4403398996174408,63,0.3315744531419016,57,COMPLETE
253,253,0.7924528301886793,2024-03-04 23:07:43.282474,2024-03-04 23:07:57.234943,0 days 00:00:13.952469,0.0020661525783187565,0.40859708863273775,220,0.2357625519983858,94,0.32921255514880715,21,COMPLETE
254,254,0.7924528301886793,2024-03-04 23:07:57.236694,2024-03-04 23:08:13.686023,0 days 00:00:16.449329,0.0010743965897108058,0.4324874125260948,212,0.29652515173993427,61,0.32465604488896016,59,COMPLETE
255,255,0.8113207547169812,2024-03-04 23:08:13.687921,2024-03-04 23:08:28.016370,0 days 00:00:14.328449,0.0014290041342398694,0.418950599960997,207,0.4223980886547134,67,0.3587367513661491,58,COMPLETE
256,256,0.7735849056603774,2024-03-04 23:08:28.017691,2024-03-04 23:08:38.954317,0 days 00:00:10.936626,0.00535212081850777,0.42713662968319993,223,0.28210065244880406,59,0.34388632831143356,55,COMPLETE
257,257,0.8018867924528302,2024-03-04 23:08:38.957627,2024-03-04 23:08:56.946898,0 days 00:00:17.989271,0.0009076665391594647,0.3218984510968233,216,0.22859188757649263,95,0.30800805584065766,56,COMPLETE
258,258,0.8018867924528302,2024-03-04 23:08:56.948437,2024-03-04 23:09:10.652407,0 days 00:00:13.703970,0.0016561707881267889,0.46920116995364175,74,0.25914666018163346,97,0.3217082179493708,50,COMPLETE
259,259,0.7830188679245284,2024-03-04 23:09:10.654268,2024-03-04 23:09:30.477508,0 days 00:00:19.823240,0.0012404507535226108,0.4404158384411233,68,0.40856833168140444,65,0.39947725819050256,54,COMPLETE
260,260,0.7641509433962265,2024-03-04 23:09:30.480999,2024-03-04 23:09:40.705953,0 days 00:00:10.224954,0.011045692638101637,0.39551380499235184,91,0.212246812003831,91,0.31616220037009113,58,COMPLETE
261,261,0.7924528301886793,2024-03-04 23:09:40.707507,2024-03-04 23:10:01.242123,0 days 00:00:20.534616,0.0010356122293370112,0.43232897039380225,82,0.41656357587891246,61,0.33927954926930637,57,COMPLETE
262,262,0.8301886792452831,2024-03-04 23:10:01.245122,2024-03-04 23:10:08.935034,0 days 00:00:07.689912,0.01486611216650263,0.45098380854043985,79,0.4296754101238935,63,0.41774456635043605,52,COMPLETE
263,263,0.7830188679245284,2024-03-04 23:10:08.937007,2024-03-04 23:10:26.347694,0 days 00:00:17.410687,0.0008303668550620675,0.45329166351484146,79,0.4275273389681943,68,0.4131221955155607,52,COMPLETE
264,264,0.7924528301886793,2024-03-04 23:10:26.351288,2024-03-04 23:10:41.558533,0 days 00:00:15.207245,0.0013281317481729617,0.4634840978456577,77,0.4363469735537573,62,0.42191506804766704,51,COMPLETE
265,265,0.8113207547169812,2024-03-04 23:10:41.560537,2024-03-04 23:11:02.446001,0 days 00:00:20.885464,0.0009866635808205462,0.449163615021544,72,0.38139339863397625,64,0.42496314247195405,53,COMPLETE
266,266,0.8018867924528302,2024-03-04 23:11:02.448000,2024-03-04 23:11:09.883814,0 days 00:00:07.435814,0.015196887007367509,0.44018637441023883,199,0.42904807044575843,63,0.4361313221489944,52,COMPLETE
267,267,0.7830188679245284,2024-03-04 23:11:09.884643,2024-03-04 23:11:22.725401,0 days 00:00:12.840758,0.0023285192955906143,0.4157205408881059,64,0.3990468766622855,57,0.4085453355875557,49,COMPLETE
268,268,0.8301886792452831,2024-03-04 23:11:22.727378,2024-03-04 23:11:38.788188,0 days 00:00:16.060810,0.0007342913878227739,0.40681204906192675,84,0.41915206717617504,99,0.3508441301680809,59,COMPLETE
269,269,0.8301886792452831,2024-03-04 23:11:38.790187,2024-03-04 23:12:03.372484,0 days 00:00:24.582297,0.0005761989868117907,0.40560779193381263,84,0.42103310621847484,99,0.3517570204459362,59,COMPLETE
270,270,0.7735849056603774,2024-03-04 23:12:03.374471,2024-03-04 23:12:21.202471,0 days 00:00:17.828000,0.0006857567876701257,0.40876263006471547,87,0.41252119717956715,102,0.35512063006589945,60,COMPLETE
271,271,0.7641509433962265,2024-03-04 23:12:21.204248,2024-03-04 23:12:40.817202,0 days 00:00:19.612954,0.0007850447622974025,0.45888064961805064,82,0.4232914443662079,105,0.37097098858537103,61,COMPLETE
272,272,0.6981132075471698,2024-03-04 23:12:40.819161,2024-03-04 23:13:03.180707,0 days 00:00:22.361546,0.00040697026072561865,0.4230965707260909,92,0.4146346306380981,109,0.3877797313210922,59,COMPLETE
273,273,0.8018867924528302,2024-03-04 23:13:03.182634,2024-03-04 23:13:21.558920,0 days 00:00:18.376286,0.0008895678341568402,0.39525301068131324,76,0.44473073204697994,59,0.29696179920251886,51,COMPLETE
274,274,0.8113207547169812,2024-03-04 23:13:21.560668,2024-03-04 23:13:40.016311,0 days 00:00:18.455643,0.0005117171181020387,0.44559257303434185,80,0.1998123606207943,96,0.43124698029251285,54,COMPLETE
275,275,0.7735849056603774,2024-03-04 23:13:40.018277,2024-03-04 23:13:58.118447,0 days 00:00:18.100170,0.0011112582204969644,0.41184188412630124,96,0.4328729963296789,100,0.4160333884178007,56,COMPLETE
276,276,0.7830188679245284,2024-03-04 23:13:58.120412,2024-03-04 23:14:19.182565,0 days 00:00:21.062153,0.0006823108560320765,0.4290846316137399,256,0.21939676372799652,65,0.44250890738694665,58,COMPLETE
277,277,0.8018867924528302,2024-03-04 23:14:19.184544,2024-03-04 23:14:31.274777,0 days 00:00:12.090233,0.0014913527688706438,0.4766434428160114,87,0.2926217055115896,103,0.335357492374837,60,COMPLETE
278,278,0.8113207547169812,2024-03-04 23:14:31.275614,2024-03-04 23:14:51.120222,0 days 00:00:19.844608,0.0007872657975095886,0.4349301300916103,70,0.40299878837655345,62,0.3455235941647407,53,COMPLETE
279,279,0.8113207547169812,2024-03-04 23:14:51.122232,2024-03-04 23:15:06.421423,0 days 00:00:15.299191,0.0011663068760473035,0.4216805053203813,73,0.24332321782209698,54,0.3640537707641015,55,COMPLETE
280,280,0.8018867924528302,2024-03-04 23:15:06.423465,2024-03-04 23:15:31.083483,0 days 00:00:24.660018,0.0009381523369446515,0.45372567379594975,68,0.26942647703609635,98,0.30711695044978105,57,COMPLETE
281,281,0.7830188679245284,2024-03-04 23:15:31.086899,2024-03-04 23:15:49.595244,0 days 00:00:18.508345,0.0006175021036447701,0.4016571199807753,83,0.42109904219660454,101,0.32421379294168573,50,COMPLETE
282,282,0.8301886792452831,2024-03-04 23:15:49.597275,2024-03-04 23:16:03.976710,0 days 00:00:14.379435,0.001656568662585788,0.4453438049103305,76,0.44036680904165776,93,0.45389551408031853,47,COMPLETE
283,283,0.8301886792452831,2024-03-04 23:16:03.978407,2024-03-04 23:16:22.495878,0 days 00:00:18.517471,0.0010632634910316245,0.41414444711111004,79,0.40926494523352486,104,0.4859840241262984,46,COMPLETE
284,284,0.7452830188679245,2024-03-04 23:16:22.499584,2024-03-04 23:17:00.522946,0 days 00:00:38.023362,0.00013735106015356138,0.43684338101612596,230,0.28020854447552584,95,0.3166129174768106,62,COMPLETE
285,285,0.8207547169811321,2024-03-04 23:17:00.526337,2024-03-04 23:17:37.897596,0 days 00:00:37.371259,0.00022731684199148085,0.42565263747277027,193,0.43092359567212946,66,0.2868100151230334,52,COMPLETE
286,286,0.7924528301886793,2024-03-04 23:17:37.899617,2024-03-04 23:17:58.233766,0 days 00:00:20.334149,0.0013185288604110315,0.39041699473272323,90,0.23127193678916969,60,0.4031000779773332,49,COMPLETE
287,287,0.7924528301886793,2024-03-04 23:17:58.236279,2024-03-04 23:18:15.222495,0 days 00:00:16.986216,0.0007315209206331099,0.4665676304441885,67,0.20778321357027654,99,0.33047216530223444,58,COMPLETE
288,288,0.8018867924528302,2024-03-04 23:18:15.224541,2024-03-04 23:18:32.917902,0 days 00:00:17.693361,0.0008944043111141403,0.419870249110299,251,0.3957240922516342,106,0.10161023915368828,60,COMPLETE
289,289,0.7924528301886793,2024-03-04 23:18:32.919926,2024-03-04 23:18:54.379448,0 days 00:00:21.459522,0.0005240035082845643,0.43076719853958845,72,0.2555372160711801,102,0.34263721923946594,48,COMPLETE
290,290,0.7358490566037735,2024-03-04 23:18:54.381495,2024-03-04 23:19:15.179833,0 days 00:00:20.798338,0.0006027261483282174,0.4090896217466233,85,0.4179629696969612,97,0.3504437354290591,56,COMPLETE
291,291,0.8207547169811321,2024-03-04 23:19:15.181908,2024-03-04 23:19:33.942914,0 days 00:00:18.761006,0.0011706658047482517,0.43985269370212454,241,0.30606388698923703,108,0.4308912627925071,54,COMPLETE
292,292,0.7830188679245284,2024-03-04 23:19:33.944129,2024-03-04 23:19:48.298428,0 days 00:00:14.354299,0.0018467228572286519,0.449355061671342,234,0.28774607509311206,57,0.33460137339930984,57,COMPLETE
293,293,0.7924528301886793,2024-03-04 23:19:48.300307,2024-03-04 23:20:15.106445,0 days 00:00:26.806138,0.0004378005188143539,0.4588666298488837,102,0.428156865471179,113,0.35983035019141335,59,COMPLETE
294,294,0.7547169811320755,2024-03-04 23:20:15.110124,2024-03-04 23:20:32.574490,0 days 00:00:17.464366,0.0008754439225059969,0.481751093109733,212,0.22523185021626332,69,0.379054537201203,34,COMPLETE
295,295,0.839622641509434,2024-03-04 23:20:32.576203,2024-03-04 23:20:55.117764,0 days 00:00:22.541561,0.0007201039561225317,0.4274776112035468,79,0.4093734852682134,63,0.4450927463870338,53,COMPLETE
296,296,0.7830188679245284,2024-03-04 23:20:55.119846,2024-03-04 23:21:06.630617,0 days 00:00:11.510771,0.0014972005613196168,0.42634021467231614,64,0.4505135441832983,63,0.4479673477961099,52,COMPLETE
297,297,0.7924528301886793,2024-03-04 23:21:06.631986,2024-03-04 23:21:23.201967,0 days 00:00:16.569981,0.0010189625340336998,0.43821805648582407,220,0.3884923904728277,61,0.4377208853823574,53,COMPLETE
298,298,0.7452830188679245,2024-03-04 23:21:23.204012,2024-03-04 23:21:59.405904,0 days 00:00:36.201892,1.0367462422955587e-05,0.4315215868241029,74,0.40871182854169474,66,0.4223371244495637,53,COMPLETE
299,299,0.7641509433962265,2024-03-04 23:21:59.409720,2024-03-04 23:22:11.649100,0 days 00:00:12.239380,0.0012871418602106515,0.4722228936479628,225,0.4006050751080946,64,0.4507619741947084,55,COMPLETE
300,300,0.5188679245283019,2024-03-04 23:22:11.651108,2024-03-04 23:22:19.967320,0 days 00:00:08.316212,0.0361490787114331,0.42169920439419273,77,0.2763483293103878,59,0.46356948336024717,54,COMPLETE
301,301,0.839622641509434,2024-03-04 23:22:19.968136,2024-03-04 23:22:40.169532,0 days 00:00:20.201396,0.000615189690442623,0.4459197821616724,107,0.26463737000128584,63,0.42846904379558326,51,COMPLETE
302,302,0.8018867924528302,2024-03-04 23:22:40.173143,2024-03-04 23:23:00.011703,0 days 00:00:19.838560,0.0005828519119941005,0.4394384734889544,120,0.26946522009939805,79,0.44264456448861156,51,COMPLETE
303,303,0.8301886792452831,2024-03-04 23:23:00.013755,2024-03-04 23:23:17.492599,0 days 00:00:17.478844,0.0006898951148328292,0.43251256485983575,113,0.261682607352974,105,0.43796363026578217,50,COMPLETE
304,304,0.8113207547169812,2024-03-04 23:23:17.493624,2024-03-04 23:23:43.536400,0 days 00:00:26.042776,0.0003438930402106691,0.41573832602307553,248,0.26693211619225593,91,0.311133528787148,45,COMPLETE
305,305,0.8018867924528302,2024-03-04 23:23:43.539833,2024-03-04 23:24:06.102954,0 days 00:00:22.563121,0.0004719469187378715,0.44451307010653623,96,0.25362891103680374,60,0.47254884198149033,48,COMPLETE
306,306,0.8018867924528302,2024-03-04 23:24:06.105063,2024-03-04 23:24:20.970485,0 days 00:00:14.865422,0.0008185923906474567,0.4923277047231303,108,0.2435956306499227,67,0.45486053059727793,55,COMPLETE
307,307,0.7924528301886793,2024-03-04 23:24:20.971379,2024-03-04 23:24:38.867741,0 days 00:00:17.896362,0.0009776396290778746,0.4252637267642732,253,0.2148108084143035,81,0.3225672940709544,56,COMPLETE
308,308,0.7641509433962265,2024-03-04 23:24:38.869921,2024-03-04 23:24:58.406514,0 days 00:00:19.536593,0.0005923986555929653,0.49956962370288843,69,0.27928827143670326,62,0.4314273631417986,51,COMPLETE
309,309,0.8018867924528302,2024-03-04 23:24:58.410324,2024-03-04 23:25:17.164292,0 days 00:00:18.753968,0.0007505127765287564,0.4335532443058134,215,0.299478549132374,94,0.30290839856650537,47,COMPLETE
310,310,0.8018867924528302,2024-03-04 23:25:17.166268,2024-03-04 23:25:30.736689,0 days 00:00:13.570421,0.0011026058106797377,0.4173845748327532,238,0.261474167850328,88,0.31585909700692333,46,COMPLETE
311,311,0.7924528301886793,2024-03-04 23:25:30.740172,2024-03-04 23:25:45.714196,0 days 00:00:14.974024,0.0014384026245920104,0.4454136708160933,90,0.28594282931829024,111,0.44709157487575635,54,COMPLETE
312,312,0.7547169811320755,2024-03-04 23:25:45.716289,2024-03-04 23:26:06.199313,0 days 00:00:20.483024,0.0005160016150389725,0.42410321896847425,107,0.24930151696477654,103,0.42776904141693384,53,COMPLETE
313,313,0.8207547169811321,2024-03-04 23:26:06.201425,2024-03-04 23:26:22.172010,0 days 00:00:15.970585,0.0008983101333983986,0.26874547405195814,207,0.19939565613065352,65,0.29326485834758204,62,COMPLETE
314,314,0.7735849056603774,2024-03-04 23:26:22.174142,2024-03-04 23:26:40.978955,0 days 00:00:18.804813,0.000655795958930224,0.45786647079781634,256,0.4084325988931263,108,0.3294315154847583,45,COMPLETE
315,315,0.8018867924528302,2024-03-04 23:26:40.981133,2024-03-04 23:26:57.476808,0 days 00:00:16.495675,0.001917757305637478,0.37428679135378173,101,0.2197243199509895,71,0.45886793521399977,50,COMPLETE
316,316,0.7830188679245284,2024-03-04 23:26:57.478883,2024-03-04 23:27:12.979920,0 days 00:00:15.501037,0.0012430246101954323,0.48468857670393545,245,0.2359167156393345,101,0.4780073557557769,55,COMPLETE
317,317,0.8301886792452831,2024-03-04 23:27:12.981338,2024-03-04 23:27:31.143905,0 days 00:00:18.162567,0.0008279249219659171,0.4382164419221049,67,0.2726206824835062,106,0.3394832189782564,49,COMPLETE
318,318,0.8113207547169812,2024-03-04 23:27:31.146088,2024-03-04 23:27:45.387757,0 days 00:00:14.241669,0.0010425672517685386,0.4303437160560193,217,0.3914787853123012,56,0.27779135846460035,44,COMPLETE
319,319,0.7452830188679245,2024-03-04 23:27:45.389789,2024-03-04 23:28:14.752197,0 days 00:00:29.362408,0.0003921651761998486,0.4003342051744478,95,0.4406098355506098,39,0.44199135648916216,57,COMPLETE
320,320,0.7075471698113207,2024-03-04 23:28:14.755880,2024-03-04 23:28:28.775301,0 days 00:00:14.019421,0.0016055937339569256,0.41365570000079305,210,0.41279160545789956,92,0.24879856695504177,43,COMPLETE
