,number,value,datetime_start,datetime_complete,duration,params_learning_rate,params_merged_1_dropout,params_merged_1_size,params_merged_2_dropout,params_merged_2_size,params_merged_3_dropout,params_merged_3_size,state
641,641,0.8679245283018868,2024-03-05 01:08:04.582356,2024-03-05 01:08:21.750088,0 days 00:00:17.167732,0.0018414803084808137,0.4458664646293848,67,0.26218649472529165,95,0.35468949540955824,61,COMPLETE
642,642,0.8113207547169812,2024-03-05 01:08:21.752895,2024-03-05 01:08:32.078856,0 days 00:00:10.325961,0.002916195669961145,0.45103769323117365,66,0.25545184443608854,94,0.35606659016881165,63,COMPLETE
643,643,0.8018867924528302,2024-03-05 01:08:32.080123,2024-03-05 01:08:45.067489,0 days 00:00:12.987366,0.001950002388230139,0.44954867079705013,68,0.2607363449485553,96,0.3645826398413141,61,COMPLETE
644,644,0.8113207547169812,2024-03-05 01:08:45.070688,2024-03-05 01:08:55.288571,0 days 00:00:10.217883,0.0056781700217394615,0.4581664076659984,64,0.2667060589845371,94,0.35310805503186765,61,COMPLETE
645,645,0.8207547169811321,2024-03-05 01:08:55.289562,2024-03-05 01:09:11.026190,0 days 00:00:15.736628,0.0018486189355812832,0.4428189564239732,71,0.2734256523310693,92,0.3728495612692952,60,COMPLETE
646,646,0.8301886792452831,2024-03-05 01:09:11.029515,2024-03-05 01:09:25.638406,0 days 00:00:14.608891,0.0015692193606611955,0.4646026928003808,216,0.2509736000580753,97,0.3457722193291784,61,COMPLETE
647,647,0.8113207547169812,2024-03-05 01:09:25.640319,2024-03-05 01:09:35.556571,0 days 00:00:09.916252,0.0022897733608108956,0.4494793086562431,239,0.14018017089017396,99,0.35463770705406156,62,COMPLETE
648,648,0.8301886792452831,2024-03-05 01:09:35.559267,2024-03-05 01:10:04.141181,0 days 00:00:28.581914,0.0016625589428779543,0.48656363293798477,225,0.2612073956230579,92,0.36643778196606064,62,COMPLETE
649,649,0.7735849056603774,2024-03-05 01:10:04.144496,2024-03-05 01:10:19.637245,0 days 00:00:15.492749,0.001400773832706568,0.44398564758995746,252,0.2784992662214786,97,0.3435974548325962,60,COMPLETE
650,650,0.8018867924528302,2024-03-05 01:10:19.640592,2024-03-05 01:10:59.502198,0 days 00:00:39.861606,5.121044355469652e-05,0.43751625765989105,186,0.24471935880564075,88,0.3374107145189783,60,COMPLETE
651,651,0.8018867924528302,2024-03-05 01:10:59.506267,2024-03-05 01:11:13.692703,0 days 00:00:14.186436,0.0013130290567417808,0.45793439086979576,69,0.26598529922916636,84,0.3502034576951793,48,COMPLETE
652,652,0.8018867924528302,2024-03-05 01:11:13.694304,2024-03-05 01:11:31.260746,0 days 00:00:17.566442,0.0014713237068116785,0.4997392659028985,246,0.25854879813952025,95,0.3306564322926815,63,COMPLETE
653,653,0.7830188679245284,2024-03-05 01:11:31.264950,2024-03-05 01:11:43.254298,0 days 00:00:11.989348,0.001965967128747378,0.48132728797829505,219,0.2458000098018974,100,0.3858403935992589,61,COMPLETE
654,654,0.7641509433962265,2024-03-05 01:11:43.257009,2024-03-05 01:11:54.245062,0 days 00:00:10.988053,0.029339743203505537,0.4631425807976377,231,0.1826664268741244,104,0.3399784521497565,46,COMPLETE
655,655,0.7830188679245284,2024-03-05 01:11:54.251909,2024-03-05 01:12:10.421621,0 days 00:00:16.169712,0.0011786281828739139,0.4907556153007646,253,0.28899400588493385,94,0.35960354301885644,59,COMPLETE
656,656,0.7547169811320755,2024-03-05 01:12:10.422959,2024-03-05 01:12:25.758554,0 days 00:00:15.335595,0.001177415079243982,0.39530626656700113,236,0.23488483422247974,90,0.31686122783919923,57,COMPLETE
657,657,0.7735849056603774,2024-03-05 01:12:25.761791,2024-03-05 01:12:38.160585,0 days 00:00:12.398794,0.0016524154797359556,0.43855176776708094,163,0.22737590012192982,97,0.32702462043296576,59,COMPLETE
658,658,0.8207547169811321,2024-03-05 01:12:38.162139,2024-03-05 01:12:56.412324,0 days 00:00:18.250185,0.0009946793488344143,0.4522628326787036,74,0.2194313145845204,99,0.29909202819175457,58,COMPLETE
659,659,0.8207547169811321,2024-03-05 01:12:56.415650,2024-03-05 01:13:10.290112,0 days 00:00:13.874462,0.00150342905835462,0.17335251300357662,67,0.4405084982695494,102,0.3462648073262476,45,COMPLETE
660,660,0.7641509433962265,2024-03-05 01:13:10.293250,2024-03-05 01:13:25.954553,0 days 00:00:15.661303,0.0012442598603095928,0.4741208920077491,213,0.4628111416638865,95,0.33316176975012235,44,COMPLETE
661,661,0.8018867924528302,2024-03-05 01:13:25.957868,2024-03-05 01:13:40.334445,0 days 00:00:14.376577,0.0021376108777619103,0.43488403755497645,198,0.20501943305047904,92,0.3077101200270209,49,COMPLETE
662,662,0.7830188679245284,2024-03-05 01:13:40.335755,2024-03-05 01:13:56.477054,0 days 00:00:16.141299,0.000996557940443183,0.49093018761902524,256,0.45006411276900826,106,0.27469180034147517,47,COMPLETE
663,663,0.8018867924528302,2024-03-05 01:13:56.480215,2024-03-05 01:14:03.696881,0 days 00:00:07.216666,0.01658706352249327,0.41177417644558933,242,0.2692064810488593,100,0.3579793399838426,50,COMPLETE
664,664,0.8207547169811321,2024-03-05 01:14:03.700095,2024-03-05 01:14:19.407982,0 days 00:00:15.707887,0.0016306104252989235,0.48181523200910686,223,0.2417989233474529,82,0.35085316479404666,25,COMPLETE
665,665,0.8301886792452831,2024-03-05 01:14:19.409284,2024-03-05 01:14:27.116022,0 days 00:00:07.706738,0.00682791289040043,0.44596352301901726,248,0.2526156648721577,97,0.4801681134512148,48,COMPLETE
666,666,0.8113207547169812,2024-03-05 01:14:27.118994,2024-03-05 01:14:42.990407,0 days 00:00:15.871413,0.0012841884945413889,0.4608440254203077,64,0.28569373667625486,58,0.3667797601199287,46,COMPLETE
667,667,0.7830188679245284,2024-03-05 01:14:42.993787,2024-03-05 01:15:05.182125,0 days 00:00:22.188338,0.0008657916238160297,0.42179951938395394,207,0.23498174585723364,103,0.3408919212948604,60,COMPLETE
668,668,0.7830188679245284,2024-03-05 01:15:05.185558,2024-03-05 01:15:24.346465,0 days 00:00:19.160907,0.0010929153624483468,0.4681372238359879,230,0.21511986640311415,86,0.4006315078945045,59,COMPLETE
669,669,0.8113207547169812,2024-03-05 01:15:24.349356,2024-03-05 01:15:38.702610,0 days 00:00:14.353254,0.002570842307694739,0.4434455185132608,140,0.19642768254038015,78,0.3178214309073748,62,COMPLETE
670,670,0.7735849056603774,2024-03-05 01:15:38.704027,2024-03-05 01:15:57.793489,0 days 00:00:19.089462,0.0008496605167010189,0.1829395460749071,245,0.4542762291389339,94,0.3332545313679056,48,COMPLETE
671,671,0.8018867924528302,2024-03-05 01:15:57.796874,2024-03-05 01:16:08.144101,0 days 00:00:10.347227,0.0045490954040331676,0.4316813559202549,71,0.2248251454164147,91,0.29348200074330105,46,COMPLETE
672,672,0.8018867924528302,2024-03-05 01:16:08.147331,2024-03-05 01:16:22.468431,0 days 00:00:14.321100,0.001798697738664948,0.49320610916472596,216,0.280034107768343,96,0.3240300501475547,47,COMPLETE
673,673,0.8018867924528302,2024-03-05 01:16:22.469849,2024-03-05 01:16:39.572736,0 days 00:00:17.102887,0.0013761453674257889,0.4070941678055949,236,0.26306206244809577,56,0.47274823866250315,61,COMPLETE
674,674,0.839622641509434,2024-03-05 01:16:39.575945,2024-03-05 01:16:55.792825,0 days 00:00:16.216880,0.0010696196383657222,0.4542825882606236,68,0.43431241133830645,99,0.31182588500197866,50,COMPLETE
675,675,0.8301886792452831,2024-03-05 01:16:55.798383,2024-03-05 01:17:15.691377,0 days 00:00:19.892994,0.0007107804138758691,0.3884418835843754,146,0.4458359040496791,101,0.3519061715847425,49,COMPLETE
676,676,0.8018867924528302,2024-03-05 01:17:15.694636,2024-03-05 01:17:35.967976,0 days 00:00:20.273340,0.000941177412281911,0.22418430524663924,253,0.23252615299761167,105,0.3764191652913842,57,COMPLETE
677,677,0.7641509433962265,2024-03-05 01:17:35.971305,2024-03-05 01:18:06.651015,0 days 00:00:30.679710,0.00025383994035596454,0.47929063756454304,202,0.2087033199534269,88,0.41066076998548984,45,COMPLETE
678,678,0.8113207547169812,2024-03-05 01:18:06.654296,2024-03-05 01:18:19.212320,0 days 00:00:12.558024,0.0014392831157584477,0.43102667901709896,210,0.2562259886911281,95,0.339807546785507,47,COMPLETE
679,679,0.8113207547169812,2024-03-05 01:18:19.216231,2024-03-05 01:18:37.240251,0 days 00:00:18.024020,0.0008065695995660376,0.41876929109631106,240,0.22083867851501235,59,0.46486257436063116,58,COMPLETE
680,680,0.8113207547169812,2024-03-05 01:18:37.242613,2024-03-05 01:18:49.413711,0 days 00:00:12.171098,0.0019457122158955482,0.4394004028626127,249,0.2700817086385624,37,0.3250363378013929,43,COMPLETE
681,681,0.839622641509434,2024-03-05 01:18:49.416547,2024-03-05 01:19:03.958749,0 days 00:00:14.542202,0.0012380980924763115,0.44787922451556,221,0.24113299989355375,92,0.3020914005524142,49,COMPLETE
682,682,0.8018867924528302,2024-03-05 01:19:03.962044,2024-03-05 01:19:19.326565,0 days 00:00:15.364521,0.0010022642303161608,0.3757261636759005,72,0.24719917473329744,81,0.3324946074883211,48,COMPLETE
683,683,0.8018867924528302,2024-03-05 01:19:19.327765,2024-03-05 01:19:35.259014,0 days 00:00:15.931249,0.000750856403964958,0.4875491694957946,66,0.4410915492974235,76,0.3472494642131599,46,COMPLETE
684,684,0.7924528301886793,2024-03-05 01:19:35.264254,2024-03-05 01:19:50.240773,0 days 00:00:14.976519,0.0012004004357743004,0.4731247021190132,75,0.22802479696645037,104,0.3176204247848023,50,COMPLETE
685,685,0.8207547169811321,2024-03-05 01:19:50.244216,2024-03-05 01:20:03.802729,0 days 00:00:13.558513,0.001626163730942663,0.49946222783608296,191,0.1020815471085132,98,0.3623962106523589,44,COMPLETE
686,686,0.7924528301886793,2024-03-05 01:20:03.803821,2024-03-05 01:20:26.623100,0 days 00:00:22.819279,0.0006295594380558815,0.4295714958154273,227,0.2121622565642579,90,0.3390472712661997,60,COMPLETE
687,687,0.8018867924528302,2024-03-05 01:20:26.626553,2024-03-05 01:20:47.259113,0 days 00:00:20.632560,0.0008652162198268524,0.4135600271560175,64,0.1905802186476629,108,0.48733538096124457,46,COMPLETE
688,688,0.8113207547169812,2024-03-05 01:20:47.260408,2024-03-05 01:21:03.466152,0 days 00:00:16.205744,0.0011003139621181919,0.4591018736304781,235,0.25899612076377976,55,0.31148660640928383,59,COMPLETE
689,689,0.839622641509434,2024-03-05 01:21:03.469223,2024-03-05 01:21:25.609385,0 days 00:00:22.140162,0.0005341850688780989,0.422864028065785,215,0.1998354758025108,69,0.35638422793845026,62,COMPLETE
690,690,0.8301886792452831,2024-03-05 01:21:25.612735,2024-03-05 01:21:45.720930,0 days 00:00:20.108195,0.0013557087500317973,0.44151732647243414,245,0.27474351354927157,60,0.33010692486122556,48,COMPLETE
691,691,0.7830188679245284,2024-03-05 01:21:45.723455,2024-03-05 01:22:00.942938,0 days 00:00:15.219483,0.0032315330779211088,0.3993842229824795,252,0.4550871110830001,93,0.32251859897876045,47,COMPLETE
692,692,0.8113207547169812,2024-03-05 01:22:00.944647,2024-03-05 01:22:14.352651,0 days 00:00:13.408004,0.0020890074439737683,0.4854112044503494,240,0.43203103541080307,102,0.4720060354813072,50,COMPLETE
693,693,0.8018867924528302,2024-03-05 01:22:14.356037,2024-03-05 01:22:32.709785,0 days 00:00:18.353748,0.0007127410680713941,0.45051475369696053,176,0.2234913257997043,41,0.34430076239120816,51,COMPLETE
694,694,0.8207547169811321,2024-03-05 01:22:32.711552,2024-03-05 01:22:44.143188,0 days 00:00:11.431636,0.010499100485914053,0.4653942637993825,218,0.24887690806005072,95,0.48087566010482685,45,COMPLETE
695,695,0.8113207547169812,2024-03-05 01:22:44.146634,2024-03-05 01:22:58.210483,0 days 00:00:14.063849,0.0015586766236315487,0.49238356579005543,182,0.2393456113893265,97,0.29222748166050744,58,COMPLETE
696,696,0.8113207547169812,2024-03-05 01:22:58.211530,2024-03-05 01:23:11.293468,0 days 00:00:13.081938,0.0010313675023119863,0.43605167840927195,68,0.21508074556880913,61,0.3083305939234081,61,COMPLETE
697,697,0.7547169811320755,2024-03-05 01:23:11.296784,2024-03-05 01:23:30.929434,0 days 00:00:19.632650,0.000834166679672848,0.49997705656994157,249,0.18378964577010443,58,0.36924470697948025,22,COMPLETE
698,698,0.8113207547169812,2024-03-05 01:23:30.933651,2024-03-05 01:23:45.110808,0 days 00:00:14.177157,0.0012259347841187048,0.4260620263034372,71,0.23240267131796596,106,0.33576134830305626,49,COMPLETE
699,699,0.7735849056603774,2024-03-05 01:23:45.113580,2024-03-05 01:24:03.099686,0 days 00:00:17.986106,0.0005803053893028255,0.47829555721877615,233,0.26471974614688526,67,0.28237408305797645,47,COMPLETE
700,700,0.8301886792452831,2024-03-05 01:24:03.103012,2024-03-05 01:24:18.615555,0 days 00:00:15.512543,0.0010194963420254376,0.4118759967981278,154,0.4392209450153292,84,0.35467581908164914,51,COMPLETE
701,701,0.8207547169811321,2024-03-05 01:24:18.617413,2024-03-05 01:24:30.175218,0 days 00:00:11.557805,0.0016581752302838701,0.45416953924477826,256,0.2814351463010637,101,0.3206969863780763,47,COMPLETE
702,702,0.7924528301886793,2024-03-05 01:24:30.178636,2024-03-05 01:24:49.843395,0 days 00:00:19.664759,0.0007467205522608532,0.4446246535800886,212,0.20684888239802385,93,0.4631634749176504,57,COMPLETE
703,703,0.8207547169811321,2024-03-05 01:24:49.845739,2024-03-05 01:25:03.789671,0 days 00:00:13.943932,0.0013716775006336636,0.43336854189758983,225,0.47432606387094456,99,0.3021640529766598,46,COMPLETE
704,704,0.8113207547169812,2024-03-05 01:25:03.791614,2024-03-05 01:25:23.424564,0 days 00:00:19.632950,0.0009421287373680869,0.4203843769575325,244,0.46468593223580595,63,0.3297527444537737,48,COMPLETE
705,705,0.660377358490566,2024-03-05 01:25:23.429333,2024-03-05 01:25:29.195924,0 days 00:00:05.766591,0.09549397031287843,0.4698064238371238,126,0.22177199281162008,104,0.34780678653733027,60,COMPLETE
706,706,0.8113207547169812,2024-03-05 01:25:29.196885,2024-03-05 01:25:42.882625,0 days 00:00:13.685740,0.0018655642121053098,0.4837317451458889,197,0.29704145370057344,79,0.49586220520757646,45,COMPLETE
707,707,0.8018867924528302,2024-03-05 01:25:42.886126,2024-03-05 01:26:09.298176,0 days 00:00:26.412050,0.00035802604429179094,0.40685020948207534,64,0.30656281853424566,95,0.33884178400303133,49,COMPLETE
708,708,0.8113207547169812,2024-03-05 01:26:09.304034,2024-03-05 01:26:28.017672,0 days 00:00:18.713638,0.0005332008275138821,0.4903486022347578,206,0.42484893350608866,90,0.3817431824870564,59,COMPLETE
709,709,0.7547169811320755,2024-03-05 01:26:28.021010,2024-03-05 01:27:05.318350,0 days 00:00:37.297340,1.65907742416761e-05,0.44149535911168164,250,0.44601649950924455,57,0.31929565949668176,50,COMPLETE
710,710,0.7735849056603774,2024-03-05 01:27:05.321796,2024-03-05 01:27:15.554589,0 days 00:00:10.232793,0.0025717288833614427,0.45819328984384255,75,0.2525898853789813,86,0.3282432768883241,44,COMPLETE
711,711,0.7452830188679245,2024-03-05 01:27:15.558140,2024-03-05 01:27:29.921734,0 days 00:00:14.363594,0.0011117617530095466,0.42951601491880537,228,0.23959897744142164,60,0.3617301483731807,52,COMPLETE
712,712,0.7735849056603774,2024-03-05 01:27:29.923427,2024-03-05 01:27:47.048406,0 days 00:00:17.124979,0.0006917545747183298,0.4506383270518439,221,0.27089465291267173,106,0.3932712536340648,46,COMPLETE
713,713,0.7735849056603774,2024-03-05 01:27:47.051759,2024-03-05 01:28:04.550335,0 days 00:00:17.498576,0.0008763701274322565,0.4192138277711393,238,0.22732556898587725,72,0.34338615295255265,48,COMPLETE
714,714,0.8113207547169812,2024-03-05 01:28:04.551523,2024-03-05 01:28:19.110890,0 days 00:00:14.559367,0.0014171207572061387,0.47632085016186004,69,0.20379819546465902,109,0.3093283990822207,49,COMPLETE
715,715,0.8301886792452831,2024-03-05 01:28:19.114305,2024-03-05 01:28:44.043218,0 days 00:00:24.928913,0.000465734417057606,0.39589150866939593,242,0.21760714718295776,74,0.35298844151825054,47,COMPLETE
716,716,0.8113207547169812,2024-03-05 01:28:44.048645,2024-03-05 01:29:05.057704,0 days 00:00:21.009059,0.0006459667660546546,0.4371447892620408,219,0.4543104742234646,98,0.47507431046231907,62,COMPLETE
717,717,0.7924528301886793,2024-03-05 01:29:05.061072,2024-03-05 01:29:22.654729,0 days 00:00:17.593657,0.001077194605229102,0.4928112913540287,252,0.25940354594992043,100,0.31369629715518116,60,COMPLETE
718,718,0.7830188679245284,2024-03-05 01:29:22.655926,2024-03-05 01:29:38.445813,0 days 00:00:15.789887,0.0008132931934551593,0.46476881925969415,248,0.32743853932012035,103,0.48332909130678586,19,COMPLETE
719,719,0.7547169811320755,2024-03-05 01:29:38.449159,2024-03-05 01:29:52.525057,0 days 00:00:14.075898,0.0013180992346879415,0.42373463909595516,188,0.23182193493288614,66,0.33651434902052685,51,COMPLETE
720,720,0.8301886792452831,2024-03-05 01:29:52.527523,2024-03-05 01:30:06.557594,0 days 00:00:14.030071,0.001729042544705213,0.48492825950048574,68,0.4374710542227488,62,0.4613079019792236,59,COMPLETE
721,721,0.8113207547169812,2024-03-05 01:30:06.559836,2024-03-05 01:30:23.502410,0 days 00:00:16.942574,0.0022120405023718865,0.44443620940747286,231,0.2506628037291955,93,0.2989816729960292,52,COMPLETE
722,722,0.8207547169811321,2024-03-05 01:30:23.505800,2024-03-05 01:30:39.733055,0 days 00:00:16.227255,0.0009313785989680483,0.4074669503441125,212,0.429224524198504,96,0.32853640869219286,57,COMPLETE
723,723,0.8018867924528302,2024-03-05 01:30:39.736553,2024-03-05 01:30:55.221049,0 days 00:00:15.484496,0.0011781164028240737,0.4318660134869815,194,0.2132289350654903,81,0.34695590698616924,46,COMPLETE
724,724,0.8207547169811321,2024-03-05 01:30:55.222709,2024-03-05 01:31:05.727828,0 days 00:00:10.505119,0.0038300290612332294,0.4705144303086421,73,0.24461971455845832,88,0.31643590511516584,61,COMPLETE
725,725,0.7641509433962265,2024-03-05 01:31:05.731204,2024-03-05 01:31:22.627291,0 days 00:00:16.896087,0.0006140101851041162,0.41508460402272906,201,0.17492090336223126,64,0.3370533535862004,48,COMPLETE
726,726,0.7547169811320755,2024-03-05 01:31:22.630877,2024-03-05 01:31:44.261709,0 days 00:00:21.630832,0.0007835552203371122,0.45109820589279,159,0.1984997782914806,102,0.4907764140422831,58,COMPLETE
727,727,0.7830188679245284,2024-03-05 01:31:44.264574,2024-03-05 01:32:20.251344,0 days 00:00:35.986770,6.874537542216979e-05,0.43803559756887145,64,0.26494085424732683,53,0.420899201501599,50,COMPLETE
728,728,0.8301886792452831,2024-03-05 01:32:20.255000,2024-03-05 01:32:33.160238,0 days 00:00:12.905238,0.0014920951761267878,0.49344246695025956,78,0.27785956961838676,97,0.3238441986072224,63,COMPLETE
729,729,0.7830188679245284,2024-03-05 01:32:33.161702,2024-03-05 01:32:40.065737,0 days 00:00:06.904035,0.024975114457470228,0.4793815801755559,225,0.3429159541882191,59,0.36219176683235593,45,COMPLETE
730,730,0.7735849056603774,2024-03-05 01:32:40.066807,2024-03-05 01:32:58.308034,0 days 00:00:18.241227,0.00047277291139102547,0.4613713866611332,215,0.29104811850803236,94,0.46645711198565853,47,COMPLETE
731,731,0.7641509433962265,2024-03-05 01:32:58.311434,2024-03-05 01:33:12.662286,0 days 00:00:14.350852,0.0010124921067638346,0.42875937106821416,167,0.23542458801226787,91,0.3505981800254148,43,COMPLETE
732,732,0.7830188679245284,2024-03-05 01:33:12.663435,2024-03-05 01:33:26.937836,0 days 00:00:14.274401,0.00116550775417941,0.44418670684787004,244,0.44882705840835063,108,0.3036724062133219,49,COMPLETE
733,733,0.7924528301886793,2024-03-05 01:33:26.941948,2024-03-05 01:33:42.761707,0 days 00:00:15.819759,0.001795075771631566,0.40347752934461134,256,0.2196420583745951,105,0.3415824798910155,51,COMPLETE
734,734,0.8113207547169812,2024-03-05 01:33:42.763140,2024-03-05 01:33:58.335396,0 days 00:00:15.572256,0.000693837812141066,0.4187995219046302,130,0.42000823893028894,125,0.3716473458364161,59,COMPLETE
735,735,0.7830188679245284,2024-03-05 01:33:58.338477,2024-03-05 01:34:10.944875,0 days 00:00:12.606398,0.0013520743598864561,0.45610331088887796,209,0.19046648163592295,83,0.4541935600698821,53,COMPLETE
736,736,0.8018867924528302,2024-03-05 01:34:10.948460,2024-03-05 01:34:27.841387,0 days 00:00:16.892927,0.0009195206473945436,0.48536511455918097,246,0.2292065398535474,77,0.4781609140779437,46,COMPLETE
737,737,0.8113207547169812,2024-03-05 01:34:27.842548,2024-03-05 01:34:49.942401,0 days 00:00:22.099853,0.00035699963582446647,0.4247375631364244,234,0.45979631625709594,62,0.3314846421533995,52,COMPLETE
738,738,0.8301886792452831,2024-03-05 01:34:49.946318,2024-03-05 01:35:10.303979,0 days 00:00:20.357661,0.000591744222693195,0.4335993702095762,240,0.27245376237206714,98,0.29502537518215094,61,COMPLETE
739,739,0.5188679245283019,2024-03-05 01:35:10.307576,2024-03-05 01:35:18.293152,0 days 00:00:07.985576,0.05299380036024213,0.4726883948824667,72,0.20930171803119768,96,0.3252581844275727,48,COMPLETE
740,740,0.8207547169811321,2024-03-05 01:35:18.294719,2024-03-05 01:35:35.305096,0 days 00:00:17.010377,0.0008251356432286286,0.498723832866139,184,0.4446818727571049,119,0.3551426950766942,60,COMPLETE
741,741,0.7547169811320755,2024-03-05 01:35:35.308732,2024-03-05 01:36:11.544291,0 days 00:00:36.235559,0.0001893025930227504,0.44763277856682865,223,0.25796146151119403,55,0.30626589912674634,58,COMPLETE
742,742,0.7735849056603774,2024-03-05 01:36:11.547830,2024-03-05 01:36:27.129311,0 days 00:00:15.581481,0.0015538422318232574,0.3878242212823218,67,0.24445185645001705,101,0.3183425777538379,50,COMPLETE
743,743,0.8207547169811321,2024-03-05 01:36:27.132453,2024-03-05 01:36:41.414284,0 days 00:00:14.281831,0.0010270146412767278,0.41146904465757533,253,0.4314579659358992,65,0.34300835876134234,45,COMPLETE
744,744,0.8301886792452831,2024-03-05 01:36:41.416273,2024-03-05 01:36:56.851052,0 days 00:00:15.434779,0.0011934673508835379,0.4935244895519267,218,0.22641980156178498,60,0.2851645040036293,47,COMPLETE
745,745,0.8018867924528302,2024-03-05 01:36:56.853594,2024-03-05 01:37:08.029816,0 days 00:00:11.176222,0.0021431153443263154,0.44250325789838774,204,0.23796514000050772,69,0.336879105476212,48,COMPLETE
746,746,0.8018867924528302,2024-03-05 01:37:08.032047,2024-03-05 01:37:24.195600,0 days 00:00:16.163553,0.0007245693749822907,0.4533904166213141,238,0.28479721267499136,103,0.4702246654888067,57,COMPLETE
747,747,0.8301886792452831,2024-03-05 01:37:24.200205,2024-03-05 01:37:46.755924,0 days 00:00:22.555719,0.0005486035744290151,0.47790173203134734,248,0.21727027326154355,57,0.3118065841187969,51,COMPLETE
