,number,value,datetime_start,datetime_complete,duration,params_learning_rate,params_merged_1_dropout,params_merged_1_size,params_merged_2_dropout,params_merged_2_size,params_merged_3_dropout,params_merged_3_size,state
1174,1174,0.7547169811320755,2024-03-05 03:42:32.766652,2024-03-05 03:42:54.910577,0 days 00:00:22.143925,0.0005387229150120172,0.4265735888162744,224,0.23720475537924718,63,0.28895606261368223,46,COMPLETE
1175,1175,0.8207547169811321,2024-03-05 03:42:54.915604,2024-03-05 03:43:10.853745,0 days 00:00:15.938141,0.0011174967929234185,0.1274361589759894,244,0.41946158217885987,65,0.352642486693026,51,COMPLETE
1176,1176,0.7735849056603774,2024-03-05 03:43:10.856364,2024-03-05 03:43:31.547662,0 days 00:00:20.691298,0.0006936821679917488,0.4106941598058635,74,0.22912139061976514,76,0.4184644421458623,53,COMPLETE
1177,1177,0.7641509433962265,2024-03-05 03:43:31.554197,2024-03-05 03:43:45.552333,0 days 00:00:13.998136,0.0024549550843400466,0.1884364375094001,217,0.2566179332933902,92,0.4860617588233033,46,COMPLETE
1178,1178,0.8207547169811321,2024-03-05 03:43:45.555960,2024-03-05 03:43:57.935684,0 days 00:00:12.379724,0.0014480588640115597,0.4404498894869826,67,0.20525471440290027,89,0.3379183109378436,49,COMPLETE
1179,1179,0.8113207547169812,2024-03-05 03:43:57.939814,2024-03-05 03:44:13.484787,0 days 00:00:15.544973,0.0019926603808102677,0.4623247639699682,170,0.27459949377090165,97,0.3202841633277651,53,COMPLETE
1180,1180,0.8018867924528302,2024-03-05 03:44:13.486894,2024-03-05 03:44:41.807582,0 days 00:00:28.320688,0.0002801395106132479,0.48524514114030237,88,0.24271283926531662,61,0.3866085646941688,55,COMPLETE
1181,1181,0.7924528301886793,2024-03-05 03:44:41.812229,2024-03-05 03:44:55.895005,0 days 00:00:14.082776,0.000887169160454242,0.4317205541244134,81,0.4436941429846401,81,0.4996292190287223,50,COMPLETE
1182,1182,0.8301886792452831,2024-03-05 03:44:55.899753,2024-03-05 03:45:14.325968,0 days 00:00:18.426215,0.0006280587179404278,0.446749460672135,243,0.22576587906302226,122,0.33057941152349174,62,COMPLETE
1183,1183,0.8490566037735849,2024-03-05 03:45:14.327649,2024-03-05 03:45:32.674049,0 days 00:00:18.346400,0.0012965683171180307,0.48973325365863185,64,0.1922819135943504,120,0.45097029877665823,51,COMPLETE
1184,1184,0.8018867924528302,2024-03-05 03:45:32.679463,2024-03-05 03:45:48.537952,0 days 00:00:15.858489,0.0010232578486852118,0.4705085230386773,212,0.28398009053555334,67,0.35036089816156185,48,COMPLETE
1185,1185,0.7358490566037735,2024-03-05 03:45:48.539394,2024-03-05 03:46:25.970832,0 days 00:00:37.431438,1.002467306426302e-05,0.4790923772298271,206,0.43433916691969,93,0.3011638384667831,47,COMPLETE
1186,1186,0.7924528301886793,2024-03-05 03:46:25.976105,2024-03-05 03:46:37.659582,0 days 00:00:11.683477,0.0017053501487664358,0.45786845531288045,220,0.45757566165475905,94,0.3392091621267308,54,COMPLETE
1187,1187,0.7830188679245284,2024-03-05 03:46:37.663889,2024-03-05 03:46:55.183879,0 days 00:00:17.519990,0.0007799039216669822,0.42140948823594615,226,0.40654377959749416,96,0.4760584482718373,57,COMPLETE
1188,1188,0.7735849056603774,2024-03-05 03:46:55.185716,2024-03-05 03:47:20.894946,0 days 00:00:25.709230,0.0003606065056214366,0.4384183118401887,71,0.2106355682333555,98,0.3266047809840442,60,COMPLETE
1189,1189,0.8113207547169812,2024-03-05 03:47:20.900645,2024-03-05 03:47:43.140921,0 days 00:00:22.240276,0.0004856228468240569,0.4418949182282003,241,0.23552292686003606,83,0.4574123789065222,52,COMPLETE
1190,1190,0.8207547169811321,2024-03-05 03:47:43.145348,2024-03-05 03:47:59.396179,0 days 00:00:16.250831,0.0011759989940576987,0.449075906927333,67,0.4477004638275201,58,0.4109844815631563,45,COMPLETE
1191,1191,0.7830188679245284,2024-03-05 03:47:59.398458,2024-03-05 03:48:15.260855,0 days 00:00:15.862397,0.000940968887565901,0.4932277940551896,192,0.4250355238442875,59,0.2744050721404271,50,COMPLETE
1192,1192,0.7735849056603774,2024-03-05 03:48:15.265649,2024-03-05 03:48:31.245706,0 days 00:00:15.980057,0.0015334387157316669,0.4312819191399241,213,0.21607605000764307,128,0.30981936412621863,47,COMPLETE
1193,1193,0.7547169811320755,2024-03-05 03:48:31.247132,2024-03-05 03:48:48.808151,0 days 00:00:17.561019,0.0006913662416665559,0.4632882341089438,248,0.2596703486086267,91,0.46875143587736723,49,COMPLETE
1194,1194,0.8018867924528302,2024-03-05 03:48:48.813207,2024-03-05 03:49:05.485504,0 days 00:00:16.672297,0.0005455404507541046,0.47559875288729453,186,0.24568946769282812,87,0.3176234635013125,51,COMPLETE
1195,1195,0.8113207547169812,2024-03-05 03:49:05.487563,2024-03-05 03:49:20.768224,0 days 00:00:15.280661,0.0012916425966178285,0.4148289413964703,175,0.2718549522653186,77,0.35027301465695193,58,COMPLETE
1196,1196,0.7735849056603774,2024-03-05 03:49:20.774362,2024-03-05 03:49:57.488902,0 days 00:00:36.714540,0.00016974389466303322,0.4535192123129481,200,0.41691843028305126,74,0.3418469212209727,53,COMPLETE
1197,1197,0.8018867924528302,2024-03-05 03:49:57.494094,2024-03-05 03:50:19.134416,0 days 00:00:21.640322,0.0008105980160121811,0.49133383206597225,217,0.22195389930543863,125,0.3319898347659894,61,COMPLETE
1198,1198,0.7924528301886793,2024-03-05 03:50:19.139505,2024-03-05 03:50:31.839282,0 days 00:00:12.699777,0.0019427904320732463,0.4275922998196286,71,0.20105663982528424,122,0.4875427542151478,37,COMPLETE
1199,1199,0.8113207547169812,2024-03-05 03:50:31.840527,2024-03-05 03:50:46.349261,0 days 00:00:14.508734,0.000999761191940995,0.43815473178172887,79,0.2267442549155373,63,0.2989594667545386,46,COMPLETE
1200,1200,0.7452830188679245,2024-03-05 03:50:46.351518,2024-03-05 03:50:58.509447,0 days 00:00:12.157929,0.0015812323033206654,0.4818430351446718,223,0.48168808544271075,119,0.3577120308552683,48,COMPLETE
1201,1201,0.7735849056603774,2024-03-05 03:50:58.513691,2024-03-05 03:51:15.223316,0 days 00:00:16.709625,0.0011396855980154602,0.2292095020988746,246,0.3004371801944871,95,0.3268445158512211,52,COMPLETE
1202,1202,0.8207547169811321,2024-03-05 03:51:15.224728,2024-03-05 03:51:28.140794,0 days 00:00:12.916066,0.003046948240987223,0.44967830576270146,204,0.4351031089459265,109,0.2860812683012207,49,COMPLETE
1203,1203,0.8018867924528302,2024-03-05 03:51:28.143927,2024-03-05 03:51:46.376411,0 days 00:00:18.232484,0.0007232044622658873,0.4586002523718504,196,0.2552055486418522,54,0.44212845756427877,51,COMPLETE
1204,1204,0.839622641509434,2024-03-05 03:51:46.380102,2024-03-05 03:52:06.369551,0 days 00:00:19.989449,0.0005772533443191258,0.43425728231924693,64,0.27643986228537315,84,0.34674090499279686,44,COMPLETE
1205,1205,0.8301886792452831,2024-03-05 03:52:06.374113,2024-03-05 03:52:22.839565,0 days 00:00:16.465452,0.0008918142649968167,0.4999183225200639,240,0.47075054158817686,80,0.3142614265886741,59,COMPLETE
1206,1206,0.7547169811320755,2024-03-05 03:52:22.842019,2024-03-05 03:52:50.231554,0 days 00:00:27.389535,0.00044363019073385995,0.42059337820150133,68,0.29027991301873474,90,0.4809171056674971,54,COMPLETE
1207,1207,0.7641509433962265,2024-03-05 03:52:50.236010,2024-03-05 03:53:05.070926,0 days 00:00:14.834916,0.0013188162860404624,0.442344914039427,220,0.1866862899772273,60,0.3920999450959945,24,COMPLETE
1208,1208,0.8018867924528302,2024-03-05 03:53:05.074614,2024-03-05 03:53:21.273820,0 days 00:00:16.199206,0.0010481584185434603,0.46802688985742624,159,0.2334148981144814,72,0.46642012138738775,50,COMPLETE
1209,1209,0.7830188679245284,2024-03-05 03:53:21.276251,2024-03-05 03:53:37.087390,0 days 00:00:15.811139,0.0022108278131289147,0.4849013289649957,75,0.39397728491821427,69,0.30756997059568913,35,COMPLETE
1210,1210,0.8113207547169812,2024-03-05 03:53:37.092493,2024-03-05 03:53:52.362485,0 days 00:00:15.269992,0.0007204228718919195,0.4076015959412068,239,0.21551070232607497,97,0.3361973281143461,46,COMPLETE
1211,1211,0.8113207547169812,2024-03-05 03:53:52.364294,2024-03-05 03:54:04.004726,0 days 00:00:11.640432,0.0016738909776709767,0.4490942037754431,210,0.20618445639384636,65,0.3183380870128358,62,COMPLETE
1212,1212,0.8490566037735849,2024-03-05 03:54:04.011253,2024-03-05 03:54:21.042172,0 days 00:00:17.030919,0.0008552695802343254,0.4268751117975714,229,0.26721893832656185,121,0.34306037035213005,48,COMPLETE
1213,1213,0.8207547169811321,2024-03-05 03:54:21.044795,2024-03-05 03:54:40.998395,0 days 00:00:19.953600,0.0005989809620457441,0.4920018640819017,179,0.4510638208229902,94,0.4562013264574523,57,COMPLETE
1214,1214,0.7547169811320755,2024-03-05 03:54:41.003084,2024-03-05 03:54:57.939349,0 days 00:00:16.936265,0.0012001904195397487,0.4588234036157907,190,0.24596499475459155,79,0.380649985390654,47,COMPLETE
1215,1215,0.7830188679245284,2024-03-05 03:54:57.942177,2024-03-05 03:55:15.737623,0 days 00:00:17.795446,0.0014426018625744764,0.443147338521565,68,0.4433989967822414,61,0.148479512894918,52,COMPLETE
1216,1216,0.7830188679245284,2024-03-05 03:55:15.742151,2024-03-05 03:55:32.924212,0 days 00:00:17.182061,0.0009712697750443373,0.4732878631630311,215,0.4309721354602814,88,0.32915563349538396,56,COMPLETE
1217,1217,0.8113207547169812,2024-03-05 03:55:32.931206,2024-03-05 03:55:57.335955,0 days 00:00:24.404749,0.00036187374834832273,0.4323976019487686,226,0.4141892034307686,118,0.432819576171241,55,COMPLETE
1218,1218,0.7924528301886793,2024-03-05 03:55:57.338675,2024-03-05 03:56:15.257731,0 days 00:00:17.919056,0.00175339344426321,0.4997345947667297,244,0.1943743622809656,124,0.35446721674305937,50,COMPLETE
1219,1219,0.8018867924528302,2024-03-05 03:56:15.261878,2024-03-05 03:56:32.676892,0 days 00:00:17.415014,0.000763269224928193,0.4508908830713415,184,0.23070455526368366,95,0.4766123249062814,49,COMPLETE
1220,1220,0.7924528301886793,2024-03-05 03:56:32.682003,2024-03-05 03:56:45.435684,0 days 00:00:12.753681,0.0025837655847071052,0.3541038016167326,73,0.278930799000882,92,0.44870378706720154,53,COMPLETE
1221,1221,0.839622641509434,2024-03-05 03:56:45.437085,2024-03-05 03:57:06.734041,0 days 00:00:21.296956,0.0004631125137753047,0.41564676999314915,216,0.22073035329014995,119,0.40460189330111684,59,COMPLETE
1222,1222,0.8113207547169812,2024-03-05 03:57:06.739109,2024-03-05 03:57:21.816620,0 days 00:00:15.077511,0.0012189111162681254,0.4812474332140845,248,0.2600400380473452,81,0.3038135370083245,45,COMPLETE
1223,1223,0.7924528301886793,2024-03-05 03:57:21.819015,2024-03-05 03:57:39.534087,0 days 00:00:17.715072,0.0006341171039851256,0.4633204466358931,222,0.24925261380651187,99,0.29146545083731,47,COMPLETE
1224,1224,0.8113207547169812,2024-03-05 03:57:39.539187,2024-03-05 03:57:55.440248,0 days 00:00:15.901061,0.0010391452850102537,0.4374040963712222,64,0.23952662292453586,67,0.49255023868009556,61,COMPLETE
1225,1225,0.8113207547169812,2024-03-05 03:57:55.441878,2024-03-05 03:58:07.202419,0 days 00:00:11.760541,0.0013981893855289412,0.49030318434172965,70,0.425645964181672,85,0.3231242396913438,48,COMPLETE
1226,1226,0.7830188679245284,2024-03-05 03:58:07.207147,2024-03-05 03:58:23.678547,0 days 00:00:16.471400,0.0008795760115150336,0.4443043394029445,91,0.21251647411816826,49,0.3388240419201366,52,COMPLETE
1227,1227,0.8301886792452831,2024-03-05 03:58:23.681153,2024-03-05 03:58:44.702554,0 days 00:00:21.021401,0.0005824597227111601,0.4214796855012409,85,0.4422790239793561,110,0.42322252990406867,51,COMPLETE
1228,1228,0.8207547169811321,2024-03-05 03:58:44.707436,2024-03-05 03:59:00.530217,0 days 00:00:15.822781,0.0019616435979377045,0.36667683818268787,203,0.269552143671253,56,0.3575352382235579,49,COMPLETE
1229,1229,0.8301886792452831,2024-03-05 03:59:00.534959,2024-03-05 03:59:19.064133,0 days 00:00:18.529174,0.0007460781622390028,0.471478365880683,241,0.40161616435611724,76,0.46177730454316634,47,COMPLETE
1230,1230,0.7452830188679245,2024-03-05 03:59:19.066322,2024-03-05 03:59:34.524682,0 days 00:00:15.458360,0.0011633815964185268,0.45263044994920865,209,0.4591873073828447,97,0.37779244572987764,53,COMPLETE
1231,1231,0.7924528301886793,2024-03-05 03:59:34.529549,2024-03-05 03:59:46.859396,0 days 00:00:12.329847,0.0009938294010683399,0.42758514082928845,237,0.2216694181780987,121,0.3164347118499419,54,COMPLETE
1232,1232,0.8207547169811321,2024-03-05 03:59:46.860851,2024-03-05 03:59:59.695642,0 days 00:00:12.834791,0.0014640668452632639,0.4354360974222026,64,0.20361510637795766,62,0.33085383326398127,60,COMPLETE
1233,1233,0.7830188679245284,2024-03-05 03:59:59.698233,2024-03-05 04:00:20.467735,0 days 00:00:20.769502,0.0008372333547550004,0.4866424491696325,194,0.2351330863351795,126,0.3473869896430372,51,COMPLETE
1234,1234,0.7358490566037735,2024-03-05 04:00:20.475059,2024-03-05 04:00:35.778477,0 days 00:00:15.303418,0.0016213115402813017,0.4773732236064964,249,0.28084769719782277,92,0.38763902823953933,58,COMPLETE
1235,1235,0.7830188679245284,2024-03-05 04:00:35.783448,2024-03-05 04:00:56.885035,0 days 00:00:21.101587,0.0004893537413731275,0.4576643125267046,220,0.18222971370121419,90,0.4714957366063357,44,COMPLETE
1236,1236,0.8113207547169812,2024-03-05 04:00:56.887316,2024-03-05 04:01:17.027449,0 days 00:00:20.140133,0.0006826830384763537,0.28670587244639806,213,0.22666716958824973,96,0.4836712412612829,50,COMPLETE
1237,1237,0.7830188679245284,2024-03-05 04:01:17.032018,2024-03-05 04:01:34.497891,0 days 00:00:17.465873,0.0011619609136733456,0.4467872580712041,230,0.25276774134888497,78,0.18865135258812676,46,COMPLETE
1238,1238,0.8113207547169812,2024-03-05 04:01:34.500344,2024-03-05 04:01:50.377295,0 days 00:00:15.876951,0.0009183230450556462,0.4927469569836761,69,0.16510816284197863,42,0.29784264367759283,19,COMPLETE
1239,1239,0.7735849056603774,2024-03-05 04:01:50.381511,2024-03-05 04:02:15.706394,0 days 00:00:25.324883,0.00031805570099749766,0.46523925916772885,244,0.3888232252603829,107,0.3972675343091497,48,COMPLETE
1240,1240,0.5188679245283019,2024-03-05 04:02:15.711705,2024-03-05 04:02:24.469695,0 days 00:00:08.757990,0.03830024744502112,0.4398062134793689,74,0.420370199301433,58,0.2819216729394318,30,COMPLETE
1241,1241,0.8301886792452831,2024-03-05 04:02:24.470988,2024-03-05 04:02:38.466882,0 days 00:00:13.995894,0.0021290567156089053,0.4100829276086872,224,0.2620376272181478,94,0.33505191953350927,45,COMPLETE
1242,1242,0.7735849056603774,2024-03-05 04:02:38.468892,2024-03-05 04:02:50.925663,0 days 00:00:12.456771,0.0012946611360065408,0.42362838924163665,218,0.4367975363087847,123,0.3211112555374001,50,COMPLETE
1243,1243,0.7641509433962265,2024-03-05 04:02:50.929715,2024-03-05 04:03:30.628204,0 days 00:00:39.698489,0.0005734807898847763,0.43213943081691714,182,0.28942700533667587,63,0.3082373466597898,52,COMPLETE
1244,1244,0.8207547169811321,2024-03-05 04:03:30.633592,2024-03-05 04:03:46.190123,0 days 00:00:15.556531,0.0035658025767594716,0.4545293841162286,78,0.40899753326331995,70,0.34556415805857954,48,COMPLETE
1245,1245,0.8018867924528302,2024-03-05 04:03:46.195397,2024-03-05 04:04:07.934433,0 days 00:00:21.739036,0.0003967133777322716,0.4858216795617322,189,0.21208675629718807,99,0.3634693529060812,51,COMPLETE
1246,1246,0.7264150943396226,2024-03-05 04:04:07.937349,2024-03-05 04:04:20.018336,0 days 00:00:12.080987,0.0018140645644690897,0.16730030837166196,207,0.3196799146568541,83,0.4425203624340946,49,COMPLETE
1247,1247,0.7169811320754716,2024-03-05 04:04:20.022291,2024-03-05 04:04:36.049412,0 days 00:00:16.027121,0.0007742753484425636,0.44431353084602293,165,0.447830500379826,118,0.16819121074505727,47,COMPLETE
1248,1248,0.8113207547169812,2024-03-05 04:04:36.054754,2024-03-05 04:04:52.841855,0 days 00:00:16.787101,0.0010567397502978964,0.47088198539163106,235,0.19864510627118395,65,0.3286292774121231,53,COMPLETE
1249,1249,0.8113207547169812,2024-03-05 04:04:52.844777,2024-03-05 04:05:06.544622,0 days 00:00:13.699845,0.0013286832177381409,0.4361243811262727,68,0.24017299354223723,94,0.35298991475524477,17,COMPLETE
1250,1250,0.8207547169811321,2024-03-05 04:05:06.548605,2024-03-05 04:05:30.336349,0 days 00:00:23.787744,0.0005208900747666188,0.3085462278787158,227,0.21907527527071735,87,0.37246786457382625,59,COMPLETE
1251,1251,0.8113207547169812,2024-03-05 04:05:30.341700,2024-03-05 04:05:55.513518,0 days 00:00:25.171818,0.0006620583932644205,0.4607763549683845,115,0.42779573755570605,112,0.41369037268595216,46,COMPLETE
1252,1252,0.7641509433962265,2024-03-05 04:05:55.518906,2024-03-05 04:06:14.374769,0 days 00:00:18.855863,0.0009059759343768967,0.48233765256004485,197,0.22880439567195734,98,0.3386002758824712,51,COMPLETE
1253,1253,0.8207547169811321,2024-03-05 04:06:14.380202,2024-03-05 04:06:30.949757,0 days 00:00:16.569555,0.0015881879711952015,0.448528034540971,64,0.26864214368166967,60,0.3124858347438828,55,COMPLETE
1254,1254,0.7641509433962265,2024-03-05 04:06:30.951943,2024-03-05 04:06:50.278573,0 days 00:00:19.326630,0.0011820706685555641,0.49364753993416877,246,0.30854184910023763,81,0.45437001276162003,54,COMPLETE
1255,1255,0.8018867924528302,2024-03-05 04:06:50.283239,2024-03-05 04:07:04.765648,0 days 00:00:14.482409,0.0009828736161244204,0.419186228803103,211,0.2521102666068045,92,0.471949970452761,60,COMPLETE
1256,1256,0.7735849056603774,2024-03-05 04:07:04.771436,2024-03-05 04:07:44.716731,0 days 00:00:39.945295,6.975011193631329e-05,0.42822984137536546,241,0.1903295482829357,120,0.3221692504832044,49,COMPLETE
1257,1257,0.7641509433962265,2024-03-05 04:07:44.723697,2024-03-05 04:08:01.265240,0 days 00:00:16.541543,0.0008242879590445936,0.44194723550942405,215,0.20427443411724944,117,0.48516049478812884,57,COMPLETE
1258,1258,0.8113207547169812,2024-03-05 04:08:01.268086,2024-03-05 04:08:14.808527,0 days 00:00:13.540441,0.0014716018081380583,0.47634920327696867,219,0.23595558830956648,75,0.4315590198474935,52,COMPLETE
1259,1259,0.8018867924528302,2024-03-05 04:08:14.812481,2024-03-05 04:08:40.228899,0 days 00:00:25.416418,0.0006436048056936917,0.45534258153643525,73,0.4626829175553402,96,0.36051641505919835,50,COMPLETE
1260,1260,0.7924528301886793,2024-03-05 04:08:40.234504,2024-03-05 04:09:06.495106,0 days 00:00:26.260602,0.00044499111126922354,0.4933376767733694,233,0.280659237981294,123,0.46288147676324815,61,COMPLETE
1261,1261,0.7452830188679245,2024-03-05 04:09:06.500620,2024-03-05 04:09:45.393489,0 days 00:00:38.892869,0.0002587119696786553,0.46397608289507253,200,0.4388096174529143,108,0.3473192245094136,63,COMPLETE
1262,1262,0.7924528301886793,2024-03-05 04:09:45.399026,2024-03-05 04:10:21.944203,0 days 00:00:36.545177,0.00020278248029283487,0.4132441661073402,67,0.21412198359573187,90,0.2932464730458653,58,COMPLETE
1263,1263,0.8301886792452831,2024-03-05 04:10:21.949784,2024-03-05 04:10:36.295710,0 days 00:00:14.345926,0.0018760827908744677,0.43499883491588703,224,0.2620162514930779,126,0.38445555077581506,47,COMPLETE
1264,1264,0.7924528301886793,2024-03-05 04:10:36.300564,2024-03-05 04:10:57.572107,0 days 00:00:21.271543,0.0010263055356355597,0.4485708818965441,250,0.45017154503625345,94,0.33316895168528027,45,COMPLETE
1265,1265,0.8490566037735849,2024-03-05 04:10:57.574419,2024-03-05 04:11:10.977858,0 days 00:00:13.403439,0.0027989300618746736,0.49938985927291263,237,0.22673608963938005,78,0.3152637469020888,32,COMPLETE
1266,1266,0.7830188679245284,2024-03-05 04:11:10.982530,2024-03-05 04:11:30.872181,0 days 00:00:19.889651,0.0007515488599987506,0.42592644619497666,186,0.383257788053163,64,0.30477326679353145,53,COMPLETE
1267,1267,0.8018867924528302,2024-03-05 04:11:30.875200,2024-03-05 04:11:47.351711,0 days 00:00:16.476511,0.0012723360803363615,0.477940415031629,71,0.24416730444573168,115,0.4936711797046982,48,COMPLETE
1268,1268,0.7547169811320755,2024-03-05 04:11:47.357205,2024-03-05 04:12:06.824742,0 days 00:00:19.467537,0.0005150428805151207,0.44024557417612764,179,0.41100284495821926,121,0.3399297656538999,38,COMPLETE
1269,1269,0.7641509433962265,2024-03-05 04:12:06.830999,2024-03-05 04:12:26.191424,0 days 00:00:19.360425,0.0010800003694401764,0.45637931700712364,204,0.2746386824232539,72,0.32489358526399253,56,COMPLETE
1270,1270,0.7735849056603774,2024-03-05 04:12:26.193617,2024-03-05 04:12:42.536905,0 days 00:00:16.343288,0.0014460695317116586,0.46834155426690893,242,0.4188665967939878,105,0.4773408718455048,51,COMPLETE
1271,1271,0.8113207547169812,2024-03-05 04:12:42.541998,2024-03-05 04:13:00.455979,0 days 00:00:17.913981,0.0008757106564148518,0.48761192337456966,247,0.29831375286321415,99,0.37114673155232164,46,COMPLETE
1272,1272,0.8018867924528302,2024-03-05 04:13:00.458657,2024-03-05 04:13:18.187508,0 days 00:00:17.728851,0.0021334857755102112,0.4331221073861993,67,0.3388014723068729,85,0.35710046469769585,52,COMPLETE
1273,1273,0.7547169811320755,2024-03-05 04:13:18.192036,2024-03-05 04:13:37.570447,0 days 00:00:19.378411,0.0006649036386025234,0.38014210185963054,216,0.43114507631694304,67,0.3500537702384611,62,COMPLETE
1274,1274,0.7452830188679245,2024-03-05 04:13:37.575692,2024-03-05 04:13:57.133761,0 days 00:00:19.558069,0.0012252272753979082,0.44633511887863764,230,0.21709344810197093,61,0.2708820661841143,49,COMPLETE
1275,1275,0.7452830188679245,2024-03-05 04:13:57.136846,2024-03-05 04:14:13.580787,0 days 00:00:16.443941,0.001555434854979936,0.42199443319966506,77,0.22605200255568872,119,0.39258062581021386,44,COMPLETE
1276,1276,0.8113207547169812,2024-03-05 04:14:13.586607,2024-03-05 04:14:27.979308,0 days 00:00:14.392701,0.0008723799495909929,0.4521951457378302,191,0.20536250379859816,97,0.44673195215701467,51,COMPLETE
1277,1277,0.8113207547169812,2024-03-05 04:14:27.984252,2024-03-05 04:14:49.091488,0 days 00:00:21.107236,0.0005830602933678986,0.4074603951732839,173,0.2564626606270612,82,0.3789699655518163,48,COMPLETE
1278,1278,0.7735849056603774,2024-03-05 04:14:49.097070,2024-03-05 04:15:13.736611,0 days 00:00:24.639541,0.0004061991816770047,0.4996740287142348,221,0.26847863882225576,58,0.33304232533454003,54,COMPLETE
1279,1279,0.8301886792452831,2024-03-05 04:15:13.739648,2024-03-05 04:15:40.983454,0 days 00:00:27.243806,0.000746749605451365,0.4822394696521372,211,0.17575606192827742,93,0.4241514833883624,50,COMPLETE
