,number,value,datetime_start,datetime_complete,duration,params_learning_rate,params_merged_1_dropout,params_merged_1_size,params_merged_2_dropout,params_merged_2_size,params_merged_3_dropout,params_merged_3_size,state
1280,1280,0.8207547169811321,2024-03-05 04:15:40.988969,2024-03-05 04:15:56.171473,0 days 00:00:15.182504,0.001775561968961882,0.4413174180409314,69,0.2855926787259403,117,0.34217425442899213,59,COMPLETE
1281,1281,0.7735849056603774,2024-03-05 04:15:56.173940,2024-03-05 04:16:34.705809,0 days 00:00:38.531869,1.343946555835341e-05,0.4626891416950786,240,0.3687169896242042,88,0.4664797469030955,47,COMPLETE
1282,1282,0.7264150943396226,2024-03-05 04:16:34.711432,2024-03-05 04:16:51.919617,0 days 00:00:17.208185,0.0010824863302858186,0.43279826077779904,251,0.2309588260549265,101,0.28076248347408783,36,COMPLETE
1283,1283,0.7924528301886793,2024-03-05 04:16:51.923337,2024-03-05 04:17:05.569947,0 days 00:00:13.646610,0.0012885115606086053,0.49119722370843194,64,0.4550676055936865,80,0.31588063955031426,52,COMPLETE
1284,1284,0.8113207547169812,2024-03-05 04:17:05.572641,2024-03-05 04:17:23.161741,0 days 00:00:17.589100,0.0009430500711673225,0.4741746041360038,127,0.400308521985808,96,0.4058314840081157,49,COMPLETE
1285,1285,0.8018867924528302,2024-03-05 04:17:23.165862,2024-03-05 04:17:37.948003,0 days 00:00:14.782141,0.0024052826366775647,0.42738722860513695,207,0.4405068525848011,122,0.325988783881702,27,COMPLETE
1286,1286,0.7735849056603774,2024-03-05 04:17:37.950466,2024-03-05 04:17:56.798838,0 days 00:00:18.848372,0.0007747747086184951,0.4522152265838386,225,0.24158913260157677,91,0.4547366672841557,60,COMPLETE
1287,1287,0.8301886792452831,2024-03-05 04:17:56.805448,2024-03-05 04:18:19.552394,0 days 00:00:22.746946,0.0005231353924861192,0.41431622647097854,72,0.20972153591609466,62,0.30506478558550215,53,COMPLETE
1288,1288,0.8113207547169812,2024-03-05 04:18:19.558030,2024-03-05 04:18:31.222335,0 days 00:00:11.664305,0.0014173703454303237,0.44116996270783476,244,0.1961119900303671,111,0.36175163275623035,58,COMPLETE
1289,1289,0.7735849056603774,2024-03-05 04:18:31.224456,2024-03-05 04:18:49.240206,0 days 00:00:18.015750,0.0011451015923241385,0.46205357497985605,214,0.4256017356810944,74,0.2972724344181279,50,COMPLETE
1290,1290,0.8113207547169812,2024-03-05 04:18:49.245116,2024-03-05 04:19:03.199729,0 days 00:00:13.954613,0.001643376389239257,0.4817937674507136,238,0.22328408687502405,77,0.3687239566155482,45,COMPLETE
1291,1291,0.8301886792452831,2024-03-05 04:19:03.202085,2024-03-05 04:19:28.079301,0 days 00:00:24.877216,0.0006736870268519195,0.492822040707477,194,0.24779393621121082,94,0.47950573048822803,52,COMPLETE
1292,1292,0.8113207547169812,2024-03-05 04:19:28.084742,2024-03-05 04:19:43.367356,0 days 00:00:15.282614,0.0009848967752563737,0.4471255202801373,218,0.2337580467792328,59,0.43737957263176713,47,COMPLETE
1293,1293,0.7735849056603774,2024-03-05 04:19:43.373799,2024-03-05 04:20:00.394126,0 days 00:00:17.020327,0.0008110399133463091,0.42028035130808444,232,0.26131073049511,98,0.34224361938181025,48,COMPLETE
1294,1294,0.7452830188679245,2024-03-05 04:20:00.396524,2024-03-05 04:20:16.117451,0 days 00:00:15.720927,0.0017975893010138176,0.4998513060399527,64,0.271294174384085,55,0.35164362215005657,46,COMPLETE
1295,1295,0.8113207547169812,2024-03-05 04:20:16.122024,2024-03-05 04:20:39.420843,0 days 00:00:23.298819,0.0005932189706845057,0.43419731411358503,249,0.4698821284837928,125,0.3316651777375481,49,COMPLETE
1296,1296,0.7830188679245284,2024-03-05 04:20:39.426453,2024-03-05 04:20:55.939292,0 days 00:00:16.512839,0.0010841460926995716,0.42759978068112797,245,0.21975250791794182,107,0.4987350970160496,51,COMPLETE
1297,1297,0.7547169811320755,2024-03-05 04:20:55.941882,2024-03-05 04:21:18.970710,0 days 00:00:23.028828,0.0003292455994140364,0.45500814913662846,200,0.2119922245296459,114,0.32297025972283705,64,COMPLETE
1298,1298,0.7452830188679245,2024-03-05 04:21:18.975735,2024-03-05 04:21:35.449719,0 days 00:00:16.473984,0.0012889516757813824,0.46644999953308774,228,0.4442196802679319,120,0.2899322689406851,54,COMPLETE
1299,1299,0.7735849056603774,2024-03-05 04:21:35.454549,2024-03-05 04:21:45.918882,0 days 00:00:10.464333,0.004363722560460053,0.44199725186175015,222,0.4324035505208454,83,0.31577484049629967,61,COMPLETE
1300,1300,0.7924528301886793,2024-03-05 04:21:45.920359,2024-03-05 04:22:05.124620,0 days 00:00:19.204261,0.0008591233647638634,0.4762117723242376,71,0.27959543555346117,51,0.38717398788004814,55,COMPLETE
1301,1301,0.8113207547169812,2024-03-05 04:22:05.130014,2024-03-05 04:22:28.534391,0 days 00:00:23.404377,0.00041712263755803325,0.48636142701844,187,0.29536353610449784,128,0.4591068203538468,50,COMPLETE
1302,1302,0.7830188679245284,2024-03-05 04:22:28.536695,2024-03-05 04:22:45.400008,0 days 00:00:16.863313,0.0006774455433732634,0.4485515015288215,214,0.2517384541393888,64,0.33439453870008695,43,COMPLETE
1303,1303,0.8207547169811321,2024-03-05 04:22:45.404683,2024-03-05 04:22:59.978256,0 days 00:00:14.573573,0.0014270527959450723,0.4358063987034255,75,0.23764683564444866,100,0.26019990896274914,59,COMPLETE
1304,1304,0.8018867924528302,2024-03-05 04:22:59.980333,2024-03-05 04:23:13.851548,0 days 00:00:13.871215,0.0021335786814409333,0.4584767415453302,80,0.1905387420276575,92,0.47057695366756686,16,COMPLETE
1305,1305,0.8113207547169812,2024-03-05 04:23:13.856321,2024-03-05 04:23:28.386023,0 days 00:00:14.529702,0.0010622100037115773,0.4716437381545766,206,0.41813865666260525,103,0.4889266328000233,46,COMPLETE
1306,1306,0.7452830188679245,2024-03-05 04:23:28.388152,2024-03-05 04:23:53.822353,0 days 00:00:25.434201,0.00047046421567285374,0.4026995032524415,235,0.4079866406175472,70,0.31116070848008714,48,COMPLETE
1307,1307,0.7641509433962265,2024-03-05 04:23:53.827501,2024-03-05 04:24:08.502246,0 days 00:00:14.674745,0.000919098308742726,0.4877882656673311,162,0.2007916009605618,95,0.34669983209907945,52,COMPLETE
1308,1308,0.8018867924528302,2024-03-05 04:24:08.506282,2024-03-05 04:24:30.287561,0 days 00:00:21.781279,0.0007269994643232253,0.42279036178779905,183,0.4534376276877593,118,0.3538326218038797,57,COMPLETE
1309,1309,0.8018867924528302,2024-03-05 04:24:30.291123,2024-03-05 04:24:44.775120,0 days 00:00:14.483997,0.001638470035862601,0.4409323341061321,68,0.2196461873252958,79,0.3973152348470699,53,COMPLETE
1310,1310,0.7830188679245284,2024-03-05 04:24:44.779591,2024-03-05 04:24:59.607688,0 days 00:00:14.828097,0.0011386352147945442,0.4294020454827152,218,0.22907582270574503,124,0.37793228894183506,50,COMPLETE
1311,1311,0.7641509433962265,2024-03-05 04:24:59.609930,2024-03-05 04:25:17.602264,0 days 00:00:17.992334,0.0005515035890317999,0.41585429763488646,210,0.263778699113566,68,0.3029145530742677,47,COMPLETE
1312,1312,0.7924528301886793,2024-03-05 04:25:17.606861,2024-03-05 04:25:34.073382,0 days 00:00:16.466521,0.0014942463310112079,0.44998059654440153,67,0.2746550638524483,89,0.3276338026822483,44,COMPLETE
1313,1313,0.839622641509434,2024-03-05 04:25:34.075663,2024-03-05 04:25:55.069531,0 days 00:00:20.993868,0.0009071030042202518,0.49997551958816616,239,0.42562887906556696,116,0.48376665696298543,51,COMPLETE
1314,1314,0.8113207547169812,2024-03-05 04:25:55.075244,2024-03-05 04:26:09.815534,0 days 00:00:14.740290,0.0011913833523786413,0.4588191917552852,243,0.28961436212684444,105,0.3197958536393136,39,COMPLETE
1315,1315,0.8207547169811321,2024-03-05 04:26:09.817902,2024-03-05 04:26:29.769484,0 days 00:00:19.951582,0.0006609474368762877,0.49252320285609347,197,0.4369933492455518,109,0.44903695555715284,22,COMPLETE
1316,1316,0.8207547169811321,2024-03-05 04:26:29.776778,2024-03-05 04:26:41.592576,0 days 00:00:11.815798,0.0018883433325471931,0.4358922840829348,154,0.20803952756315003,97,0.33740343270815154,49,COMPLETE
1317,1317,0.7830188679245284,2024-03-05 04:26:41.594630,2024-03-05 04:26:56.142847,0 days 00:00:14.548217,0.0013547200224792346,0.4837537679344812,252,0.244552216226942,122,0.4169386525557559,46,COMPLETE
1318,1318,0.8018867924528302,2024-03-05 04:26:56.147776,2024-03-05 04:27:33.456626,0 days 00:00:37.308850,5.3666323395675545e-05,0.4694175197363712,168,0.2559176822821807,93,0.3632201550878622,60,COMPLETE
1319,1319,0.7735849056603774,2024-03-05 04:27:33.462358,2024-03-05 04:27:48.529784,0 days 00:00:15.067426,0.000793326975608084,0.4417164158546839,226,0.23616121137079465,86,0.2478813121836098,52,COMPLETE
1320,1320,0.7924528301886793,2024-03-05 04:27:48.531246,2024-03-05 04:28:03.874500,0 days 00:00:15.343254,0.0009494932119979302,0.26940705899780076,64,0.218420878541455,60,0.47464274788133193,48,COMPLETE
1321,1321,0.7547169811320755,2024-03-05 04:28:03.876901,2024-03-05 04:28:23.836702,0 days 00:00:19.959801,0.0005395395131189381,0.45043095960956564,246,0.18395897157651672,65,0.3440421183085067,53,COMPLETE
1322,1322,0.7924528301886793,2024-03-05 04:28:23.841017,2024-03-05 04:28:51.501906,0 days 00:00:27.660889,0.00036657976229184544,0.4264153389126414,176,0.44594059605183883,57,0.42958238984780783,58,COMPLETE
1323,1323,0.8113207547169812,2024-03-05 04:28:51.507704,2024-03-05 04:29:04.064687,0 days 00:00:12.556983,0.0023491956882105893,0.47902400204377854,191,0.26764987898226744,99,0.30968610054735274,45,COMPLETE
1324,1324,0.7830188679245284,2024-03-05 04:29:04.066055,2024-03-05 04:29:19.572368,0 days 00:00:15.506313,0.0010595281278089996,0.4574073601789955,71,0.22542173010979658,62,0.3284586933148537,56,COMPLETE
1325,1325,0.7830188679245284,2024-03-05 04:29:19.574959,2024-03-05 04:29:33.891790,0 days 00:00:14.316831,0.0014388680052848438,0.445688692646524,112,0.28247812648764553,119,0.355945694972676,50,COMPLETE
1326,1326,0.8018867924528302,2024-03-05 04:29:33.898004,2024-03-05 04:29:52.788759,0 days 00:00:18.890755,0.0007987094501289026,0.49261973832206174,222,0.19567148465044637,96,0.37034915304215965,51,COMPLETE
1327,1327,0.8773584905660378,2024-03-05 04:29:52.790695,2024-03-05 04:30:07.305392,0 days 00:00:14.514697,0.0012350418851126278,0.4344232497887828,203,0.43321433544495763,91,0.2960503360660058,47,COMPLETE
1328,1328,0.8962264150943396,2024-03-05 04:30:07.309671,2024-03-05 04:30:18.903700,0 days 00:00:11.594029,0.0020337078030514904,0.41798517711548216,203,0.4270170327035739,89,0.2897943054700885,47,COMPLETE
1329,1329,0.7735849056603774,2024-03-05 04:30:18.905625,2024-03-05 04:30:30.645490,0 days 00:00:11.739865,0.0018695800400127913,0.415992193102065,214,0.43214130623435165,90,0.27751983607016084,47,COMPLETE
1330,1330,0.7735849056603774,2024-03-05 04:30:30.647913,2024-03-05 04:30:41.822270,0 days 00:00:11.174357,0.0023721593301812447,0.4162352829090105,200,0.41904676616041076,88,0.2814542138663251,46,COMPLETE
1331,1331,0.7830188679245284,2024-03-05 04:30:41.828740,2024-03-05 04:30:57.463174,0 days 00:00:15.634434,0.0017842091933879555,0.41497324785060374,203,0.4265615290958296,88,0.2887183060411628,46,COMPLETE
1332,1332,0.8301886792452831,2024-03-05 04:30:57.466041,2024-03-05 04:31:10.869578,0 days 00:00:13.403537,0.0026817350085511617,0.4000431657357633,207,0.4325734205176577,90,0.29021909730133555,47,COMPLETE
1333,1333,0.8018867924528302,2024-03-05 04:31:10.875417,2024-03-05 04:31:23.227151,0 days 00:00:12.351734,0.002301034904527605,0.4060881951443795,197,0.4231087302758439,88,0.2719153859536739,47,COMPLETE
1334,1334,0.8018867924528302,2024-03-05 04:31:23.228614,2024-03-05 04:31:33.900317,0 days 00:00:10.671703,0.002190904082631827,0.4101328626555247,206,0.4149880701328583,89,0.2850905516534883,47,COMPLETE
1335,1335,0.7924528301886793,2024-03-05 04:31:33.903634,2024-03-05 04:31:52.794636,0 days 00:00:18.891002,0.001954695188322959,0.40168207701021164,202,0.4368500402193002,90,0.2983165157882036,48,COMPLETE
1336,1336,0.8301886792452831,2024-03-05 04:31:52.799704,2024-03-05 04:32:06.392480,0 days 00:00:13.592776,0.0021917023269225253,0.4061131630192821,200,0.43532332148678454,91,0.27803803775220404,48,COMPLETE
1337,1337,0.8584905660377359,2024-03-05 04:32:06.394181,2024-03-05 04:32:17.117576,0 days 00:00:10.723395,0.0018336591684384013,0.3928936325232398,204,0.4272333958633488,87,0.28423839656883665,46,COMPLETE
1338,1338,0.7358490566037735,2024-03-05 04:32:17.122499,2024-03-05 04:32:26.858906,0 days 00:00:09.736407,0.0028355066288577925,0.38383555895812577,204,0.41861884414162204,86,0.2928403994826579,46,COMPLETE
1339,1339,0.8113207547169812,2024-03-05 04:32:26.862577,2024-03-05 04:32:40.240641,0 days 00:00:13.378064,0.0020339339347883985,0.3973091410725841,202,0.42575645761833325,84,0.28405777926288206,46,COMPLETE
1340,1340,0.7924528301886793,2024-03-05 04:32:40.243316,2024-03-05 04:32:51.005221,0 days 00:00:10.761905,0.0028688199666049804,0.39826690366209677,205,0.42184334158437403,87,0.26471692869498925,47,COMPLETE
1341,1341,0.7735849056603774,2024-03-05 04:32:51.009509,2024-03-05 04:33:01.349552,0 days 00:00:10.340043,0.0026885200426738343,0.40459746118723294,206,0.41542685804144575,86,0.27072583558188484,48,COMPLETE
1342,1342,0.8207547169811321,2024-03-05 04:33:01.351699,2024-03-05 04:33:13.537275,0 days 00:00:12.185576,0.002182153549990292,0.40585796529804413,199,0.4114349104066133,87,0.30025047497177815,45,COMPLETE
1343,1343,0.8018867924528302,2024-03-05 04:33:13.542208,2024-03-05 04:33:26.983231,0 days 00:00:13.441023,0.0017937621075322803,0.41054050551270704,198,0.4237186855088219,88,0.2967501198764731,45,COMPLETE
1344,1344,0.7735849056603774,2024-03-05 04:33:26.984760,2024-03-05 04:33:43.618890,0 days 00:00:16.634130,0.0016616432042535331,0.39818654819244753,206,0.4303414827481578,86,0.28393466834808073,46,COMPLETE
1345,1345,0.8018867924528302,2024-03-05 04:33:43.622664,2024-03-05 04:33:56.124902,0 days 00:00:12.502238,0.0017056938418175262,0.3956016201273915,203,0.40461085414114634,85,0.29605360918948415,45,COMPLETE
1346,1346,0.8113207547169812,2024-03-05 04:33:56.127827,2024-03-05 04:34:09.074188,0 days 00:00:12.946361,0.001493962835475282,0.3834505350450265,203,0.4270986145519902,84,0.29075230699711274,47,COMPLETE
1347,1347,0.8301886792452831,2024-03-05 04:34:09.077105,2024-03-05 04:34:21.701297,0 days 00:00:12.624192,0.0020809236700407583,0.41110151968447467,201,0.41564524884944926,87,0.29663619884052217,47,COMPLETE
1348,1348,0.7924528301886793,2024-03-05 04:34:21.705344,2024-03-05 04:34:33.714456,0 days 00:00:12.009112,0.002616946282561706,0.40311292751812344,209,0.4312845128873795,85,0.27260245269470007,46,COMPLETE
1349,1349,0.8113207547169812,2024-03-05 04:34:33.716879,2024-03-05 04:34:47.990266,0 days 00:00:14.273387,0.0015577015705112095,0.4105385858436202,201,0.4131608911382493,89,0.2845644260330258,45,COMPLETE
1350,1350,0.7735849056603774,2024-03-05 04:34:47.995020,2024-03-05 04:35:04.305702,0 days 00:00:16.310682,0.0018791102307427676,0.38919735217551477,199,0.4317902834184238,91,0.3038541621478616,46,COMPLETE
1351,1351,0.7735849056603774,2024-03-05 04:35:04.308294,2024-03-05 04:35:17.007648,0 days 00:00:12.699354,0.0014353139358814244,0.4149886925009579,199,0.4197766843951871,84,0.2793364956187524,47,COMPLETE
1352,1352,0.7924528301886793,2024-03-05 04:35:17.012050,2024-03-05 04:35:29.564373,0 days 00:00:12.552323,0.001663817973161781,0.42055656661476415,205,0.42753625853837496,88,0.28935710904158474,48,COMPLETE
1353,1353,0.7735849056603774,2024-03-05 04:35:29.566787,2024-03-05 04:35:48.509619,0 days 00:00:18.942832,0.001308368707455713,0.4137020826605055,208,0.407696138530011,91,0.30113976621633404,47,COMPLETE
1354,1354,0.8113207547169812,2024-03-05 04:35:48.514534,2024-03-05 04:36:03.404605,0 days 00:00:14.890071,0.002299958745440848,0.4208904451408002,204,0.43847089710075665,89,0.30196577512964534,44,COMPLETE
1355,1355,0.8207547169811321,2024-03-05 04:36:03.409077,2024-03-05 04:36:19.635899,0 days 00:00:16.226822,0.0018504970499953362,0.39062547105348616,194,0.41749324055127823,86,0.2878766505217894,48,COMPLETE
1356,1356,0.7735849056603774,2024-03-05 04:36:19.639912,2024-03-05 04:36:33.611128,0 days 00:00:13.971216,0.0013795678708619832,0.3919124415566292,207,0.4253107730509195,82,0.29334743737062047,45,COMPLETE
1357,1357,0.7452830188679245,2024-03-05 04:36:33.616000,2024-03-05 04:36:50.709362,0 days 00:00:17.093362,0.0015209371984373872,0.4171232381978067,196,0.4360795352085858,92,0.2937701385383029,46,COMPLETE
1358,1358,0.8301886792452831,2024-03-05 04:36:50.712133,2024-03-05 04:37:06.225335,0 days 00:00:15.513202,0.0012399347506684589,0.40715873416150994,203,0.41460037178298076,87,0.30926341682747005,49,COMPLETE
1359,1359,0.8207547169811321,2024-03-05 04:37:06.230176,2024-03-05 04:37:17.593422,0 days 00:00:11.363246,0.00240427497740947,0.42639852156577107,210,0.40167116060066743,92,0.2988284499505405,48,COMPLETE
1360,1360,0.7924528301886793,2024-03-05 04:37:17.595593,2024-03-05 04:37:28.973793,0 days 00:00:11.378200,0.0019914045580614794,0.4083166970140804,209,0.42702108368662806,83,0.2632465215174631,46,COMPLETE
1361,1361,0.7830188679245284,2024-03-05 04:37:28.978474,2024-03-05 04:37:43.737691,0 days 00:00:14.759217,0.0033245169596607623,0.3719611676855571,197,0.3946375161475352,89,0.27826734187121893,47,COMPLETE
1362,1362,0.8113207547169812,2024-03-05 04:37:43.740480,2024-03-05 04:37:56.279498,0 days 00:00:12.539018,0.0014995980491543917,0.4246414612464023,205,0.43697958774942647,84,0.306867778680643,49,COMPLETE
1363,1363,0.8018867924528302,2024-03-05 04:37:56.283851,2024-03-05 04:38:12.410677,0 days 00:00:16.126826,0.0012505997798683082,0.40053489623958183,201,0.4119388629692111,90,0.30746073786817657,46,COMPLETE
1364,1364,0.7830188679245284,2024-03-05 04:38:12.415726,2024-03-05 04:38:29.902201,0 days 00:00:17.486475,0.001823042437879008,0.4150687900746044,210,0.4225724340463506,93,0.27892250723311135,48,COMPLETE
1365,1365,0.7735849056603774,2024-03-05 04:38:29.909836,2024-03-05 04:38:44.963069,0 days 00:00:15.053233,0.0012788272653098626,0.4229392065729707,194,0.4278267403271295,92,0.3117767164548331,45,COMPLETE
1366,1366,0.8207547169811321,2024-03-05 04:38:44.967565,2024-03-05 04:38:59.008502,0 days 00:00:14.040937,0.0016220405252879153,0.4845758554127331,208,0.42081152838202945,85,0.30114355290986794,47,COMPLETE
1367,1367,0.8207547169811321,2024-03-05 04:38:59.013084,2024-03-05 04:39:13.383479,0 days 00:00:14.370395,0.00124462062312907,0.49265292093365004,203,0.44122548934416217,91,0.28627342557921515,48,COMPLETE
1368,1368,0.7452830188679245,2024-03-05 04:39:13.387928,2024-03-05 04:39:31.860726,0 days 00:00:18.472798,0.002044181803880706,0.4188221590848723,195,0.43593543944896423,89,0.3179692039172801,49,COMPLETE
1369,1369,0.8207547169811321,2024-03-05 04:39:31.866668,2024-03-05 04:39:49.444079,0 days 00:00:17.577411,0.0015292542900520148,0.40592558131482914,210,0.4422666312794564,87,0.2946628627792166,45,COMPLETE
1370,1370,0.8301886792452831,2024-03-05 04:39:49.449534,2024-03-05 04:40:06.276719,0 days 00:00:16.827185,0.001108578090695314,0.48703445342826207,204,0.4108728709743443,93,0.3176409814425026,49,COMPLETE
1371,1371,0.8301886792452831,2024-03-05 04:40:06.278657,2024-03-05 04:40:19.766686,0 days 00:00:13.488029,0.0012443674857094472,0.4935174626073143,197,0.43077115623939866,81,0.3106369535979065,47,COMPLETE
1372,1372,0.7924528301886793,2024-03-05 04:40:19.771151,2024-03-05 04:40:34.741373,0 days 00:00:14.970222,0.0017061558867801823,0.47837241944740433,203,0.4231887532797683,82,0.27534039884016404,47,COMPLETE
1373,1373,0.8301886792452831,2024-03-05 04:40:34.743685,2024-03-05 04:40:47.207490,0 days 00:00:12.463805,0.002585634376687574,0.4998084736627719,200,0.4321170423061815,94,0.307374964285498,46,COMPLETE
1374,1374,0.8301886792452831,2024-03-05 04:40:47.212916,2024-03-05 04:41:00.899543,0 days 00:00:13.686627,0.0011025532638007367,0.4245391618998788,209,0.44849516779103793,85,0.2916296446496736,49,COMPLETE
1375,1375,0.8018867924528302,2024-03-05 04:41:00.900958,2024-03-05 04:41:15.164129,0 days 00:00:14.263171,0.0014707043398079125,0.2555963452713671,193,0.4082247097641766,87,0.319539879503654,48,COMPLETE
1376,1376,0.8207547169811321,2024-03-05 04:41:15.166790,2024-03-05 04:41:27.286119,0 days 00:00:12.119329,0.001995424018497123,0.41496487549082395,209,0.4015886521339261,91,0.30210109623025727,48,COMPLETE
1377,1377,0.7830188679245284,2024-03-05 04:41:27.290412,2024-03-05 04:41:44.250525,0 days 00:00:16.960113,0.0012945636516487982,0.48768541418443634,204,0.44122345522186107,94,0.3243426010859334,44,COMPLETE
1378,1378,0.7830188679245284,2024-03-05 04:41:44.254603,2024-03-05 04:42:00.038358,0 days 00:00:15.783755,0.0011068324264678767,0.422111357059218,198,0.41962771735159343,95,0.21328676026095672,47,COMPLETE
1379,1379,0.7641509433962265,2024-03-05 04:42:00.042347,2024-03-05 04:42:12.976256,0 days 00:00:12.933909,0.0015007278918954263,0.3917229707255423,212,0.4291179668062294,83,0.2903779148209523,45,COMPLETE
1380,1380,0.8207547169811321,2024-03-05 04:42:12.981817,2024-03-05 04:42:30.269526,0 days 00:00:17.287709,0.0010249736140148641,0.4744974588785068,207,0.39123119010001356,89,0.33594570601213264,46,COMPLETE
1381,1381,0.7641509433962265,2024-03-05 04:42:30.271835,2024-03-05 04:42:46.429190,0 days 00:00:16.157355,0.00171711534430344,0.4115731981201096,190,0.3763613489128001,92,0.4410006399521251,50,COMPLETE
1382,1382,0.7358490566037735,2024-03-05 04:42:46.434269,2024-03-05 04:43:01.827336,0 days 00:00:15.393067,0.0012975090796661874,0.3592283058095955,200,0.43386514835565493,94,0.45841782808622167,49,COMPLETE
1383,1383,0.7830188679245284,2024-03-05 04:43:01.829878,2024-03-05 04:43:17.264418,0 days 00:00:15.434540,0.002138424682924115,0.4283837072105445,211,0.3478216666571128,88,0.4654630208759956,44,COMPLETE
1384,1384,0.7358490566037735,2024-03-05 04:43:17.269092,2024-03-05 04:43:31.710509,0 days 00:00:14.441417,0.0010008308605947147,0.341529326360387,207,0.42621934221129015,91,0.2685405166464038,62,COMPLETE
1385,1385,0.8113207547169812,2024-03-05 04:43:31.714150,2024-03-05 04:43:47.177227,0 days 00:00:15.463077,0.0015757550593698847,0.494014359867498,193,0.44426352676891656,96,0.3301113416422391,48,COMPLETE
