,number,value,datetime_start,datetime_complete,duration,params_learning_rate,params_merged_1_dropout,params_merged_1_size,params_merged_2_dropout,params_merged_2_size,params_merged_3_dropout,params_merged_3_size,state
962,962,0.7924528301886793,2024-03-05 02:42:45.752630,2024-03-05 02:43:03.798890,0 days 00:00:18.046260,0.0005956842141808892,0.4928706775595722,256,0.2415485576178559,112,0.4814457097119362,47,COMPLETE
963,963,0.8207547169811321,2024-03-05 02:43:03.800417,2024-03-05 02:43:20.554383,0 days 00:00:16.753966,0.001403312349100593,0.49923707166388553,67,0.22604500392148416,75,0.3625693753192337,58,COMPLETE
964,964,0.8207547169811321,2024-03-05 02:43:20.558369,2024-03-05 02:43:35.841195,0 days 00:00:15.282826,0.0011753932228766464,0.4284005662337347,243,0.45621762365202906,98,0.3103675137149621,46,COMPLETE
965,965,0.8018867924528302,2024-03-05 02:43:35.842640,2024-03-05 02:43:57.336317,0 days 00:00:21.493677,0.0007106551131522442,0.4361910921768874,204,0.20602251442601102,84,0.3515121703410735,43,COMPLETE
966,966,0.8207547169811321,2024-03-05 02:43:57.340389,2024-03-05 02:44:23.715142,0 days 00:00:26.374753,0.0003979891646624439,0.39914592756844725,72,0.256166657309855,59,0.33736674950749435,53,COMPLETE
967,967,0.8018867924528302,2024-03-05 02:44:23.719530,2024-03-05 02:44:39.656320,0 days 00:00:15.936790,0.0009137804764574025,0.46390097099981575,217,0.18991711716038245,80,0.3891410369790862,59,COMPLETE
968,968,0.7830188679245284,2024-03-05 02:44:39.659509,2024-03-05 02:44:49.911089,0 days 00:00:10.251580,0.002062219347055031,0.421560350219737,145,0.1765544633090461,63,0.32805596982482016,60,COMPLETE
969,969,0.8113207547169812,2024-03-05 02:44:49.913533,2024-03-05 02:45:06.201445,0 days 00:00:16.287912,0.0015121764940549275,0.4463153248474306,124,0.27451168976228607,96,0.43298128335420333,56,COMPLETE
970,970,0.7924528301886793,2024-03-05 02:45:06.208689,2024-03-05 02:45:20.852152,0 days 00:00:14.643463,0.0010665439472048906,0.48513049594202556,227,0.43175192091339293,100,0.3405774059029203,48,COMPLETE
971,971,0.8113207547169812,2024-03-05 02:45:20.854170,2024-03-05 02:45:40.803052,0 days 00:00:19.948882,0.0005411008424142357,0.4744913596533638,251,0.341859652900492,93,0.31887743965110205,50,COMPLETE
972,972,0.8018867924528302,2024-03-05 02:45:40.809625,2024-03-05 02:45:59.643540,0 days 00:00:18.833915,0.0008064359259143047,0.4999735675340829,64,0.4085002621759441,107,0.4555788917475397,52,COMPLETE
973,973,0.7830188679245284,2024-03-05 02:45:59.647502,2024-03-05 02:46:15.723888,0 days 00:00:16.076386,0.0012683716579826882,0.4557043805434931,76,0.21700005190525076,102,0.4697673591200417,51,COMPLETE
974,974,0.8490566037735849,2024-03-05 02:46:15.727225,2024-03-05 02:46:27.747666,0 days 00:00:12.020441,0.0017389568947354902,0.4347571225462722,222,0.44327957766050047,90,0.2867374426778369,40,COMPLETE
975,975,0.7641509433962265,2024-03-05 02:46:27.749567,2024-03-05 02:46:41.683403,0 days 00:00:13.933836,0.001688654434298554,0.43470520580989286,231,0.28705101837072367,93,0.29747444346868374,45,COMPLETE
976,976,0.7735849056603774,2024-03-05 02:46:41.687807,2024-03-05 02:46:53.444140,0 days 00:00:11.756333,0.0022148327281840347,0.4414704511700702,223,0.4202010391375718,89,0.2753289306300348,40,COMPLETE
977,977,0.7641509433962265,2024-03-05 02:46:53.446039,2024-03-05 02:47:08.305955,0 days 00:00:14.859916,0.0023258035164174357,0.4336340930192886,227,0.2455207423859242,89,0.29118289017909504,43,COMPLETE
978,978,0.7735849056603774,2024-03-05 02:47:08.310129,2024-03-05 02:47:19.770414,0 days 00:00:11.460285,0.0030337885628982796,0.4418678817534483,229,0.44281567760698004,87,0.3018167557952516,37,COMPLETE
979,979,0.8018867924528302,2024-03-05 02:47:19.772295,2024-03-05 02:47:34.148452,0 days 00:00:14.376157,0.0018453112960672535,0.44919103652808984,133,0.261905307811947,90,0.2625747949419551,47,COMPLETE
980,980,0.839622641509434,2024-03-05 02:47:34.152734,2024-03-05 02:47:46.477397,0 days 00:00:12.324663,0.0015293401310639996,0.4288842309960335,221,0.22463759888194512,90,0.29360944775464864,33,COMPLETE
981,981,0.7735849056603774,2024-03-05 02:47:46.480586,2024-03-05 02:48:03.008479,0 days 00:00:16.527893,0.002589272653941062,0.43970429492520247,70,0.2343719089293519,92,0.29311539703053524,34,COMPLETE
982,982,0.8113207547169812,2024-03-05 02:48:03.012407,2024-03-05 02:48:16.587032,0 days 00:00:13.574625,0.0019565674947389818,0.450421038202869,64,0.21010784454331158,84,0.2937577842857175,31,COMPLETE
983,983,0.8018867924528302,2024-03-05 02:48:16.589985,2024-03-05 02:48:31.080399,0 days 00:00:14.490414,0.0017447511632315887,0.4299611061115567,246,0.3897695013993888,91,0.2873529705990899,41,COMPLETE
984,984,0.8113207547169812,2024-03-05 02:48:31.087575,2024-03-05 02:48:49.872438,0 days 00:00:18.784863,0.001946539256315555,0.440414024392857,83,0.4322124478961976,87,0.4474304221270756,48,COMPLETE
985,985,0.8113207547169812,2024-03-05 02:48:49.876888,2024-03-05 02:49:06.784742,0 days 00:00:16.907854,0.001550098419307595,0.4529911275407438,68,0.2686217073907069,96,0.26780890795411894,36,COMPLETE
986,986,0.7735849056603774,2024-03-05 02:49:06.789193,2024-03-05 02:49:18.988802,0 days 00:00:12.199609,0.0027240447133438555,0.45840816932703915,232,0.28004693898044214,85,0.30130940972682685,41,COMPLETE
987,987,0.7735849056603774,2024-03-05 02:49:18.990265,2024-03-05 02:49:40.976078,0 days 00:00:21.985813,0.0003646928910678094,0.43745960924430644,224,0.30961471302293275,94,0.4762552001024106,37,COMPLETE
988,988,0.8113207547169812,2024-03-05 02:49:40.980493,2024-03-05 02:50:04.995037,0 days 00:00:24.014544,0.0004680241176628641,0.44586629187963883,184,0.14904323510735676,92,0.28362150039749884,49,COMPLETE
989,989,0.8113207547169812,2024-03-05 02:50:04.999490,2024-03-05 02:50:15.208620,0 days 00:00:10.209130,0.003737825487082759,0.46671900585042514,252,0.22133747410229299,95,0.3710126033625426,39,COMPLETE
990,990,0.8207547169811321,2024-03-05 02:50:15.210828,2024-03-05 02:50:28.509417,0 days 00:00:13.298589,0.002229350387010313,0.4923837215385711,241,0.2015605127160978,88,0.2769336133296602,42,COMPLETE
991,991,0.5188679245283019,2024-03-05 02:50:28.512796,2024-03-05 02:50:39.337881,0 days 00:00:10.825085,0.05990516477465286,0.42540147846620435,166,0.40365096104175924,97,0.28305562079235796,35,COMPLETE
992,992,0.7641509433962265,2024-03-05 02:50:39.341760,2024-03-05 02:50:53.102632,0 days 00:00:13.760872,0.0013948601544593305,0.4786474575063643,218,0.23766027638269793,94,0.39836095777980157,38,COMPLETE
993,993,0.8113207547169812,2024-03-05 02:50:53.104624,2024-03-05 02:51:07.616679,0 days 00:00:14.512055,0.0016171844928115843,0.4332414481121301,249,0.1931317486497704,81,0.30750363933808156,46,COMPLETE
994,994,0.7452830188679245,2024-03-05 02:51:07.620758,2024-03-05 02:51:39.324406,0 days 00:00:31.703648,0.0002845883308103502,0.45896899508121675,149,0.2522418677105041,83,0.27526731467968485,53,COMPLETE
995,995,0.7547169811320755,2024-03-05 02:51:39.329236,2024-03-05 02:51:58.427219,0 days 00:00:19.097983,0.0006177597813332331,0.4997358720584581,214,0.4387080599979941,91,0.4906462237785979,45,COMPLETE
996,996,0.8018867924528302,2024-03-05 02:51:58.428789,2024-03-05 02:52:10.181750,0 days 00:00:11.752961,0.0018562955280978382,0.4857126205963516,71,0.3563380120576594,97,0.4254441741031033,35,COMPLETE
997,997,0.7547169811320755,2024-03-05 02:52:10.188161,2024-03-05 02:52:27.245025,0 days 00:00:17.056864,0.001352689031885002,0.4494009865220043,88,0.22736136793413375,94,0.28412232480959954,44,COMPLETE
998,998,0.7641509433962265,2024-03-05 02:52:27.248100,2024-03-05 02:52:41.385385,0 days 00:00:14.137285,0.0010748924935810194,0.42128186391005457,238,0.413471157481952,86,0.46299689993589094,29,COMPLETE
999,999,0.839622641509434,2024-03-05 02:52:41.389277,2024-03-05 02:52:57.205669,0 days 00:00:15.816392,0.0012448645835814352,0.4710640581914536,119,0.2126504320884836,98,0.2857444947718296,55,COMPLETE
1000,1000,0.8301886792452831,2024-03-05 02:52:57.209825,2024-03-05 02:53:15.125237,0 days 00:00:17.915412,0.0006570067504705294,0.4405644183954686,225,0.44996140412167424,95,0.4840758139622892,52,COMPLETE
1001,1001,0.7547169811320755,2024-03-05 02:53:15.129224,2024-03-05 02:53:36.139105,0 days 00:00:21.009881,0.0004729335471668879,0.43055724842168874,67,0.2727186378586573,81,0.26913046034738536,50,COMPLETE
1002,1002,0.8207547169811321,2024-03-05 02:53:36.143192,2024-03-05 02:53:49.532055,0 days 00:00:13.388863,0.0015384239071385176,0.48056623338493876,200,0.2463346867832526,92,0.4407279680736067,48,COMPLETE
1003,1003,0.7641509433962265,2024-03-05 02:53:49.535990,2024-03-05 02:53:59.394016,0 days 00:00:09.858026,0.012687294507958885,0.44679077261396577,77,0.26065156116677934,100,0.35847511940130494,47,COMPLETE
1004,1004,0.8207547169811321,2024-03-05 02:53:59.395509,2024-03-05 02:54:19.369202,0 days 00:00:19.973693,0.0009139391883709262,0.48939283726359106,195,0.4253137881626358,77,0.4696248187323751,54,COMPLETE
1005,1005,0.7830188679245284,2024-03-05 02:54:19.373419,2024-03-05 02:54:30.804709,0 days 00:00:11.431290,0.0020462287398474973,0.4580018247924829,256,0.29441487623217416,97,0.2800590030459825,46,COMPLETE
1006,1006,0.8490566037735849,2024-03-05 02:54:30.808594,2024-03-05 02:54:50.416919,0 days 00:00:19.608325,0.0007322612147930152,0.4342027847252134,245,0.22892699424736662,121,0.3813066023749668,20,COMPLETE
1007,1007,0.7735849056603774,2024-03-05 02:54:50.419095,2024-03-05 02:55:11.320403,0 days 00:00:20.901308,0.000554302772145075,0.433019017119405,242,0.2063432801362379,121,0.37046909171047404,28,COMPLETE
1008,1008,0.8113207547169812,2024-03-05 02:55:11.324490,2024-03-05 02:55:32.316711,0 days 00:00:20.992221,0.0006274017788372288,0.42540828273938047,244,0.21592296603293146,118,0.37552801750989384,51,COMPLETE
1009,1009,0.7924528301886793,2024-03-05 02:55:32.320985,2024-03-05 02:55:56.965215,0 days 00:00:24.644230,0.0007173585569089803,0.43465380644490065,237,0.18407915181328313,124,0.38395198543453785,31,COMPLETE
1010,1010,0.8113207547169812,2024-03-05 02:55:56.969751,2024-03-05 02:56:12.436910,0 days 00:00:15.467159,0.0007525709081815718,0.4412482238806266,249,0.2187662657270258,124,0.39050305292205084,21,COMPLETE
1011,1011,0.7924528301886793,2024-03-05 02:56:12.438717,2024-03-05 02:56:34.141509,0 days 00:00:21.702792,0.0005884306380769182,0.42274711831397277,245,0.19551006472164412,122,0.37450238184610873,32,COMPLETE
1012,1012,0.7641509433962265,2024-03-05 02:56:34.145092,2024-03-05 02:57:15.993889,0 days 00:00:41.848797,4.104153126793016e-05,0.43196235770363267,247,0.23155157184730185,123,0.3960749177136507,50,COMPLETE
1013,1013,0.7735849056603774,2024-03-05 02:57:15.998453,2024-03-05 02:57:36.389242,0 days 00:00:20.390789,0.00047816473330571254,0.4411306933071264,245,0.4675371011043852,120,0.38805134621119614,18,COMPLETE
1014,1014,0.7452830188679245,2024-03-05 02:57:36.393865,2024-03-05 02:57:56.326254,0 days 00:00:19.932389,0.0007341505833180898,0.4209368872790889,248,0.4303689565772162,120,0.38237865429617984,51,COMPLETE
1015,1015,0.8207547169811321,2024-03-05 02:57:56.328530,2024-03-05 02:58:20.314592,0 days 00:00:23.986062,0.0006341409410306131,0.21585691849292027,242,0.22393055063788264,127,0.19512984294331726,52,COMPLETE
1016,1016,0.8490566037735849,2024-03-05 02:58:20.318869,2024-03-05 02:58:27.586921,0 days 00:00:07.268052,0.007573326468743408,0.44959211633977253,240,0.28010126970469545,119,0.38118519687582,41,COMPLETE
1017,1017,0.7641509433962265,2024-03-05 02:58:27.589716,2024-03-05 02:58:42.333804,0 days 00:00:14.744088,0.009336023653227206,0.452011144673213,239,0.28392148391489547,122,0.3797086454432844,39,COMPLETE
1018,1018,0.7924528301886793,2024-03-05 02:58:42.336236,2024-03-05 02:58:52.269159,0 days 00:00:09.932923,0.01162040650482352,0.4481806814651444,236,0.28915195025427254,120,0.3767701348705022,53,COMPLETE
1019,1019,0.8018867924528302,2024-03-05 02:58:52.273424,2024-03-05 02:59:00.155008,0 days 00:00:07.881584,0.011528725621560747,0.4511973932189506,238,0.2746629847009684,118,0.3810804938660601,40,COMPLETE
1020,1020,0.8113207547169812,2024-03-05 02:59:00.156146,2024-03-05 02:59:10.449145,0 days 00:00:10.292999,0.012877465702122722,0.4563925641061814,234,0.4402765604279752,116,0.3836964828524905,39,COMPLETE
1021,1021,0.7924528301886793,2024-03-05 02:59:10.450654,2024-03-05 02:59:17.700239,0 days 00:00:07.249585,0.01515485000545224,0.44458874681838023,241,0.29981233268656104,118,0.38787891852364115,40,COMPLETE
1022,1022,0.7547169811320755,2024-03-05 02:59:17.702199,2024-03-05 02:59:29.876486,0 days 00:00:12.174287,0.0059581168058926584,0.44790050087954497,233,0.2099591485989018,121,0.39122112786699115,41,COMPLETE
1023,1023,0.8301886792452831,2024-03-05 02:59:29.879941,2024-03-05 02:59:37.490987,0 days 00:00:07.611046,0.014712015341180112,0.4619493391502724,239,0.395420021717432,122,0.3672492971576628,38,COMPLETE
1024,1024,0.7735849056603774,2024-03-05 02:59:37.492746,2024-03-05 02:59:55.279602,0 days 00:00:17.786856,0.007916165522047382,0.4359071051322931,242,0.278704498685022,119,0.40274620101054776,39,COMPLETE
1025,1025,0.7830188679245284,2024-03-05 02:59:55.283734,2024-03-05 03:00:02.378388,0 days 00:00:07.094654,0.016635590239710427,0.44371395107299033,230,0.41745207434885834,125,0.3753855910205065,40,COMPLETE
1026,1026,0.8490566037735849,2024-03-05 03:00:02.380287,2024-03-05 03:00:15.719126,0 days 00:00:13.338839,0.010176971975425908,0.45305926828689436,235,0.266067608828089,116,0.3656236552335157,41,COMPLETE
1027,1027,0.8018867924528302,2024-03-05 03:00:15.722999,2024-03-05 03:00:33.077307,0 days 00:00:17.354308,0.007599522401810362,0.4525202170836902,233,0.2680354946080911,118,0.37094085594452514,40,COMPLETE
1028,1028,0.8113207547169812,2024-03-05 03:00:33.082019,2024-03-05 03:00:43.335160,0 days 00:00:10.253141,0.007373168102639267,0.463576270296063,232,0.2586926472602876,115,0.36779717463403205,41,COMPLETE
1029,1029,0.8207547169811321,2024-03-05 03:00:43.338938,2024-03-05 03:00:51.014441,0 days 00:00:07.675503,0.0104774935666867,0.4528247724005367,237,0.26832131518011065,116,0.3661387851415121,42,COMPLETE
1030,1030,0.8207547169811321,2024-03-05 03:00:51.017606,2024-03-05 03:00:59.522961,0 days 00:00:08.505355,0.00936806026606111,0.44982047296126204,235,0.26328168059408535,117,0.3818013412421853,36,COMPLETE
1031,1031,0.8018867924528302,2024-03-05 03:00:59.526533,2024-03-05 03:01:06.460581,0 days 00:00:06.934048,0.00958168126624814,0.46356118670976004,237,0.27165360250697057,115,0.3761648996558883,40,COMPLETE
1032,1032,0.8018867924528302,2024-03-05 03:01:06.461694,2024-03-05 03:01:33.056117,0 days 00:00:26.594423,0.00035229425962567796,0.4614438019741093,231,0.2804128572708196,113,0.38054648274443487,41,COMPLETE
1033,1033,0.8113207547169812,2024-03-05 03:01:33.060721,2024-03-05 03:01:54.434912,0 days 00:00:21.374191,0.0004234126661057711,0.45703524166120374,235,0.25427898103317326,87,0.36266018108909565,24,COMPLETE
1034,1034,0.8113207547169812,2024-03-05 03:01:54.438641,2024-03-05 03:02:12.824383,0 days 00:00:18.385742,0.0005511656931820674,0.45680573651661877,228,0.26551420308341267,114,0.3704963043676447,41,COMPLETE
1035,1035,0.7830188679245284,2024-03-05 03:02:12.828144,2024-03-05 03:02:20.129481,0 days 00:00:07.301337,0.01876931265581554,0.44465577851844484,240,0.27681792535220356,119,0.3920335966798014,38,COMPLETE
1036,1036,0.7735849056603774,2024-03-05 03:02:20.131356,2024-03-05 03:02:32.187069,0 days 00:00:12.055713,0.005860280024953718,0.46616405797806315,235,0.26960338170761244,117,0.36409945718256054,43,COMPLETE
1037,1037,0.8301886792452831,2024-03-05 03:02:32.192015,2024-03-05 03:02:49.269047,0 days 00:00:17.077032,0.000858306938496599,0.4563358981692429,242,0.25735125091050315,118,0.3733934996046092,43,COMPLETE
1038,1038,0.7735849056603774,2024-03-05 03:02:49.270760,2024-03-05 03:03:00.827796,0 days 00:00:11.557036,0.011930832388737439,0.44130582844028693,228,0.45620414542277304,120,0.3962637614302633,39,COMPLETE
1039,1039,0.8113207547169812,2024-03-05 03:03:00.833791,2024-03-05 03:03:26.317400,0 days 00:00:25.483609,0.0004599580350842938,0.46962067771597915,230,0.283152909901831,116,0.3815789200134951,39,COMPLETE
1040,1040,0.7547169811320755,2024-03-05 03:03:26.324612,2024-03-05 03:03:35.290101,0 days 00:00:08.965489,0.008679062415060895,0.44703731248731365,233,0.29179474924920307,114,0.36179516900295244,41,COMPLETE
1041,1041,0.8018867924528302,2024-03-05 03:03:35.291287,2024-03-05 03:03:57.941343,0 days 00:00:22.650056,0.0005331603695151651,0.4544783023440743,240,0.16831020231967528,120,0.3882844651745452,41,COMPLETE
1042,1042,0.8018867924528302,2024-03-05 03:03:57.946089,2024-03-05 03:04:07.356716,0 days 00:00:09.410627,0.011412949166493753,0.4385296346021917,226,0.24829523151358038,123,0.3734401158563974,20,COMPLETE
1043,1043,0.8113207547169812,2024-03-05 03:04:07.357885,2024-03-05 03:04:14.853084,0 days 00:00:07.495199,0.007812956110528572,0.4620775938214821,221,0.2589150911633055,115,0.3647260195058251,16,COMPLETE
1044,1044,0.7641509433962265,2024-03-05 03:04:14.854655,2024-03-05 03:04:25.806301,0 days 00:00:10.951646,0.0052747375677548594,0.4501702883098094,241,0.2734741421195884,122,0.35847055259276117,42,COMPLETE
1045,1045,0.7735849056603774,2024-03-05 03:04:25.810520,2024-03-05 03:04:35.557176,0 days 00:00:09.746656,0.009609588999978108,0.44077264477502265,237,0.4481048913124556,119,0.38300826012180234,42,COMPLETE
1046,1046,0.7924528301886793,2024-03-05 03:04:35.558327,2024-03-05 03:04:49.950272,0 days 00:00:14.391945,0.000764076634801128,0.4454920154192529,210,0.20095688459215263,125,0.4032393170570407,40,COMPLETE
1047,1047,0.8301886792452831,2024-03-05 03:04:49.954907,2024-03-05 03:05:08.781502,0 days 00:00:18.826595,0.000929816608214266,0.46957061248660076,233,0.2402022447645956,121,0.36752539807166,42,COMPLETE
1048,1048,0.7924528301886793,2024-03-05 03:05:08.783410,2024-03-05 03:05:31.484331,0 days 00:00:22.700921,0.0006270177338556379,0.20284798924432518,239,0.2639375997421376,117,0.3764980781702747,42,COMPLETE
1049,1049,0.8301886792452831,2024-03-05 03:05:31.488835,2024-03-05 03:05:43.230581,0 days 00:00:11.741746,0.002946691224452014,0.43444950268080856,64,0.22907497917695535,113,0.3569504489677206,26,COMPLETE
1050,1050,0.839622641509434,2024-03-05 03:05:43.234836,2024-03-05 03:05:58.542313,0 days 00:00:15.307477,0.0011457035778311303,0.4616613372346826,223,0.21826485650539806,119,0.3608675441013739,23,COMPLETE
1051,1051,0.7830188679245284,2024-03-05 03:05:58.543754,2024-03-05 03:06:18.301400,0 days 00:00:19.757646,0.0008062647614400857,0.4536099504358875,229,0.28534375634047016,111,0.3689719114487665,41,COMPLETE
1052,1052,0.7924528301886793,2024-03-05 03:06:18.306090,2024-03-05 03:06:44.986564,0 days 00:00:26.680474,0.0003675989869844872,0.43952220837249084,236,0.25017248150334853,117,0.3962174989971962,40,COMPLETE
1053,1053,0.8018867924528302,2024-03-05 03:06:44.991252,2024-03-05 03:06:58.817027,0 days 00:00:13.825775,0.001062604907239718,0.4706426792456011,215,0.43931358211678756,123,0.37970391826448824,37,COMPLETE
1054,1054,0.7641509433962265,2024-03-05 03:06:58.819021,2024-03-05 03:07:09.903928,0 days 00:00:11.084907,0.006955278927573737,0.4519869930441017,219,0.27466340904920206,119,0.3557029815243803,41,COMPLETE
1055,1055,0.839622641509434,2024-03-05 03:07:09.906019,2024-03-05 03:07:33.195513,0 days 00:00:23.289494,0.0007014914091266042,0.430945115355289,74,0.20656103597244785,116,0.38717850223751454,38,COMPLETE
1056,1056,0.8018867924528302,2024-03-05 03:07:33.201742,2024-03-05 03:07:47.771585,0 days 00:00:14.569843,0.0009383371764726577,0.4438900761661869,205,0.22431596685452126,115,0.3551332338388398,43,COMPLETE
1057,1057,0.7735849056603774,2024-03-05 03:07:47.777163,2024-03-05 03:08:28.663889,0 days 00:00:40.886726,0.0005303020811988341,0.45914001131162757,243,0.26439057505772534,121,0.3707731871210087,41,COMPLETE
1058,1058,0.7641509433962265,2024-03-05 03:08:28.668638,2024-03-05 03:08:45.884102,0 days 00:00:17.215464,0.001259883622357843,0.4385030667465316,70,0.2357302625601345,118,0.2949127791624896,40,COMPLETE
1059,1059,0.8301886792452831,2024-03-05 03:08:45.888832,2024-03-05 03:09:10.057105,0 days 00:00:24.168273,0.0008287332418056839,0.4501773435459837,67,0.21317066411801686,122,0.30682337148127437,39,COMPLETE
1060,1060,0.8207547169811321,2024-03-05 03:09:10.062959,2024-03-05 03:09:32.610015,0 days 00:00:22.547056,0.0006723253703451808,0.4735204801788104,189,0.42549457056440276,116,0.25492280598231504,39,COMPLETE
1061,1061,0.7452830188679245,2024-03-05 03:09:32.614802,2024-03-05 03:09:41.371574,0 days 00:00:08.756772,0.013532099121291474,0.431662279125888,225,0.4626627789275154,114,0.10648372166453576,49,COMPLETE
1062,1062,0.7641509433962265,2024-03-05 03:09:41.373690,2024-03-05 03:10:06.277367,0 days 00:00:24.903677,0.00042277185667640414,0.464703523766021,209,0.49211804148833116,113,0.28856358612905414,27,COMPLETE
1063,1063,0.8018867924528302,2024-03-05 03:10:06.282180,2024-03-05 03:10:18.281224,0 days 00:00:11.999044,0.0025249026492099556,0.4936332078667208,231,0.19162679171853603,120,0.36403395545171635,39,COMPLETE
1064,1064,0.8018867924528302,2024-03-05 03:10:18.283031,2024-03-05 03:10:33.835175,0 days 00:00:15.552144,0.0009958688094476652,0.4464361152114183,237,0.2444401998609668,83,0.4039846713187725,42,COMPLETE
1065,1065,0.7830188679245284,2024-03-05 03:10:33.839300,2024-03-05 03:10:51.325503,0 days 00:00:17.486203,0.0012058878781214387,0.47751921684909493,215,0.2540555720782374,112,0.35300782657914687,17,COMPLETE
1066,1066,0.8301886792452831,2024-03-05 03:10:51.330206,2024-03-05 03:11:07.574489,0 days 00:00:16.244283,0.001724969219217682,0.45754922665637787,64,0.22952698447946318,126,0.3119277574244601,40,COMPLETE
1067,1067,0.8113207547169812,2024-03-05 03:11:07.576122,2024-03-05 03:11:29.075802,0 days 00:00:21.499680,0.0005796909111011435,0.42780119932132954,244,0.17989650349313285,123,0.4998717558770585,42,COMPLETE
