,number,value,datetime_start,datetime_complete,duration,params_learning_rate,params_merged_1_dropout,params_merged_1_size,params_merged_2_dropout,params_merged_2_size,params_merged_3_dropout,params_merged_3_size,state
1386,1386,0.7735849056603774,2024-03-05 04:43:47.181162,2024-03-05 04:44:01.044263,0 days 00:00:13.863101,0.0011372367485663292,0.4823404410195087,213,0.4053244570606746,85,0.2859771757654355,46,COMPLETE
1387,1387,0.7641509433962265,2024-03-05 04:44:01.047012,2024-03-05 04:44:21.132798,0 days 00:00:20.085786,0.0013626149770835,0.3225633190763721,198,0.41597991415949814,80,0.31232247071534414,47,COMPLETE
1388,1388,0.7735849056603774,2024-03-05 04:44:21.137646,2024-03-05 04:44:35.637613,0 days 00:00:14.499967,0.0018237090856267576,0.47183931605681706,205,0.4500255946271129,93,0.49158917801707286,50,COMPLETE
1389,1389,0.7641509433962265,2024-03-05 04:44:35.642882,2024-03-05 04:44:52.963241,0 days 00:00:17.320359,0.0009897679044606536,0.41912368533589145,211,0.43723584407732974,110,0.3400745291566958,51,COMPLETE
1390,1390,0.7924528301886793,2024-03-05 04:44:52.964923,2024-03-05 04:45:05.458171,0 days 00:00:12.493248,0.0025006300192478167,0.40400000961008464,202,0.443426501664412,66,0.30041265856006455,54,COMPLETE
1391,1391,0.7735849056603774,2024-03-05 04:45:05.461305,2024-03-05 04:45:17.131514,0 days 00:00:11.670209,0.0014392369577020862,0.48820265366422494,195,0.4243707484267633,90,0.3250899594895465,45,COMPLETE
1392,1392,0.7735849056603774,2024-03-05 04:45:17.135439,2024-03-05 04:45:33.126157,0 days 00:00:15.990718,0.0011772040388712088,0.4290523769903005,188,0.40895758786132774,86,0.48028111386923616,49,COMPLETE
1393,1393,0.8301886792452831,2024-03-05 04:45:33.130038,2024-03-05 04:45:49.193348,0 days 00:00:16.063310,0.0009148876820829198,0.4998148804843043,204,0.3322568810394774,95,0.31527461119286226,47,COMPLETE
1394,1394,0.8018867924528302,2024-03-05 04:45:49.197094,2024-03-05 04:45:59.642523,0 days 00:00:10.445429,0.003070314862807799,0.42876942827318426,208,0.43305066957968197,106,0.33564952846003143,53,COMPLETE
1395,1395,0.8018867924528302,2024-03-05 04:45:59.647448,2024-03-05 04:46:10.237713,0 days 00:00:10.590265,0.0020399554184729186,0.48118442306932063,201,0.4210472741754858,82,0.27949346852785845,50,COMPLETE
1396,1396,0.7924528301886793,2024-03-05 04:46:10.242580,2024-03-05 04:46:29.018443,0 days 00:00:18.775863,0.0013098896307542113,0.46720329450770753,212,0.17184767203185056,63,0.46818791443507213,55,COMPLETE
1397,1397,0.8584905660377359,2024-03-05 04:46:29.024018,2024-03-05 04:46:40.876267,0 days 00:00:11.852249,0.0017361628813647011,0.4129501220761035,192,0.19656779850660755,39,0.2961402411342851,61,COMPLETE
1398,1398,0.7735849056603774,2024-03-05 04:46:40.878271,2024-03-05 04:46:50.674174,0 days 00:00:09.795903,0.0023847868355087046,0.39393556638591737,191,0.18454807827190647,44,0.2266526272784296,61,COMPLETE
1399,1399,0.7735849056603774,2024-03-05 04:46:50.677634,2024-03-05 04:47:04.732068,0 days 00:00:14.054434,0.0024907177939665656,0.4009569571313883,188,0.1931305313497492,35,0.2939558469863396,60,COMPLETE
1400,1400,0.7830188679245284,2024-03-05 04:47:04.735979,2024-03-05 04:47:17.406402,0 days 00:00:12.670423,0.0021431977101308715,0.40090127128503433,187,0.18221815022210316,35,0.29640757703311915,64,COMPLETE
1401,1401,0.8018867924528302,2024-03-05 04:47:17.411722,2024-03-05 04:47:35.237088,0 days 00:00:17.825366,0.0018828968951832995,0.4066204379881086,194,0.1963010531162146,52,0.2909264663815293,62,COMPLETE
1402,1402,0.8207547169811321,2024-03-05 04:47:35.241293,2024-03-05 04:47:50.845450,0 days 00:00:15.604157,0.0020603434125946517,0.4102836881237858,183,0.18657192687518082,39,0.28440704700763825,58,COMPLETE
1403,1403,0.8018867924528302,2024-03-05 04:47:50.850064,2024-03-05 04:48:07.629442,0 days 00:00:16.779378,0.0017613681593948766,0.4150721875130151,193,0.1982654300602483,49,0.30643320124422324,63,COMPLETE
1404,1404,0.8113207547169812,2024-03-05 04:48:07.635057,2024-03-05 04:48:20.504050,0 days 00:00:12.868993,0.0028653570833269216,0.4045367210919602,185,0.1913534010220968,37,0.2848959997382602,62,COMPLETE
1405,1405,0.7830188679245284,2024-03-05 04:48:20.506929,2024-03-05 04:48:33.532659,0 days 00:00:13.025730,0.0017749528317590362,0.4119928593832903,195,0.20469899221682084,88,0.2997854211748338,61,COMPLETE
1406,1406,0.8207547169811321,2024-03-05 04:48:33.537517,2024-03-05 04:48:49.790248,0 days 00:00:16.252731,0.0016647222780082486,0.39549225255105763,193,0.20056504969139383,43,0.2979135177461395,62,COMPLETE
1407,1407,0.7735849056603774,2024-03-05 04:48:49.792671,2024-03-05 04:49:06.523726,0 days 00:00:16.731055,0.002301287116634772,0.4093834232793184,189,0.17832680992041447,90,0.2822783041009898,61,COMPLETE
1408,1408,0.8301886792452831,2024-03-05 04:49:06.530726,2024-03-05 04:49:21.762580,0 days 00:00:15.231854,0.0015822903658678277,0.417581267481842,190,0.1885088710512978,92,0.30541055564674313,60,COMPLETE
1409,1409,0.8113207547169812,2024-03-05 04:49:21.765101,2024-03-05 04:49:38.451768,0 days 00:00:16.686667,0.001842609849315436,0.42144540575970224,192,0.1878678217879294,46,0.2768701107176269,61,COMPLETE
1410,1410,0.839622641509434,2024-03-05 04:49:38.456691,2024-03-05 04:49:54.744414,0 days 00:00:16.287723,0.001500406766231703,0.42020560089247594,196,0.201677949677553,46,0.29333343112242044,59,COMPLETE
1411,1411,0.7735849056603774,2024-03-05 04:49:54.746859,2024-03-05 04:50:08.731353,0 days 00:00:13.984494,0.002096687673885775,0.40976486280226193,185,0.2082447746447565,39,0.3126850863774054,63,COMPLETE
1412,1412,0.7735849056603774,2024-03-05 04:50:08.738392,2024-03-05 04:50:17.887790,0 days 00:00:09.149398,0.003201999146298969,0.41898551880941454,189,0.17229910716168226,51,0.30368090982901885,46,COMPLETE
1413,1413,0.7924528301886793,2024-03-05 04:50:17.889920,2024-03-05 04:50:34.990935,0 days 00:00:17.101015,0.001436869273768412,0.4261356753435479,185,0.1991020197335975,102,0.2749088077332472,60,COMPLETE
1414,1414,0.7830188679245284,2024-03-05 04:50:34.995583,2024-03-05 04:50:49.783082,0 days 00:00:14.787499,0.001825437503345385,0.42864181456919415,191,0.20529036804797168,36,0.2948256704575056,60,COMPLETE
1415,1415,0.8113207547169812,2024-03-05 04:50:49.786121,2024-03-05 04:51:07.407030,0 days 00:00:17.620909,0.0016163186019556369,0.14690843970045891,199,0.21072777162336223,49,0.30410672700151364,60,COMPLETE
1416,1416,0.7924528301886793,2024-03-05 04:51:07.412679,2024-03-05 04:51:27.962893,0 days 00:00:20.550214,0.0013554537730130858,0.37769053629386834,182,0.21214521090836233,98,0.28400119838201093,59,COMPLETE
1417,1417,0.7830188679245284,2024-03-05 04:51:27.965786,2024-03-05 04:51:41.893213,0 days 00:00:13.927427,0.0024992300652032194,0.3881350009818737,196,0.19589307290459967,108,0.2651891653918371,62,COMPLETE
1418,1418,0.8301886792452831,2024-03-05 04:51:41.898807,2024-03-05 04:51:58.458072,0 days 00:00:16.559265,0.0016339138043572963,0.3975215853819234,196,0.2042465070772016,47,0.31292094858006464,59,COMPLETE
1419,1419,0.8113207547169812,2024-03-05 04:51:58.460870,2024-03-05 04:52:14.653007,0 days 00:00:16.192137,0.0013115879887303237,0.40713867524792996,179,0.19320430190939722,41,0.32042593627940447,57,COMPLETE
1420,1420,0.8018867924528302,2024-03-05 04:52:14.657511,2024-03-05 04:52:26.561484,0 days 00:00:11.903973,0.0020540990855278034,0.41831701392003284,190,0.3626576599558002,42,0.2876382735389708,59,COMPLETE
1421,1421,0.7735849056603774,2024-03-05 04:52:26.564634,2024-03-05 04:52:39.248053,0 days 00:00:12.683419,0.0012009643802296797,0.4326945471291177,186,0.21570168961802122,52,0.30654745242871073,62,COMPLETE
1422,1422,0.8018867924528302,2024-03-05 04:52:39.252695,2024-03-05 04:52:50.938516,0 days 00:00:11.685821,0.0016183355270323477,0.4152406771045007,74,0.19159409999738025,34,0.29655254162954825,47,COMPLETE
1423,1423,0.7924528301886793,2024-03-05 04:52:50.940275,2024-03-05 04:53:05.298792,0 days 00:00:14.358517,0.0011084781627925542,0.42267840754514485,198,0.206077783829323,38,0.32107068000263855,61,COMPLETE
1424,1424,0.7830188679245284,2024-03-05 04:53:05.303561,2024-03-05 04:53:16.399142,0 days 00:00:11.095581,0.002443947554417901,0.4362963750430964,84,0.2097685681012552,94,0.31210132674402047,60,COMPLETE
1425,1425,0.7075471698113207,2024-03-05 04:53:16.403770,2024-03-05 04:53:28.824932,0 days 00:00:12.421162,0.0014398440471129973,0.43129262177898453,191,0.18664724671843827,87,0.49942778133922616,58,COMPLETE
1426,1426,0.8113207547169812,2024-03-05 04:53:28.826977,2024-03-05 04:53:51.019429,0 days 00:00:22.192452,0.0004431980115060949,0.42199804369707444,69,0.1751115189368259,32,0.30151633118472204,44,COMPLETE
1427,1427,0.8207547169811321,2024-03-05 04:53:51.026877,2024-03-05 04:54:05.886248,0 days 00:00:14.859371,0.0009003034924505578,0.4092184877381436,64,0.31804950591613645,96,0.4875245659000577,46,COMPLETE
1428,1428,0.7830188679245284,2024-03-05 04:54:05.889054,2024-03-05 04:54:21.839634,0 days 00:00:15.950580,0.0018399184354320503,0.4366177921020842,78,0.21595455034991345,89,0.28989222105053414,61,COMPLETE
1429,1429,0.8301886792452831,2024-03-05 04:54:21.844196,2024-03-05 04:54:39.212653,0 days 00:00:17.368457,0.0012573727624116708,0.42733163268439106,141,0.17890073755338448,104,0.3296452137739902,63,COMPLETE
1430,1430,0.7358490566037735,2024-03-05 04:54:39.215642,2024-03-05 04:54:52.600257,0 days 00:00:13.384615,0.0009567352196408919,0.41387724080153815,195,0.1970793267142894,43,0.322453125365756,61,COMPLETE
1431,1431,0.7735849056603774,2024-03-05 04:54:52.604700,2024-03-05 04:55:03.373912,0 days 00:00:10.769212,0.0020669027943339665,0.4410622628321909,67,0.38758682123239985,46,0.4761603618532733,48,COMPLETE
1432,1432,0.7830188679245284,2024-03-05 04:55:03.376875,2024-03-05 04:55:18.184804,0 days 00:00:14.807929,0.0014089911382691395,0.4306639086506934,181,0.15820267964633555,97,0.27494011446745104,46,COMPLETE
1433,1433,0.8018867924528302,2024-03-05 04:55:18.193175,2024-03-05 04:55:34.564229,0 days 00:00:16.371054,0.0011010362263915061,0.11166422827766348,94,0.21815184113273778,54,0.3151792628246978,56,COMPLETE
1434,1434,0.839622641509434,2024-03-05 04:55:34.566037,2024-03-05 04:55:52.736707,0 days 00:00:18.170670,0.0006032251093373424,0.464184701779237,73,0.20531480925903903,101,0.30606053219940665,47,COMPLETE
1435,1435,0.7924528301886793,2024-03-05 04:55:52.740381,2024-03-05 04:56:08.686212,0 days 00:00:15.945831,0.0007843235953446663,0.43963845031904747,197,0.45507614206334407,92,0.3377323711065022,63,COMPLETE
1436,1436,0.7830188679245284,2024-03-05 04:56:08.690036,2024-03-05 04:56:24.143845,0 days 00:00:15.453809,0.0016849452515780288,0.40328896889786603,67,0.24845409717601014,93,0.2955551056030757,45,COMPLETE
1437,1437,0.8113207547169812,2024-03-05 04:56:24.147788,2024-03-05 04:56:35.128608,0 days 00:00:10.980820,0.002666952241039132,0.42354420878017096,192,0.2007155447543182,86,0.32885679859883027,48,COMPLETE
1438,1438,0.8018867924528302,2024-03-05 04:56:35.132745,2024-03-05 04:56:54.305173,0 days 00:00:19.172428,0.0008460408279149828,0.4350223500136506,68,0.2246562670911006,40,0.34493717429106757,59,COMPLETE
1439,1439,0.7924528301886793,2024-03-05 04:56:54.307767,2024-03-05 04:57:08.849417,0 days 00:00:14.541650,0.001171416528956228,0.4576256959764373,200,0.212690101030096,48,0.3230876253058563,48,COMPLETE
1440,1440,0.7830188679245284,2024-03-05 04:57:08.854413,2024-03-05 04:57:22.628840,0 days 00:00:13.774427,0.0014962022362870133,0.4142674704919725,189,0.2410858820523074,95,0.48571969854664754,45,COMPLETE
1441,1441,0.7452830188679245,2024-03-05 04:57:22.630841,2024-03-05 04:57:47.201031,0 days 00:00:24.570190,0.00031835197006302836,0.39412031398396846,185,0.23120330419440038,90,0.2556355010995974,58,COMPLETE
1442,1442,0.8018867924528302,2024-03-05 04:57:47.206635,2024-03-05 04:57:59.881243,0 days 00:00:12.674608,0.0020621370186282503,0.44853389152292716,71,0.3996888514011806,68,0.2908659948175299,60,COMPLETE
1443,1443,0.7924528301886793,2024-03-05 04:57:59.883208,2024-03-05 04:58:24.956139,0 days 00:00:25.072931,0.000457790617097187,0.4423402383725572,76,0.19333003089313386,88,0.30746035911376063,46,COMPLETE
1444,1444,0.8301886792452831,2024-03-05 04:58:24.961639,2024-03-05 04:58:42.295430,0 days 00:00:17.333791,0.0006528620084072124,0.4226675675025695,64,0.2214301687893679,33,0.3328804215924583,48,COMPLETE
1445,1445,0.7830188679245284,2024-03-05 04:58:42.297550,2024-03-05 04:58:56.445009,0 days 00:00:14.147459,0.001071737342021115,0.43080410120064416,68,0.18251439358220525,100,0.2852221854632351,61,COMPLETE
1446,1446,0.8018867924528302,2024-03-05 04:58:56.451618,2024-03-05 04:59:13.492232,0 days 00:00:17.040614,0.0009127249569448715,0.4551470972484273,198,0.38025150291155485,91,0.4696508635061386,57,COMPLETE
1447,1447,0.8018867924528302,2024-03-05 04:59:13.493909,2024-03-05 04:59:28.188405,0 days 00:00:14.694496,0.0013451278098240474,0.44577503163214144,136,0.21192402242916145,111,0.2989709042262444,47,COMPLETE
1448,1448,0.8301886792452831,2024-03-05 04:59:28.193360,2024-03-05 04:59:42.713092,0 days 00:00:14.519732,0.0017362845663408467,0.4030545394491661,90,0.24987401914122742,93,0.3163787770920604,55,COMPLETE
1449,1449,0.7924528301886793,2024-03-05 04:59:42.716755,2024-03-05 05:00:03.093845,0 days 00:00:20.377090,0.0005125984434757836,0.46485110442663036,200,0.20184877935346113,98,0.3419985027757276,47,COMPLETE
1450,1450,0.8207547169811321,2024-03-05 05:00:03.099709,2024-03-05 05:00:20.444177,0 days 00:00:17.344468,0.0007609230807015052,0.4173132073296879,157,0.23794892635386047,105,0.47944149981470613,62,COMPLETE
1451,1451,0.7924528301886793,2024-03-05 05:00:20.446249,2024-03-05 05:00:43.785351,0 days 00:00:23.339102,0.0012330027060641444,0.43377923677629204,131,0.4593537913482869,66,0.3238988237242779,46,COMPLETE
1452,1452,0.8018867924528302,2024-03-05 05:00:43.790857,2024-03-05 05:00:57.171216,0 days 00:00:13.380359,0.0009575571163903433,0.4544860395570691,193,0.25869358019809846,84,0.457482495960516,54,COMPLETE
1453,1453,0.7735849056603774,2024-03-05 05:00:57.174638,2024-03-05 05:01:12.149924,0 days 00:00:14.975286,0.001538924480367658,0.41058121043693346,71,0.32641537618496325,95,0.3120216405761561,48,COMPLETE
1454,1454,0.7735849056603774,2024-03-05 05:01:12.155231,2024-03-05 05:01:29.793628,0 days 00:00:17.638397,0.0006443335697144472,0.4243031340856519,121,0.449851547288961,102,0.268375902613245,44,COMPLETE
1455,1455,0.8018867924528302,2024-03-05 05:01:29.795352,2024-03-05 05:01:42.148293,0 days 00:00:12.352941,0.003154697791428274,0.4431599048208663,187,0.215635979973906,107,0.3332691045607959,59,COMPLETE
1456,1456,0.8301886792452831,2024-03-05 05:01:42.150940,2024-03-05 05:01:54.501595,0 days 00:00:12.350655,0.002187520799228252,0.4379222342425493,80,0.22936260888230833,89,0.1392757909692062,49,COMPLETE
1457,1457,0.7830188679245284,2024-03-05 05:01:54.506005,2024-03-05 05:02:09.998283,0 days 00:00:15.492278,0.0011308755189251875,0.4653138951452796,64,0.3951188482175072,86,0.4905056249616033,45,COMPLETE
1458,1458,0.7924528301886793,2024-03-05 05:02:10.000957,2024-03-05 05:02:22.789086,0 days 00:00:12.788129,0.0018695687499033701,0.427739556976597,177,0.22243154555682318,44,0.28057695108104,47,COMPLETE
1459,1459,0.8207547169811321,2024-03-05 05:02:22.793999,2024-03-05 05:02:38.311510,0 days 00:00:15.517511,0.0008566723341478343,0.4512301072276775,75,0.2436714918637206,97,0.3019886924250427,46,COMPLETE
1460,1460,0.8490566037735849,2024-03-05 05:02:38.313685,2024-03-05 05:03:19.116874,0 days 00:00:40.803189,0.0013832034612922903,0.41454826329596384,67,0.20796453303620907,93,0.3431725338130448,58,COMPLETE
1461,1461,0.7169811320754716,2024-03-05 05:03:19.122939,2024-03-05 05:03:45.233217,0 days 00:00:26.110278,0.0004160788862345563,0.3994229198285809,195,0.2559970325137362,99,0.32819366534848204,48,COMPLETE
1462,1462,0.7830188679245284,2024-03-05 05:03:45.239270,2024-03-05 05:04:07.748925,0 days 00:00:22.509655,0.0005227942548977256,0.45958594303973854,200,0.23485707158137806,113,0.3483968566437512,49,COMPLETE
1463,1463,0.7830188679245284,2024-03-05 05:04:07.755110,2024-03-05 05:04:25.522146,0 days 00:00:17.767036,0.0009962107875956523,0.472932402798323,70,0.18946495665835883,91,0.3180941444811245,56,COMPLETE
1464,1464,0.7641509433962265,2024-03-05 05:04:25.525002,2024-03-05 05:04:47.963120,0 days 00:00:22.438118,0.000722781390066287,0.43302732785423376,192,0.463008620079095,103,0.29174712050636636,61,COMPLETE
1465,1465,0.8113207547169812,2024-03-05 05:04:47.969229,2024-03-05 05:05:03.229579,0 days 00:00:15.260350,0.0016598288774230907,0.44229464965209786,172,0.19670732696918006,96,0.47537056126747385,60,COMPLETE
1466,1466,0.8113207547169812,2024-03-05 05:05:03.234785,2024-03-05 05:05:18.508857,0 days 00:00:15.274072,0.0012905926054382324,0.41964665384505323,184,0.308978747987605,50,0.46278701220036844,47,COMPLETE
1467,1467,0.8207547169811321,2024-03-05 05:05:18.511971,2024-03-05 05:05:34.635547,0 days 00:00:16.123576,0.0024247165341125267,0.4499054597915654,202,0.44521830141345464,95,0.3382621545131602,53,COMPLETE
1468,1468,0.7358490566037735,2024-03-05 05:05:34.640358,2024-03-05 05:06:05.573719,0 days 00:00:30.933361,0.00035712302174939904,0.43388326593008114,189,0.21665434966045433,85,0.449794401356962,45,COMPLETE
1469,1469,0.7547169811320755,2024-03-05 05:06:05.580051,2024-03-05 05:06:23.223767,0 days 00:00:17.643716,0.0010683676531094977,0.46047193022407573,73,0.4375467878307005,88,0.3058781065341802,49,COMPLETE
1470,1470,0.8018867924528302,2024-03-05 05:06:23.229111,2024-03-05 05:06:45.384441,0 days 00:00:22.155330,0.00082390701037241,0.44491669820739904,64,0.22151154133337983,92,0.3146035123422835,46,COMPLETE
1471,1471,0.7830188679245284,2024-03-05 05:06:45.388462,2024-03-05 05:07:09.336974,0 days 00:00:23.948512,0.0005755219474834152,0.1784734162163974,145,0.20759845808397379,94,0.3292381816061598,48,COMPLETE
1472,1472,0.7735849056603774,2024-03-05 05:07:09.343153,2024-03-05 05:07:47.793280,0 days 00:00:38.450127,2.0224672531655147e-05,0.42587807221839336,197,0.2482819528865181,65,0.28906232807354365,47,COMPLETE
1473,1473,0.8113207547169812,2024-03-05 05:07:47.799553,2024-03-05 05:08:02.657558,0 days 00:00:14.858005,0.0014869421135609866,0.40814002176609987,69,0.23771044922198864,109,0.34796964645846873,54,COMPLETE
1474,1474,0.8018867924528302,2024-03-05 05:08:02.660110,2024-03-05 05:08:17.950162,0 days 00:00:15.290052,0.002009300800190449,0.46633171302603754,67,0.2304683300283324,54,0.2974933574005805,62,COMPLETE
1475,1475,0.7547169811320755,2024-03-05 05:08:17.956049,2024-03-05 05:08:35.299350,0 days 00:00:17.343301,0.0011856892350971,0.44067041030739734,64,0.2011278753017654,100,0.48285417579013185,44,COMPLETE
1476,1476,0.8113207547169812,2024-03-05 05:08:35.301960,2024-03-05 05:08:54.299004,0 days 00:00:18.997044,0.0007034670262270742,0.4546362042538783,116,0.4139176634604178,106,0.4944870766456146,60,COMPLETE
1477,1477,0.8018867924528302,2024-03-05 05:08:54.307177,2024-03-05 05:09:09.410761,0 days 00:00:15.103584,0.0010126514042549048,0.47216465274989633,194,0.2569099355154377,64,0.33675988520801176,49,COMPLETE
1478,1478,0.8018867924528302,2024-03-05 05:09:09.413293,2024-03-05 05:09:23.877210,0 days 00:00:14.463917,0.0018020320895362593,0.4295236751988203,202,0.12776551432785038,90,0.2782302550258453,55,COMPLETE
1479,1479,0.7358490566037735,2024-03-05 05:09:23.882333,2024-03-05 05:09:55.035540,0 days 00:00:31.153207,0.00025327027565251535,0.41943222753614784,180,0.18055545302504455,104,0.3219470438170758,52,COMPLETE
1480,1480,0.8018867924528302,2024-03-05 05:09:55.043697,2024-03-05 05:10:12.859549,0 days 00:00:17.815852,0.0009184001338296229,0.4368879011180786,71,0.452577526636161,112,0.3266966894938607,64,COMPLETE
1481,1481,0.7924528301886793,2024-03-05 05:10:12.862257,2024-03-05 05:10:30.436178,0 days 00:00:17.573921,0.0013654391468783983,0.41155864905378503,85,0.4387928042529163,87,0.4714725862677839,59,COMPLETE
1482,1482,0.7830188679245284,2024-03-05 05:10:30.441279,2024-03-05 05:10:53.086703,0 days 00:00:22.645424,0.0005987220273254097,0.4485688362426172,77,0.48546444821408496,97,0.31303461822354023,46,COMPLETE
1483,1483,0.8018867924528302,2024-03-05 05:10:53.095132,2024-03-05 05:11:06.331409,0 days 00:00:13.236277,0.0015633466672646489,0.47662628963361026,187,0.16610936339477633,68,0.3043297919465957,50,COMPLETE
1484,1484,0.8113207547169812,2024-03-05 05:11:06.333206,2024-03-05 05:11:25.052640,0 days 00:00:18.719434,0.0007855077620957636,0.42835722504157553,205,0.2218280001569045,93,0.33992291856260887,47,COMPLETE
1485,1485,0.8207547169811321,2024-03-05 05:11:25.058081,2024-03-05 05:11:42.210700,0 days 00:00:17.152619,0.002734279473108691,0.45540404707567683,124,0.21372707478336767,98,0.4998557389304669,52,COMPLETE
1486,1486,0.7924528301886793,2024-03-05 05:11:42.213115,2024-03-05 05:12:02.692706,0 days 00:00:20.479591,0.0011671659450146557,0.40079415773266164,197,0.26188599270753965,62,0.4623484346039437,58,COMPLETE
1487,1487,0.8113207547169812,2024-03-05 05:12:02.698603,2024-03-05 05:12:17.149685,0 days 00:00:14.451082,0.001325217435158142,0.24033361185122584,74,0.2292980852311631,84,0.3499194304767495,57,COMPLETE
1488,1488,0.7830188679245284,2024-03-05 05:12:17.152695,2024-03-05 05:12:33.974302,0 days 00:00:16.821607,0.0009683827758464839,0.4217834590945966,64,0.19089046731197404,91,0.2941718091358445,49,COMPLETE
1489,1489,0.7830188679245284,2024-03-05 05:12:33.979003,2024-03-05 05:13:00.564560,0 days 00:00:26.585557,0.00045969538711604396,0.444810992866878,201,0.40669960399537136,95,0.4471748140857136,54,COMPLETE
1490,1490,0.8207547169811321,2024-03-05 05:13:00.570787,2024-03-05 05:13:15.458547,0 days 00:00:14.887760,0.002087006092425222,0.3877134034162783,69,0.2408045848409442,102,0.32071453974153086,45,COMPLETE
1491,1491,0.7735849056603774,2024-03-05 05:13:15.461015,2024-03-05 05:13:28.991005,0 days 00:00:13.529990,0.0016917187829171047,0.43831218838500413,188,0.34131447236100976,90,0.3096479132701128,48,COMPLETE
