,number,value,datetime_start,datetime_complete,duration,params_learning_rate,params_merged_1_dropout,params_merged_1_size,params_merged_2_dropout,params_merged_2_size,params_merged_3_dropout,params_merged_3_size,state
1068,1068,0.8113207547169812,2024-03-05 03:11:29.080628,2024-03-05 03:11:40.989726,0 days 00:00:11.909098,0.0038973150150476542,0.43898388736792504,202,0.45015419398368306,120,0.30054850666256405,49,COMPLETE
1069,1069,0.7924528301886793,2024-03-05 03:11:40.994918,2024-03-05 03:12:11.884868,0 days 00:00:30.889950,0.0003052150951363758,0.49391684310505357,221,0.27747073593182336,78,0.37231211999191355,56,COMPLETE
1070,1070,0.7924528301886793,2024-03-05 03:12:11.889736,2024-03-05 03:12:30.929298,0 days 00:00:19.039562,0.0007712033502551337,0.445414789782591,74,0.43495234173852054,88,0.3507554355228048,41,COMPLETE
1071,1071,0.8018867924528302,2024-03-05 03:12:30.931311,2024-03-05 03:12:45.034294,0 days 00:00:14.102983,0.0014135200663764273,0.4993373446937603,193,0.21995750157239505,111,0.3771309619142425,57,COMPLETE
1072,1072,0.8018867924528302,2024-03-05 03:12:45.038189,2024-03-05 03:12:59.269343,0 days 00:00:14.231154,0.0010249846029342566,0.4343203686328914,71,0.2687753659057198,118,0.3913227506187421,38,COMPLETE
1073,1073,0.8207547169811321,2024-03-05 03:12:59.272162,2024-03-05 03:13:23.350529,0 days 00:00:24.078367,0.0004932269676850441,0.48246488987755626,211,0.20074059992459078,80,0.363326458520423,50,COMPLETE
1074,1074,0.8018867924528302,2024-03-05 03:13:23.354968,2024-03-05 03:13:42.223247,0 days 00:00:18.868279,0.0008707096457182849,0.4653625546550897,239,0.26089324669655445,73,0.31363397408746857,36,COMPLETE
1075,1075,0.8113207547169812,2024-03-05 03:13:42.227103,2024-03-05 03:13:58.394900,0 days 00:00:16.167797,0.0012455100091785757,0.4547425572738612,234,0.28579039357307223,91,0.3597728208320731,49,COMPLETE
1076,1076,0.7830188679245284,2024-03-05 03:13:58.399406,2024-03-05 03:14:17.998796,0 days 00:00:19.599390,0.0006678470131885436,0.4264234386760294,225,0.21004985349953187,116,0.3026354877360132,30,COMPLETE
1077,1077,0.8113207547169812,2024-03-05 03:14:18.001055,2024-03-05 03:14:32.660555,0 days 00:00:14.659500,0.001506948863561055,0.4472317822017618,80,0.4436089801950933,117,0.35355952534256285,55,COMPLETE
1078,1078,0.8301886792452831,2024-03-05 03:14:32.665752,2024-03-05 03:14:46.879559,0 days 00:00:14.213807,0.0010133230446469903,0.3354654340397385,68,0.23414868122145935,121,0.34631295645756105,19,COMPLETE
1079,1079,0.7547169811320755,2024-03-05 03:14:46.883575,2024-03-05 03:15:00.284662,0 days 00:00:13.401087,0.0019405837044428164,0.43805062218011415,220,0.4770124866051856,76,0.3862258106219104,50,COMPLETE
1080,1080,0.8207547169811321,2024-03-05 03:15:00.287837,2024-03-05 03:15:18.612913,0 days 00:00:18.325076,0.0007839938064012487,0.484116904212939,243,0.22376166563858052,85,0.3783704875087617,38,COMPLETE
1081,1081,0.7452830188679245,2024-03-05 03:15:18.617804,2024-03-05 03:15:30.237774,0 days 00:00:11.619970,0.0046288826388139834,0.4999396365672533,230,0.42235523761478666,124,0.31907000981569983,51,COMPLETE
1082,1082,0.7830188679245284,2024-03-05 03:15:30.239485,2024-03-05 03:15:47.682914,0 days 00:00:17.443429,0.0005623708998013949,0.474817755009654,213,0.2389527035948366,55,0.27889566404387073,48,COMPLETE
1083,1083,0.8018867924528302,2024-03-05 03:15:47.687823,2024-03-05 03:16:07.265239,0 days 00:00:19.577416,0.001193069382067377,0.4572422009030902,198,0.2536424449990973,82,0.36741142347002576,33,COMPLETE
1084,1084,0.8113207547169812,2024-03-05 03:16:07.269986,2024-03-05 03:16:21.249600,0 days 00:00:13.979614,0.0016767577691852288,0.4894641055375638,206,0.4538822955699969,89,0.39654183142956934,54,COMPLETE
1085,1085,0.7924528301886793,2024-03-05 03:16:21.251507,2024-03-05 03:16:38.030526,0 days 00:00:16.779019,0.0008686526819088479,0.4271780204172986,217,0.21736094303679548,79,0.29503241948649156,40,COMPLETE
1086,1086,0.8207547169811321,2024-03-05 03:16:38.037240,2024-03-05 03:16:48.884007,0 days 00:00:10.846767,0.002398068787140471,0.47000681472896355,239,0.43092580565903227,114,0.4112491924840189,52,COMPLETE
1087,1087,0.839622641509434,2024-03-05 03:16:48.886901,2024-03-05 03:17:14.272658,0 days 00:00:25.385757,0.0004366925140953319,0.44324328404240715,64,0.27167660093200063,110,0.3489209419453661,21,COMPLETE
1088,1088,0.7264150943396226,2024-03-05 03:17:14.277559,2024-03-05 03:17:27.193873,0 days 00:00:12.916314,0.02609481756415384,0.452690690732866,67,0.19920916761909385,93,0.3085866613662581,58,COMPLETE
1089,1089,0.7830188679245284,2024-03-05 03:17:27.196775,2024-03-05 03:17:47.603851,0 days 00:00:20.407076,0.0006582727348248573,0.43221770842505447,70,0.2625356780554799,70,0.35993622741855247,51,COMPLETE
1090,1090,0.8113207547169812,2024-03-05 03:17:47.610413,2024-03-05 03:18:04.038632,0 days 00:00:16.428219,0.0013548266891325457,0.4374341030452922,227,0.24649948178916176,117,0.3187611447602637,48,COMPLETE
1091,1091,0.8113207547169812,2024-03-05 03:18:04.042365,2024-03-05 03:18:19.305479,0 days 00:00:15.263114,0.0010721089612322722,0.31429896469008844,233,0.22874407164479132,91,0.28761841143084055,53,COMPLETE
1092,1092,0.8018867924528302,2024-03-05 03:18:19.309378,2024-03-05 03:18:33.059163,0 days 00:00:13.749785,0.0009620682669662375,0.46228492784674047,244,0.44079652016576293,74,0.376090905288675,43,COMPLETE
1093,1093,0.7924528301886793,2024-03-05 03:18:33.063870,2024-03-05 03:18:41.477054,0 days 00:00:08.413184,0.008723067271440179,0.48953899701765363,216,0.29514006479992344,32,0.38544907876526907,42,COMPLETE
1094,1094,0.8113207547169812,2024-03-05 03:18:41.478282,2024-03-05 03:18:59.134901,0 days 00:00:17.656619,0.0007332784159881457,0.4464805362748209,76,0.4139299894526725,121,0.323589022156659,49,COMPLETE
1095,1095,0.839622641509434,2024-03-05 03:18:59.139615,2024-03-05 03:19:11.488308,0 days 00:00:12.348693,0.001417504450810925,0.24727327951950703,222,0.18801150772053227,90,0.34483319890027503,50,COMPLETE
1096,1096,0.8018867924528302,2024-03-05 03:19:11.489885,2024-03-05 03:19:32.136878,0 days 00:00:20.646993,0.0005052551076449248,0.4172261365671533,73,0.28120122153650773,119,0.30341074617064173,64,COMPLETE
1097,1097,0.839622641509434,2024-03-05 03:19:32.141614,2024-03-05 03:19:41.135993,0 days 00:00:08.994379,0.010489931243409202,0.4791169026019486,237,0.2154624267377316,82,0.3540800645026376,52,COMPLETE
1098,1098,0.7735849056603774,2024-03-05 03:19:41.139635,2024-03-05 03:20:07.554456,0 days 00:00:26.414821,0.00037744965033057517,0.4536575892447026,187,0.20465250282134456,85,0.3647039723059438,57,COMPLETE
1099,1099,0.8113207547169812,2024-03-05 03:20:07.559262,2024-03-05 03:20:24.188204,0 days 00:00:16.628942,0.0017865398686314972,0.34811454073222325,64,0.2396287844731402,114,0.3322618797992541,62,COMPLETE
1100,1100,0.8113207547169812,2024-03-05 03:20:24.190620,2024-03-05 03:20:42.984202,0 days 00:00:18.793582,0.0008535694562634741,0.42481673216010907,208,0.2534920526515629,119,0.3408510555998319,54,COMPLETE
1101,1101,0.7547169811320755,2024-03-05 03:20:42.988428,2024-03-05 03:20:58.199527,0 days 00:00:15.211099,0.00121976530880851,0.4691663239637258,212,0.2663484647588674,93,0.3252534266035416,51,COMPLETE
1102,1102,0.7452830188679245,2024-03-05 03:20:58.204275,2024-03-05 03:21:31.281995,0 days 00:00:33.077720,0.00023646376004076,0.4378345516526622,219,0.22920724078484453,57,0.31268766130444026,55,COMPLETE
1103,1103,0.7924528301886793,2024-03-05 03:21:31.286905,2024-03-05 03:21:52.278073,0 days 00:00:20.991168,0.0006346680191698361,0.49229518336840716,241,0.43599751774747014,123,0.37036373944599316,59,COMPLETE
1104,1104,0.8018867924528302,2024-03-05 03:21:52.283038,2024-03-05 03:22:09.594804,0 days 00:00:17.311766,0.0009974599427996927,0.4468471968476799,68,0.4481778557387627,76,0.3566980728627578,48,COMPLETE
1105,1105,0.7924528301886793,2024-03-05 03:22:09.598270,2024-03-05 03:22:22.382730,0 days 00:00:12.784460,0.0016353074283524014,0.49991356465778325,227,0.4675605050730234,112,0.49385456303890624,49,COMPLETE
1106,1106,0.8113207547169812,2024-03-05 03:22:22.386012,2024-03-05 03:22:32.048752,0 days 00:00:09.662740,0.002137990845427415,0.4607472792452886,245,0.2768657100939515,115,0.34885068808839204,44,COMPLETE
1107,1107,0.7452830188679245,2024-03-05 03:22:32.054576,2024-03-05 03:22:52.090576,0 days 00:00:20.036000,0.0007471877922601571,0.4844222085358689,202,0.42957389761870607,79,0.2705586174006339,61,COMPLETE
1108,1108,0.8018867924528302,2024-03-05 03:22:52.096281,2024-03-05 03:23:08.287276,0 days 00:00:16.190995,0.0011487611773366168,0.4365760440199001,235,0.2220703258642343,117,0.482971526930528,53,COMPLETE
1109,1109,0.8113207547169812,2024-03-05 03:23:08.290234,2024-03-05 03:23:28.518380,0 days 00:00:20.228146,0.00086876690331723,0.426545757635509,231,0.20770529665294957,121,0.3970107555486644,51,COMPLETE
1110,1110,0.7735849056603774,2024-03-05 03:23:28.522197,2024-03-05 03:23:49.571176,0 days 00:00:21.048979,0.0005590724313215252,0.47498993051829863,68,0.42193121605959893,72,0.3142162459648239,41,COMPLETE
1111,1111,0.7264150943396226,2024-03-05 03:23:49.575862,2024-03-05 03:24:05.696526,0 days 00:00:16.120664,0.0014013973958860188,0.41726227341851446,196,0.19557437664113997,89,0.29543289415934415,47,COMPLETE
1112,1112,0.8584905660377359,2024-03-05 03:24:05.702680,2024-03-05 03:24:23.290674,0 days 00:00:17.587994,0.0011432779317755927,0.45080950214659155,182,0.30414991717144413,125,0.33265200683657464,50,COMPLETE
1113,1113,0.7924528301886793,2024-03-05 03:24:23.293637,2024-03-05 03:24:41.177505,0 days 00:00:17.883868,0.0011819110841110203,0.44383997417672644,189,0.3010842260949894,128,0.3343215079625261,50,COMPLETE
1114,1114,0.7735849056603774,2024-03-05 03:24:41.181674,2024-03-05 03:24:56.119315,0 days 00:00:14.937641,0.0010412109898180245,0.2933309119931074,189,0.4581817425537484,123,0.32825100210226976,50,COMPLETE
1115,1115,0.8207547169811321,2024-03-05 03:24:56.121535,2024-03-05 03:25:12.141247,0 days 00:00:16.019712,0.0013609466202546717,0.43230354170658686,184,0.4077286166955208,123,0.32350937259853035,49,COMPLETE
1116,1116,0.8113207547169812,2024-03-05 03:25:12.144943,2024-03-05 03:25:29.673806,0 days 00:00:17.528863,0.000977783304696739,0.4931508445241636,182,0.21853578433754528,127,0.3322310665212389,51,COMPLETE
1117,1117,0.7735849056603774,2024-03-05 03:25:29.678639,2024-03-05 03:25:42.991995,0 days 00:00:13.313356,0.001128197191724556,0.4411046548958717,192,0.23410025703937756,123,0.3379466796458679,49,COMPLETE
1118,1118,0.7452830188679245,2024-03-05 03:25:42.993969,2024-03-05 03:26:00.780706,0 days 00:00:17.786737,0.001621331458568633,0.4504206854590391,179,0.31023217950759113,124,0.3171028213587049,50,COMPLETE
1119,1119,0.7924528301886793,2024-03-05 03:26:00.788062,2024-03-05 03:26:12.890775,0 days 00:00:12.102713,0.0013317402314284462,0.43131735271262417,189,0.18093268290971928,93,0.32661108928642557,52,COMPLETE
1120,1120,0.7735849056603774,2024-03-05 03:26:12.893308,2024-03-05 03:26:27.593295,0 days 00:00:14.699987,0.0008822865516648515,0.46158811537473654,182,0.20991055690764568,126,0.3416800982093134,50,COMPLETE
1121,1121,0.8301886792452831,2024-03-05 03:26:27.595748,2024-03-05 03:26:45.826545,0 days 00:00:18.230797,0.0007569938451723438,0.4826211239182052,177,0.22607677093628653,126,0.3316862450837824,51,COMPLETE
1122,1122,0.8113207547169812,2024-03-05 03:26:45.832880,2024-03-05 03:26:56.667128,0 days 00:00:10.834248,0.0019053990363899413,0.49987553158635906,173,0.440808234749166,53,0.40650099573964926,48,COMPLETE
1123,1123,0.8113207547169812,2024-03-05 03:26:56.670869,2024-03-05 03:27:10.985101,0 days 00:00:14.314232,0.0011318541612585248,0.42268719771348134,194,0.29165568103645806,126,0.3229401985144739,52,COMPLETE
1124,1124,0.7547169811320755,2024-03-05 03:27:10.988367,2024-03-05 03:27:22.897224,0 days 00:00:11.908857,0.0015956011091616217,0.27965069533875453,185,0.21610570321570952,81,0.33663701687037645,48,COMPLETE
1125,1125,0.8113207547169812,2024-03-05 03:27:22.902601,2024-03-05 03:27:43.776961,0 days 00:00:20.874360,0.0009138583665267565,0.4424188236527264,186,0.23123701806897357,122,0.32045275882078994,49,COMPLETE
1126,1126,0.7830188679245284,2024-03-05 03:27:43.780401,2024-03-05 03:27:57.991613,0 days 00:00:14.211212,0.0014444228395485681,0.46750147576160944,180,0.4243652691552988,124,0.30348719411312924,50,COMPLETE
1127,1127,0.7924528301886793,2024-03-05 03:27:57.995872,2024-03-05 03:28:15.418065,0 days 00:00:17.422193,0.0006804878162976673,0.48786798104964424,180,0.31482243708170465,128,0.31012164106581036,52,COMPLETE
1128,1128,0.8113207547169812,2024-03-05 03:28:15.419679,2024-03-05 03:28:30.308401,0 days 00:00:14.888722,0.0011812899648754708,0.4349442572430891,74,0.41560276376577165,127,0.33014201538645227,51,COMPLETE
1129,1129,0.8301886792452831,2024-03-05 03:28:30.313604,2024-03-05 03:28:47.840981,0 days 00:00:17.527377,0.0009824015576523704,0.4536001380056314,200,0.20062422909093972,125,0.3412000344620801,49,COMPLETE
1130,1130,0.7452830188679245,2024-03-05 03:28:47.843225,2024-03-05 03:29:03.952806,0 days 00:00:16.109581,0.0008147760936528289,0.4178870650632724,194,0.4326347870874643,125,0.31401055258725885,47,COMPLETE
1131,1131,0.7641509433962265,2024-03-05 03:29:03.957486,2024-03-05 03:29:18.594771,0 days 00:00:14.637285,0.0013886566742567733,0.47760404735744805,191,0.23853830745894988,125,0.3244193836271756,53,COMPLETE
1132,1132,0.7358490566037735,2024-03-05 03:29:18.596262,2024-03-05 03:29:28.737120,0 days 00:00:10.140858,0.003131360875341671,0.44727962286976125,197,0.19213304577665938,69,0.339661285712575,56,COMPLETE
1133,1133,0.7924528301886793,2024-03-05 03:29:28.739084,2024-03-05 03:29:46.592212,0 days 00:00:17.853128,0.000617993847024783,0.42678169177787395,187,0.4466204166694288,95,0.3333127283214474,50,COMPLETE
1134,1134,0.8490566037735849,2024-03-05 03:29:46.596167,2024-03-05 03:30:01.689195,0 days 00:00:15.093028,0.0019140232713402636,0.4589228739113662,186,0.2237793674247585,128,0.3193980456518115,58,COMPLETE
1135,1135,0.8207547169811321,2024-03-05 03:30:01.692169,2024-03-05 03:30:17.558416,0 days 00:00:15.866247,0.001039798577227036,0.49294288197110925,71,0.2135391910942323,60,0.34169512065382535,54,COMPLETE
1136,1136,0.7830188679245284,2024-03-05 03:30:17.562818,2024-03-05 03:30:40.898584,0 days 00:00:23.335766,0.0004888963686278426,0.4376254375304284,183,0.454959501806893,86,0.28755000615361576,49,COMPLETE
1137,1137,0.8018867924528302,2024-03-05 03:30:40.901779,2024-03-05 03:30:55.648178,0 days 00:00:14.746399,0.001237884837435337,0.47272784340085394,192,0.3041017180709866,84,0.29843386332984206,52,COMPLETE
1138,1138,0.8018867924528302,2024-03-05 03:30:55.651854,2024-03-05 03:31:15.684083,0 days 00:00:20.032229,0.0007728257655816067,0.444920543266058,64,0.4049985780040034,92,0.3071608966268524,26,COMPLETE
1139,1139,0.7641509433962265,2024-03-05 03:31:15.688916,2024-03-05 03:31:36.296936,0 days 00:00:20.608020,0.001626295554887373,0.4835869202797797,216,0.24309655842333017,95,0.32721663425930064,48,COMPLETE
1140,1140,0.7641509433962265,2024-03-05 03:31:36.298812,2024-03-05 03:31:50.455235,0 days 00:00:14.156423,0.002370777126603081,0.43168941690190854,206,0.232328595246455,66,0.3462167416479626,34,COMPLETE
1141,1141,0.8113207547169812,2024-03-05 03:31:50.459759,2024-03-05 03:32:07.542719,0 days 00:00:17.082960,0.0009555897629962271,0.45459624715546226,176,0.2084065065752946,80,0.49085985665501664,51,COMPLETE
1142,1142,0.7830188679245284,2024-03-05 03:32:07.544738,2024-03-05 03:32:31.700143,0 days 00:00:24.155405,0.0004078954221202989,0.41257171561576184,210,0.43791549372260663,61,0.45634500022492147,47,COMPLETE
1143,1143,0.8301886792452831,2024-03-05 03:32:31.706322,2024-03-05 03:32:52.967567,0 days 00:00:21.261245,0.0007106934359926153,0.49289995240712225,69,0.33000077369460423,78,0.475382575942104,51,COMPLETE
1144,1144,0.8018867924528302,2024-03-05 03:32:52.972371,2024-03-05 03:33:05.913333,0 days 00:00:12.940962,0.0013011648565146269,0.4651775417993386,77,0.17364172656812166,88,0.41433383026609366,53,COMPLETE
1145,1145,0.8018867924528302,2024-03-05 03:33:05.916288,2024-03-05 03:33:27.926758,0 days 00:00:22.010470,0.0005880757178595578,0.4414396808358994,220,0.13281746704963346,120,0.3323877608311878,48,COMPLETE
1146,1146,0.5188679245283019,2024-03-05 03:33:27.931667,2024-03-05 03:33:38.555975,0 days 00:00:10.624308,0.047571164442849506,0.42349375705960374,83,0.42319662612274206,83,0.23882158994570069,59,COMPLETE
1147,1147,0.7924528301886793,2024-03-05 03:33:38.557925,2024-03-05 03:33:54.999284,0 days 00:00:16.441359,0.001086368589493051,0.4481151319157031,213,0.2232482938218609,57,0.48281130099239034,50,COMPLETE
1148,1148,0.7830188679245284,2024-03-05 03:33:55.003697,2024-03-05 03:34:18.877256,0 days 00:00:23.873559,0.0008629721126414248,0.4343474374216646,68,0.18548760371322887,90,0.3165585451758234,53,COMPLETE
1149,1149,0.8301886792452831,2024-03-05 03:34:18.882016,2024-03-05 03:34:35.554253,0 days 00:00:16.672237,0.0014562415272798485,0.4574871023104039,64,0.46232720464909277,45,0.404153375429786,49,COMPLETE
1150,1150,0.7641509433962265,2024-03-05 03:34:35.556021,2024-03-05 03:34:50.183620,0 days 00:00:14.627599,0.002163523747739431,0.3268339392966843,73,0.4451079119059478,93,0.34530180631924406,60,COMPLETE
1151,1151,0.7924528301886793,2024-03-05 03:34:50.188289,2024-03-05 03:35:14.818103,0 days 00:00:24.629814,0.0003242137520241181,0.47741299176751206,190,0.24552896424971407,68,0.3084564140099596,46,COMPLETE
1152,1152,0.8113207547169812,2024-03-05 03:35:14.820242,2024-03-05 03:35:52.823116,0 days 00:00:38.002874,2.4715165510534284e-05,0.4265737923099793,217,0.3212100821020154,122,0.4627020968242293,22,COMPLETE
1153,1153,0.7924528301886793,2024-03-05 03:35:52.828626,2024-03-05 03:36:07.418926,0 days 00:00:14.590300,0.0011636501135272573,0.4870485068158618,203,0.20105897066029377,125,0.2807231015457889,47,COMPLETE
1154,1154,0.8113207547169812,2024-03-05 03:36:07.420708,2024-03-05 03:36:26.726457,0 days 00:00:19.305749,0.0017240870946521945,0.44033228410401903,213,0.43104354477259244,64,0.3353977122184702,52,COMPLETE
1155,1155,0.7830188679245284,2024-03-05 03:36:26.730665,2024-03-05 03:36:55.612755,0 days 00:00:28.882090,0.0006598334323171814,0.46711545022244505,197,0.4125366313511906,77,0.3245370794470052,54,COMPLETE
1156,1156,0.7735849056603774,2024-03-05 03:36:55.616832,2024-03-05 03:37:11.596702,0 days 00:00:15.979870,0.0008602965740879103,0.452265348373248,222,0.21559048278437032,74,0.3922140544497788,55,COMPLETE
1157,1157,0.8018867924528302,2024-03-05 03:37:11.601342,2024-03-05 03:37:33.049832,0 days 00:00:21.448490,0.0005585076222117711,0.4995610432955056,67,0.15525291678000758,95,0.3130117929502429,57,COMPLETE
1158,1158,0.8018867924528302,2024-03-05 03:37:33.051717,2024-03-05 03:37:49.982947,0 days 00:00:16.931230,0.001002015351775306,0.41743861031031215,64,0.22732771988930878,59,0.45072062578064065,61,COMPLETE
1159,1159,0.7735849056603774,2024-03-05 03:37:49.987419,2024-03-05 03:38:10.773031,0 days 00:00:20.785612,0.0007499846308280062,0.48695585372599665,71,0.23943700617831562,121,0.2933952597346328,50,COMPLETE
1160,1160,0.8207547169811321,2024-03-05 03:38:10.777677,2024-03-05 03:38:26.966599,0 days 00:00:16.188922,0.0012778337624653907,0.43430403977637466,183,0.29204978578675694,91,0.3486614073051612,63,COMPLETE
1161,1161,0.7547169811320755,2024-03-05 03:38:26.969681,2024-03-05 03:38:47.873465,0 days 00:00:20.903784,0.00047604146507000444,0.46030831365725994,247,0.20819348537611393,35,0.32064081602921657,51,COMPLETE
1162,1162,0.7830188679245284,2024-03-05 03:38:47.878249,2024-03-05 03:39:03.395296,0 days 00:00:15.517047,0.0014766978815469157,0.4507737378025048,218,0.221330514326043,62,0.3355043550668732,48,COMPLETE
1163,1163,0.7924528301886793,2024-03-05 03:39:03.398846,2024-03-05 03:39:18.798599,0 days 00:00:15.399753,0.0010243939426872251,0.4746164743511413,187,0.23298629571069704,96,0.4782896460277688,49,COMPLETE
1164,1164,0.8018867924528302,2024-03-05 03:39:18.801465,2024-03-05 03:39:37.241566,0 days 00:00:18.440101,0.0008250146476666203,0.4446807117692255,246,0.2848891238117879,82,0.49231986742326256,52,COMPLETE
1165,1165,0.8018867924528302,2024-03-05 03:39:37.246340,2024-03-05 03:39:50.316365,0 days 00:00:13.070025,0.0018933900127856848,0.49271683151619544,77,0.42828231733409866,71,0.3015720170732143,47,COMPLETE
1166,1166,0.8018867924528302,2024-03-05 03:39:50.317966,2024-03-05 03:40:11.749450,0 days 00:00:21.431484,0.0006480946815379893,0.43817912296929795,222,0.19692087578909803,95,0.329748783889561,58,COMPLETE
1167,1167,0.8018867924528302,2024-03-05 03:40:11.754213,2024-03-05 03:40:27.206895,0 days 00:00:15.452682,0.0012910220006265884,0.4294388536854679,208,0.3998457044091077,109,0.46363197964152686,50,COMPLETE
1168,1168,0.7830188679245284,2024-03-05 03:40:27.210496,2024-03-05 03:41:04.301349,0 days 00:00:37.090853,0.00011776101077418126,0.4809482393833395,200,0.4528218512124226,56,0.3431606656476622,45,COMPLETE
1169,1169,0.7924528301886793,2024-03-05 03:41:04.306539,2024-03-05 03:41:22.331021,0 days 00:00:18.024482,0.0009606898264829692,0.4191939858426708,68,0.25019316404563324,93,0.47130157993218563,59,COMPLETE
1170,1170,0.8207547169811321,2024-03-05 03:41:22.332955,2024-03-05 03:41:37.430361,0 days 00:00:15.097406,0.0015802743798556717,0.4681891399257359,214,0.43813231560461685,124,0.3234674628387023,60,COMPLETE
1171,1171,0.7830188679245284,2024-03-05 03:41:37.432994,2024-03-05 03:42:00.474889,0 days 00:00:23.041895,0.00041917360045780957,0.45536737638396213,209,0.22108240808771062,79,0.11718292111171949,52,COMPLETE
1172,1172,0.8018867924528302,2024-03-05 03:42:00.478499,2024-03-05 03:42:14.897868,0 days 00:00:14.419369,0.001150976604023467,0.4476606233118807,71,0.1088691218751319,86,0.3991634908977419,48,COMPLETE
1173,1173,0.8207547169811321,2024-03-05 03:42:14.901850,2024-03-05 03:42:32.764113,0 days 00:00:17.862263,0.0008266379604507915,0.49987994256503276,194,0.21415217993274357,119,0.31061950509462216,56,COMPLETE
